Pass Code2AstPass run successfully
17
74
282
506
684
992
Pass Ast2ScopeTree run successfully
Pass Ast2CfgPass run successfully
[31m debuginfo is_const:false at decl_ndoe:18[0m
[32m debuginfo visit 34[0m
[32m debuginfo visit 35[0m
[32m debuginfo visit 41[0m
[32m debuginfo visit 36[0m
[32m debuginfo visit 40[0m
[32m debuginfo visit 37[0m
[32m debuginfo visit 39[0m
[32m debuginfo visit 38[0m
[32m debuginfo eval et 34[0m
[32m debuginfo eval et 35[0m
[32m debuginfo eval et 36[0m
[32m debuginfo eval et 37[0m
[32m debuginfo eval et 38[0m
[32m debuginfo eval et 39[0m
[32m debuginfo eval et 40[0m
[32m debuginfo eval et 41[0m
[31m debuginfo eval_sub_et_nodes failed[0m
[31m debuginfo [Some(4_0), Some(2_0)][0m
[34m debuginfo array_init [2, 4] [0m
[34m debuginfo array_init [2, 4] [0m
[31m debuginfo is_const:false at decl_ndoe:75[0m
[32m debuginfo visit 44[0m
[32m debuginfo visit 45[0m
[32m debuginfo visit 51[0m
[32m debuginfo visit 59[0m
[32m debuginfo visit 58[0m
[32m debuginfo visit 57[0m
[32m debuginfo visit 56[0m
[32m debuginfo visit 55[0m
[32m debuginfo visit 54[0m
[32m debuginfo visit 53[0m
[32m debuginfo visit 52[0m
[32m debuginfo visit 46[0m
[32m debuginfo visit 50[0m
[32m debuginfo visit 47[0m
[32m debuginfo visit 49[0m
[32m debuginfo visit 48[0m
[32m debuginfo eval et 44[0m
[32m debuginfo eval et 45[0m
[32m debuginfo eval et 46[0m
[32m debuginfo eval et 47[0m
[32m debuginfo eval et 48[0m
[32m debuginfo eval et 49[0m
[32m debuginfo eval et 50[0m
[32m debuginfo eval et 51[0m
[32m debuginfo eval et 52[0m
[32m debuginfo eval et 53[0m
[32m debuginfo eval et 54[0m
[32m debuginfo eval et 55[0m
[32m debuginfo eval et 56[0m
[32m debuginfo eval et 57[0m
[32m debuginfo eval et 58[0m
[32m debuginfo eval et 59[0m
[31m debuginfo eval_sub_et_nodes failed[0m
[31m debuginfo [Some(4_0), Some(2_0)][0m
[34m debuginfo array_init [2, 4] [0m
[34m debuginfo array_init [2, 4] [0m
[34m debuginfo  v2 is  I32(Some(2))[0m
[34m debuginfo weight vec calcuated is [2_0, 1_0][0m
[34m debuginfo  v2 is  I32(Some(2))[0m
[34m debuginfo weight vec calcuated is [2_0, 1_0][0m
[34m debuginfo  v2 is  I32(Some(2))[0m
[34m debuginfo weight vec calcuated is [2_0, 1_0][0m
[34m debuginfo  v2 is  I32(Some(2))[0m
[34m debuginfo weight vec calcuated is [2_0, 1_0][0m
[34m debuginfo  v2 is  I32(Some(2))[0m
[34m debuginfo weight vec calcuated is [2_0, 1_0][0m
[34m debuginfo  v2 is  I32(Some(2))[0m
[34m debuginfo weight vec calcuated is [2_0, 1_0][0m
[34m debuginfo  v2 is  I32(Some(2))[0m
[34m debuginfo weight vec calcuated is [2_0, 1_0][0m
[34m debuginfo  v2 is  I32(Some(2))[0m
[34m debuginfo weight vec calcuated is [2_0, 1_0][0m
[31m debuginfo is_const:false at decl_ndoe:283[0m
[32m debuginfo visit 70[0m
[32m debuginfo visit 71[0m
[32m debuginfo visit 77[0m
[32m debuginfo visit 87[0m
[32m debuginfo visit 89[0m
[32m debuginfo visit 88[0m
[32m debuginfo visit 84[0m
[32m debuginfo visit 86[0m
[32m debuginfo visit 85[0m
[32m debuginfo visit 81[0m
[32m debuginfo visit 83[0m
[32m debuginfo visit 82[0m
[32m debuginfo visit 78[0m
[32m debuginfo visit 80[0m
[32m debuginfo visit 79[0m
[32m debuginfo visit 72[0m
[32m debuginfo visit 76[0m
[32m debuginfo visit 73[0m
[32m debuginfo visit 75[0m
[32m debuginfo visit 74[0m
[32m debuginfo eval et 70[0m
[32m debuginfo eval et 71[0m
[32m debuginfo eval et 72[0m
[32m debuginfo eval et 73[0m
[32m debuginfo eval et 74[0m
[32m debuginfo eval et 75[0m
[32m debuginfo eval et 76[0m
[32m debuginfo eval et 77[0m
[32m debuginfo eval et 78[0m
[32m debuginfo eval et 79[0m
[32m debuginfo eval et 80[0m
[31m debuginfo eval_sub_et_nodes failed[0m
[32m debuginfo eval et 81[0m
[32m debuginfo eval et 82[0m
[32m debuginfo eval et 83[0m
[31m debuginfo eval_sub_et_nodes failed[0m
[32m debuginfo eval et 84[0m
[32m debuginfo eval et 85[0m
[32m debuginfo eval et 86[0m
[31m debuginfo eval_sub_et_nodes failed[0m
[32m debuginfo eval et 87[0m
[32m debuginfo eval et 88[0m
[32m debuginfo eval et 89[0m
[31m debuginfo eval_sub_et_nodes failed[0m
[31m debuginfo [Some(4_0), Some(2_0)][0m
[34m debuginfo array_init [2, 4] [0m
[34m debuginfo array_init [2, 4] [0m
[34m debuginfo array_init [2, 4] [0m
[34m debuginfo array_init [2, 4] [0m
[34m debuginfo array_init [2, 4] [0m
[34m debuginfo array_init [2, 4] [0m
[34m debuginfo  v2 is  I32(Some(2))[0m
[34m debuginfo weight vec calcuated is [2_0, 1_0][0m
[34m debuginfo  v2 is  I32(Some(2))[0m
[34m debuginfo weight vec calcuated is [2_0, 1_0][0m
[34m debuginfo  v2 is  I32(Some(2))[0m
[34m debuginfo weight vec calcuated is [2_0, 1_0][0m
[34m debuginfo  v2 is  I32(Some(2))[0m
[34m debuginfo weight vec calcuated is [2_0, 1_0][0m
[34m debuginfo  v2 is  I32(Some(2))[0m
[34m debuginfo weight vec calcuated is [2_0, 1_0][0m
[34m debuginfo  v2 is  I32(Some(2))[0m
[34m debuginfo weight vec calcuated is [2_0, 1_0][0m
[34m debuginfo  v2 is  I32(Some(2))[0m
[34m debuginfo weight vec calcuated is [2_0, 1_0][0m
[34m debuginfo  v2 is  I32(Some(2))[0m
[34m debuginfo weight vec calcuated is [2_0, 1_0][0m
[31m debuginfo is_const:false at decl_ndoe:507[0m
[32m debuginfo visit 100[0m
[32m debuginfo visit 101[0m
[32m debuginfo visit 107[0m
[32m debuginfo visit 115[0m
[32m debuginfo visit 114[0m
[32m debuginfo visit 112[0m
[32m debuginfo visit 113[0m
[32m debuginfo visit 110[0m
[32m debuginfo visit 111[0m
[32m debuginfo visit 109[0m
[32m debuginfo visit 108[0m
[32m debuginfo visit 102[0m
[32m debuginfo visit 106[0m
[32m debuginfo visit 103[0m
[32m debuginfo visit 105[0m
[32m debuginfo visit 104[0m
[32m debuginfo eval et 100[0m
[32m debuginfo eval et 101[0m
[32m debuginfo eval et 102[0m
[32m debuginfo eval et 103[0m
[32m debuginfo eval et 104[0m
[32m debuginfo eval et 105[0m
[32m debuginfo eval et 106[0m
[32m debuginfo eval et 107[0m
[32m debuginfo eval et 108[0m
[32m debuginfo eval et 109[0m
[32m debuginfo eval et 110[0m
[32m debuginfo eval et 111[0m
[31m debuginfo eval_sub_et_nodes failed[0m
[32m debuginfo eval et 112[0m
[32m debuginfo eval et 113[0m
[31m debuginfo eval_sub_et_nodes failed[0m
[32m debuginfo eval et 114[0m
[32m debuginfo eval et 115[0m
[31m debuginfo [Some(4_0), Some(2_0)][0m
[34m debuginfo array_init [2, 4] [0m
[34m debuginfo array_init [2, 4] [0m
[34m debuginfo array_init [2, 4] [0m
[34m debuginfo array_init [2, 4] [0m
[34m debuginfo  v2 is  I32(Some(2))[0m
[34m debuginfo weight vec calcuated is [2_0, 1_0][0m
[34m debuginfo  v2 is  I32(Some(2))[0m
[34m debuginfo weight vec calcuated is [2_0, 1_0][0m
[34m debuginfo  v2 is  I32(Some(2))[0m
[34m debuginfo weight vec calcuated is [2_0, 1_0][0m
[34m debuginfo  v2 is  I32(Some(2))[0m
[34m debuginfo weight vec calcuated is [2_0, 1_0][0m
[34m debuginfo  v2 is  I32(Some(2))[0m
[34m debuginfo weight vec calcuated is [2_0, 1_0][0m
[34m debuginfo  v2 is  I32(Some(2))[0m
[34m debuginfo weight vec calcuated is [2_0, 1_0][0m
[31m debuginfo is_const:false at decl_ndoe:685[0m
[32m debuginfo visit 124[0m
[32m debuginfo visit 125[0m
[32m debuginfo visit 131[0m
[32m debuginfo visit 149[0m
[32m debuginfo visit 151[0m
[32m debuginfo visit 150[0m
[32m debuginfo visit 146[0m
[32m debuginfo visit 148[0m
[32m debuginfo visit 147[0m
[32m debuginfo visit 143[0m
[32m debuginfo visit 145[0m
[32m debuginfo visit 144[0m
[32m debuginfo visit 132[0m
[32m debuginfo visit 138[0m
[32m debuginfo visit 142[0m
[32m debuginfo visit 139[0m
[32m debuginfo visit 141[0m
[32m debuginfo visit 140[0m
[32m debuginfo replace symidx c[0m
[32m debuginfo visit 133[0m
[32m debuginfo visit 137[0m
[32m debuginfo visit 134[0m
[32m debuginfo visit 136[0m
[32m debuginfo visit 135[0m
[32m debuginfo replace symidx d[0m
[32m debuginfo visit 126[0m
[32m debuginfo visit 130[0m
[32m debuginfo visit 127[0m
[32m debuginfo visit 129[0m
[32m debuginfo visit 128[0m
[32m debuginfo eval et 124[0m
[32m debuginfo eval et 125[0m
[32m debuginfo eval et 126[0m
[32m debuginfo eval et 127[0m
[32m debuginfo eval et 128[0m
[32m debuginfo eval et 129[0m
[32m debuginfo eval et 130[0m
[32m debuginfo eval et 131[0m
[32m debuginfo eval et 132[0m
[32m debuginfo eval et 133[0m
[32m debuginfo eval et 134[0m
[32m debuginfo eval et 135[0m
[32m debuginfo eval et 136[0m
[32m debuginfo eval et 137[0m
[32m debuginfo eval et 138[0m
[32m debuginfo eval et 139[0m
[32m debuginfo eval et 140[0m
[32m debuginfo eval et 141[0m
[32m debuginfo eval et 142[0m
[32m debuginfo eval et 143[0m
[32m debuginfo eval et 144[0m
[32m debuginfo eval et 145[0m
[31m debuginfo eval_sub_et_nodes failed[0m
[32m debuginfo eval et 146[0m
[32m debuginfo eval et 147[0m
[32m debuginfo eval et 148[0m
[31m debuginfo eval_sub_et_nodes failed[0m
[32m debuginfo eval et 149[0m
[32m debuginfo eval et 150[0m
[32m debuginfo eval et 151[0m
[31m debuginfo eval_sub_et_nodes failed[0m
[31m debuginfo [Some(4_0), Some(2_0)][0m
[34m debuginfo array_init [2, 4] [0m
[34m debuginfo array_init [2, 4] [0m
[34m debuginfo array_init [2, 4] [0m
[34m debuginfo array_init [2, 4] [0m
[34m debuginfo array_init [2, 4] [0m
[34m debuginfo array_init [2, 4] [0m
[34m debuginfo  v2 is  I32(Some(2))[0m
[34m debuginfo weight vec calcuated is [2_0, 1_0][0m
[34m debuginfo  v2 is  I32(Some(2))[0m
[34m debuginfo weight vec calcuated is [2_0, 1_0][0m
[34m debuginfo  v2 is  I32(Some(2))[0m
[34m debuginfo weight vec calcuated is [2_0, 1_0][0m
[34m debuginfo  v2 is  I32(Some(2))[0m
[34m debuginfo weight vec calcuated is [2_0, 1_0][0m
[34m debuginfo  v2 is  I32(Some(2))[0m
[34m debuginfo weight vec calcuated is [2_0, 1_0][0m
[34m debuginfo  v2 is  I32(Some(2))[0m
[34m debuginfo weight vec calcuated is [2_0, 1_0][0m
[34m debuginfo  v2 is  I32(Some(2))[0m
[34m debuginfo weight vec calcuated is [2_0, 1_0][0m
[34m debuginfo  v2 is  I32(Some(2))[0m
[34m debuginfo weight vec calcuated is [2_0, 1_0][0m
[32m debuginfo visit 164[0m
[32m debuginfo visit 165[0m
[32m debuginfo visit 171[0m
[32m debuginfo visit 177[0m
[32m debuginfo visit 183[0m
[32m debuginfo visit 187[0m
[32m debuginfo visit 184[0m
[32m debuginfo visit 186[0m
[32m debuginfo visit 185[0m
[32m debuginfo replace symidx a[0m
[32m debuginfo visit 178[0m
[32m debuginfo visit 182[0m
[32m debuginfo visit 179[0m
[32m debuginfo visit 181[0m
[32m debuginfo visit 180[0m
[32m debuginfo replace symidx e[0m
[32m debuginfo visit 172[0m
[32m debuginfo visit 176[0m
[32m debuginfo visit 173[0m
[32m debuginfo visit 175[0m
[32m debuginfo visit 174[0m
[32m debuginfo replace symidx e[0m
[32m debuginfo visit 166[0m
[32m debuginfo visit 170[0m
[32m debuginfo visit 167[0m
[32m debuginfo visit 169[0m
[32m debuginfo visit 168[0m
[32m debuginfo replace symidx e[0m
[32m debuginfo eval et 164[0m
[32m debuginfo eval et 165[0m
[32m debuginfo eval et 166[0m
[32m debuginfo eval et 167[0m
[32m debuginfo eval et 168[0m
[32m debuginfo eval et 169[0m
[32m debuginfo eval et 170[0m
[32m debuginfo eval et 171[0m
[32m debuginfo eval et 172[0m
[32m debuginfo eval et 173[0m
[32m debuginfo eval et 174[0m
[32m debuginfo eval et 175[0m
[32m debuginfo eval et 176[0m
[32m debuginfo eval et 177[0m
[32m debuginfo eval et 178[0m
[32m debuginfo eval et 179[0m
[32m debuginfo eval et 180[0m
[32m debuginfo eval et 181[0m
[32m debuginfo eval et 182[0m
[32m debuginfo eval et 183[0m
[32m debuginfo eval et 184[0m
[32m debuginfo eval et 185[0m
[32m debuginfo eval et 186[0m
[32m debuginfo eval et 187[0m
Pass Cfg2NhwcCfgPass run successfully
Pass Ncfg2DjgPass run successfully
[34m debuginfo align:8 data_len:8[0m
[34m debuginfo tail_remained:0[0m
[34m debuginfo align:8 data_len:8[0m
[34m debuginfo align:8 data_len:8[0m
[34m debuginfo tail_remained:0[0m
[34m debuginfo align:8 data_len:8[0m
[34m debuginfo align:4 data_len:32[0m
[34m debuginfo tail_remained:0[0m
[34m debuginfo align:4 data_len:32[0m
[34m debuginfo align:8 data_len:8[0m
[34m debuginfo tail_remained:0[0m
[34m debuginfo align:8 data_len:8[0m
[34m debuginfo align:8 data_len:8[0m
[34m debuginfo tail_remained:0[0m
[34m debuginfo align:8 data_len:8[0m
[34m debuginfo align:8 data_len:8[0m
[34m debuginfo tail_remained:0[0m
[34m debuginfo align:8 data_len:8[0m
[34m debuginfo align:8 data_len:8[0m
[34m debuginfo tail_remained:0[0m
[34m debuginfo align:8 data_len:8[0m
[34m debuginfo align:8 data_len:8[0m
[34m debuginfo tail_remained:0[0m
[34m debuginfo align:8 data_len:8[0m
[34m debuginfo align:8 data_len:8[0m
[34m debuginfo tail_remained:0[0m
[34m debuginfo align:8 data_len:8[0m
[34m debuginfo align:8 data_len:8[0m
[34m debuginfo tail_remained:0[0m
[34m debuginfo align:8 data_len:8[0m
[34m debuginfo align:8 data_len:8[0m
[34m debuginfo tail_remained:0[0m
[34m debuginfo align:8 data_len:8[0m
[34m debuginfo align:4 data_len:32[0m
[34m debuginfo tail_remained:0[0m
[34m debuginfo align:4 data_len:32[0m
[34m debuginfo align:8 data_len:8[0m
[34m debuginfo tail_remained:0[0m
[34m debuginfo align:8 data_len:8[0m
[34m debuginfo align:8 data_len:8[0m
[34m debuginfo tail_remained:0[0m
[34m debuginfo align:8 data_len:8[0m
[34m debuginfo align:8 data_len:8[0m
[34m debuginfo tail_remained:0[0m
[34m debuginfo align:8 data_len:8[0m
[34m debuginfo align:8 data_len:8[0m
[34m debuginfo tail_remained:0[0m
[34m debuginfo align:8 data_len:8[0m
[34m debuginfo align:8 data_len:8[0m
[34m debuginfo tail_remained:0[0m
[34m debuginfo align:8 data_len:8[0m
[34m debuginfo align:8 data_len:8[0m
[34m debuginfo tail_remained:0[0m
[34m debuginfo align:8 data_len:8[0m
[34m debuginfo align:8 data_len:8[0m
[34m debuginfo tail_remained:0[0m
[34m debuginfo align:8 data_len:8[0m
[34m debuginfo align:8 data_len:8[0m
[34m debuginfo tail_remained:0[0m
[34m debuginfo align:8 data_len:8[0m
[34m debuginfo align:4 data_len:32[0m
[34m debuginfo tail_remained:0[0m
[34m debuginfo align:4 data_len:32[0m
[34m debuginfo align:8 data_len:8[0m
[34m debuginfo tail_remained:0[0m
[34m debuginfo align:8 data_len:8[0m
[34m debuginfo align:8 data_len:8[0m
[34m debuginfo tail_remained:0[0m
[34m debuginfo align:8 data_len:8[0m
[34m debuginfo align:8 data_len:8[0m
[34m debuginfo tail_remained:0[0m
[34m debuginfo align:8 data_len:8[0m
[34m debuginfo align:8 data_len:8[0m
[34m debuginfo tail_remained:0[0m
[34m debuginfo align:8 data_len:8[0m
[34m debuginfo align:8 data_len:8[0m
[34m debuginfo tail_remained:0[0m
[34m debuginfo align:8 data_len:8[0m
[34m debuginfo align:8 data_len:8[0m
[34m debuginfo tail_remained:0[0m
[34m debuginfo align:8 data_len:8[0m
[34m debuginfo align:4 data_len:32[0m
[34m debuginfo tail_remained:0[0m
[34m debuginfo align:4 data_len:32[0m
[34m debuginfo align:8 data_len:8[0m
[34m debuginfo tail_remained:0[0m
[34m debuginfo align:8 data_len:8[0m
[34m debuginfo align:4 data_len:4[0m
[34m debuginfo tail_remained:0[0m
[34m debuginfo align:4 data_len:4[0m
[34m debuginfo align:8 data_len:8[0m
[34m debuginfo tail_remained:0[0m
[34m debuginfo align:8 data_len:8[0m
[34m debuginfo align:4 data_len:4[0m
[34m debuginfo align:8 data_len:8[0m
[34m debuginfo tail_remained:0[0m
[34m debuginfo align:8 data_len:8[0m
[34m debuginfo align:8 data_len:8[0m
[34m debuginfo tail_remained:0[0m
[34m debuginfo align:8 data_len:8[0m
[34m debuginfo align:8 data_len:8[0m
[34m debuginfo tail_remained:0[0m
[34m debuginfo align:8 data_len:8[0m
[34m debuginfo align:8 data_len:8[0m
[34m debuginfo tail_remained:0[0m
[34m debuginfo align:8 data_len:8[0m
[34m debuginfo align:8 data_len:8[0m
[34m debuginfo tail_remained:0[0m
[34m debuginfo align:8 data_len:8[0m
[34m debuginfo align:8 data_len:8[0m
[34m debuginfo tail_remained:0[0m
[34m debuginfo align:8 data_len:8[0m
[34m debuginfo align:8 data_len:8[0m
[34m debuginfo tail_remained:0[0m
[34m debuginfo align:8 data_len:8[0m
[34m debuginfo align:8 data_len:8[0m
[34m debuginfo tail_remained:0[0m
[34m debuginfo align:8 data_len:8[0m
[34m debuginfo align:4 data_len:32[0m
[34m debuginfo tail_remained:0[0m
[34m debuginfo align:4 data_len:32[0m
[34m debuginfo align:8 data_len:8[0m
[34m debuginfo tail_remained:0[0m
[34m debuginfo align:8 data_len:8[0m
[34m debuginfo align:4 data_len:4[0m
[34m debuginfo tail_remained:0[0m
[34m debuginfo align:4 data_len:4[0m
[34m debuginfo align:8 data_len:8[0m
[34m debuginfo tail_remained:0[0m
[34m debuginfo align:8 data_len:8[0m
[34m debuginfo align:4 data_len:4[0m
[34m debuginfo align:4 data_len:4[0m
[34m debuginfo tail_remained:0[0m
[34m debuginfo align:4 data_len:4[0m
[34m debuginfo align:8 data_len:8[0m
[34m debuginfo tail_remained:0[0m
[34m debuginfo align:8 data_len:8[0m
[34m debuginfo align:4 data_len:4[0m
[34m debuginfo align:4 data_len:4[0m
[34m debuginfo tail_remained:0[0m
[34m debuginfo align:4 data_len:4[0m
[34m debuginfo align:8 data_len:8[0m
[34m debuginfo tail_remained:0[0m
[34m debuginfo align:8 data_len:8[0m
[34m debuginfo align:4 data_len:4[0m
[34m debuginfo align:4 data_len:4[0m
[34m debuginfo tail_remained:0[0m
[34m debuginfo align:4 data_len:4[0m
Pass MemAllocPass run successfully
Pass CfgDebugPass run successfully
Pass NhwcCollectPass run successfully
Pass Ast2EtDebugPass run successfully
breakpoint: exit_0
         global Fn[]->starttime_ret_0 starttime_0 
         global Fn[]->stoptime_ret_0 stoptime_0 
         global Fn[s_14, c_14, n_14]->memset_ret_0 memset_0 
         global Fn[dest_15, src_15, n_15]->memcpy_ret_0 memcpy_0 
         breakpoint exit_0([]) ! 

dot write finished Ok("/home/mineral/Compiler2024-nhwc")
Successfully Transform to png debug_root_simu.png Output { status: ExitStatus(unix_wait_status(0)), stdout: "", stderr: "" }
[34m debuginfo  v2 is  I32(Some(2))[0m
[34m debuginfo weight vec calcuated is [2_0, 1_0][0m
[34m debuginfo  v2 is  I32(Some(2))[0m
[34m debuginfo weight vec calcuated is [2_0, 1_0][0m
[34m debuginfo  v2 is  I32(Some(2))[0m
[34m debuginfo weight vec calcuated is [2_0, 1_0][0m
[34m debuginfo  v2 is  I32(Some(2))[0m
[34m debuginfo weight vec calcuated is [2_0, 1_0][0m
[34m debuginfo  v2 is  I32(Some(2))[0m
[34m debuginfo weight vec calcuated is [2_0, 1_0][0m
[34m debuginfo  v2 is  I32(Some(2))[0m
[34m debuginfo weight vec calcuated is [2_0, 1_0][0m
[34m debuginfo  v2 is  I32(Some(2))[0m
[34m debuginfo weight vec calcuated is [2_0, 1_0][0m
[34m debuginfo  v2 is  I32(Some(2))[0m
[34m debuginfo weight vec calcuated is [2_0, 1_0][0m
[34m debuginfo  v2 is  I32(Some(2))[0m
[34m debuginfo weight vec calcuated is [2_0, 1_0][0m
[34m debuginfo  v2 is  I32(Some(2))[0m
[34m debuginfo weight vec calcuated is [2_0, 1_0][0m
[34m debuginfo  v2 is  I32(Some(2))[0m
[34m debuginfo weight vec calcuated is [2_0, 1_0][0m
[34m debuginfo  v2 is  I32(Some(2))[0m
[34m debuginfo weight vec calcuated is [2_0, 1_0][0m
[34m debuginfo  v2 is  I32(Some(2))[0m
[34m debuginfo weight vec calcuated is [2_0, 1_0][0m
[34m debuginfo  v2 is  I32(Some(2))[0m
[34m debuginfo weight vec calcuated is [2_0, 1_0][0m
[34m debuginfo  v2 is  I32(Some(2))[0m
[34m debuginfo weight vec calcuated is [2_0, 1_0][0m
[34m debuginfo  v2 is  I32(Some(2))[0m
[34m debuginfo weight vec calcuated is [2_0, 1_0][0m
[34m debuginfo  v2 is  I32(Some(2))[0m
[34m debuginfo weight vec calcuated is [2_0, 1_0][0m
[34m debuginfo  v2 is  I32(Some(2))[0m
[34m debuginfo weight vec calcuated is [2_0, 1_0][0m
[34m debuginfo  v2 is  I32(Some(2))[0m
[34m debuginfo weight vec calcuated is [2_0, 1_0][0m
[34m debuginfo  v2 is  I32(Some(2))[0m
[34m debuginfo weight vec calcuated is [2_0, 1_0][0m
[34m debuginfo  v2 is  I32(Some(2))[0m
[34m debuginfo weight vec calcuated is [2_0, 1_0][0m
[34m debuginfo  v2 is  I32(Some(2))[0m
[34m debuginfo weight vec calcuated is [2_0, 1_0][0m
[34m debuginfo  v2 is  I32(Some(2))[0m
[34m debuginfo weight vec calcuated is [2_0, 1_0][0m
[34m debuginfo  v2 is  I32(Some(2))[0m
[34m debuginfo weight vec calcuated is [2_0, 1_0][0m
[34m debuginfo  v2 is  I32(Some(2))[0m
[34m debuginfo weight vec calcuated is [2_0, 1_0][0m
[34m debuginfo  v2 is  I32(Some(2))[0m
[34m debuginfo weight vec calcuated is [2_0, 1_0][0m
[34m debuginfo  v2 is  I32(Some(2))[0m
[34m debuginfo weight vec calcuated is [2_0, 1_0][0m
[34m debuginfo  v2 is  I32(Some(2))[0m
[34m debuginfo weight vec calcuated is [2_0, 1_0][0m
[34m debuginfo  v2 is  I32(Some(2))[0m
[34m debuginfo weight vec calcuated is [2_0, 1_0][0m
[34m debuginfo  v2 is  I32(Some(2))[0m
[34m debuginfo weight vec calcuated is [2_0, 1_0][0m
[34m debuginfo  v2 is  I32(Some(2))[0m
[34m debuginfo weight vec calcuated is [2_0, 1_0][0m
[34m debuginfo  v2 is  I32(Some(2))[0m
[34m debuginfo weight vec calcuated is [2_0, 1_0][0m
[34m debuginfo  v2 is  I32(Some(2))[0m
[34m debuginfo weight vec calcuated is [2_0, 1_0][0m
[34m debuginfo  v2 is  I32(Some(2))[0m
[34m debuginfo weight vec calcuated is [2_0, 1_0][0m
[34m debuginfo  v2 is  I32(Some(2))[0m
[34m debuginfo weight vec calcuated is [2_0, 1_0][0m
[34m debuginfo  v2 is  I32(Some(2))[0m
[34m debuginfo weight vec calcuated is [2_0, 1_0][0m
# Built-in library
 .text
 .align 4
 .globl starttime
 .type starttime, @function
 starttime:
 mv a0, zero
 tail _sysy_starttime
 
 .text
 .align 4
 .globl stoptime
 .type stoptime, @function
 stoptime:
 mv a0, zero
 tail _sysy_stoptime
.section
    .data
.section
    .text
                    ;      Define main_0 [] -> main_ret_0 
    .global main
    .type main @function
main:
                    ;mem layout:|ra_main:8|s0_main:8|a:32|temp_0:8|temp_1:8|temp_2:8|temp_3:8|temp_4:8|temp_5:8|temp_6:8|temp_7:8|b:32|temp_8:8|temp_9:8|temp_10:8|temp_11:8|temp_12:8|temp_13:8|temp_14:8|temp_15:8|c:32|temp_16:8|temp_17:8|temp_18:8|temp_19:8|temp_20:8|temp_21:8|d:32|temp_22:8|temp_23:4|temp_25:4|temp_24:8|temp_26:8|temp_27:8|temp_28:8|temp_29:8|temp_30:8|temp_31:8|temp_32:8|temp_33:8|e:32|temp_34:8|temp_35:4|temp_37:4|temp_36:8|temp_38:4|temp_40:4|temp_39:8|temp_41:4|temp_43:4|temp_42:8|temp_44:4|none:4
    addi    sp,sp,-504
    sd      ra,496(sp)
    sd      s0,488(sp)
    addi    s0,sp,504
                    ;      alloc Array:i32:[Some(4_0), Some(2_0)] a_17 
                    ;      alloc ptr->i32 temp_0_17 
                    ;      alloc ptr->i32 temp_1_17 
                    ;      alloc ptr->i32 temp_2_17 
                    ;      alloc ptr->i32 temp_3_17 
                    ;      alloc ptr->i32 temp_4_17 
                    ;      alloc ptr->i32 temp_5_17 
                    ;      alloc ptr->i32 temp_6_17 
                    ;      alloc ptr->i32 temp_7_17 
                    ;      alloc Array:i32:[Some(4_0), Some(2_0)] b_17 
                    ;      alloc ptr->i32 temp_8_17 
                    ;      alloc ptr->i32 temp_9_17 
                    ;      alloc ptr->i32 temp_10_17 
                    ;      alloc ptr->i32 temp_11_17 
                    ;      alloc ptr->i32 temp_12_17 
                    ;      alloc ptr->i32 temp_13_17 
                    ;      alloc ptr->i32 temp_14_17 
                    ;      alloc ptr->i32 temp_15_17 
                    ;      alloc Array:i32:[Some(4_0), Some(2_0)] c_17 
                    ;      alloc ptr->i32 temp_16_17 
                    ;      alloc ptr->i32 temp_17_17 
                    ;      alloc ptr->i32 temp_18_17 
                    ;      alloc ptr->i32 temp_19_17 
                    ;      alloc ptr->i32 temp_20_17 
                    ;      alloc ptr->i32 temp_21_17 
                    ;      alloc Array:i32:[Some(4_0), Some(2_0)] d_17 
                    ;      alloc ptr->i32 temp_22_17 
                    ;      alloc i32 temp_23_17 
                    ;      alloc ptr->i32 temp_24_17 
                    ;      alloc i32 temp_25_17 
                    ;      alloc ptr->i32 temp_26_17 
                    ;      alloc ptr->i32 temp_27_17 
                    ;      alloc ptr->i32 temp_28_17 
                    ;      alloc ptr->i32 temp_29_17 
                    ;      alloc ptr->i32 temp_30_17 
                    ;      alloc ptr->i32 temp_31_17 
                    ;      alloc ptr->i32 temp_32_17 
                    ;      alloc ptr->i32 temp_33_17 
                    ;      alloc Array:i32:[Some(4_0), Some(2_0)] e_17 
                    ;      alloc ptr->i32 temp_34_17 
                    ;      alloc i32 temp_35_17 
                    ;      alloc ptr->i32 temp_36_17 
                    ;      alloc i32 temp_37_17 
                    ;      alloc i32 temp_38_17 
                    ;      alloc ptr->i32 temp_39_17 
                    ;      alloc i32 temp_40_17 
                    ;      alloc i32 temp_41_17 
                    ;      alloc ptr->i32 temp_42_17 
                    ;      alloc i32 temp_43_17 
                    ;      alloc i32 temp_44_17 
                    ;      label L0_0: 
L0_0:
                    ;      new_var a_17:Array:i32:[Some(4_0), Some(2_0)] 
                    ;      new_var b_17:Array:i32:[Some(4_0), Some(2_0)] 
                    ;      new_var temp_0_17:ptr->i32 
                    ;      temp_0_17 = getelementptr b_17:Array:i32:[Some(4_0), Some(2_0)] [1_0, 1_0] 
    mv      s3, zero
    li      s1, 2
    li      s2, 1
    mul     s4,s1,s2
    add     s3,s3,s4
    li      s1, 1
    li      s2, 1
    mul     s4,s1,s2
    add     s3,s3,s4
    slli s3,s3,2
    li      s5, 388
    add     s3,s3,s5
    sd      s3,448(sp)
                    ;      store 4_0:i32 temp_0_17:ptr->Array:i32:[Some(2_0)] 
    li      s2, 4
    ld      s1,448(sp)
    sd      s2,0(s1)
                    ;      mu b_17:22 
                    ;      b_17 = chi b_17:22 
                    ;      new_var temp_1_17:ptr->i32 
                    ;      temp_1_17 = getelementptr b_17:Array:i32:[Some(4_0), Some(2_0)] [2_0, 1_0] 
    mv      s3, zero
    li      s1, 2
    li      s2, 2
    mul     s4,s1,s2
    add     s3,s3,s4
    li      s1, 1
    li      s2, 1
    mul     s4,s1,s2
    add     s3,s3,s4
    slli s3,s3,2
    li      s5, 388
    add     s3,s3,s5
    sd      s3,440(sp)
                    ;      store 6_0:i32 temp_1_17:ptr->Array:i32:[Some(2_0)] 
    li      s2, 6
    ld      s1,440(sp)
    sd      s2,0(s1)
                    ;      mu b_17:28 
                    ;      b_17 = chi b_17:28 
                    ;      new_var temp_2_17:ptr->i32 
                    ;      temp_2_17 = getelementptr b_17:Array:i32:[Some(4_0), Some(2_0)] [3_0, 1_0] 
    mv      s3, zero
    li      s1, 2
    li      s2, 3
    mul     s4,s1,s2
    add     s3,s3,s4
    li      s1, 1
    li      s2, 1
    mul     s4,s1,s2
    add     s3,s3,s4
    slli s3,s3,2
    li      s5, 388
    add     s3,s3,s5
    sd      s3,432(sp)
                    ;      store 8_0:i32 temp_2_17:ptr->Array:i32:[Some(2_0)] 
    li      s2, 8
    ld      s1,432(sp)
    sd      s2,0(s1)
                    ;      mu b_17:34 
                    ;      b_17 = chi b_17:34 
                    ;      new_var temp_3_17:ptr->i32 
                    ;      temp_3_17 = getelementptr b_17:Array:i32:[Some(4_0), Some(2_0)] [1_0, 0_0] 
    mv      s3, zero
    li      s1, 2
    li      s2, 1
    mul     s4,s1,s2
    add     s3,s3,s4
    li      s1, 1
    li      s2, 0
    mul     s4,s1,s2
    add     s3,s3,s4
    slli s3,s3,2
    li      s5, 388
    add     s3,s3,s5
    sd      s3,424(sp)
                    ;      store 3_0:i32 temp_3_17:ptr->Array:i32:[Some(2_0)] 
    li      s2, 3
    ld      s1,424(sp)
    sd      s2,0(s1)
                    ;      mu b_17:40 
                    ;      b_17 = chi b_17:40 
                    ;      new_var temp_4_17:ptr->i32 
                    ;      temp_4_17 = getelementptr b_17:Array:i32:[Some(4_0), Some(2_0)] [0_0, 1_0] 
    mv      s3, zero
    li      s1, 2
    li      s2, 0
    mul     s4,s1,s2
    add     s3,s3,s4
    li      s1, 1
    li      s2, 1
    mul     s4,s1,s2
    add     s3,s3,s4
    slli s3,s3,2
    li      s5, 388
    add     s3,s3,s5
    sd      s3,416(sp)
                    ;      store 2_0:i32 temp_4_17:ptr->Array:i32:[Some(2_0)] 
    li      s2, 2
    ld      s1,416(sp)
    sd      s2,0(s1)
                    ;      mu b_17:46 
                    ;      b_17 = chi b_17:46 
                    ;      new_var temp_5_17:ptr->i32 
                    ;      temp_5_17 = getelementptr b_17:Array:i32:[Some(4_0), Some(2_0)] [3_0, 0_0] 
    mv      s3, zero
    li      s1, 2
    li      s2, 3
    mul     s4,s1,s2
    add     s3,s3,s4
    li      s1, 1
    li      s2, 0
    mul     s4,s1,s2
    add     s3,s3,s4
    slli s3,s3,2
    li      s5, 388
    add     s3,s3,s5
    sd      s3,408(sp)
                    ;      store 7_0:i32 temp_5_17:ptr->Array:i32:[Some(2_0)] 
    li      s2, 7
    ld      s1,408(sp)
    sd      s2,0(s1)
                    ;      mu b_17:52 
                    ;      b_17 = chi b_17:52 
                    ;      new_var temp_6_17:ptr->i32 
                    ;      temp_6_17 = getelementptr b_17:Array:i32:[Some(4_0), Some(2_0)] [2_0, 0_0] 
    mv      s3, zero
    li      s1, 2
    li      s2, 2
    mul     s4,s1,s2
    add     s3,s3,s4
    li      s1, 1
    li      s2, 0
    mul     s4,s1,s2
    add     s3,s3,s4
    slli s3,s3,2
    li      s5, 388
    add     s3,s3,s5
    sd      s3,400(sp)
                    ;      store 5_0:i32 temp_6_17:ptr->Array:i32:[Some(2_0)] 
    li      s2, 5
    ld      s1,400(sp)
    sd      s2,0(s1)
                    ;      mu b_17:58 
                    ;      b_17 = chi b_17:58 
                    ;      new_var temp_7_17:ptr->i32 
                    ;      temp_7_17 = getelementptr b_17:Array:i32:[Some(4_0), Some(2_0)] [0_0, 0_0] 
    mv      s3, zero
    li      s1, 2
    li      s2, 0
    mul     s4,s1,s2
    add     s3,s3,s4
    li      s1, 1
    li      s2, 0
    mul     s4,s1,s2
    add     s3,s3,s4
    slli s3,s3,2
    li      s5, 388
    add     s3,s3,s5
    sd      s3,392(sp)
                    ;      store 1_0:i32 temp_7_17:ptr->Array:i32:[Some(2_0)] 
    li      s2, 1
    ld      s1,392(sp)
    sd      s2,0(s1)
                    ;      mu b_17:64 
                    ;      b_17 = chi b_17:64 
                    ;      new_var c_17:Array:i32:[Some(4_0), Some(2_0)] 
                    ;      new_var temp_8_17:ptr->i32 
                    ;      temp_8_17 = getelementptr c_17:Array:i32:[Some(4_0), Some(2_0)] [3_0, 0_0] 
    mv      s3, zero
    li      s1, 2
    li      s2, 3
    mul     s4,s1,s2
    add     s3,s3,s4
    li      s1, 1
    li      s2, 0
    mul     s4,s1,s2
    add     s3,s3,s4
    slli s3,s3,2
    li      s5, 292
    add     s3,s3,s5
    sd      s3,352(sp)
                    ;      store 7_0:i32 temp_8_17:ptr->Array:i32:[Some(2_0)] 
    li      s2, 7
    ld      s1,352(sp)
    sd      s2,0(s1)
                    ;      mu c_17:72 
                    ;      c_17 = chi c_17:72 
                    ;      new_var temp_9_17:ptr->i32 
                    ;      temp_9_17 = getelementptr c_17:Array:i32:[Some(4_0), Some(2_0)] [2_0, 0_0] 
    mv      s3, zero
    li      s1, 2
    li      s2, 2
    mul     s4,s1,s2
    add     s3,s3,s4
    li      s1, 1
    li      s2, 0
    mul     s4,s1,s2
    add     s3,s3,s4
    slli s3,s3,2
    li      s5, 292
    add     s3,s3,s5
    sd      s3,344(sp)
                    ;      store 5_0:i32 temp_9_17:ptr->Array:i32:[Some(2_0)] 
    li      s2, 5
    ld      s1,344(sp)
    sd      s2,0(s1)
                    ;      mu c_17:78 
                    ;      c_17 = chi c_17:78 
                    ;      new_var temp_10_17:ptr->i32 
                    ;      temp_10_17 = getelementptr c_17:Array:i32:[Some(4_0), Some(2_0)] [1_0, 0_0] 
    mv      s3, zero
    li      s1, 2
    li      s2, 1
    mul     s4,s1,s2
    add     s3,s3,s4
    li      s1, 1
    li      s2, 0
    mul     s4,s1,s2
    add     s3,s3,s4
    slli s3,s3,2
    li      s5, 292
    add     s3,s3,s5
    sd      s3,336(sp)
                    ;      store 3_0:i32 temp_10_17:ptr->Array:i32:[Some(2_0)] 
    li      s2, 3
    ld      s1,336(sp)
    sd      s2,0(s1)
                    ;      mu c_17:84 
                    ;      c_17 = chi c_17:84 
                    ;      new_var temp_11_17:ptr->i32 
                    ;      temp_11_17 = getelementptr c_17:Array:i32:[Some(4_0), Some(2_0)] [0_0, 1_0] 
    mv      s3, zero
    li      s1, 2
    li      s2, 0
    mul     s4,s1,s2
    add     s3,s3,s4
    li      s1, 1
    li      s2, 1
    mul     s4,s1,s2
    add     s3,s3,s4
    slli s3,s3,2
    li      s5, 292
    add     s3,s3,s5
    sd      s3,328(sp)
                    ;      store 2_0:i32 temp_11_17:ptr->Array:i32:[Some(2_0)] 
    li      s2, 2
    ld      s1,328(sp)
    sd      s2,0(s1)
                    ;      mu c_17:90 
                    ;      c_17 = chi c_17:90 
                    ;      new_var temp_12_17:ptr->i32 
                    ;      temp_12_17 = getelementptr c_17:Array:i32:[Some(4_0), Some(2_0)] [3_0, 1_0] 
    mv      s3, zero
    li      s1, 2
    li      s2, 3
    mul     s4,s1,s2
    add     s3,s3,s4
    li      s1, 1
    li      s2, 1
    mul     s4,s1,s2
    add     s3,s3,s4
    slli s3,s3,2
    li      s5, 292
    add     s3,s3,s5
    sd      s3,320(sp)
                    ;      store 8_0:i32 temp_12_17:ptr->Array:i32:[Some(2_0)] 
    li      s2, 8
    ld      s1,320(sp)
    sd      s2,0(s1)
                    ;      mu c_17:96 
                    ;      c_17 = chi c_17:96 
                    ;      new_var temp_13_17:ptr->i32 
                    ;      temp_13_17 = getelementptr c_17:Array:i32:[Some(4_0), Some(2_0)] [0_0, 0_0] 
    mv      s3, zero
    li      s1, 2
    li      s2, 0
    mul     s4,s1,s2
    add     s3,s3,s4
    li      s1, 1
    li      s2, 0
    mul     s4,s1,s2
    add     s3,s3,s4
    slli s3,s3,2
    li      s5, 292
    add     s3,s3,s5
    sd      s3,312(sp)
                    ;      store 1_0:i32 temp_13_17:ptr->Array:i32:[Some(2_0)] 
    li      s2, 1
    ld      s1,312(sp)
    sd      s2,0(s1)
                    ;      mu c_17:102 
                    ;      c_17 = chi c_17:102 
                    ;      new_var temp_14_17:ptr->i32 
                    ;      temp_14_17 = getelementptr c_17:Array:i32:[Some(4_0), Some(2_0)] [1_0, 1_0] 
    mv      s3, zero
    li      s1, 2
    li      s2, 1
    mul     s4,s1,s2
    add     s3,s3,s4
    li      s1, 1
    li      s2, 1
    mul     s4,s1,s2
    add     s3,s3,s4
    slli s3,s3,2
    li      s5, 292
    add     s3,s3,s5
    sd      s3,304(sp)
                    ;      store 4_0:i32 temp_14_17:ptr->Array:i32:[Some(2_0)] 
    li      s2, 4
    ld      s1,304(sp)
    sd      s2,0(s1)
                    ;      mu c_17:108 
                    ;      c_17 = chi c_17:108 
                    ;      new_var temp_15_17:ptr->i32 
                    ;      temp_15_17 = getelementptr c_17:Array:i32:[Some(4_0), Some(2_0)] [2_0, 1_0] 
    mv      s3, zero
    li      s1, 2
    li      s2, 2
    mul     s4,s1,s2
    add     s3,s3,s4
    li      s1, 1
    li      s2, 1
    mul     s4,s1,s2
    add     s3,s3,s4
    slli s3,s3,2
    li      s5, 292
    add     s3,s3,s5
    sd      s3,296(sp)
                    ;      store 6_0:i32 temp_15_17:ptr->Array:i32:[Some(2_0)] 
    li      s2, 6
    ld      s1,296(sp)
    sd      s2,0(s1)
                    ;      mu c_17:114 
                    ;      c_17 = chi c_17:114 
                    ;      new_var d_17:Array:i32:[Some(4_0), Some(2_0)] 
                    ;      new_var temp_16_17:ptr->i32 
                    ;      temp_16_17 = getelementptr d_17:Array:i32:[Some(4_0), Some(2_0)] [3_0, 1_0] 
    mv      s3, zero
    li      s1, 2
    li      s2, 3
    mul     s4,s1,s2
    add     s3,s3,s4
    li      s1, 1
    li      s2, 1
    mul     s4,s1,s2
    add     s3,s3,s4
    slli s3,s3,2
    li      s5, 212
    add     s3,s3,s5
    sd      s3,256(sp)
                    ;      store 8_0:i32 temp_16_17:ptr->Array:i32:[Some(2_0)] 
    li      s2, 8
    ld      s1,256(sp)
    sd      s2,0(s1)
                    ;      mu d_17:122 
                    ;      d_17 = chi d_17:122 
                    ;      new_var temp_17_17:ptr->i32 
                    ;      temp_17_17 = getelementptr d_17:Array:i32:[Some(4_0), Some(2_0)] [3_0, 0_0] 
    mv      s3, zero
    li      s1, 2
    li      s2, 3
    mul     s4,s1,s2
    add     s3,s3,s4
    li      s1, 1
    li      s2, 0
    mul     s4,s1,s2
    add     s3,s3,s4
    slli s3,s3,2
    li      s5, 212
    add     s3,s3,s5
    sd      s3,248(sp)
                    ;      store 7_0:i32 temp_17_17:ptr->Array:i32:[Some(2_0)] 
    li      s2, 7
    ld      s1,248(sp)
    sd      s2,0(s1)
                    ;      mu d_17:128 
                    ;      d_17 = chi d_17:128 
                    ;      new_var temp_18_17:ptr->i32 
                    ;      temp_18_17 = getelementptr d_17:Array:i32:[Some(4_0), Some(2_0)] [0_0, 0_0] 
    mv      s3, zero
    li      s1, 2
    li      s2, 0
    mul     s4,s1,s2
    add     s3,s3,s4
    li      s1, 1
    li      s2, 0
    mul     s4,s1,s2
    add     s3,s3,s4
    slli s3,s3,2
    li      s5, 212
    add     s3,s3,s5
    sd      s3,240(sp)
                    ;      store 3_0:i32 temp_18_17:ptr->Array:i32:[Some(2_0)] 
    li      s2, 3
    ld      s1,240(sp)
    sd      s2,0(s1)
                    ;      mu d_17:134 
                    ;      d_17 = chi d_17:134 
                    ;      new_var temp_19_17:ptr->i32 
                    ;      temp_19_17 = getelementptr d_17:Array:i32:[Some(4_0), Some(2_0)] [1_0, 0_0] 
    mv      s3, zero
    li      s1, 2
    li      s2, 1
    mul     s4,s1,s2
    add     s3,s3,s4
    li      s1, 1
    li      s2, 0
    mul     s4,s1,s2
    add     s3,s3,s4
    slli s3,s3,2
    li      s5, 212
    add     s3,s3,s5
    sd      s3,232(sp)
                    ;      store 5_0:i32 temp_19_17:ptr->Array:i32:[Some(2_0)] 
    li      s2, 5
    ld      s1,232(sp)
    sd      s2,0(s1)
                    ;      mu d_17:140 
                    ;      d_17 = chi d_17:140 
                    ;      new_var temp_20_17:ptr->i32 
                    ;      temp_20_17 = getelementptr d_17:Array:i32:[Some(4_0), Some(2_0)] [2_0, 1_0] 
    mv      s3, zero
    li      s1, 2
    li      s2, 2
    mul     s4,s1,s2
    add     s3,s3,s4
    li      s1, 1
    li      s2, 1
    mul     s4,s1,s2
    add     s3,s3,s4
    slli s3,s3,2
    li      s5, 212
    add     s3,s3,s5
    sd      s3,224(sp)
                    ;      store 2_0:i32 temp_20_17:ptr->Array:i32:[Some(2_0)] 
    li      s2, 2
    ld      s1,224(sp)
    sd      s2,0(s1)
                    ;      mu d_17:146 
                    ;      d_17 = chi d_17:146 
                    ;      new_var temp_21_17:ptr->i32 
                    ;      temp_21_17 = getelementptr d_17:Array:i32:[Some(4_0), Some(2_0)] [2_0, 0_0] 
    mv      s3, zero
    li      s1, 2
    li      s2, 2
    mul     s4,s1,s2
    add     s3,s3,s4
    li      s1, 1
    li      s2, 0
    mul     s4,s1,s2
    add     s3,s3,s4
    slli s3,s3,2
    li      s5, 212
    add     s3,s3,s5
    sd      s3,216(sp)
                    ;      store 1_0:i32 temp_21_17:ptr->Array:i32:[Some(2_0)] 
    li      s2, 1
    ld      s1,216(sp)
    sd      s2,0(s1)
                    ;      mu d_17:152 
                    ;      d_17 = chi d_17:152 
                    ;      new_var e_17:Array:i32:[Some(4_0), Some(2_0)] 
                    ;      new_var temp_22_17:ptr->i32 
                    ;      new_var temp_23_17:i32 
                    ;      temp_22_17 = getelementptr d_17:Array:i32:[Some(4_0), Some(2_0)] [2_0, 1_0] 
    mv      s3, zero
    li      s1, 2
    li      s2, 2
    mul     s4,s1,s2
    add     s3,s3,s4
    li      s1, 1
    li      s2, 1
    mul     s4,s1,s2
    add     s3,s3,s4
    slli s3,s3,2
    li      s5, 212
    add     s3,s3,s5
    sd      s3,176(sp)
                    ;      temp_23_17 = load temp_22_17:ptr->i32 
    ld      s1,176(sp)
    lw      s2,0(s1)
    sw      s2,172(sp)
                    ;      new_var temp_24_17:ptr->i32 
                    ;      new_var temp_25_17:i32 
                    ;      temp_24_17 = getelementptr c_17:Array:i32:[Some(4_0), Some(2_0)] [2_0, 1_0] 
    mv      s3, zero
    li      s1, 2
    li      s2, 2
    mul     s4,s1,s2
    add     s3,s3,s4
    li      s1, 1
    li      s2, 1
    mul     s4,s1,s2
    add     s3,s3,s4
    slli s3,s3,2
    li      s5, 292
    add     s3,s3,s5
    sd      s3,160(sp)
                    ;      temp_25_17 = load temp_24_17:ptr->i32 
    ld      s1,160(sp)
    lw      s2,0(s1)
    sw      s2,168(sp)
                    ;      new_var temp_26_17:ptr->i32 
                    ;      temp_26_17 = getelementptr e_17:Array:i32:[Some(4_0), Some(2_0)] [1_0, 1_0] 
    mv      s3, zero
    li      s1, 2
    li      s2, 1
    mul     s4,s1,s2
    add     s3,s3,s4
    li      s1, 1
    li      s2, 1
    mul     s4,s1,s2
    add     s3,s3,s4
    slli s3,s3,2
    li      s5, 92
    add     s3,s3,s5
    sd      s3,152(sp)
                    ;      store 4_0:i32 temp_26_17:ptr->Array:i32:[Some(2_0)] 
    li      s2, 4
    ld      s1,152(sp)
    sd      s2,0(s1)
                    ;      mu e_17:172 
                    ;      e_17 = chi e_17:172 
                    ;      new_var temp_27_17:ptr->i32 
                    ;      temp_27_17 = getelementptr e_17:Array:i32:[Some(4_0), Some(2_0)] [0_0, 1_0] 
    mv      s3, zero
    li      s1, 2
    li      s2, 0
    mul     s4,s1,s2
    add     s3,s3,s4
    li      s1, 1
    li      s2, 1
    mul     s4,s1,s2
    add     s3,s3,s4
    slli s3,s3,2
    li      s5, 92
    add     s3,s3,s5
    sd      s3,144(sp)
                    ;      store temp_25_17:i32 temp_27_17:ptr->Array:i32:[Some(2_0)] 
    lw      s2,168(sp)
    ld      s1,144(sp)
    sd      s2,0(s1)
                    ;      mu e_17:178 
                    ;      e_17 = chi e_17:178 
                    ;      new_var temp_28_17:ptr->i32 
                    ;      temp_28_17 = getelementptr e_17:Array:i32:[Some(4_0), Some(2_0)] [3_0, 0_0] 
    mv      s3, zero
    li      s1, 2
    li      s2, 3
    mul     s4,s1,s2
    add     s3,s3,s4
    li      s1, 1
    li      s2, 0
    mul     s4,s1,s2
    add     s3,s3,s4
    slli s3,s3,2
    li      s5, 92
    add     s3,s3,s5
    sd      s3,136(sp)
                    ;      store 7_0:i32 temp_28_17:ptr->Array:i32:[Some(2_0)] 
    li      s2, 7
    ld      s1,136(sp)
    sd      s2,0(s1)
                    ;      mu e_17:184 
                    ;      e_17 = chi e_17:184 
                    ;      new_var temp_29_17:ptr->i32 
                    ;      temp_29_17 = getelementptr e_17:Array:i32:[Some(4_0), Some(2_0)] [3_0, 1_0] 
    mv      s3, zero
    li      s1, 2
    li      s2, 3
    mul     s4,s1,s2
    add     s3,s3,s4
    li      s1, 1
    li      s2, 1
    mul     s4,s1,s2
    add     s3,s3,s4
    slli s3,s3,2
    li      s5, 92
    add     s3,s3,s5
    sd      s3,128(sp)
                    ;      store 8_0:i32 temp_29_17:ptr->Array:i32:[Some(2_0)] 
    li      s2, 8
    ld      s1,128(sp)
    sd      s2,0(s1)
                    ;      mu e_17:190 
                    ;      e_17 = chi e_17:190 
                    ;      new_var temp_30_17:ptr->i32 
                    ;      temp_30_17 = getelementptr e_17:Array:i32:[Some(4_0), Some(2_0)] [2_0, 1_0] 
    mv      s3, zero
    li      s1, 2
    li      s2, 2
    mul     s4,s1,s2
    add     s3,s3,s4
    li      s1, 1
    li      s2, 1
    mul     s4,s1,s2
    add     s3,s3,s4
    slli s3,s3,2
    li      s5, 92
    add     s3,s3,s5
    sd      s3,120(sp)
                    ;      store 6_0:i32 temp_30_17:ptr->Array:i32:[Some(2_0)] 
    li      s2, 6
    ld      s1,120(sp)
    sd      s2,0(s1)
                    ;      mu e_17:196 
                    ;      e_17 = chi e_17:196 
                    ;      new_var temp_31_17:ptr->i32 
                    ;      temp_31_17 = getelementptr e_17:Array:i32:[Some(4_0), Some(2_0)] [0_0, 0_0] 
    mv      s3, zero
    li      s1, 2
    li      s2, 0
    mul     s4,s1,s2
    add     s3,s3,s4
    li      s1, 1
    li      s2, 0
    mul     s4,s1,s2
    add     s3,s3,s4
    slli s3,s3,2
    li      s5, 92
    add     s3,s3,s5
    sd      s3,112(sp)
                    ;      store temp_23_17:i32 temp_31_17:ptr->Array:i32:[Some(2_0)] 
    lw      s2,172(sp)
    ld      s1,112(sp)
    sd      s2,0(s1)
                    ;      mu e_17:202 
                    ;      e_17 = chi e_17:202 
                    ;      new_var temp_32_17:ptr->i32 
                    ;      temp_32_17 = getelementptr e_17:Array:i32:[Some(4_0), Some(2_0)] [2_0, 0_0] 
    mv      s3, zero
    li      s1, 2
    li      s2, 2
    mul     s4,s1,s2
    add     s3,s3,s4
    li      s1, 1
    li      s2, 0
    mul     s4,s1,s2
    add     s3,s3,s4
    slli s3,s3,2
    li      s5, 92
    add     s3,s3,s5
    sd      s3,104(sp)
                    ;      store 5_0:i32 temp_32_17:ptr->Array:i32:[Some(2_0)] 
    li      s2, 5
    ld      s1,104(sp)
    sd      s2,0(s1)
                    ;      mu e_17:208 
                    ;      e_17 = chi e_17:208 
                    ;      new_var temp_33_17:ptr->i32 
                    ;      temp_33_17 = getelementptr e_17:Array:i32:[Some(4_0), Some(2_0)] [1_0, 0_0] 
    mv      s3, zero
    li      s1, 2
    li      s2, 1
    mul     s4,s1,s2
    add     s3,s3,s4
    li      s1, 1
    li      s2, 0
    mul     s4,s1,s2
    add     s3,s3,s4
    slli s3,s3,2
    li      s5, 92
    add     s3,s3,s5
    sd      s3,96(sp)
                    ;      store 3_0:i32 temp_33_17:ptr->Array:i32:[Some(2_0)] 
    li      s2, 3
    ld      s1,96(sp)
    sd      s2,0(s1)
                    ;      mu e_17:214 
                    ;      e_17 = chi e_17:214 
                    ;      new_var temp_34_17:ptr->i32 
                    ;      new_var temp_35_17:i32 
                    ;      temp_34_17 = getelementptr a_17:Array:i32:[Some(4_0), Some(2_0)] [2_0, 0_0] 
    mv      s3, zero
    li      s1, 2
    li      s2, 2
    mul     s4,s1,s2
    add     s3,s3,s4
    li      s1, 1
    li      s2, 0
    mul     s4,s1,s2
    add     s3,s3,s4
    slli s3,s3,2
    li      s5, 484
    add     s3,s3,s5
    sd      s3,56(sp)
                    ;      temp_35_17 = load temp_34_17:ptr->i32 
    ld      s1,56(sp)
    lw      s2,0(s1)
    sw      s2,52(sp)
                    ;      new_var temp_36_17:ptr->i32 
                    ;      new_var temp_37_17:i32 
                    ;      temp_36_17 = getelementptr e_17:Array:i32:[Some(4_0), Some(2_0)] [0_0, 1_0] 
    mv      s3, zero
    li      s1, 2
    li      s2, 0
    mul     s4,s1,s2
    add     s3,s3,s4
    li      s1, 1
    li      s2, 1
    mul     s4,s1,s2
    add     s3,s3,s4
    slli s3,s3,2
    li      s5, 92
    add     s3,s3,s5
    sd      s3,40(sp)
                    ;      temp_37_17 = load temp_36_17:ptr->i32 
    ld      s1,40(sp)
    lw      s2,0(s1)
    sw      s2,48(sp)
                    ;      new_var temp_38_17:i32 
                    ;      temp_38_17 = Add i32 temp_37_17, temp_35_17 
    lw      s1,48(sp)
    lw      s2,52(sp)
    add     s3,s1,s2
    sw      s3,36(sp)
                    ;      new_var temp_39_17:ptr->i32 
                    ;      new_var temp_40_17:i32 
                    ;      temp_39_17 = getelementptr e_17:Array:i32:[Some(4_0), Some(2_0)] [0_0, 0_0] 
    mv      s3, zero
    li      s1, 2
    li      s2, 0
    mul     s4,s1,s2
    add     s3,s3,s4
    li      s1, 1
    li      s2, 0
    mul     s4,s1,s2
    add     s3,s3,s4
    slli s3,s3,2
    li      s5, 92
    add     s3,s3,s5
    sd      s3,24(sp)
                    ;      temp_40_17 = load temp_39_17:ptr->i32 
    ld      s1,24(sp)
    lw      s2,0(s1)
    sw      s2,32(sp)
                    ;      new_var temp_41_17:i32 
                    ;      temp_41_17 = Add i32 temp_40_17, temp_38_17 
    lw      s1,32(sp)
    lw      s2,36(sp)
    add     s3,s1,s2
    sw      s3,20(sp)
                    ;      new_var temp_42_17:ptr->i32 
                    ;      new_var temp_43_17:i32 
                    ;      temp_42_17 = getelementptr e_17:Array:i32:[Some(4_0), Some(2_0)] [3_0, 1_0] 
    mv      s3, zero
    li      s1, 2
    li      s2, 3
    mul     s4,s1,s2
    add     s3,s3,s4
    li      s1, 1
    li      s2, 1
    mul     s4,s1,s2
    add     s3,s3,s4
    slli s3,s3,2
    li      s5, 92
    add     s3,s3,s5
    sd      s3,8(sp)
                    ;      temp_43_17 = load temp_42_17:ptr->i32 
    ld      s1,8(sp)
    lw      s2,0(s1)
    sw      s2,16(sp)
                    ;      new_var temp_44_17:i32 
                    ;      temp_44_17 = Add i32 temp_43_17, temp_41_17 
    lw      s1,16(sp)
    lw      s2,20(sp)
    add     s3,s1,s2
    sw      s3,4(sp)
                    ;      ret temp_44_17 
    ld      ra,496(sp)
    ld      s0,488(sp)
    lw      a0,4(sp)
    addi    sp,sp,-504
    ret

Pass Nhwc2RiscvDebugPass run successfully
Pass SymtabDebugPass run successfully
all passed finish 耗时: 380.291763ms
all io tasks finish 耗时: 3.55µs
