Pass Code2AstPass run successfully
17
184
218
275
483
710
1042
Pass Ast2ScopeTree run successfully
Pass Ast2CfgPass run successfully
[31m debuginfo is_const:true at decl_ndoe:18[0m
[32m debuginfo visit 34[0m
[32m debuginfo visit 35[0m
[32m debuginfo visit 41[0m
[32m debuginfo visit 49[0m
[32m debuginfo visit 48[0m
[32m debuginfo visit 45[0m
[32m debuginfo visit 47[0m
[32m debuginfo visit 46[0m
[32m debuginfo visit 42[0m
[32m debuginfo visit 44[0m
[32m debuginfo visit 43[0m
[32m debuginfo visit 36[0m
[32m debuginfo visit 40[0m
[32m debuginfo visit 37[0m
[32m debuginfo visit 39[0m
[32m debuginfo visit 38[0m
[32m debuginfo eval et 34[0m
[32m debuginfo eval et 35[0m
[32m debuginfo eval et 36[0m
[32m debuginfo eval et 37[0m
[32m debuginfo eval et 38[0m
[32m debuginfo eval et 39[0m
[32m debuginfo eval et 40[0m
[32m debuginfo eval et 41[0m
[32m debuginfo eval et 42[0m
[32m debuginfo eval et 43[0m
[32m debuginfo eval et 44[0m
[31m debuginfo eval_sub_et_nodes failed[0m
[32m debuginfo eval et 45[0m
[32m debuginfo eval et 46[0m
[32m debuginfo eval et 47[0m
[31m debuginfo eval_sub_et_nodes failed[0m
[32m debuginfo eval et 48[0m
[31m debuginfo eval_sub_et_nodes failed[0m
[32m debuginfo eval et 49[0m
[31m debuginfo [Some(4_0), Some(2_0)][0m
[34m debuginfo array_init [2, 4] [0m
[34m debuginfo array_init [2, 4] [0m
[34m debuginfo array_init [2, 4] [0m
[34m debuginfo array_init [2, 4] [0m
[34m debuginfo array_init [2, 4] [0m
[34m debuginfo  v2 is  I32(Some(2))[0m
[34m debuginfo weight vec calcuated is [2_0, 1_0][0m
[34m debuginfo  v2 is  I32(Some(2))[0m
[34m debuginfo weight vec calcuated is [2_0, 1_0][0m
[34m debuginfo  v2 is  I32(Some(2))[0m
[34m debuginfo weight vec calcuated is [2_0, 1_0][0m
[34m debuginfo  v2 is  I32(Some(2))[0m
[34m debuginfo weight vec calcuated is [2_0, 1_0][0m
[34m debuginfo  v2 is  I32(Some(2))[0m
[34m debuginfo weight vec calcuated is [2_0, 1_0][0m
[31m debuginfo is_const:true at decl_ndoe:185[0m
[32m debuginfo visit 57[0m
[32m debuginfo visit 58[0m
[32m debuginfo visit 60[0m
[32m debuginfo visit 59[0m
[32m debuginfo eval et 57[0m
[32m debuginfo eval et 58[0m
[32m debuginfo eval et 59[0m
[32m debuginfo eval et 60[0m
[31m debuginfo is_const:false at decl_ndoe:219[0m
[32m debuginfo visit 62[0m
[32m debuginfo visit 63[0m
[32m debuginfo visit 69[0m
[32m debuginfo visit 64[0m
[32m debuginfo visit 68[0m
[32m debuginfo visit 65[0m
[32m debuginfo visit 67[0m
[32m debuginfo visit 66[0m
[32m debuginfo eval et 62[0m
[32m debuginfo eval et 63[0m
[32m debuginfo eval et 64[0m
[32m debuginfo eval et 65[0m
[32m debuginfo eval et 66[0m
[32m debuginfo eval et 67[0m
[32m debuginfo eval et 68[0m
[32m debuginfo eval et 69[0m
[31m debuginfo eval_sub_et_nodes failed[0m
[31m debuginfo [Some(4_0), Some(2_0)][0m
[34m debuginfo array_init [2, 4] [0m
[34m debuginfo array_init [2, 4] [0m
[31m debuginfo is_const:false at decl_ndoe:276[0m
[32m debuginfo visit 72[0m
[32m debuginfo visit 73[0m
[32m debuginfo visit 79[0m
[32m debuginfo visit 87[0m
[32m debuginfo visit 86[0m
[32m debuginfo visit 85[0m
[32m debuginfo visit 84[0m
[32m debuginfo visit 83[0m
[32m debuginfo visit 82[0m
[32m debuginfo visit 81[0m
[32m debuginfo visit 80[0m
[32m debuginfo visit 74[0m
[32m debuginfo visit 78[0m
[32m debuginfo visit 75[0m
[32m debuginfo visit 77[0m
[32m debuginfo visit 76[0m
[32m debuginfo eval et 72[0m
[32m debuginfo eval et 73[0m
[32m debuginfo eval et 74[0m
[32m debuginfo eval et 75[0m
[32m debuginfo eval et 76[0m
[32m debuginfo eval et 77[0m
[32m debuginfo eval et 78[0m
[32m debuginfo eval et 79[0m
[32m debuginfo eval et 80[0m
[32m debuginfo eval et 81[0m
[32m debuginfo eval et 82[0m
[32m debuginfo eval et 83[0m
[32m debuginfo eval et 84[0m
[32m debuginfo eval et 85[0m
[32m debuginfo eval et 86[0m
[32m debuginfo eval et 87[0m
[31m debuginfo eval_sub_et_nodes failed[0m
[31m debuginfo [Some(4_0), Some(2_0)][0m
[34m debuginfo array_init [2, 4] [0m
[34m debuginfo array_init [2, 4] [0m
[34m debuginfo  v2 is  I32(Some(2))[0m
[34m debuginfo weight vec calcuated is [2_0, 1_0][0m
[34m debuginfo  v2 is  I32(Some(2))[0m
[34m debuginfo weight vec calcuated is [2_0, 1_0][0m
[34m debuginfo  v2 is  I32(Some(2))[0m
[34m debuginfo weight vec calcuated is [2_0, 1_0][0m
[34m debuginfo  v2 is  I32(Some(2))[0m
[34m debuginfo weight vec calcuated is [2_0, 1_0][0m
[34m debuginfo  v2 is  I32(Some(2))[0m
[34m debuginfo weight vec calcuated is [2_0, 1_0][0m
[34m debuginfo  v2 is  I32(Some(2))[0m
[34m debuginfo weight vec calcuated is [2_0, 1_0][0m
[34m debuginfo  v2 is  I32(Some(2))[0m
[34m debuginfo weight vec calcuated is [2_0, 1_0][0m
[34m debuginfo  v2 is  I32(Some(2))[0m
[34m debuginfo weight vec calcuated is [2_0, 1_0][0m
[31m debuginfo is_const:false at decl_ndoe:484[0m
[32m debuginfo visit 98[0m
[32m debuginfo visit 99[0m
[32m debuginfo visit 107[0m
[32m debuginfo visit 119[0m
[32m debuginfo visit 114[0m
[32m debuginfo visit 118[0m
[32m debuginfo visit 115[0m
[32m debuginfo visit 117[0m
[32m debuginfo visit 116[0m
[32m debuginfo replace symidx a[0m
[32m debuginfo visit 112[0m
[32m debuginfo visit 113[0m
[32m debuginfo visit 110[0m
[32m debuginfo visit 111[0m
[32m debuginfo visit 109[0m
[32m debuginfo visit 108[0m
[32m debuginfo visit 100[0m
[32m debuginfo visit 106[0m
[32m debuginfo visit 101[0m
[32m debuginfo visit 103[0m
[32m debuginfo visit 105[0m
[32m debuginfo visit 104[0m
[32m debuginfo replace symidx N[0m
[32m debuginfo with N[0m
[32m debuginfo visit 102[0m
[32m debuginfo eval et 98[0m
[32m debuginfo eval et 99[0m
[32m debuginfo eval et 100[0m
[32m debuginfo eval et 101[0m
[32m debuginfo eval et 102[0m
[32m debuginfo eval et 103[0m
[32m debuginfo eval et 104[0m
[32m debuginfo eval et 105[0m
[32m debuginfo eval et 106[0m
[32m debuginfo eval et 107[0m
[32m debuginfo eval et 108[0m
[32m debuginfo eval et 109[0m
[32m debuginfo eval et 110[0m
[32m debuginfo eval et 111[0m
[31m debuginfo eval_sub_et_nodes failed[0m
[32m debuginfo eval et 112[0m
[32m debuginfo eval et 113[0m
[31m debuginfo eval_sub_et_nodes failed[0m
[32m debuginfo eval et 114[0m
[32m debuginfo eval et 115[0m
[32m debuginfo eval et 116[0m
[32m debuginfo eval et 117[0m
[32m debuginfo eval et 118[0m
[32m debuginfo eval et 119[0m
[31m debuginfo [Some(4_0), Some(2_0)][0m
[34m debuginfo array_init [2, 4] [0m
[34m debuginfo array_init [2, 4] [0m
[34m debuginfo array_init [2, 4] [0m
[34m debuginfo array_init [2, 4] [0m
[34m debuginfo  v2 is  I32(Some(2))[0m
[34m debuginfo weight vec calcuated is [2_0, 1_0][0m
[34m debuginfo  v2 is  I32(Some(2))[0m
[34m debuginfo weight vec calcuated is [2_0, 1_0][0m
[34m debuginfo  v2 is  I32(Some(2))[0m
[34m debuginfo weight vec calcuated is [2_0, 1_0][0m
[34m debuginfo  v2 is  I32(Some(2))[0m
[34m debuginfo weight vec calcuated is [2_0, 1_0][0m
[34m debuginfo  v2 is  I32(Some(2))[0m
[34m debuginfo weight vec calcuated is [2_0, 1_0][0m
[34m debuginfo  v2 is  I32(Some(2))[0m
[34m debuginfo weight vec calcuated is [2_0, 1_0][0m
[31m debuginfo is_const:false at decl_ndoe:711[0m
[32m debuginfo visit 131[0m
[32m debuginfo visit 132[0m
[32m debuginfo visit 140[0m
[32m debuginfo visit 159[0m
[32m debuginfo visit 161[0m
[32m debuginfo visit 160[0m
[32m debuginfo visit 156[0m
[32m debuginfo visit 158[0m
[32m debuginfo visit 157[0m
[32m debuginfo visit 153[0m
[32m debuginfo visit 155[0m
[32m debuginfo visit 154[0m
[32m debuginfo visit 141[0m
[32m debuginfo visit 147[0m
[32m debuginfo visit 148[0m
[32m debuginfo visit 152[0m
[32m debuginfo visit 149[0m
[32m debuginfo visit 151[0m
[32m debuginfo visit 150[0m
[32m debuginfo replace symidx c[0m
[32m debuginfo visit 142[0m
[32m debuginfo visit 146[0m
[32m debuginfo visit 143[0m
[32m debuginfo visit 145[0m
[32m debuginfo visit 144[0m
[32m debuginfo replace symidx d[0m
[32m debuginfo visit 133[0m
[32m debuginfo visit 139[0m
[32m debuginfo visit 134[0m
[32m debuginfo visit 138[0m
[32m debuginfo visit 135[0m
[32m debuginfo visit 137[0m
[32m debuginfo visit 136[0m
[32m debuginfo eval et 131[0m
[32m debuginfo eval et 132[0m
[32m debuginfo eval et 133[0m
[32m debuginfo eval et 134[0m
[32m debuginfo eval et 135[0m
[32m debuginfo eval et 136[0m
[32m debuginfo eval et 137[0m
[32m debuginfo eval et 138[0m
[32m debuginfo eval et 139[0m
[32m debuginfo eval et 140[0m
[32m debuginfo eval et 141[0m
[32m debuginfo eval et 142[0m
[32m debuginfo eval et 143[0m
[32m debuginfo eval et 144[0m
[32m debuginfo eval et 145[0m
[32m debuginfo eval et 146[0m
[32m debuginfo eval et 147[0m
[32m debuginfo eval et 148[0m
[32m debuginfo eval et 149[0m
[32m debuginfo eval et 150[0m
[32m debuginfo eval et 151[0m
[32m debuginfo eval et 152[0m
[32m debuginfo eval et 153[0m
[32m debuginfo eval et 154[0m
[32m debuginfo eval et 155[0m
[31m debuginfo eval_sub_et_nodes failed[0m
[32m debuginfo eval et 156[0m
[32m debuginfo eval et 157[0m
[32m debuginfo eval et 158[0m
[31m debuginfo eval_sub_et_nodes failed[0m
[32m debuginfo eval et 159[0m
[32m debuginfo eval et 160[0m
[32m debuginfo eval et 161[0m
[31m debuginfo eval_sub_et_nodes failed[0m
[31m debuginfo [Some(4_0), Some(2_0), Some(1_0)][0m
[34m debuginfo array_init [1, 2, 4] [0m
[34m debuginfo array_init [1, 2, 4] [0m
[34m debuginfo array_init [1, 2, 4] [0m
Error occurred when running Pass Cfg2NhwcCfgPass

Caused by:
    expect a constant but meet a array wrapper 147
Pass Ncfg2DjgPass run successfully
[34m debuginfo align:8 data_len:8[0m
[34m debuginfo tail_remained:0[0m
[34m debuginfo align:8 data_len:8[0m
[34m debuginfo align:8 data_len:8[0m
[34m debuginfo tail_remained:0[0m
[34m debuginfo align:8 data_len:8[0m
[34m debuginfo align:8 data_len:8[0m
[34m debuginfo tail_remained:0[0m
[34m debuginfo align:8 data_len:8[0m
[34m debuginfo align:8 data_len:8[0m
[34m debuginfo tail_remained:0[0m
[34m debuginfo align:8 data_len:8[0m
[34m debuginfo align:8 data_len:8[0m
[34m debuginfo tail_remained:0[0m
[34m debuginfo align:8 data_len:8[0m
[34m debuginfo align:8 data_len:8[0m
[34m debuginfo tail_remained:0[0m
[34m debuginfo align:8 data_len:8[0m
[34m debuginfo align:8 data_len:8[0m
[34m debuginfo tail_remained:0[0m
[34m debuginfo align:8 data_len:8[0m
[34m debuginfo align:4 data_len:32[0m
[34m debuginfo tail_remained:0[0m
[34m debuginfo align:4 data_len:32[0m
[34m debuginfo align:4 data_len:4[0m
[34m debuginfo tail_remained:0[0m
[34m debuginfo align:4 data_len:4[0m
[34m debuginfo align:4 data_len:32[0m
[34m debuginfo tail_remained:0[0m
[34m debuginfo align:4 data_len:32[0m
[34m debuginfo align:8 data_len:8[0m
[34m debuginfo tail_remained:0[0m
[34m debuginfo align:8 data_len:8[0m
[34m debuginfo align:8 data_len:8[0m
[34m debuginfo tail_remained:0[0m
[34m debuginfo align:8 data_len:8[0m
[34m debuginfo align:8 data_len:8[0m
[34m debuginfo tail_remained:0[0m
[34m debuginfo align:8 data_len:8[0m
[34m debuginfo align:8 data_len:8[0m
[34m debuginfo tail_remained:0[0m
[34m debuginfo align:8 data_len:8[0m
[34m debuginfo align:8 data_len:8[0m
[34m debuginfo tail_remained:0[0m
[34m debuginfo align:8 data_len:8[0m
[34m debuginfo align:8 data_len:8[0m
[34m debuginfo tail_remained:0[0m
[34m debuginfo align:8 data_len:8[0m
[34m debuginfo align:8 data_len:8[0m
[34m debuginfo tail_remained:0[0m
[34m debuginfo align:8 data_len:8[0m
[34m debuginfo align:8 data_len:8[0m
[34m debuginfo tail_remained:0[0m
[34m debuginfo align:8 data_len:8[0m
[34m debuginfo align:4 data_len:32[0m
[34m debuginfo tail_remained:0[0m
[34m debuginfo align:4 data_len:32[0m
[34m debuginfo align:8 data_len:8[0m
[34m debuginfo tail_remained:0[0m
[34m debuginfo align:8 data_len:8[0m
[34m debuginfo align:4 data_len:4[0m
[34m debuginfo align:8 data_len:8[0m
[34m debuginfo tail_remained:0[0m
[34m debuginfo align:8 data_len:8[0m
[34m debuginfo align:8 data_len:8[0m
[34m debuginfo tail_remained:0[0m
[34m debuginfo align:8 data_len:8[0m
[34m debuginfo align:8 data_len:8[0m
[34m debuginfo tail_remained:0[0m
[34m debuginfo align:8 data_len:8[0m
[34m debuginfo align:8 data_len:8[0m
[34m debuginfo tail_remained:0[0m
[34m debuginfo align:8 data_len:8[0m
[34m debuginfo align:8 data_len:8[0m
[34m debuginfo tail_remained:0[0m
[34m debuginfo align:8 data_len:8[0m
[34m debuginfo align:8 data_len:8[0m
[34m debuginfo tail_remained:0[0m
[34m debuginfo align:8 data_len:8[0m
[34m debuginfo align:4 data_len:32[0m
[34m debuginfo tail_remained:0[0m
[34m debuginfo align:4 data_len:32[0m
[34m debuginfo align:8 data_len:8[0m
[34m debuginfo tail_remained:0[0m
[34m debuginfo align:8 data_len:8[0m
[34m debuginfo align:4 data_len:4[0m
[34m debuginfo tail_remained:0[0m
[34m debuginfo align:4 data_len:4[0m
Pass MemAllocPass run successfully
Pass CfgDebugPass run successfully
Pass NhwcCollectPass run successfully
Pass Ast2EtDebugPass run successfully
breakpoint: exit_0
         global Fn[]->starttime_ret_0 starttime_0 
         global Fn[]->stoptime_ret_0 stoptime_0 
         global Fn[s_14, c_14, n_14]->memset_ret_0 memset_0 
         global Fn[dest_15, src_15, n_15]->memcpy_ret_0 memcpy_0 
         breakpoint exit_0([]) ! 

dot write finished Ok("/home/mineral/Compiler2024-nhwc")
Successfully Transform to png debug_root_simu.png Output { status: ExitStatus(unix_wait_status(0)), stdout: "", stderr: "" }
[34m debuginfo  v2 is  I32(Some(2))[0m
[34m debuginfo weight vec calcuated is [2_0, 1_0][0m
[34m debuginfo  v2 is  I32(Some(2))[0m
[34m debuginfo weight vec calcuated is [2_0, 1_0][0m
[34m debuginfo  v2 is  I32(Some(2))[0m
[34m debuginfo weight vec calcuated is [2_0, 1_0][0m
[34m debuginfo  v2 is  I32(Some(2))[0m
[34m debuginfo weight vec calcuated is [2_0, 1_0][0m
[34m debuginfo  v2 is  I32(Some(2))[0m
[34m debuginfo weight vec calcuated is [2_0, 1_0][0m
[34m debuginfo  v2 is  I32(Some(2))[0m
[34m debuginfo weight vec calcuated is [2_0, 1_0][0m
[34m debuginfo  v2 is  I32(Some(2))[0m
[34m debuginfo weight vec calcuated is [2_0, 1_0][0m
[34m debuginfo  v2 is  I32(Some(2))[0m
[34m debuginfo weight vec calcuated is [2_0, 1_0][0m
[34m debuginfo  v2 is  I32(Some(2))[0m
[34m debuginfo weight vec calcuated is [2_0, 1_0][0m
[34m debuginfo  v2 is  I32(Some(2))[0m
[34m debuginfo weight vec calcuated is [2_0, 1_0][0m
[34m debuginfo  v2 is  I32(Some(2))[0m
[34m debuginfo weight vec calcuated is [2_0, 1_0][0m
[34m debuginfo  v2 is  I32(Some(2))[0m
[34m debuginfo weight vec calcuated is [2_0, 1_0][0m
[34m debuginfo  v2 is  I32(Some(2))[0m
[34m debuginfo weight vec calcuated is [2_0, 1_0][0m
[34m debuginfo  v2 is  I32(Some(2))[0m
[34m debuginfo weight vec calcuated is [2_0, 1_0][0m
[34m debuginfo  v2 is  I32(Some(2))[0m
[34m debuginfo weight vec calcuated is [2_0, 1_0][0m
[34m debuginfo  v2 is  I32(Some(2))[0m
[34m debuginfo weight vec calcuated is [2_0, 1_0][0m
[34m debuginfo  v2 is  I32(Some(2))[0m
[34m debuginfo weight vec calcuated is [2_0, 1_0][0m
[34m debuginfo  v2 is  I32(Some(2))[0m
[34m debuginfo weight vec calcuated is [2_0, 1_0][0m
[34m debuginfo  v2 is  I32(Some(2))[0m
[34m debuginfo weight vec calcuated is [2_0, 1_0][0m
[34m debuginfo  v2 is  I32(Some(2))[0m
[34m debuginfo weight vec calcuated is [2_0, 1_0][0m
[34m debuginfo  v2 is  I32(Some(2))[0m
[34m debuginfo weight vec calcuated is [2_0, 1_0][0m
# Built-in library
 .text
 .align 4
 .globl starttime
 .type starttime, @function
 starttime:
 mv a0, zero
 tail _sysy_starttime
 
 .text
 .align 4
 .globl stoptime
 .type stoptime, @function
 stoptime:
 mv a0, zero
 tail _sysy_stoptime
.section
    .data
.section
    .text
                    ;      Define main_0 [] -> main_ret_0 
    .global main
    .type main @function
main:
                    ;mem layout:|ra_main:8|s0_main:8|temp_0:8|temp_1:8|temp_2:8|temp_3:8|temp_4:8|a:32|N:4|b:32|temp_14:4|temp_5:8|temp_6:8|temp_7:8|temp_8:8|temp_9:8|temp_10:8|temp_11:8|temp_12:8|c:32|temp_13:8|temp_15:8|temp_16:8|temp_17:8|temp_18:8|temp_19:8|temp_20:8|d:32|temp_21:8|temp_22:4|none:4
    addi    sp,sp,-328
    sd      ra,320(sp)
    sd      s0,312(sp)
    addi    s0,sp,328
                    ;      alloc ptr->i32 temp_0_17 
                    ;      alloc ptr->i32 temp_1_17 
                    ;      alloc ptr->i32 temp_2_17 
                    ;      alloc ptr->i32 temp_3_17 
                    ;      alloc ptr->i32 temp_4_17 
                    ;      alloc Array:i32:[Some(4_0), Some(2_0)] a_17 
                    ;      alloc i32 N_17 
                    ;      alloc Array:i32:[Some(4_0), Some(2_0)] b_17 
                    ;      alloc ptr->i32 temp_5_17 
                    ;      alloc ptr->i32 temp_6_17 
                    ;      alloc ptr->i32 temp_7_17 
                    ;      alloc ptr->i32 temp_8_17 
                    ;      alloc ptr->i32 temp_9_17 
                    ;      alloc ptr->i32 temp_10_17 
                    ;      alloc ptr->i32 temp_11_17 
                    ;      alloc ptr->i32 temp_12_17 
                    ;      alloc Array:i32:[Some(4_0), Some(2_0)] c_17 
                    ;      alloc ptr->i32 temp_13_17 
                    ;      alloc i32 temp_14_17 
                    ;      alloc ptr->i32 temp_15_17 
                    ;      alloc ptr->i32 temp_16_17 
                    ;      alloc ptr->i32 temp_17_17 
                    ;      alloc ptr->i32 temp_18_17 
                    ;      alloc ptr->i32 temp_19_17 
                    ;      alloc ptr->i32 temp_20_17 
                    ;      alloc Array:i32:[Some(4_0), Some(2_0)] d_17 
                    ;      alloc ptr->i32 temp_21_17 
                    ;      alloc i32 temp_22_17 
                    ;      label L0_0: 
L0_0:
                    ;      new_var a_17:Array:i32:[Some(4_0), Some(2_0)] 
                    ;      new_var temp_0_17:ptr->i32 
                    ;      temp_0_17 = getelementptr a_17:Array:i32:[Some(4_0), Some(2_0)] [1_0, 0_0] 
    mv      s3, zero
    li      s1, 2
    li      s2, 1
    mul     s4,s1,s2
    add     s3,s3,s4
    li      s1, 1
    li      s2, 0
    mul     s4,s1,s2
    add     s3,s3,s4
    slli s3,s3,2
    li      s5, 268
    add     s3,s3,s5
    sd      s3,304(sp)
                    ;      store 3_0:i32 temp_0_17:ptr->Array:i32:[Some(2_0)] 
    li      s2, 3
    ld      s1,304(sp)
    sd      s2,0(s1)
                    ;      mu a_17:20 
                    ;      a_17 = chi a_17:20 
                    ;      new_var temp_1_17:ptr->i32 
                    ;      temp_1_17 = getelementptr a_17:Array:i32:[Some(4_0), Some(2_0)] [1_0, 1_0] 
    mv      s3, zero
    li      s1, 2
    li      s2, 1
    mul     s4,s1,s2
    add     s3,s3,s4
    li      s1, 1
    li      s2, 1
    mul     s4,s1,s2
    add     s3,s3,s4
    slli s3,s3,2
    li      s5, 268
    add     s3,s3,s5
    sd      s3,296(sp)
                    ;      store 4_0:i32 temp_1_17:ptr->Array:i32:[Some(2_0)] 
    li      s2, 4
    ld      s1,296(sp)
    sd      s2,0(s1)
                    ;      mu a_17:26 
                    ;      a_17 = chi a_17:26 
                    ;      new_var temp_2_17:ptr->i32 
                    ;      temp_2_17 = getelementptr a_17:Array:i32:[Some(4_0), Some(2_0)] [0_0, 1_0] 
    mv      s3, zero
    li      s1, 2
    li      s2, 0
    mul     s4,s1,s2
    add     s3,s3,s4
    li      s1, 1
    li      s2, 1
    mul     s4,s1,s2
    add     s3,s3,s4
    slli s3,s3,2
    li      s5, 268
    add     s3,s3,s5
    sd      s3,288(sp)
                    ;      store 2_0:i32 temp_2_17:ptr->Array:i32:[Some(2_0)] 
    li      s2, 2
    ld      s1,288(sp)
    sd      s2,0(s1)
                    ;      mu a_17:32 
                    ;      a_17 = chi a_17:32 
                    ;      new_var temp_3_17:ptr->i32 
                    ;      temp_3_17 = getelementptr a_17:Array:i32:[Some(4_0), Some(2_0)] [2_0, 0_0] 
    mv      s3, zero
    li      s1, 2
    li      s2, 2
    mul     s4,s1,s2
    add     s3,s3,s4
    li      s1, 1
    li      s2, 0
    mul     s4,s1,s2
    add     s3,s3,s4
    slli s3,s3,2
    li      s5, 268
    add     s3,s3,s5
    sd      s3,280(sp)
                    ;      store 7_0:i32 temp_3_17:ptr->Array:i32:[Some(2_0)] 
    li      s2, 7
    ld      s1,280(sp)
    sd      s2,0(s1)
                    ;      mu a_17:38 
                    ;      a_17 = chi a_17:38 
                    ;      new_var temp_4_17:ptr->i32 
                    ;      temp_4_17 = getelementptr a_17:Array:i32:[Some(4_0), Some(2_0)] [0_0, 0_0] 
    mv      s3, zero
    li      s1, 2
    li      s2, 0
    mul     s4,s1,s2
    add     s3,s3,s4
    li      s1, 1
    li      s2, 0
    mul     s4,s1,s2
    add     s3,s3,s4
    slli s3,s3,2
    li      s5, 268
    add     s3,s3,s5
    sd      s3,272(sp)
                    ;      store 1_0:i32 temp_4_17:ptr->Array:i32:[Some(2_0)] 
    li      s2, 1
    ld      s1,272(sp)
    sd      s2,0(s1)
                    ;      mu a_17:44 
                    ;      a_17 = chi a_17:44 
                    ;      N_17 = i32 3_0 
    li      s1, 3
    sw      s1,236(sp)
                    ;      new_var b_17:Array:i32:[Some(4_0), Some(2_0)] 
                    ;      new_var c_17:Array:i32:[Some(4_0), Some(2_0)] 
                    ;      new_var temp_5_17:ptr->i32 
                    ;      temp_5_17 = getelementptr c_17:Array:i32:[Some(4_0), Some(2_0)] [0_0, 1_0] 
    mv      s3, zero
    li      s1, 2
    li      s2, 0
    mul     s4,s1,s2
    add     s3,s3,s4
    li      s1, 1
    li      s2, 1
    mul     s4,s1,s2
    add     s3,s3,s4
    slli s3,s3,2
    li      s5, 132
    add     s3,s3,s5
    sd      s3,192(sp)
                    ;      store 2_0:i32 temp_5_17:ptr->Array:i32:[Some(2_0)] 
    li      s2, 2
    ld      s1,192(sp)
    sd      s2,0(s1)
                    ;      mu c_17:56 
                    ;      c_17 = chi c_17:56 
                    ;      new_var temp_6_17:ptr->i32 
                    ;      temp_6_17 = getelementptr c_17:Array:i32:[Some(4_0), Some(2_0)] [2_0, 1_0] 
    mv      s3, zero
    li      s1, 2
    li      s2, 2
    mul     s4,s1,s2
    add     s3,s3,s4
    li      s1, 1
    li      s2, 1
    mul     s4,s1,s2
    add     s3,s3,s4
    slli s3,s3,2
    li      s5, 132
    add     s3,s3,s5
    sd      s3,184(sp)
                    ;      store 6_0:i32 temp_6_17:ptr->Array:i32:[Some(2_0)] 
    li      s2, 6
    ld      s1,184(sp)
    sd      s2,0(s1)
                    ;      mu c_17:62 
                    ;      c_17 = chi c_17:62 
                    ;      new_var temp_7_17:ptr->i32 
                    ;      temp_7_17 = getelementptr c_17:Array:i32:[Some(4_0), Some(2_0)] [1_0, 1_0] 
    mv      s3, zero
    li      s1, 2
    li      s2, 1
    mul     s4,s1,s2
    add     s3,s3,s4
    li      s1, 1
    li      s2, 1
    mul     s4,s1,s2
    add     s3,s3,s4
    slli s3,s3,2
    li      s5, 132
    add     s3,s3,s5
    sd      s3,176(sp)
                    ;      store 4_0:i32 temp_7_17:ptr->Array:i32:[Some(2_0)] 
    li      s2, 4
    ld      s1,176(sp)
    sd      s2,0(s1)
                    ;      mu c_17:68 
                    ;      c_17 = chi c_17:68 
                    ;      new_var temp_8_17:ptr->i32 
                    ;      temp_8_17 = getelementptr c_17:Array:i32:[Some(4_0), Some(2_0)] [2_0, 0_0] 
    mv      s3, zero
    li      s1, 2
    li      s2, 2
    mul     s4,s1,s2
    add     s3,s3,s4
    li      s1, 1
    li      s2, 0
    mul     s4,s1,s2
    add     s3,s3,s4
    slli s3,s3,2
    li      s5, 132
    add     s3,s3,s5
    sd      s3,168(sp)
                    ;      store 5_0:i32 temp_8_17:ptr->Array:i32:[Some(2_0)] 
    li      s2, 5
    ld      s1,168(sp)
    sd      s2,0(s1)
                    ;      mu c_17:74 
                    ;      c_17 = chi c_17:74 
                    ;      new_var temp_9_17:ptr->i32 
                    ;      temp_9_17 = getelementptr c_17:Array:i32:[Some(4_0), Some(2_0)] [3_0, 0_0] 
    mv      s3, zero
    li      s1, 2
    li      s2, 3
    mul     s4,s1,s2
    add     s3,s3,s4
    li      s1, 1
    li      s2, 0
    mul     s4,s1,s2
    add     s3,s3,s4
    slli s3,s3,2
    li      s5, 132
    add     s3,s3,s5
    sd      s3,160(sp)
                    ;      store 7_0:i32 temp_9_17:ptr->Array:i32:[Some(2_0)] 
    li      s2, 7
    ld      s1,160(sp)
    sd      s2,0(s1)
                    ;      mu c_17:80 
                    ;      c_17 = chi c_17:80 
                    ;      new_var temp_10_17:ptr->i32 
                    ;      temp_10_17 = getelementptr c_17:Array:i32:[Some(4_0), Some(2_0)] [3_0, 1_0] 
    mv      s3, zero
    li      s1, 2
    li      s2, 3
    mul     s4,s1,s2
    add     s3,s3,s4
    li      s1, 1
    li      s2, 1
    mul     s4,s1,s2
    add     s3,s3,s4
    slli s3,s3,2
    li      s5, 132
    add     s3,s3,s5
    sd      s3,152(sp)
                    ;      store 8_0:i32 temp_10_17:ptr->Array:i32:[Some(2_0)] 
    li      s2, 8
    ld      s1,152(sp)
    sd      s2,0(s1)
                    ;      mu c_17:86 
                    ;      c_17 = chi c_17:86 
                    ;      new_var temp_11_17:ptr->i32 
                    ;      temp_11_17 = getelementptr c_17:Array:i32:[Some(4_0), Some(2_0)] [1_0, 0_0] 
    mv      s3, zero
    li      s1, 2
    li      s2, 1
    mul     s4,s1,s2
    add     s3,s3,s4
    li      s1, 1
    li      s2, 0
    mul     s4,s1,s2
    add     s3,s3,s4
    slli s3,s3,2
    li      s5, 132
    add     s3,s3,s5
    sd      s3,144(sp)
                    ;      store 3_0:i32 temp_11_17:ptr->Array:i32:[Some(2_0)] 
    li      s2, 3
    ld      s1,144(sp)
    sd      s2,0(s1)
                    ;      mu c_17:92 
                    ;      c_17 = chi c_17:92 
                    ;      new_var temp_12_17:ptr->i32 
                    ;      temp_12_17 = getelementptr c_17:Array:i32:[Some(4_0), Some(2_0)] [0_0, 0_0] 
    mv      s3, zero
    li      s1, 2
    li      s2, 0
    mul     s4,s1,s2
    add     s3,s3,s4
    li      s1, 1
    li      s2, 0
    mul     s4,s1,s2
    add     s3,s3,s4
    slli s3,s3,2
    li      s5, 132
    add     s3,s3,s5
    sd      s3,136(sp)
                    ;      store 1_0:i32 temp_12_17:ptr->Array:i32:[Some(2_0)] 
    li      s2, 1
    ld      s1,136(sp)
    sd      s2,0(s1)
                    ;      mu c_17:98 
                    ;      c_17 = chi c_17:98 
                    ;      new_var d_17:Array:i32:[Some(4_0), Some(2_0)] 
                    ;      new_var temp_13_17:ptr->i32 
                    ;      new_var temp_14_17:i32 
                    ;      temp_13_17 = getelementptr a_17:Array:i32:[Some(4_0), Some(2_0)] [3_0, 0_0] 
    mv      s3, zero
    li      s1, 2
    li      s2, 3
    mul     s4,s1,s2
    add     s3,s3,s4
    li      s1, 1
    li      s2, 0
    mul     s4,s1,s2
    add     s3,s3,s4
    slli s3,s3,2
    li      s5, 268
    add     s3,s3,s5
    sd      s3,96(sp)
                    ;      temp_14_17 = load temp_13_17:ptr->i32 
    ld      s1,96(sp)
    lw      s2,0(s1)
    sw      s2,200(sp)
                    ;      new_var temp_15_17:ptr->i32 
                    ;      temp_15_17 = getelementptr d_17:Array:i32:[Some(4_0), Some(2_0)] [0_0, 0_0] 
    mv      s3, zero
    li      s1, 2
    li      s2, 0
    mul     s4,s1,s2
    add     s3,s3,s4
    li      s1, 1
    li      s2, 0
    mul     s4,s1,s2
    add     s3,s3,s4
    slli s3,s3,2
    li      s5, 44
    add     s3,s3,s5
    sd      s3,88(sp)
                    ;      store 3_0:i32 temp_15_17:ptr->Array:i32:[Some(2_0)] 
    li      s2, 3
    ld      s1,88(sp)
    sd      s2,0(s1)
                    ;      mu d_17:112 
                    ;      d_17 = chi d_17:112 
                    ;      new_var temp_16_17:ptr->i32 
                    ;      temp_16_17 = getelementptr d_17:Array:i32:[Some(4_0), Some(2_0)] [2_0, 1_0] 
    mv      s3, zero
    li      s1, 2
    li      s2, 2
    mul     s4,s1,s2
    add     s3,s3,s4
    li      s1, 1
    li      s2, 1
    mul     s4,s1,s2
    add     s3,s3,s4
    slli s3,s3,2
    li      s5, 44
    add     s3,s3,s5
    sd      s3,80(sp)
                    ;      store 1_0:i32 temp_16_17:ptr->Array:i32:[Some(2_0)] 
    li      s2, 1
    ld      s1,80(sp)
    sd      s2,0(s1)
                    ;      mu d_17:118 
                    ;      d_17 = chi d_17:118 
                    ;      new_var temp_17_17:ptr->i32 
                    ;      temp_17_17 = getelementptr d_17:Array:i32:[Some(4_0), Some(2_0)] [2_0, 0_0] 
    mv      s3, zero
    li      s1, 2
    li      s2, 2
    mul     s4,s1,s2
    add     s3,s3,s4
    li      s1, 1
    li      s2, 0
    mul     s4,s1,s2
    add     s3,s3,s4
    slli s3,s3,2
    li      s5, 44
    add     s3,s3,s5
    sd      s3,72(sp)
                    ;      store temp_14_17:i32 temp_17_17:ptr->Array:i32:[Some(2_0)] 
    lw      s2,200(sp)
    ld      s1,72(sp)
    sd      s2,0(s1)
                    ;      mu d_17:124 
                    ;      d_17 = chi d_17:124 
                    ;      new_var temp_18_17:ptr->i32 
                    ;      temp_18_17 = getelementptr d_17:Array:i32:[Some(4_0), Some(2_0)] [3_0, 0_0] 
    mv      s3, zero
    li      s1, 2
    li      s2, 3
    mul     s4,s1,s2
    add     s3,s3,s4
    li      s1, 1
    li      s2, 0
    mul     s4,s1,s2
    add     s3,s3,s4
    slli s3,s3,2
    li      s5, 44
    add     s3,s3,s5
    sd      s3,64(sp)
                    ;      store 2_0:i32 temp_18_17:ptr->Array:i32:[Some(2_0)] 
    li      s2, 2
    ld      s1,64(sp)
    sd      s2,0(s1)
                    ;      mu d_17:130 
                    ;      d_17 = chi d_17:130 
                    ;      new_var temp_19_17:ptr->i32 
                    ;      temp_19_17 = getelementptr d_17:Array:i32:[Some(4_0), Some(2_0)] [3_0, 1_0] 
    mv      s3, zero
    li      s1, 2
    li      s2, 3
    mul     s4,s1,s2
    add     s3,s3,s4
    li      s1, 1
    li      s2, 1
    mul     s4,s1,s2
    add     s3,s3,s4
    slli s3,s3,2
    li      s5, 44
    add     s3,s3,s5
    sd      s3,56(sp)
                    ;      store 8_0:i32 temp_19_17:ptr->Array:i32:[Some(2_0)] 
    li      s2, 8
    ld      s1,56(sp)
    sd      s2,0(s1)
                    ;      mu d_17:136 
                    ;      d_17 = chi d_17:136 
                    ;      new_var temp_20_17:ptr->i32 
                    ;      temp_20_17 = getelementptr d_17:Array:i32:[Some(4_0), Some(2_0)] [1_0, 0_0] 
    mv      s3, zero
    li      s1, 2
    li      s2, 1
    mul     s4,s1,s2
    add     s3,s3,s4
    li      s1, 1
    li      s2, 0
    mul     s4,s1,s2
    add     s3,s3,s4
    slli s3,s3,2
    li      s5, 44
    add     s3,s3,s5
    sd      s3,48(sp)
                    ;      store 5_0:i32 temp_20_17:ptr->Array:i32:[Some(2_0)] 
    li      s2, 5
    ld      s1,48(sp)
    sd      s2,0(s1)
                    ;      mu d_17:142 
                    ;      d_17 = chi d_17:142 
                    ;      new_var e_17:Array:i32:[Some(4_0), Some(2_0), Some(1_0)] 
                    ;      new_var temp_21_17:ptr->i32 
                    ;      new_var temp_22_17:i32 
                    ;      temp_21_17 = getelementptr d_17:Array:i32:[Some(4_0), Some(2_0)] [2_0, 1_0] 
    mv      s3, zero
    li      s1, 2
    li      s2, 2
    mul     s4,s1,s2
    add     s3,s3,s4
    li      s1, 1
    li      s2, 1
    mul     s4,s1,s2
    add     s3,s3,s4
    slli s3,s3,2
    li      s5, 44
    add     s3,s3,s5
    sd      s3,8(sp)
                    ;      temp_22_17 = load temp_21_17:ptr->i32 
    ld      s1,8(sp)
    lw      s2,0(s1)
    sw      s2,4(sp)

Pass Nhwc2RiscvDebugPass run successfully
Pass SymtabDebugPass run successfully
all passed finish 耗时: 370.702425ms
all io tasks finish 耗时: 2.37µs
