Pass Code2AstPass run successfully
27
86
98
134
172
184
213
251
287
325
337
372
432
471
530
542
571
639
682
Pass Ast2ScopeTree run successfully
Pass Ast2CfgPass run successfully
[32m debuginfo visit 34[0m
[32m debuginfo visit 35[0m
[32m debuginfo eval et 34[0m
[32m debuginfo eval et 35[0m
[31m debuginfo is_const:false at decl_ndoe:87[0m
[32m debuginfo visit 36[0m
[32m debuginfo visit 37[0m
[32m debuginfo eval et 36[0m
[32m debuginfo eval et 37[0m
[32m debuginfo visit 38[0m
[32m debuginfo visit 39[0m
[32m debuginfo visit 41[0m
[32m debuginfo visit 43[0m
[32m debuginfo replace symidx b[0m
Error occurred when running Pass Cfg2NhwcCfgPass

Caused by:
    0: Symbol {"b" fields:{"type": i32, "def_cfg_node_vec": [4], "is_temp": false, "is_literal": false, "is_global": false, "def_instrs_vec": []}} downcast_op_any 失败 field_name:CONST_SYMIDX:const_symidx src/toolkit/gen_nhwc_cfg.rs 54
    1: can't find field SymIdx type:op_field
Pass Ncfg2DjgPass run successfully
[34m debuginfo align:8 data_len:8[0m
[34m debuginfo tail_remained:0[0m
[34m debuginfo align:8 data_len:8[0m
[34m debuginfo align:8 data_len:8[0m
[34m debuginfo tail_remained:0[0m
[34m debuginfo align:8 data_len:8[0m
[34m debuginfo align:4 data_len:4[0m
[34m debuginfo tail_remained:0[0m
[34m debuginfo align:4 data_len:4[0m
[34m debuginfo align:8 data_len:8[0m
[34m debuginfo tail_remained:0[0m
[34m debuginfo align:8 data_len:8[0m
[34m debuginfo align:8 data_len:8[0m
[34m debuginfo tail_remained:0[0m
[34m debuginfo align:8 data_len:8[0m
[34m debuginfo align:4 data_len:4[0m
[34m debuginfo tail_remained:0[0m
[34m debuginfo align:4 data_len:4[0m
[34m debuginfo align:4 data_len:4[0m
[34m debuginfo tail_remained:0[0m
[34m debuginfo align:4 data_len:4[0m
[34m debuginfo align:4 data_len:4[0m
[34m debuginfo tail_remained:0[0m
[34m debuginfo align:4 data_len:4[0m
[34m debuginfo align:8 data_len:8[0m
[34m debuginfo tail_remained:0[0m
[34m debuginfo align:8 data_len:8[0m
[34m debuginfo align:8 data_len:8[0m
[34m debuginfo tail_remained:0[0m
[34m debuginfo align:8 data_len:8[0m
Pass MemAllocPass run successfully
Pass CfgDebugPass run successfully
Pass NhwcCollectPass run successfully
Pass Ast2EtDebugPass run successfully
breakpoint: exit_0
         global Fn[]->starttime_ret_0 starttime_0 
         global Fn[]->stoptime_ret_0 stoptime_0 
         global Fn[s_14, c_14, n_14]->memset_ret_0 memset_0 
         global Fn[dest_15, src_15, n_15]->memcpy_ret_0 memcpy_0 
         breakpoint exit_0([]) ! 

dot write finished Ok("/home/mineral/Compiler2024-nhwc")
Successfully Transform to png debug_root_simu.png Output { status: ExitStatus(unix_wait_status(0)), stdout: "", stderr: "" }
# Built-in library
 .text
 .align 4
 .globl starttime
 .type starttime, @function
 starttime:
 mv a0, zero
 tail _sysy_starttime
 
 .text
 .align 4
 .globl stoptime
 .type stoptime, @function
 stoptime:
 mv a0, zero
 tail _sysy_stoptime
.section
    .data
.section
    .text
                    ;      Define get_one_0 [a_16] -> get_one_ret_0 
    .global get_one
    .type get_one @function
get_one:
                    ;mem layout:|ra_get_one:8|s0_get_one:8|a:4|none:4
    addi    sp,sp,-24
    sd      ra,16(sp)
    sd      s0,8(sp)
    addi    s0,sp,24
    sw      a0,4(sp)
                    ;      label L14_0: 
L14_0:
                    ;      ret 1_0 
    ld      ra,16(sp)
    ld      s0,8(sp)
    li      a0, 1
    addi    sp,sp,-24
    ret
                    ;      Define deepWhileBr_0 [a_20, b_20] -> deepWhileBr_ret_0 
    .global deepWhileBr
    .type deepWhileBr @function
deepWhileBr:
                    ;mem layout:|ra_deepWhileBr:8|s0_deepWhileBr:8|a:4|b:4|c:4|none:4
    addi    sp,sp,-32
    sd      ra,24(sp)
    sd      s0,16(sp)
    addi    s0,sp,32
    sw      a0,12(sp)
    sw      a1,8(sp)
                    ;      alloc i32 c_22 
                    ;      label L1_0: 
L1_0:
                    ;      new_var c_22:i32 
                    ;      jump label: L2_0 
    j       L2_0
                    ;      label L2_0: 
L2_0:
                    ;      label L3_0: 
L3_0:
                    ;      jump label: L4_0 
    j       L4_0
                    ;      label L4_0: 
L4_0:
                    ;      label L5_0: 
L5_0:
                    ;      jump label: L6_0 
    j       L6_0
                    ;      label L6_0: 
L6_0:
                    ;      label L7_0: 
L7_0:
                    ;      jump label: L8_0 
    j       L8_0
                    ;      label L8_0: 
L8_0:
                    ;      label L9_0: 
L9_0:
                    ;      jump label: L10_0 
    j       L10_0
                    ;      label L10_0: 
L10_0:
                    ;      label L11_0: 
L11_0:
                    ;      label L12_0: 
L12_0:
                    ;      label L13_0: 
L13_0:
                    ;      Define main_0 [] -> main_ret_0 
    .global main
    .type main @function
main:
                    ;mem layout:|ra_main:8|s0_main:8
    addi    sp,sp,-16
    sd      ra,8(sp)
    sd      s0,0(sp)
    addi    s0,sp,16
                    ;      label L0_0: 
L0_0:

Pass Nhwc2RiscvDebugPass run successfully
Pass SymtabDebugPass run successfully
all passed finish 耗时: 374.165263ms
all io tasks finish 耗时: 2.161µs
