Pass Code2AstPass run successfully
231
286
324
381
418
Pass Ast2ScopeTree run successfully
Pass Ast2CfgPass run successfully
[31m debuginfo is_const:true at decl_ndoe:3[0m
[32m debuginfo visit 0[0m
[32m debuginfo visit 1[0m
[32m debuginfo visit 3[0m
[32m debuginfo visit 4[0m
[32m debuginfo visit 2[0m
[32m debuginfo eval et 0[0m
[32m debuginfo eval et 1[0m
[32m debuginfo eval et 2[0m
[32m debuginfo eval et 3[0m
[32m debuginfo eval et 4[0m
[31m debuginfo eval_sub_et_nodes failed[0m
[31m debuginfo is_const:false at decl_ndoe:41[0m
[32m debuginfo visit 6[0m
[32m debuginfo visit 7[0m
[32m debuginfo visit 19[0m
[32m debuginfo visit 25[0m
[32m debuginfo visit 24[0m
[32m debuginfo visit 23[0m
[32m debuginfo visit 22[0m
[32m debuginfo visit 21[0m
[32m debuginfo visit 20[0m
[32m debuginfo visit 8[0m
[32m debuginfo visit 10[0m
[32m debuginfo visit 12[0m
[32m debuginfo visit 16[0m
[32m debuginfo visit 18[0m
[32m debuginfo visit 17[0m
[32m debuginfo visit 13[0m
[32m debuginfo visit 15[0m
[32m debuginfo visit 14[0m
[32m debuginfo visit 11[0m
[32m debuginfo replace symidx N[0m
[32m debuginfo with N[0m
[32m debuginfo visit 9[0m
[32m debuginfo eval et 6[0m
[32m debuginfo eval et 7[0m
[32m debuginfo eval et 8[0m
[32m debuginfo eval et 9[0m
[32m debuginfo eval et 10[0m
[32m debuginfo eval et 11[0m
[32m debuginfo eval et 12[0m
[32m debuginfo eval et 13[0m
[32m debuginfo eval et 14[0m
[32m debuginfo eval et 15[0m
[32m debuginfo eval et 16[0m
[32m debuginfo eval et 17[0m
[32m debuginfo eval et 18[0m
[31m debuginfo eval_sub_et_nodes failed[0m
[32m debuginfo eval et 19[0m
[32m debuginfo eval et 20[0m
[32m debuginfo eval et 21[0m
[32m debuginfo eval et 22[0m
[32m debuginfo eval et 23[0m
[32m debuginfo eval et 24[0m
[32m debuginfo eval et 25[0m
[31m debuginfo eval_sub_et_nodes failed[0m
Error occurred when running Pass Cfg2NhwcCfgPass

Caused by:
    0: Symbol downcast_op_any 失败 field_name:USE_COUNTER use_counter src/toolkit/symbol.rs 24
    1: can't find field UseCounter op_field_mut
Pass Ncfg2DjgPass run successfully
Error occurred when running Pass MemAllocPass

Caused by:
    0: CfgNode  #Entry
        217 
        intmain(){inti=0,sum=0;while(i<6){sum=sum+arr[i];i=i+1;}returnsum;}
       
        $ @ # Fields 
        {
           "cor_dj_node": 1,
           "domiance_frontier_cfg_nodes": [],
       } $   downcast_op_any 失败 field_name:FUNC_COR_SYMIDX:func_cor_symidx src/toolkit/gen_nhwc_cfg.rs 75
    1: can't find field SymIdx type:op_field
Pass CfgDebugPass run successfully
Pass NhwcCollectPass run successfully
Pass Ast2EtDebugPass run successfully
breakpoint: exit_0
         global i32 N_0 
         new_var temp_0_0:i32 
         temp_0_0 = Sub i32 0_0, 1_0 
         store temp_0_0:i32 *N_0:ptr->i32 
         breakpoint exit_0([]) ! 

dot write finished Ok("/home/mineral/Compiler2024-nhwc")
Successfully Transform to png debug_root_simu.png Output { status: ExitStatus(unix_wait_status(0)), stdout: "", stderr: "" }
# Built-in library
 .text
 .align 4
 .globl starttime
 .type starttime, @function
 starttime:
 mv a0, zero
 tail _sysy_starttime
 
 .text
 .align 4
 .globl stoptime
 .type stoptime, @function
 stoptime:
 mv a0, zero
 tail _sysy_stoptime
.section
    .data
    .align 4
    .global N_0
                    ;      global i32 N_0 
    .type N_0 @object
N_0:
    .word -1
.section
    .text
                    ;      label L0_0: 
L0_0:
                    ;      jump label: L1_0 
    j       L1_0
                    ;      label L1_0: 
L1_0:
                    ;      label L2_0: 
L2_0:
                    ;      jump label: L1_0 
    j       L1_0
                    ;      label L3_0: 
L3_0:

Pass Nhwc2RiscvDebugPass run successfully
Pass SymtabDebugPass run successfully
all passed finish 耗时: 120.819174ms
all io tasks finish 耗时: 1.851µs
