Pass Code2AstPass run successfully
77
110
143
176
209
242
273
428
458
Pass Ast2ScopeTree run successfully
Pass Ast2CfgPass run successfully
[31m debuginfo is_const:false at decl_ndoe:3[0m
[32m debuginfo visit 0[0m
[32m debuginfo visit 1[0m
[32m debuginfo eval et 0[0m
[32m debuginfo eval et 1[0m
Error occurred when running Pass Cfg2NhwcCfgPass

Caused by:
    这个cfg node:0 没有对应的entry节点
Pass Ncfg2DjgPass run successfully
Error occurred when running Pass MemAllocPass

Caused by:
    0: CfgNode  #Entry
        63 
        intmain(){a=getint();b=getint();c=getint();d=getint();e=getint();intflag=0;if(a-b*c!=d-a/c||a*b/c==e+d||a+b+c==d+e){flag=1;}returnflag;}
       
        $ @ # Fields 
        {
           "domiance_frontier_cfg_nodes": [],
           "cor_dj_node": 1,
       } $   downcast_op_any 失败 field_name:FUNC_COR_SYMIDX:func_cor_symidx src/toolkit/gen_nhwc_cfg.rs 75
    1: can't find field SymIdx type:op_field
Pass CfgDebugPass run successfully
Pass NhwcCollectPass run successfully
Pass Ast2EtDebugPass run successfully
breakpoint: exit_0
         breakpoint exit_0([]) ! 

dot write finished Ok("/home/mineral/Compiler2024-nhwc")
Successfully Transform to png debug_root_simu.png Output { status: ExitStatus(unix_wait_status(0)), stdout: "", stderr: "" }
# Built-in library
 .text
 .align 4
 .globl starttime
 .type starttime, @function
 starttime:
 mv a0, zero
 tail _sysy_starttime
 
 .text
 .align 4
 .globl stoptime
 .type stoptime, @function
 stoptime:
 mv a0, zero
 tail _sysy_stoptime
.section
    .data
.section
    .text
                    ;      label L0_0: 
L0_0:
                    ;      jump label: L1_0 
    j       L1_0
                    ;      label L1_0: 
L1_0:
                    ;      label L2_0: 
L2_0:
                    ;      jump label: L3_0 
    j       L3_0
                    ;      label L3_0: 
L3_0:
                    ;      label L4_0: 
L4_0:

Pass Nhwc2RiscvDebugPass run successfully
Pass SymtabDebugPass run successfully
all passed finish 耗时: 88.763385ms
all io tasks finish 耗时: 2.261µs
