Pass Code2AstPass run successfully
172
203
400
430
473
Pass Ast2ScopeTree run successfully
Pass Ast2CfgPass run successfully
[31m debuginfo is_const:false at decl_ndoe:3[0m
[32m debuginfo visit 0[0m
[32m debuginfo visit 1[0m
[32m debuginfo visit 3[0m
[32m debuginfo visit 2[0m
[32m debuginfo eval et 0[0m
[32m debuginfo eval et 1[0m
[32m debuginfo eval et 2[0m
[32m debuginfo eval et 3[0m
[31m debuginfo is_const:false at decl_ndoe:34[0m
[32m debuginfo visit 5[0m
[32m debuginfo visit 6[0m
[32m debuginfo visit 8[0m
[32m debuginfo visit 7[0m
[32m debuginfo eval et 5[0m
[32m debuginfo eval et 6[0m
[32m debuginfo eval et 7[0m
[32m debuginfo eval et 8[0m
[31m debuginfo is_const:false at decl_ndoe:65[0m
[32m debuginfo visit 10[0m
[32m debuginfo visit 11[0m
[32m debuginfo visit 13[0m
[32m debuginfo visit 12[0m
[32m debuginfo eval et 10[0m
[32m debuginfo eval et 11[0m
[32m debuginfo eval et 12[0m
[32m debuginfo eval et 13[0m
[31m debuginfo is_const:false at decl_ndoe:96[0m
[32m debuginfo visit 15[0m
[32m debuginfo visit 16[0m
[32m debuginfo visit 18[0m
[32m debuginfo visit 17[0m
[32m debuginfo eval et 15[0m
[32m debuginfo eval et 16[0m
[32m debuginfo eval et 17[0m
[32m debuginfo eval et 18[0m
[31m debuginfo is_const:false at decl_ndoe:127[0m
[32m debuginfo visit 20[0m
[32m debuginfo visit 21[0m
[32m debuginfo visit 23[0m
[32m debuginfo visit 22[0m
[32m debuginfo eval et 20[0m
[32m debuginfo eval et 21[0m
[32m debuginfo eval et 22[0m
[32m debuginfo eval et 23[0m
[31m debuginfo is_const:false at decl_ndoe:173[0m
[32m debuginfo visit 59[0m
[32m debuginfo visit 60[0m
[32m debuginfo visit 62[0m
[32m debuginfo visit 61[0m
[32m debuginfo eval et 59[0m
[32m debuginfo eval et 60[0m
[32m debuginfo eval et 61[0m
[32m debuginfo eval et 62[0m
[32m debuginfo visit 64[0m
[32m debuginfo visit 65[0m
[32m debuginfo visit 67[0m
[32m debuginfo replace symidx flag[0m
Error occurred when running Pass Cfg2NhwcCfgPass

Caused by:
    0: Symbol {"flag" fields:{"def_cfg_node_vec": [3], "def_instrs_vec": [], "is_temp": false, "is_literal": false, "type": i32, "is_global": false}} downcast_op_any 失败 field_name:CONST_SYMIDX:const_symidx src/toolkit/gen_nhwc_cfg.rs 54
    1: can't find field SymIdx type:op_field
Pass Ncfg2DjgPass run successfully
[34m debuginfo align:8 data_len:8[0m
[34m debuginfo tail_remained:0[0m
[34m debuginfo align:8 data_len:8[0m
[34m debuginfo align:8 data_len:8[0m
[34m debuginfo tail_remained:0[0m
[34m debuginfo align:8 data_len:8[0m
[34m debuginfo align:4 data_len:4[0m
[34m debuginfo tail_remained:0[0m
[34m debuginfo align:4 data_len:4[0m
Pass MemAllocPass run successfully
Pass CfgDebugPass run successfully
Pass NhwcCollectPass run successfully
Pass Ast2EtDebugPass run successfully
breakpoint: exit_0
         global Fn[]->starttime_ret_0 starttime_0 
         global Fn[]->stoptime_ret_0 stoptime_0 
         global Fn[s_19, c_19, n_19]->memset_ret_0 memset_0 
         global Fn[dest_20, src_20, n_20]->memcpy_ret_0 memcpy_0 
         breakpoint exit_0([]) ! 

dot write finished Ok("/home/mineral/Compiler2024-nhwc")
Successfully Transform to png debug_root_simu.png Output { status: ExitStatus(unix_wait_status(0)), stdout: "", stderr: "" }
# Built-in library
 .text
 .align 4
 .globl starttime
 .type starttime, @function
 starttime:
 mv a0, zero
 tail _sysy_starttime
 
 .text
 .align 4
 .globl stoptime
 .type stoptime, @function
 stoptime:
 mv a0, zero
 tail _sysy_stoptime
.section
    .data
    .align 4
    .global e_0
                    ;      global i32 e_0 
    .type e_0 @object
e_0:
    .word 4
    .align 4
    .global d_0
                    ;      global i32 d_0 
    .type d_0 @object
d_0:
    .word 2
    .align 4
    .global c_0
                    ;      global i32 c_0 
    .type c_0 @object
c_0:
    .word 1
    .align 4
    .global b_0
                    ;      global i32 b_0 
    .type b_0 @object
b_0:
    .word 0
    .align 4
    .global a_0
                    ;      global i32 a_0 
    .type a_0 @object
a_0:
    .word 1
.section
    .text
                    ;      Define main_0 [] -> main_ret_0 
    .global main
    .type main @function
main:
                    ;mem layout:|ra_main:8|s0_main:8|flag:4|none:4
    addi    sp,sp,-24
    sd      ra,16(sp)
    sd      s0,8(sp)
    addi    s0,sp,24
                    ;      alloc i32 flag_22 
                    ;      label L0_0: 
L0_0:
                    ;      flag_22 = i32 0_0 
    li      s1, 0
    sw      s1,4(sp)
                    ;      jump label: L1_0 
    j       L1_0
                    ;      label L1_0: 
L1_0:
                    ;      label L2_0: 
L2_0:
                    ;      jump label: L3_0 
    j       L3_0
                    ;      label L3_0: 
L3_0:
                    ;      label L4_0: 
L4_0:

Pass Nhwc2RiscvDebugPass run successfully
Pass SymtabDebugPass run successfully
all passed finish 耗时: 436.417763ms
all io tasks finish 耗时: 1.749µs
