Pass Code2AstPass run successfully
17
34
63
92
143
192
239
280
323
Pass Ast2ScopeTree run successfully
Pass Ast2CfgPass run successfully
[31m debuginfo is_const:false at decl_ndoe:18[0m
[32m debuginfo visit 34[0m
[32m debuginfo visit 36[0m
[32m debuginfo visit 35[0m
[32m debuginfo eval et 34[0m
[32m debuginfo eval et 35[0m
[32m debuginfo eval et 36[0m
[32m debuginfo visit 37[0m
[32m debuginfo visit 38[0m
[32m debuginfo visit 40[0m
[32m debuginfo visit 39[0m
[32m debuginfo eval et 37[0m
[32m debuginfo eval et 38[0m
[32m debuginfo eval et 39[0m
[32m debuginfo eval et 40[0m
[32m debuginfo visit 42[0m
[32m debuginfo visit 43[0m
[32m debuginfo visit 45[0m
[32m debuginfo visit 44[0m
[32m debuginfo eval et 42[0m
[32m debuginfo eval et 43[0m
[32m debuginfo eval et 44[0m
[32m debuginfo eval et 45[0m
[32m debuginfo visit 47[0m
[32m debuginfo visit 48[0m
[32m debuginfo visit 50[0m
[32m debuginfo visit 52[0m
[32m debuginfo visit 55[0m
[32m debuginfo visit 56[0m
[32m debuginfo replace symidx b[0m
Error occurred when running Pass Cfg2NhwcCfgPass

Caused by:
    0: Symbol {"b" fields:{"def_cfg_node_vec": [3], "type": i32, "is_global": false, "is_temp": false, "is_literal": false, "def_instrs_vec": []}} downcast_op_any 失败 field_name:CONST_SYMIDX:const_symidx src/toolkit/gen_nhwc_cfg.rs 54
    1: can't find field SymIdx type:op_field
Pass Ncfg2DjgPass run successfully
[34m debuginfo align:8 data_len:8[0m
[34m debuginfo tail_remained:0[0m
[34m debuginfo align:8 data_len:8[0m
[34m debuginfo align:8 data_len:8[0m
[34m debuginfo tail_remained:0[0m
[34m debuginfo align:8 data_len:8[0m
[34m debuginfo align:4 data_len:4[0m
[34m debuginfo tail_remained:0[0m
[34m debuginfo align:4 data_len:4[0m
[34m debuginfo align:4 data_len:4[0m
[34m debuginfo tail_remained:0[0m
[34m debuginfo align:4 data_len:4[0m
Pass MemAllocPass run successfully
Pass CfgDebugPass run successfully
Pass NhwcCollectPass run successfully
Pass Ast2EtDebugPass run successfully
breakpoint: exit_0
         global Fn[]->starttime_ret_0 starttime_0 
         global Fn[]->stoptime_ret_0 stoptime_0 
         global Fn[s_14, c_14, n_14]->memset_ret_0 memset_0 
         global Fn[dest_15, src_15, n_15]->memcpy_ret_0 memcpy_0 
         breakpoint exit_0([]) ! 

dot write finished Ok("/home/mineral/Compiler2024-nhwc")
Successfully Transform to png debug_root_simu.png Output { status: ExitStatus(unix_wait_status(0)), stdout: "", stderr: "" }
# Built-in library
 .text
 .align 4
 .globl starttime
 .type starttime, @function
 starttime:
 mv a0, zero
 tail _sysy_starttime
 
 .text
 .align 4
 .globl stoptime
 .type stoptime, @function
 stoptime:
 mv a0, zero
 tail _sysy_stoptime
.section
    .data
.section
    .text
                    ;      Define main_0 [] -> main_ret_0 
    .global main
    .type main @function
main:
                    ;mem layout:|ra_main:8|s0_main:8|a:4|b:4
    addi    sp,sp,-24
    sd      ra,16(sp)
    sd      s0,8(sp)
    addi    s0,sp,24
                    ;      alloc i32 a_17 
                    ;      alloc i32 b_17 
                    ;      label L0_0: 
L0_0:
                    ;      new_var a_17:i32 
                    ;      new_var b_17:i32 
                    ;      a_17 = i32 070_0 
    li      s1, 070
    sw      s1,4(sp)
                    ;      b_17 = i32 0x4_0 
    li      s1, 0x4
    sw      s1,0(sp)
                    ;      jump label: L1_0 
    j       L1_0
                    ;      label L1_0: 
L1_0:
                    ;      label L2_0: 
L2_0:
                    ;      jump label: L4_0 
    j       L4_0
                    ;      label L3_0: 
L3_0:
                    ;      jump label: L4_0 
    j       L4_0
                    ;      label L4_0: 
L4_0:
                    ;      label L5_0: 
L5_0:

Pass Nhwc2RiscvDebugPass run successfully
Pass SymtabDebugPass run successfully
all passed finish 耗时: 396.534006ms
all io tasks finish 耗时: 2.431µs
