Pass Code2AstPass run successfully
160
172
201
206
218
247
252
281
325
369
412
455
493
524
560
591
634
677
682
687
692
699
749
754
893
898
929
979
1135
1241
1347
1455
1498
1541
1584
1648
1712
1776
1840
1883
Pass Ast2ScopeTree run successfully
Pass Ast2CfgPass run successfully
[31m debuginfo is_const:false at decl_ndoe:3[0m
[32m debuginfo visit 0[0m
[32m debuginfo visit 1[0m
[32m debuginfo visit 3[0m
[32m debuginfo visit 2[0m
[32m debuginfo eval et 0[0m
[32m debuginfo eval et 1[0m
[32m debuginfo eval et 2[0m
[32m debuginfo eval et 3[0m
[31m debuginfo is_const:false at decl_ndoe:34[0m
[32m debuginfo visit 5[0m
[32m debuginfo visit 6[0m
[32m debuginfo visit 10[0m
[32m debuginfo visit 14[0m
[32m debuginfo visit 13[0m
[32m debuginfo visit 12[0m
[32m debuginfo visit 11[0m
[32m debuginfo visit 7[0m
[32m debuginfo visit 9[0m
[32m debuginfo visit 8[0m
[32m debuginfo eval et 5[0m
[32m debuginfo eval et 6[0m
[32m debuginfo eval et 7[0m
[32m debuginfo eval et 8[0m
[32m debuginfo eval et 9[0m
[32m debuginfo eval et 10[0m
[32m debuginfo eval et 11[0m
[32m debuginfo eval et 12[0m
[32m debuginfo eval et 13[0m
[32m debuginfo eval et 14[0m
[31m debuginfo eval_sub_et_nodes failed[0m
[31m debuginfo [Some(4_0)][0m
[34m debuginfo array_init [4] [0m
[34m debuginfo array_init [4] [0m
[34m debuginfo weight vec calcuated is [1_0][0m
[34m debuginfo weight vec calcuated is [1_0][0m
[34m debuginfo weight vec calcuated is [1_0][0m
[34m debuginfo weight vec calcuated is [1_0][0m
[31m debuginfo is_const:false at decl_ndoe:161[0m
[32m debuginfo visit 54[0m
[32m debuginfo visit 55[0m
[32m debuginfo eval et 54[0m
[32m debuginfo eval et 55[0m
[32m debuginfo visit 56[0m
[32m debuginfo visit 57[0m
[32m debuginfo visit 59[0m
[32m debuginfo visit 58[0m
[32m debuginfo eval et 56[0m
[32m debuginfo eval et 57[0m
[32m debuginfo eval et 58[0m
[32m debuginfo eval et 59[0m
[31m debuginfo is_const:false at decl_ndoe:207[0m
[32m debuginfo visit 61[0m
[32m debuginfo visit 62[0m
[32m debuginfo eval et 61[0m
[32m debuginfo eval et 62[0m
[32m debuginfo visit 63[0m
[32m debuginfo visit 64[0m
[32m debuginfo visit 66[0m
[32m debuginfo visit 65[0m
[32m debuginfo eval et 63[0m
[32m debuginfo eval et 64[0m
[32m debuginfo eval et 65[0m
[32m debuginfo eval et 66[0m
[32m debuginfo visit 68[0m
[32m debuginfo visit 69[0m
[32m debuginfo visit 71[0m
[32m debuginfo visit 70[0m
[32m debuginfo eval et 68[0m
[32m debuginfo eval et 69[0m
[32m debuginfo eval et 70[0m
[32m debuginfo eval et 71[0m
[32m debuginfo visit 73[0m
[32m debuginfo visit 74[0m
[32m debuginfo visit 76[0m
[32m debuginfo replace symidx a[0m
Error occurred when running Pass Cfg2NhwcCfgPass

Caused by:
    0: Symbol {"a" fields:{"is_temp": false, "is_literal": false, "def_cfg_node_vec": [3], "is_global": false, "def_instrs_vec": [], "type": i32}} downcast_op_any 失败 field_name:CONST_SYMIDX:const_symidx src/toolkit/gen_nhwc_cfg.rs 54
    1: can't find field SymIdx type:op_field
Pass Ncfg2DjgPass run successfully
[34m debuginfo align:8 data_len:8[0m
[34m debuginfo tail_remained:0[0m
[34m debuginfo align:8 data_len:8[0m
[34m debuginfo align:8 data_len:8[0m
[34m debuginfo tail_remained:0[0m
[34m debuginfo align:8 data_len:8[0m
[34m debuginfo align:4 data_len:4[0m
[34m debuginfo tail_remained:0[0m
[34m debuginfo align:4 data_len:4[0m
[34m debuginfo align:4 data_len:4[0m
[34m debuginfo tail_remained:0[0m
[34m debuginfo align:4 data_len:4[0m
Pass MemAllocPass run successfully
Pass CfgDebugPass run successfully
Pass NhwcCollectPass run successfully
Pass Ast2EtDebugPass run successfully
[34m debuginfo weight vec calcuated is [1_0][0m
[34m debuginfo weight vec calcuated is [1_0][0m
[34m debuginfo weight vec calcuated is [1_0][0m
[34m debuginfo weight vec calcuated is [1_0][0m
breakpoint: exit_0
         global Fn[]->starttime_ret_0 starttime_0 
         global Fn[]->stoptime_ret_0 stoptime_0 
         global Fn[s_16, c_16, n_16]->memset_ret_0 memset_0 
         global Fn[dest_17, src_17, n_17]->memcpy_ret_0 memcpy_0 
         breakpoint exit_0([]) ! 

dot write finished Ok("/home/mineral/Compiler2024-nhwc")
Successfully Transform to png debug_root_simu.png Output { status: ExitStatus(unix_wait_status(0)), stdout: "", stderr: "" }
# Built-in library
 .text
 .align 4
 .globl starttime
 .type starttime, @function
 starttime:
 mv a0, zero
 tail _sysy_starttime
 
 .text
 .align 4
 .globl stoptime
 .type stoptime, @function
 stoptime:
 mv a0, zero
 tail _sysy_stoptime
.section
    .data
    .align 4
    .global c_0
                    ;      global Array:i32:[Some(4_0)] c_0 
    .type c_0 @object
c_0:
    .word 6
    .word 7
    .word 8
    .word 9
    .align 4
    .global b_0
                    ;      global i32 b_0 
    .type b_0 @object
b_0:
    .word 5
.section
    .text
                    ;      Define main_0 [] -> main_ret_0 
    .global main
    .type main @function
main:
                    ;mem layout:|ra_main:8|s0_main:8|a:4|a:4
    addi    sp,sp,-24
    sd      ra,16(sp)
    sd      s0,8(sp)
    addi    s0,sp,24
                    ;      alloc i32 a_19 
                    ;      alloc i32 a_22 
                    ;      label L0_0: 
L0_0:
                    ;      new_var a_19:i32 
                    ;      a_19 = i32 1_0 
    li      s1, 1
    sw      s1,4(sp)
                    ;      new_var a_22:i32 
                    ;      a_22 = i32 2_0 
    li      s1, 2
    sw      s1,0(sp)
                    ;      a_22 = i32 3_0 
    li      s1, 3
    sw      s1,0(sp)
                    ;      jump label: L1_0 
    j       L1_0
                    ;      label L1_0: 
L1_0:
                    ;      label L2_0: 
L2_0:
                    ;      jump label: L3_0 
    j       L3_0
                    ;      label L3_0: 
L3_0:
                    ;      label L4_0: 
L4_0:
                    ;      jump label: L5_0 
    j       L5_0
                    ;      label L5_0: 
L5_0:
                    ;      label L6_0: 
L6_0:
                    ;      jump label: L7_0 
    j       L7_0
                    ;      label L7_0: 
L7_0:
                    ;      label L8_0: 
L8_0:
                    ;      jump label: L9_0 
    j       L9_0
                    ;      label L9_0: 
L9_0:
                    ;      label L10_0: 
L10_0:

Pass Nhwc2RiscvDebugPass run successfully
Pass SymtabDebugPass run successfully
all passed finish 耗时: 536.772254ms
all io tasks finish 耗时: 2.327µs
