Pass Code2AstPass run successfully
71
102
153
207
270
354
446
527
579
631
731
748
765
794
823
859
888
917
948
979
1022
1066
1104
1137
1170
1203
1273
1323
1362
1412
1474
1513
1563
1625
1719
1788
1882
1951
2045
2114
2208
2277
2456
2485
2523
2566
2611
2648
2681
2728
2773
Pass Ast2ScopeTree run successfully
Pass Ast2CfgPass run successfully
[31m debuginfo is_const:false at decl_ndoe:3[0m
[32m debuginfo visit 0[0m
[32m debuginfo visit 1[0m
[32m debuginfo visit 3[0m
[32m debuginfo visit 2[0m
[32m debuginfo eval et 0[0m
[32m debuginfo eval et 1[0m
[32m debuginfo eval et 2[0m
[32m debuginfo eval et 3[0m
[31m debuginfo is_const:false at decl_ndoe:35[0m
[32m debuginfo visit 5[0m
[32m debuginfo visit 6[0m
[32m debuginfo eval et 5[0m
[32m debuginfo eval et 6[0m
Error occurred when running Pass Cfg2NhwcCfgPass

Caused by:
    这个cfg node:0 没有对应的entry节点
Pass Ncfg2DjgPass run successfully
Error occurred when running Pass MemAllocPass

Caused by:
    0: CfgNode  #Entry
        47 
        voidinit(intn){inti=1;while(i<=n*n+1){array[i]=-1;i=i+1;}}
       
        $ @ # Fields 
        {
           "cor_dj_node": 1,
           "domiance_frontier_cfg_nodes": [],
       } $   downcast_op_any 失败 field_name:FUNC_COR_SYMIDX:func_cor_symidx src/toolkit/gen_nhwc_cfg.rs 75
    1: can't find field SymIdx type:op_field
Pass CfgDebugPass run successfully
Pass NhwcCollectPass run successfully
Pass Ast2EtDebugPass run successfully
breakpoint: exit_0
         new_var array_0:Array:i32:[Some(110_0)] 
         alloc Array:i32:[Some(110_0)] array_0 
         breakpoint exit_0([]) ! 

dot write finished Ok("/home/mineral/Compiler2024-nhwc")
Successfully Transform to png debug_root_simu.png Output { status: ExitStatus(unix_wait_status(0)), stdout: "", stderr: "" }
# Built-in library
 .text
 .align 4
 .globl starttime
 .type starttime, @function
 starttime:
 mv a0, zero
 tail _sysy_starttime
 
 .text
 .align 4
 .globl stoptime
 .type stoptime, @function
 stoptime:
 mv a0, zero
 tail _sysy_stoptime
.section
    .data
.section
    .text
                    ;      label L42_0: 
L42_0:
                    ;      jump label: L43_0 
    j       L43_0
                    ;      label L43_0: 
L43_0:
                    ;      label L44_0: 
L44_0:
                    ;      jump label: L43_0 
    j       L43_0
                    ;      label L38_0: 
L38_0:
                    ;      label L39_0: 
L39_0:
                    ;      jump label: L41_0 
    j       L41_0
                    ;      label L40_0: 
L40_0:
                    ;      jump label: L41_0 
    j       L41_0
                    ;      label L41_0: 
L41_0:
                    ;      label L34_0: 
L34_0:
                    ;      jump label: L35_0 
    j       L35_0
                    ;      label L35_0: 
L35_0:
                    ;      label L36_0: 
L36_0:
                    ;      jump label: L37_0 
    j       L37_0
                    ;      label L37_0: 
L37_0:
                    ;      label L0_0: 
L0_0:
                    ;      jump label: L1_0 
    j       L1_0
                    ;      label L1_0: 
L1_0:
                    ;      label L2_0: 
L2_0:
                    ;      jump label: L3_0 
    j       L3_0
                    ;      label L3_0: 
L3_0:
                    ;      label L4_0: 
L4_0:
                    ;      jump label: L5_0 
    j       L5_0
                    ;      label L5_0: 
L5_0:
                    ;      label L6_0: 
L6_0:
                    ;      jump label: L7_0 
    j       L7_0
                    ;      label L7_0: 
L7_0:
                    ;      label L8_0: 
L8_0:
                    ;      jump label: L9_0 
    j       L9_0
                    ;      label L9_0: 
L9_0:
                    ;      label L10_0: 
L10_0:
                    ;      label L11_0: 
L11_0:
                    ;      jump label: L12_0 
    j       L12_0
                    ;      label L12_0: 
L12_0:
                    ;      label L13_0: 
L13_0:
                    ;      label L14_0: 
L14_0:
                    ;      jump label: L15_0 
    j       L15_0
                    ;      label L15_0: 
L15_0:
                    ;      label L16_0: 
L16_0:
                    ;      label L17_0: 
L17_0:
                    ;      jump label: L18_0 
    j       L18_0
                    ;      label L18_0: 
L18_0:
                    ;      label L19_0: 
L19_0:
                    ;      label L20_0: 
L20_0:
                    ;      jump label: L21_0 
    j       L21_0
                    ;      label L21_0: 
L21_0:
                    ;      label L22_0: 
L22_0:
                    ;      label L23_0: 
L23_0:
                    ;      jump label: L24_0 
    j       L24_0
                    ;      label L24_0: 
L24_0:
                    ;      label L25_0: 
L25_0:
                    ;      label L26_0: 
L26_0:
                    ;      jump label: L27_0 
    j       L27_0
                    ;      label L27_0: 
L27_0:
                    ;      label L28_0: 
L28_0:
                    ;      label L29_0: 
L29_0:
                    ;      jump label: L3_0 
    j       L3_0
                    ;      label L30_0: 
L30_0:
                    ;      label L31_0: 
L31_0:
                    ;      jump label: L32_0 
    j       L32_0
                    ;      label L32_0: 
L32_0:
                    ;      label L33_0: 
L33_0:

Pass Nhwc2RiscvDebugPass run successfully
Pass SymtabDebugPass run successfully
all passed finish 耗时: 312.160023ms
all io tasks finish 耗时: 1.94µs
