Pass Code2AstPass run successfully
246
326
385
416
455
490
527
580
615
646
709
759
795
829
879
915
991
1027
1093
1129
1197
1233
1311
1388
1482
1515
1565
1622
1658
1716
1756
1785
1814
1866
1904
1985
2056
2098
2196
2294
2354
2387
2426
2476
2533
2569
2604
2664
2954
2999
3043
3103
3393
3438
3482
3542
3740
3785
3829
3889
4087
4132
4176
4236
4434
4479
4523
4573
4610
4647
4685
4720
4770
4827
4864
4914
4943
5003
5293
5328
5363
5375
5466
5557
5647
5737
5827
5950
5999
6059
6130
6159
6226
6304
6341
6386
6423
6487
Pass Ast2ScopeTree run successfully
Pass Ast2CfgPass run successfully
[31m debuginfo is_const:false at decl_ndoe:3[0m
[32m debuginfo visit 0[0m
[32m debuginfo visit 1[0m
[32m debuginfo visit 3[0m
[32m debuginfo visit 2[0m
[32m debuginfo eval et 0[0m
[32m debuginfo eval et 1[0m
[32m debuginfo eval et 2[0m
[32m debuginfo eval et 3[0m
[31m debuginfo is_const:false at decl_ndoe:35[0m
[32m debuginfo visit 5[0m
[32m debuginfo visit 6[0m
[32m debuginfo eval et 5[0m
[32m debuginfo eval et 6[0m
Error occurred when running Pass Cfg2NhwcCfgPass

Caused by:
    这个cfg node:0 没有对应的entry节点
Pass Ncfg2DjgPass run successfully
Error occurred when running Pass MemAllocPass

Caused by:
    0: CfgNode  #Entry
        222 
        intisdigit(intx){if(x>=48&&x<=57)return1;return0;}
       
        $ @ # Fields 
        {
           "domiance_frontier_cfg_nodes": [],
           "cor_dj_node": 1,
       } $   downcast_op_any 失败 field_name:FUNC_COR_SYMIDX:func_cor_symidx src/toolkit/gen_nhwc_cfg.rs 75
    1: can't find field SymIdx type:op_field
Pass CfgDebugPass run successfully
Pass NhwcCollectPass run successfully
Pass Ast2EtDebugPass run successfully
breakpoint: exit_0
         new_var ints_0:Array:i32:[Some(10000_0)] 
         alloc Array:i32:[Some(10000_0)] ints_0 
         breakpoint exit_0([]) ! 

dot write finished Ok("/home/mineral/Compiler2024-nhwc")
Successfully Transform to png debug_root_simu.png Output { status: ExitStatus(unix_wait_status(0)), stdout: "", stderr: "" }
# Built-in library
 .text
 .align 4
 .globl starttime
 .type starttime, @function
 starttime:
 mv a0, zero
 tail _sysy_starttime
 
 .text
 .align 4
 .globl stoptime
 .type stoptime, @function
 stoptime:
 mv a0, zero
 tail _sysy_stoptime
.section
    .data
.section
    .text
                    ;      label L105_0: 
L105_0:
                    ;      label L106_0: 
L106_0:
                    ;      jump label: L107_0 
    j       L107_0
                    ;      label L107_0: 
L107_0:
                    ;      label L108_0: 
L108_0:
                    ;      label L101_0: 
L101_0:
                    ;      jump label: L102_0 
    j       L102_0
                    ;      label L102_0: 
L102_0:
                    ;      label L103_0: 
L103_0:
                    ;      jump label: L102_0 
    j       L102_0
                    ;      label L104_0: 
L104_0:
                    ;      label L97_0: 
L97_0:
                    ;      jump label: L98_0 
    j       L98_0
                    ;      label L98_0: 
L98_0:
                    ;      label L99_0: 
L99_0:
                    ;      jump label: L98_0 
    j       L98_0
                    ;      label L100_0: 
L100_0:
                    ;      label L96_0: 
L96_0:
                    ;      label L95_0: 
L95_0:
                    ;      label L94_0: 
L94_0:
                    ;      label L93_0: 
L93_0:
                    ;      label L92_0: 
L92_0:
                    ;      label L87_0: 
L87_0:
                    ;      jump label: L88_0 
    j       L88_0
                    ;      label L88_0: 
L88_0:
                    ;      label L89_0: 
L89_0:
                    ;      jump label: L90_0 
    j       L90_0
                    ;      label L90_0: 
L90_0:
                    ;      label L91_0: 
L91_0:
                    ;      label L0_0: 
L0_0:
                    ;      jump label: L1_0 
    j       L1_0
                    ;      label L1_0: 
L1_0:
                    ;      label L2_0: 
L2_0:
                    ;      label L3_0: 
L3_0:
                    ;      jump label: L51_0 
    j       L51_0
                    ;      label L4_0: 
L4_0:
                    ;      label L5_0: 
L5_0:
                    ;      jump label: L6_0 
    j       L6_0
                    ;      label L6_0: 
L6_0:
                    ;      label L7_0: 
L7_0:
                    ;      label L8_0: 
L8_0:
                    ;      jump label: L9_0 
    j       L9_0
                    ;      label L9_0: 
L9_0:
                    ;      label L10_0: 
L10_0:
                    ;      label L11_0: 
L11_0:
                    ;      jump label: L12_0 
    j       L12_0
                    ;      label L12_0: 
L12_0:
                    ;      label L13_0: 
L13_0:
                    ;      jump label: L12_0 
    j       L12_0
                    ;      label L14_0: 
L14_0:
                    ;      label L15_0: 
L15_0:
                    ;      label L16_0: 
L16_0:
                    ;      label L17_0: 
L17_0:
                    ;      label L18_0: 
L18_0:
                    ;      jump label: L19_0 
    j       L19_0
                    ;      label L19_0: 
L19_0:
                    ;      label L20_0: 
L20_0:
                    ;      jump label: L21_0 
    j       L21_0
                    ;      label L21_0: 
L21_0:
                    ;      label L22_0: 
L22_0:
                    ;      label L23_0: 
L23_0:
                    ;      label L24_0: 
L24_0:
                    ;      label L25_0: 
L25_0:
                    ;      jump label: L26_0 
    j       L26_0
                    ;      label L26_0: 
L26_0:
                    ;      label L27_0: 
L27_0:
                    ;      jump label: L28_0 
    j       L28_0
                    ;      label L28_0: 
L28_0:
                    ;      label L29_0: 
L29_0:
                    ;      label L30_0: 
L30_0:
                    ;      label L31_0: 
L31_0:
                    ;      label L32_0: 
L32_0:
                    ;      jump label: L33_0 
    j       L33_0
                    ;      label L33_0: 
L33_0:
                    ;      label L34_0: 
L34_0:
                    ;      jump label: L35_0 
    j       L35_0
                    ;      label L35_0: 
L35_0:
                    ;      label L36_0: 
L36_0:
                    ;      label L37_0: 
L37_0:
                    ;      label L38_0: 
L38_0:
                    ;      label L39_0: 
L39_0:
                    ;      jump label: L40_0 
    j       L40_0
                    ;      label L40_0: 
L40_0:
                    ;      label L41_0: 
L41_0:
                    ;      jump label: L42_0 
    j       L42_0
                    ;      label L42_0: 
L42_0:
                    ;      label L43_0: 
L43_0:
                    ;      label L44_0: 
L44_0:
                    ;      label L45_0: 
L45_0:
                    ;      label L46_0: 
L46_0:
                    ;      jump label: L47_0 
    j       L47_0
                    ;      label L47_0: 
L47_0:
                    ;      label L48_0: 
L48_0:
                    ;      jump label: L49_0 
    j       L49_0
                    ;      label L49_0: 
L49_0:
                    ;      label L50_0: 
L50_0:
                    ;      jump label: L51_0 
    j       L51_0
                    ;      label L51_0: 
L51_0:
                    ;      label L52_0: 
L52_0:
                    ;      jump label: L1_0 
    j       L1_0
                    ;      label L53_0: 
L53_0:
                    ;      label L54_0: 
L54_0:
                    ;      jump label: L53_0 
    j       L53_0
                    ;      label L55_0: 
L55_0:
                    ;      jump label: L56_0 
    j       L56_0
                    ;      label L56_0: 
L56_0:
                    ;      label L57_0: 
L57_0:
                    ;      label L58_0: 
L58_0:
                    ;      jump label: L59_0 
    j       L59_0
                    ;      label L59_0: 
L59_0:
                    ;      label L60_0: 
L60_0:
                    ;      jump label: L61_0 
    j       L61_0
                    ;      label L61_0: 
L61_0:
                    ;      label L62_0: 
L62_0:
                    ;      label L63_0: 
L63_0:
                    ;      jump label: L64_0 
    j       L64_0
                    ;      label L64_0: 
L64_0:
                    ;      label L65_0: 
L65_0:
                    ;      label L66_0: 
L66_0:
                    ;      jump label: L67_0 
    j       L67_0
                    ;      label L67_0: 
L67_0:
                    ;      label L68_0: 
L68_0:
                    ;      label L69_0: 
L69_0:
                    ;      jump label: L70_0 
    j       L70_0
                    ;      label L70_0: 
L70_0:
                    ;      label L71_0: 
L71_0:
                    ;      label L72_0: 
L72_0:
                    ;      jump label: L73_0 
    j       L73_0
                    ;      label L73_0: 
L73_0:
                    ;      label L74_0: 
L74_0:
                    ;      label L75_0: 
L75_0:
                    ;      jump label: L76_0 
    j       L76_0
                    ;      label L76_0: 
L76_0:
                    ;      label L77_0: 
L77_0:
                    ;      jump label: L84_0 
    j       L84_0
                    ;      label L78_0: 
L78_0:
                    ;      label L79_0: 
L79_0:
                    ;      jump label: L80_0 
    j       L80_0
                    ;      label L80_0: 
L80_0:
                    ;      label L81_0: 
L81_0:
                    ;      jump label: L80_0 
    j       L80_0
                    ;      label L82_0: 
L82_0:
                    ;      jump label: L83_0 
    j       L83_0
                    ;      label L83_0: 
L83_0:
                    ;      label L84_0: 
L84_0:
                    ;      label L85_0: 
L85_0:
                    ;      jump label: L56_0 
    j       L56_0
                    ;      label L86_0: 
L86_0:

Pass Nhwc2RiscvDebugPass run successfully
Pass SymtabDebugPass run successfully
all passed finish 耗时: 997.675659ms
all io tasks finish 耗时: 2.007µs
