Pass Code2AstPass run successfully
27
39
77
110
159
192
242
302
333
376
Pass Ast2ScopeTree run successfully
Pass Ast2CfgPass run successfully
[31m debuginfo is_const:false at decl_ndoe:28[0m
[32m debuginfo visit 34[0m
[32m debuginfo visit 35[0m
[32m debuginfo eval et 34[0m
[32m debuginfo eval et 35[0m
[32m debuginfo visit 36[0m
[32m debuginfo visit 37[0m
[32m debuginfo visit 39[0m
[32m debuginfo visit 40[0m
[32m debuginfo replace symidx getint[0m
Error occurred when running Pass Cfg2NhwcCfgPass

Caused by:
    0: Symbol {"getint" fields:{"is_temp": false, "is_literal": false, "def_instrs_vec": [], "declared_vars": [], "is_external": true, "func_call_vec": [], "type": Fn[]->getint_ret_0}} downcast_op_any 失败 field_name:CONST_SYMIDX:const_symidx src/toolkit/gen_nhwc_cfg.rs 54
    1: can't find field SymIdx type:op_field
Pass Ncfg2DjgPass run successfully
[34m debuginfo align:8 data_len:8[0m
[34m debuginfo tail_remained:0[0m
[34m debuginfo align:8 data_len:8[0m
[34m debuginfo align:8 data_len:8[0m
[34m debuginfo tail_remained:0[0m
[34m debuginfo align:8 data_len:8[0m
[34m debuginfo align:4 data_len:4[0m
[34m debuginfo tail_remained:0[0m
[34m debuginfo align:4 data_len:4[0m
[34m debuginfo align:4 data_len:4[0m
[34m debuginfo tail_remained:0[0m
[34m debuginfo align:4 data_len:4[0m
[34m debuginfo align:8 data_len:8[0m
[34m debuginfo tail_remained:0[0m
[34m debuginfo align:8 data_len:8[0m
[34m debuginfo align:8 data_len:8[0m
[34m debuginfo tail_remained:0[0m
[34m debuginfo align:8 data_len:8[0m
Pass MemAllocPass run successfully
Pass CfgDebugPass run successfully
Pass NhwcCollectPass run successfully
Pass Ast2EtDebugPass run successfully
breakpoint: exit_0
         global Fn[]->starttime_ret_0 starttime_0 
         global Fn[]->stoptime_ret_0 stoptime_0 
         global Fn[s_14, c_14, n_14]->memset_ret_0 memset_0 
         global Fn[dest_15, src_15, n_15]->memcpy_ret_0 memcpy_0 
         breakpoint exit_0([]) ! 

dot write finished Ok("/home/mineral/Compiler2024-nhwc")
Successfully Transform to png debug_root_simu.png Output { status: ExitStatus(unix_wait_status(0)), stdout: "", stderr: "" }
# Built-in library
 .text
 .align 4
 .globl starttime
 .type starttime, @function
 starttime:
 mv a0, zero
 tail _sysy_starttime
 
 .text
 .align 4
 .globl stoptime
 .type stoptime, @function
 stoptime:
 mv a0, zero
 tail _sysy_stoptime
.section
    .data
.section
    .text
                    ;      Define reverse_0 [n_16] -> reverse_ret_0 
    .global reverse
    .type reverse @function
reverse:
                    ;mem layout:|ra_reverse:8|s0_reverse:8|n:4|next:4
    addi    sp,sp,-24
    sd      ra,16(sp)
    sd      s0,8(sp)
    addi    s0,sp,24
    sw      a0,4(sp)
                    ;      alloc i32 next_18 
                    ;      label L1_0: 
L1_0:
                    ;      new_var next_18:i32 
                    ;      jump label: L2_0 
    j       L2_0
                    ;      label L2_0: 
L2_0:
                    ;      label L3_0: 
L3_0:
                    ;      jump label: L5_0 
    j       L5_0
                    ;      label L4_0: 
L4_0:
                    ;      jump label: L5_0 
    j       L5_0
                    ;      label L5_0: 
L5_0:
                    ;      Define main_0 [] -> main_ret_0 
    .global main
    .type main @function
main:
                    ;mem layout:|ra_main:8|s0_main:8
    addi    sp,sp,-16
    sd      ra,8(sp)
    sd      s0,0(sp)
    addi    s0,sp,16
                    ;      label L0_0: 
L0_0:

Pass Nhwc2RiscvDebugPass run successfully
Pass SymtabDebugPass run successfully
all passed finish 耗时: 371.312141ms
all io tasks finish 耗时: 1.587µs
