Pass Code2AstPass run successfully
156
215
253
307
344
423
464
514
564
603
679
755
873
991
1095
1224
1253
1291
1327
1377
1416
1492
1531
1584
1610
1653
Pass Ast2ScopeTree run successfully
Pass Ast2CfgPass run successfully
[31m debuginfo is_const:true at decl_ndoe:3[0m
[32m debuginfo visit 0[0m
[32m debuginfo visit 4[0m
[32m debuginfo visit 6[0m
[32m debuginfo visit 5[0m
[32m debuginfo visit 1[0m
[32m debuginfo visit 3[0m
[32m debuginfo visit 2[0m
[32m debuginfo eval et 0[0m
[32m debuginfo eval et 1[0m
[32m debuginfo eval et 2[0m
[32m debuginfo eval et 3[0m
[32m debuginfo eval et 4[0m
[32m debuginfo eval et 5[0m
[32m debuginfo eval et 6[0m
[31m debuginfo is_const:false at decl_ndoe:61[0m
[32m debuginfo visit 9[0m
[32m debuginfo visit 16[0m
[32m debuginfo visit 18[0m
[32m debuginfo visit 17[0m
[32m debuginfo visit 13[0m
[32m debuginfo visit 15[0m
[32m debuginfo replace symidx BUFFER_LEN[0m
[32m debuginfo with BUFFER_LEN[0m
[32m debuginfo visit 14[0m
[32m debuginfo visit 10[0m
[32m debuginfo visit 12[0m
[32m debuginfo replace symidx TAPE_LEN[0m
[32m debuginfo with TAPE_LEN[0m
[32m debuginfo visit 11[0m
[32m debuginfo eval et 9[0m
[32m debuginfo eval et 10[0m
[32m debuginfo eval et 11[0m
[32m debuginfo eval et 12[0m
[32m debuginfo eval et 13[0m
[32m debuginfo eval et 14[0m
[32m debuginfo eval et 15[0m
[32m debuginfo eval et 16[0m
[32m debuginfo eval et 17[0m
[32m debuginfo eval et 18[0m
[31m debuginfo is_const:false at decl_ndoe:157[0m
[32m debuginfo visit 56[0m
[32m debuginfo visit 60[0m
[32m debuginfo visit 62[0m
[32m debuginfo visit 63[0m
[32m debuginfo replace symidx getint[0m
Error occurred when running Pass Cfg2NhwcCfgPass

Caused by:
    0: Symbol {"getint" fields:{"is_literal": false, "type": Fn[]->getint_ret_0, "is_external": true, "func_call_vec": [], "is_temp": false, "declared_vars": [], "def_instrs_vec": []}} downcast_op_any 失败 field_name:CONST_SYMIDX:const_symidx src/toolkit/gen_nhwc_cfg.rs 54
    1: can't find field SymIdx type:op_field
Pass Ncfg2DjgPass run successfully
[34m debuginfo align:8 data_len:8[0m
[34m debuginfo tail_remained:0[0m
[34m debuginfo align:8 data_len:8[0m
[34m debuginfo align:8 data_len:8[0m
[34m debuginfo tail_remained:0[0m
[34m debuginfo align:8 data_len:8[0m
[34m debuginfo align:8 data_len:8[0m
[34m debuginfo tail_remained:0[0m
[34m debuginfo align:8 data_len:8[0m
[34m debuginfo align:8 data_len:8[0m
[34m debuginfo tail_remained:0[0m
[34m debuginfo align:8 data_len:8[0m
[34m debuginfo align:4 data_len:4[0m
[34m debuginfo tail_remained:0[0m
[34m debuginfo align:4 data_len:4[0m
[34m debuginfo align:8 data_len:8[0m
[34m debuginfo tail_remained:0[0m
[34m debuginfo align:8 data_len:8[0m
[34m debuginfo align:8 data_len:8[0m
[34m debuginfo tail_remained:0[0m
[34m debuginfo align:8 data_len:8[0m
Pass MemAllocPass run successfully
Pass CfgDebugPass run successfully
Pass NhwcCollectPass run successfully
Pass Ast2EtDebugPass run successfully
breakpoint: exit_0
         global Fn[]->starttime_ret_0 starttime_0 
         global Fn[]->stoptime_ret_0 stoptime_0 
         global Fn[s_16, c_16, n_16]->memset_ret_0 memset_0 
         global Fn[dest_17, src_17, n_17]->memcpy_ret_0 memcpy_0 
         breakpoint exit_0([]) ! 

dot write finished Ok("/home/mineral/Compiler2024-nhwc")
Successfully Transform to png debug_root_simu.png Output { status: ExitStatus(unix_wait_status(0)), stdout: "", stderr: "" }
# Built-in library
 .text
 .align 4
 .globl starttime
 .type starttime, @function
 starttime:
 mv a0, zero
 tail _sysy_starttime
 
 .text
 .align 4
 .globl stoptime
 .type stoptime, @function
 stoptime:
 mv a0, zero
 tail _sysy_stoptime
.section
    .data
    .align 4
    .global ptr_0
                    ;      global i32 ptr_0 
    .type ptr_0 @object
ptr_0:
    .word 0
    .align 4
    .global BUFFER_LEN_0
                    ;      global i32 BUFFER_LEN_0 
    .type BUFFER_LEN_0 @object
BUFFER_LEN_0:
    .word 32768
    .align 4
    .global TAPE_LEN_0
                    ;      global i32 TAPE_LEN_0 
    .type TAPE_LEN_0 @object
TAPE_LEN_0:
    .word 65536
.section
    .text
                    ;      Define read_program_0 [] -> read_program_ret_0 
    .global read_program
    .type read_program @function
read_program:
                    ;mem layout:|ra_read_program:8|s0_read_program:8
    addi    sp,sp,-16
    sd      ra,8(sp)
    sd      s0,0(sp)
    addi    s0,sp,16
                    ;      label L34_0: 
L34_0:
                    ;      jump label: L35_0 
    j       L35_0
                    ;      label L35_0: 
L35_0:
                    ;      label L36_0: 
L36_0:
                    ;      jump label: L35_0 
    j       L35_0
                    ;      label L37_0: 
L37_0:
                    ;      Define interpret_0 [input[]_27] -> interpret_ret_0 
    .global interpret
    .type interpret @function
interpret:
                    ;mem layout:|ra_interpret:8|s0_interpret:8|input[]:4|none:4
    addi    sp,sp,-24
    sd      ra,16(sp)
    sd      s0,8(sp)
    addi    s0,sp,24
    sw      a0,4(sp)
                    ;      label L1_0: 
L1_0:
                    ;      jump label: L2_0 
    j       L2_0
                    ;      label L2_0: 
L2_0:
                    ;      label L3_0: 
L3_0:
                    ;      jump label: L4_0 
    j       L4_0
                    ;      label L4_0: 
L4_0:
                    ;      label L5_0: 
L5_0:
                    ;      jump label: L32_0 
    j       L32_0
                    ;      label L6_0: 
L6_0:
                    ;      label L7_0: 
L7_0:
                    ;      jump label: L31_0 
    j       L31_0
                    ;      label L8_0: 
L8_0:
                    ;      label L9_0: 
L9_0:
                    ;      jump label: L30_0 
    j       L30_0
                    ;      label L10_0: 
L10_0:
                    ;      label L11_0: 
L11_0:
                    ;      jump label: L29_0 
    j       L29_0
                    ;      label L12_0: 
L12_0:
                    ;      label L13_0: 
L13_0:
                    ;      jump label: L28_0 
    j       L28_0
                    ;      label L14_0: 
L14_0:
                    ;      label L15_0: 
L15_0:
                    ;      jump label: L27_0 
    j       L27_0
                    ;      label L16_0: 
L16_0:
                    ;      label L17_0: 
L17_0:
                    ;      jump label: L18_0 
    j       L18_0
                    ;      label L18_0: 
L18_0:
                    ;      label L19_0: 
L19_0:
                    ;      jump label: L20_0 
    j       L20_0
                    ;      label L20_0: 
L20_0:
                    ;      label L21_0: 
L21_0:
                    ;      jump label: L25_0 
    j       L25_0
                    ;      label L22_0: 
L22_0:
                    ;      label L23_0: 
L23_0:
                    ;      jump label: L24_0 
    j       L24_0
                    ;      label L24_0: 
L24_0:
                    ;      label L25_0: 
L25_0:
                    ;      label L26_0: 
L26_0:
                    ;      label L27_0: 
L27_0:
                    ;      label L28_0: 
L28_0:
                    ;      label L29_0: 
L29_0:
                    ;      label L30_0: 
L30_0:
                    ;      label L31_0: 
L31_0:
                    ;      label L32_0: 
L32_0:
                    ;      label L33_0: 
L33_0:
                    ;      jump label: L2_0 
    j       L2_0
                    ;      Define main_0 [] -> main_ret_0 
    .global main
    .type main @function
main:
                    ;mem layout:|ra_main:8|s0_main:8
    addi    sp,sp,-16
    sd      ra,8(sp)
    sd      s0,0(sp)
    addi    s0,sp,16
                    ;      label L0_0: 
L0_0:

Pass Nhwc2RiscvDebugPass run successfully
Pass SymtabDebugPass run successfully
all passed finish 耗时: 430.2428ms
all io tasks finish 耗时: 1.85µs
