Pass Code2AstPass run successfully
206
223
252
290
382
432
469
519
548
593
624
655
686
724
828
878
908
945
995
1026
1064
1144
1273
1395
1432
1485
1497
1530
1563
1592
1630
1661
1699
1875
1912
1949
1978
2016
2079
2154
2191
2217
2246
2284
2348
2391
2428
2471
Pass Ast2ScopeTree run successfully
Pass Ast2CfgPass run successfully
[31m debuginfo is_const:true at decl_ndoe:3[0m
[32m debuginfo visit 0[0m
[32m debuginfo visit 1[0m
[32m debuginfo visit 3[0m
[32m debuginfo visit 2[0m
[32m debuginfo eval et 0[0m
[32m debuginfo eval et 1[0m
[32m debuginfo eval et 2[0m
[32m debuginfo eval et 3[0m
[31m debuginfo is_const:false at decl_ndoe:37[0m
[32m debuginfo visit 5[0m
[32m debuginfo visit 6[0m
[32m debuginfo visit 10[0m
[32m debuginfo visit 7[0m
[32m debuginfo visit 9[0m
[32m debuginfo visit 8[0m
[32m debuginfo eval et 5[0m
[32m debuginfo eval et 6[0m
[32m debuginfo eval et 7[0m
[32m debuginfo eval et 8[0m
[32m debuginfo eval et 9[0m
[32m debuginfo eval et 10[0m
[31m debuginfo is_const:false at decl_ndoe:89[0m
[32m debuginfo visit 13[0m
[32m debuginfo visit 14[0m
[32m debuginfo visit 16[0m
[32m debuginfo visit 15[0m
[32m debuginfo eval et 13[0m
[32m debuginfo eval et 14[0m
[32m debuginfo eval et 15[0m
[32m debuginfo eval et 16[0m
[31m debuginfo is_const:false at decl_ndoe:121[0m
[32m debuginfo visit 18[0m
[32m debuginfo visit 19[0m
[32m debuginfo visit 21[0m
[32m debuginfo visit 20[0m
[32m debuginfo eval et 18[0m
[32m debuginfo eval et 19[0m
[32m debuginfo eval et 20[0m
[32m debuginfo eval et 21[0m
[31m debuginfo is_const:false at decl_ndoe:153[0m
[32m debuginfo visit 23[0m
[32m debuginfo visit 25[0m
[32m debuginfo visit 24[0m
[32m debuginfo eval et 23[0m
[32m debuginfo eval et 24[0m
[32m debuginfo eval et 25[0m
Error occurred when running Pass Cfg2NhwcCfgPass

Caused by:
    这个cfg node:0 没有对应的entry节点
Pass Ncfg2DjgPass run successfully
Error occurred when running Pass MemAllocPass

Caused by:
    0: CfgNode  #Entry
        192 
        voidDijkstra(){inti,j;i=1;while(i<=n){dis[i]=e[1][i];book[i]=0;i=i+1;}book[1]=1;i=1;while(i<=n-1){intmin_num=INF;intmin_index=0;intk=1;while(k<=n){if(min_num>dis[k]&&book[k]==0){min_num=dis[k];min_index=k;}k=k+1;}book[min_index]=1;intj=1;while(j<=n){if(e[min_index][j]<INF){if(dis[j]>dis[min_index]+e[min_index][j]){dis[j]=dis[min_index]+e[min_index][j];}}j=j+1;}i=i+1;}}
       
        $ @ # Fields 
        {
           "cor_dj_node": 1,
           "domiance_frontier_cfg_nodes": [],
       } $   downcast_op_any 失败 field_name:FUNC_COR_SYMIDX:func_cor_symidx src/toolkit/gen_nhwc_cfg.rs 75
    1: can't find field SymIdx type:op_field
Pass CfgDebugPass run successfully
Pass NhwcCollectPass run successfully
Pass Ast2EtDebugPass run successfully
breakpoint: exit_0
         new_var book_0:Array:i32:[Some(16_0)] 
         alloc Array:i32:[Some(16_0)] book_0 
         new_var dis_0:Array:i32:[Some(16_0)] 
         alloc Array:i32:[Some(16_0)] dis_0 
         breakpoint exit_0([]) ! 

dot write finished Ok("/home/mineral/Compiler2024-nhwc")
Successfully Transform to png debug_root_simu.png Output { status: ExitStatus(unix_wait_status(0)), stdout: "", stderr: "" }
# Built-in library
 .text
 .align 4
 .globl starttime
 .type starttime, @function
 starttime:
 mv a0, zero
 tail _sysy_starttime
 
 .text
 .align 4
 .globl stoptime
 .type stoptime, @function
 stoptime:
 mv a0, zero
 tail _sysy_stoptime
.section
    .data
    .align 4
    .global INF_0
                    ;      global i32 INF_0 
    .type INF_0 @object
INF_0:
    .word 65535
.section
    .text
                    ;      label L17_0: 
L17_0:
                    ;      jump label: L18_0 
    j       L18_0
                    ;      label L18_0: 
L18_0:
                    ;      label L19_0: 
L19_0:
                    ;      jump label: L18_0 
    j       L18_0
                    ;      label L20_0: 
L20_0:
                    ;      jump label: L21_0 
    j       L21_0
                    ;      label L21_0: 
L21_0:
                    ;      label L22_0: 
L22_0:
                    ;      jump label: L23_0 
    j       L23_0
                    ;      label L23_0: 
L23_0:
                    ;      label L24_0: 
L24_0:
                    ;      label L25_0: 
L25_0:
                    ;      jump label: L26_0 
    j       L26_0
                    ;      label L26_0: 
L26_0:
                    ;      label L27_0: 
L27_0:
                    ;      jump label: L23_0 
    j       L23_0
                    ;      label L28_0: 
L28_0:
                    ;      jump label: L29_0 
    j       L29_0
                    ;      label L29_0: 
L29_0:
                    ;      label L30_0: 
L30_0:
                    ;      label L31_0: 
L31_0:
                    ;      label L32_0: 
L32_0:
                    ;      jump label: L33_0 
    j       L33_0
                    ;      label L33_0: 
L33_0:
                    ;      label L34_0: 
L34_0:
                    ;      label L35_0: 
L35_0:
                    ;      jump label: L29_0 
    j       L29_0
                    ;      label L36_0: 
L36_0:
                    ;      jump label: L21_0 
    j       L21_0
                    ;      label L0_0: 
L0_0:
                    ;      jump label: L1_0 
    j       L1_0
                    ;      label L1_0: 
L1_0:
                    ;      label L2_0: 
L2_0:
                    ;      jump label: L3_0 
    j       L3_0
                    ;      label L3_0: 
L3_0:
                    ;      label L4_0: 
L4_0:
                    ;      label L5_0: 
L5_0:
                    ;      jump label: L7_0 
    j       L7_0
                    ;      label L6_0: 
L6_0:
                    ;      jump label: L7_0 
    j       L7_0
                    ;      label L7_0: 
L7_0:
                    ;      label L8_0: 
L8_0:
                    ;      jump label: L3_0 
    j       L3_0
                    ;      label L9_0: 
L9_0:
                    ;      jump label: L1_0 
    j       L1_0
                    ;      label L10_0: 
L10_0:
                    ;      jump label: L11_0 
    j       L11_0
                    ;      label L11_0: 
L11_0:
                    ;      label L12_0: 
L12_0:
                    ;      jump label: L11_0 
    j       L11_0
                    ;      label L13_0: 
L13_0:
                    ;      jump label: L14_0 
    j       L14_0
                    ;      label L14_0: 
L14_0:
                    ;      label L15_0: 
L15_0:
                    ;      jump label: L14_0 
    j       L14_0
                    ;      label L16_0: 
L16_0:

Pass Nhwc2RiscvDebugPass run successfully
Pass SymtabDebugPass run successfully
all passed finish 耗时: 320.202728ms
all io tasks finish 耗时: 1.569µs
