Pass Code2AstPass run successfully
160
196
227
265
329
368
411
461
524
555
593
758
808
868
918
975
1039
1089
1139
1196
1261
1314
1349
1387
1420
1463
1500
Pass Ast2ScopeTree run successfully
Pass Ast2CfgPass run successfully
[31m debuginfo is_const:false at decl_ndoe:3[0m
[32m debuginfo visit 0[0m
[32m debuginfo visit 7[0m
[32m debuginfo visit 4[0m
[32m debuginfo visit 6[0m
[32m debuginfo visit 5[0m
[32m debuginfo visit 1[0m
[32m debuginfo visit 3[0m
[32m debuginfo visit 2[0m
[32m debuginfo eval et 0[0m
[32m debuginfo eval et 1[0m
[32m debuginfo eval et 2[0m
[32m debuginfo eval et 3[0m
[32m debuginfo eval et 4[0m
[32m debuginfo eval et 5[0m
[32m debuginfo eval et 6[0m
[32m debuginfo eval et 7[0m
Error occurred when running Pass Cfg2NhwcCfgPass

Caused by:
    这个cfg node:0 没有对应的entry节点
Pass Ncfg2DjgPass run successfully
Error occurred when running Pass MemAllocPass

Caused by:
    0: CfgNode  #Entry
        146 
        voidprintans(){sum=sum+1;inti=1;while(i<=n){putint(ans[i]);if(i==n){putch(10);return;}elseputch(32);i=i+1;}}
       
        $ @ # Fields 
        {
           "domiance_frontier_cfg_nodes": [],
           "cor_dj_node": 1,
       } $   downcast_op_any 失败 field_name:FUNC_COR_SYMIDX:func_cor_symidx src/toolkit/gen_nhwc_cfg.rs 75
    1: can't find field SymIdx type:op_field
Pass CfgDebugPass run successfully
Pass NhwcCollectPass run successfully
Pass Ast2EtDebugPass run successfully
breakpoint: exit_0
         global i32 sum_0 
         new_var ans_0:Array:i32:[Some(50_0)] 
         alloc Array:i32:[Some(50_0)] ans_0 
         store 0_0:i32 *sum_0:ptr->i32 
         breakpoint exit_0([]) ! 

dot write finished Ok("/home/mineral/Compiler2024-nhwc")
Successfully Transform to png debug_root_simu.png Output { status: ExitStatus(unix_wait_status(0)), stdout: "", stderr: "" }
# Built-in library
 .text
 .align 4
 .globl starttime
 .type starttime, @function
 starttime:
 mv a0, zero
 tail _sysy_starttime
 
 .text
 .align 4
 .globl stoptime
 .type stoptime, @function
 stoptime:
 mv a0, zero
 tail _sysy_stoptime
.section
    .data
    .align 4
    .global sum_0
                    ;      global i32 sum_0 
    .type sum_0 @object
sum_0:
    .word 0
.section
    .text
                    ;      label L14_0: 
L14_0:
                    ;      jump label: L15_0 
    j       L15_0
                    ;      label L15_0: 
L15_0:
                    ;      label L16_0: 
L16_0:
                    ;      jump label: L17_0 
    j       L17_0
                    ;      label L17_0: 
L17_0:
                    ;      label L18_0: 
L18_0:
                    ;      jump label: L20_0 
    j       L20_0
                    ;      label L19_0: 
L19_0:
                    ;      jump label: L20_0 
    j       L20_0
                    ;      label L20_0: 
L20_0:
                    ;      label L21_0: 
L21_0:
                    ;      jump label: L15_0 
    j       L15_0
                    ;      label L4_0: 
L4_0:
                    ;      jump label: L5_0 
    j       L5_0
                    ;      label L5_0: 
L5_0:
                    ;      label L6_0: 
L6_0:
                    ;      label L7_0: 
L7_0:
                    ;      jump label: L8_0 
    j       L8_0
                    ;      label L8_0: 
L8_0:
                    ;      label L9_0: 
L9_0:
                    ;      jump label: L10_0 
    j       L10_0
                    ;      label L10_0: 
L10_0:
                    ;      label L11_0: 
L11_0:
                    ;      jump label: L12_0 
    j       L12_0
                    ;      label L12_0: 
L12_0:
                    ;      label L13_0: 
L13_0:
                    ;      jump label: L5_0 
    j       L5_0
                    ;      label L0_0: 
L0_0:
                    ;      jump label: L1_0 
    j       L1_0
                    ;      label L1_0: 
L1_0:
                    ;      label L2_0: 
L2_0:
                    ;      jump label: L1_0 
    j       L1_0
                    ;      label L3_0: 
L3_0:

Pass Nhwc2RiscvDebugPass run successfully
Pass SymtabDebugPass run successfully
all passed finish 耗时: 179.660722ms
all io tasks finish 耗时: 2.329µs
