Pass Code2AstPass run successfully
17
48
82
156
187
225
366
423
487
530
567
Pass Ast2ScopeTree run successfully
Pass Ast2CfgPass run successfully
[31m debuginfo is_const:false at decl_ndoe:18[0m
[32m debuginfo visit 34[0m
[32m debuginfo visit 35[0m
[32m debuginfo visit 37[0m
[32m debuginfo visit 36[0m
[32m debuginfo eval et 34[0m
[32m debuginfo eval et 35[0m
[32m debuginfo eval et 36[0m
[32m debuginfo eval et 37[0m
[31m debuginfo is_const:true at decl_ndoe:49[0m
[32m debuginfo visit 39[0m
[32m debuginfo visit 40[0m
[32m debuginfo visit 42[0m
[32m debuginfo visit 41[0m
[32m debuginfo eval et 39[0m
[32m debuginfo eval et 40[0m
[32m debuginfo eval et 41[0m
[32m debuginfo eval et 42[0m
[31m debuginfo is_const:false at decl_ndoe:83[0m
[32m debuginfo visit 44[0m
[32m debuginfo visit 45[0m
[32m debuginfo visit 49[0m
[32m debuginfo visit 51[0m
[32m debuginfo visit 50[0m
[32m debuginfo visit 46[0m
[32m debuginfo visit 48[0m
[32m debuginfo replace symidx Cy92k8jOyGwpymrp_aZeu_vYwQPeRGHYo0nKXgxMsU3ALykomjoy0v7PrBR5MLWuTcPITZzLajYN3kAhROsMQ6uUe3NqQ6QJyFKvM2G1h6mT3QX9DYbJQsDjb_qKv7vEp6fZLUYJbP4BQnFuisvKlzY8Ym0f_IYchIbJQCvl5R0X3cujCWAWQmNXr8sWoyCtt8ghUridaVa8TcycXdrhLOXI4akvL4wY1B3BCAX4nTZsUGemmDbrjvz_XQ37Hw5lRNDM3AuNOb_oeTlLhRcIjoby7T1ozDgHQbUJFDKlD7D999ynqfEwOeJ1UTkX0elvwrn_Cem72IEwj0Kx_bCapCVe5JSCtVSKmoHhm0wlescYbATn21EnuIjiP_bVvzEvjKY9d7azInHGIwWjZJW_I8EgXj0rP9adIEZxSMJ6BLnuegBp71xWiZCJh_s4efmZUatbxHChtdHkY_VnLFku8X29hgVTjgPdTqjbP2Jcu2bV58lnZIt5wQk3rqeTInqkxNW4OvSbvo6np8PVtL0zjbJ5Sx2oSU1KcQTAG4Dgx14Eb8zGbDvs19ErvuUl48YOguAP2tJhbWBZ5Zv7FSg5V6BsF0ABLFmcT1LFgbgI0af8OK8eOrCzbQgG9SLnx9UTJx3_fCGpFOe5TtAqRvc4tqQglgYgfbGUpRT8X3yGln8jnUt6uR2Xgacd0JfjQg8CWLBihfD9JlE2hPUyoNzhaLmiZleiA4dg1I1q_5ugfO5PyfWwEVVwyTAlpaza1fOCAUCJW5Fy7g_fHFBfDNdUf98CJRmULkQ_qKCBxqVTV1JYDHm1vkKFt9qzr9sGxZWyLhQwTaBt2X_diibJJRHPEHGqcyla_O5MOy5VOu5tvpkw3V9Nn0UwUBzWEa32i2ekbzyGHjwsjoCm9q1IRDsunPKOgXpLmo21aUPPjpKH0nwKJWSfOTpa03CYMBjAZAxxLXNyH2wuTPt0ievT3BLmixYFifby5cqUHHZx7oaK6PnfHMoTh8PIF7KUQY2lkO3zgr9TnRNKtra_BbFArmWlWpvBVBBGuXnKuhJXSWRdARZi00QIMeApsc9hPXeV0OT9UiauD3mgxKTvWieLmXXg0ccoUyTkghCWRbA_SVbTEwHvmX8M_987cngFjVGdz7jYuWcTprOvoYc5qzNK8HZnP0iKHka2ysn6qvr4sheXnyybWMTdrMH6ej26BhzU2bHDgLZISeWIdu_mIQIKmgPNY7A6LujG1lp2K86YJ57RGFyTy5lPyV3yTRc3b5MEFMExLrqSx3m_vSNy1jr73sw6qU4wsBDTdhLvfqtR3FfKhcIdYNhz6BzzF50J42BSKYvk5x4oMhs7OSzPwPdMtEDt1BEkciRTt5LZgGBWYTsWAdXV3gbLKz0y2mOked_wgPwcu7dIuid2p1a0pq5SyV0aSYs13abh_ddAoNTiB7ZTwL3mw05WISorBytfJexyq0534kbAnp5DQwnGiAuM5GMVdE0mAnMr[0m
[32m debuginfo with Cy92k8jOyGwpymrp_aZeu_vYwQPeRGHYo0nKXgxMsU3ALykomjoy0v7PrBR5MLWuTcPITZzLajYN3kAhROsMQ6uUe3NqQ6QJyFKvM2G1h6mT3QX9DYbJQsDjb_qKv7vEp6fZLUYJbP4BQnFuisvKlzY8Ym0f_IYchIbJQCvl5R0X3cujCWAWQmNXr8sWoyCtt8ghUridaVa8TcycXdrhLOXI4akvL4wY1B3BCAX4nTZsUGemmDbrjvz_XQ37Hw5lRNDM3AuNOb_oeTlLhRcIjoby7T1ozDgHQbUJFDKlD7D999ynqfEwOeJ1UTkX0elvwrn_Cem72IEwj0Kx_bCapCVe5JSCtVSKmoHhm0wlescYbATn21EnuIjiP_bVvzEvjKY9d7azInHGIwWjZJW_I8EgXj0rP9adIEZxSMJ6BLnuegBp71xWiZCJh_s4efmZUatbxHChtdHkY_VnLFku8X29hgVTjgPdTqjbP2Jcu2bV58lnZIt5wQk3rqeTInqkxNW4OvSbvo6np8PVtL0zjbJ5Sx2oSU1KcQTAG4Dgx14Eb8zGbDvs19ErvuUl48YOguAP2tJhbWBZ5Zv7FSg5V6BsF0ABLFmcT1LFgbgI0af8OK8eOrCzbQgG9SLnx9UTJx3_fCGpFOe5TtAqRvc4tqQglgYgfbGUpRT8X3yGln8jnUt6uR2Xgacd0JfjQg8CWLBihfD9JlE2hPUyoNzhaLmiZleiA4dg1I1q_5ugfO5PyfWwEVVwyTAlpaza1fOCAUCJW5Fy7g_fHFBfDNdUf98CJRmULkQ_qKCBxqVTV1JYDHm1vkKFt9qzr9sGxZWyLhQwTaBt2X_diibJJRHPEHGqcyla_O5MOy5VOu5tvpkw3V9Nn0UwUBzWEa32i2ekbzyGHjwsjoCm9q1IRDsunPKOgXpLmo21aUPPjpKH0nwKJWSfOTpa03CYMBjAZAxxLXNyH2wuTPt0ievT3BLmixYFifby5cqUHHZx7oaK6PnfHMoTh8PIF7KUQY2lkO3zgr9TnRNKtra_BbFArmWlWpvBVBBGuXnKuhJXSWRdARZi00QIMeApsc9hPXeV0OT9UiauD3mgxKTvWieLmXXg0ccoUyTkghCWRbA_SVbTEwHvmX8M_987cngFjVGdz7jYuWcTprOvoYc5qzNK8HZnP0iKHka2ysn6qvr4sheXnyybWMTdrMH6ej26BhzU2bHDgLZISeWIdu_mIQIKmgPNY7A6LujG1lp2K86YJ57RGFyTy5lPyV3yTRc3b5MEFMExLrqSx3m_vSNy1jr73sw6qU4wsBDTdhLvfqtR3FfKhcIdYNhz6BzzF50J42BSKYvk5x4oMhs7OSzPwPdMtEDt1BEkciRTt5LZgGBWYTsWAdXV3gbLKz0y2mOked_wgPwcu7dIuid2p1a0pq5SyV0aSYs13abh_ddAoNTiB7ZTwL3mw05WISorBytfJexyq0534kbAnp5DQwnGiAuM5GMVdE0mAnMr[0m
[32m debuginfo visit 47[0m
[32m debuginfo eval et 44[0m
[32m debuginfo eval et 45[0m
[32m debuginfo eval et 46[0m
[32m debuginfo eval et 47[0m
[32m debuginfo eval et 48[0m
[32m debuginfo eval et 49[0m
[32m debuginfo eval et 50[0m
[32m debuginfo eval et 51[0m
[31m debuginfo eval_sub_et_nodes failed[0m
[31m debuginfo [Some(20_0)][0m
[34m debuginfo array_init [20] [0m
[34m debuginfo array_init [20] [0m
[34m debuginfo weight vec calcuated is [1_0][0m
[34m debuginfo weight vec calcuated is [1_0][0m
[31m debuginfo is_const:false at decl_ndoe:157[0m
[32m debuginfo visit 55[0m
[32m debuginfo visit 56[0m
[32m debuginfo visit 58[0m
[32m debuginfo visit 57[0m
[32m debuginfo eval et 55[0m
[32m debuginfo eval et 56[0m
[32m debuginfo eval et 57[0m
[32m debuginfo eval et 58[0m
[32m debuginfo visit 60[0m
[32m debuginfo visit 61[0m
[32m debuginfo replace symidx V62vtYqjKr7vUHagX8crbD1Pj3RQqU188LgQk6im7Spz55lXZst8JZUowhVn7jz0bBXMsqvfWOKodXpT1Le6hFHrOb7UtEvFnsLGY9ZFBZjhjQKYHD0x0UoUVFYqNdSKrJLMPgBCvFrv0fiyCCZLqZptbJsZi9hCttHTcJVZ1ZkY63OoAyp5j02vip4mrw1SkZ5_06fVVOf4Cxyo2FIwGshCl2UN5A9lmUcdYhWZFN0LmC0eVdXx_fxzUpPwuaKAcHwBEZ0cAQXqfysxTiVb70SjMOnk89XrM2q34razAD6MiwPqVLzq05wRNWFAbxWc6Nv6YRj5uiZCwnyk4IrUDwcK_x1qH1Epkh5Kub8I0bRAISObdx9dy4VEbYDAxbLusLgTYjmrI_8t9jQ9WNe8zSnfmyOfvG8pWIzBXgzANur56sXGJ6DGIEFn1POWjp8WeJ9VwKxagoEXETh_4_BXKtibxg2CX5uhIWotBtmf3Z2qllM7FDf8rjLc0ib6NrDpXEArt1gKyw4BHszFGsn3ZE1ojKg1akhO2TQ1CS_rnTnWg_xzuCqVMeabyZOcrKXPKtLLN8VZweyipoSeobDTgb9XNPtN3k15D3gnzXajF3MDJQjMUCzqFuPXvDL1I7ZUZa4Iwn3eeRFbBiktbICOI8AKvmxVR0opvRUGikTcL4CpobsupXk_hnTqKdr3ZkKMy1iZ29TiIQ3k77TnpF9aBbnYOqHSeEEGp4XKGHPJvN6zvt5cdl48qq0Gis7lbuDABnaOWB6j7KYtSWSTcvgV_Xf8W6eGnLfaRvKbwzjo6XJ666ohjJTZ6zVyH3hjKNoQdG2jqj7q6dc2weSwBIuq60zR0OtAkho_7wZcEFWevTKzz4kcHHnqmRgwVXMovcVfwJoe2bnDxp2qyZ3ZZKwssaxwbcobq2R3QjLmyPdFyufpJKzwkavnMtvqahN_SXxvbRVrD5FvUm5SN9Gx8Rma36q2S2LYxOmbVtDa28yDYOxVkzwCF1dkj9azf60ebCoHdu1F8OnYl4R62eX8H3suqKcugZcwslPstms5GUcCcd53xTs1y7JucvmnbcsTFI4veCK4_yFg_G4CqyyrARVWsMxcYWjrmRKDY5tpUlySttXqwUt2NEql371PGNmX5qC972ZjKR2LiCwccUZfb6RkptSAaGqDfWaLcDUUaJ6zqPIKzZNVXKinBmO2lO2M_k1ppG8NGbGZvy_Op8jybGIc_B9LmcGre5k9Nd0KZZRqD7X6QFVHhkNNjuKFYlx_a3vWTtmX3SrGVuQCMJEsgbqla8TS3lfkyhnjl3JVtr1LlGsDvMJAoubwHxxJ86Tv9L6k5c6K82CMeYDAXaMNh9KjqEAGTUHe6w5daraYhFYE3PLs9K0Tl7PCHyAoQutsdM2O0Sts_leOLsignSl9k1_nl8Z5LICcY11qnBusAfntTlJhH6b3TfVrks8_pf0H1Tpbj2vyqglle5oBCdeSOUJfrW9RmCJdOpvEIttyciMOEExGrMR4uXrl4F6a7VzPsFuRhi4sNib1_EDOKATGy1JQWPaPsepXwltnW_EDT5eKMGoagdkFiRPn_iDpu0ArPE1MRz5JYXPUyLQL9TuJUJWO5VvnqTQz19bwix0Z5XTFhmxGytpqJgh7TNzd_G_VXVr5N_gtFr7jmxZ4zOBOFNPytdNCw2fYUyybUkFPU43fam7IATF28q2xNwcpP95S5Mf7W4XD2sxLy5posJQqZzv60UEoPgLjUkzXZtovAT7zUibCC9LvXAwuIMaOolWRGNCLZUrSzm_yTfmEZXwUlPd0g76KaL1C6zyjXBb0DKhqcGqKBie4J3TyRv3j4wJfW4LGz0Gibv2jeJwYHfiUupWZNzG0rOtUkIYIdfZKmvwp9z9z7RlYrmxnVpgW_p2r1iloJbUoFa7yFBL0i701BLC8cy60YPgRf8nxdMSdeb34M34H7uZZFzGHfD_bb_FE08SRw_uPwSdtLMiwztlpB_9Z6X2CyqKB0rxfSSHE6k6kvByG2FqKipOMyDyAS2i7Tw3LwK6YWNVOhbVRx4gelY4g046RJsXBiXL5NTrpJL22F4zlc3o0KiSE[0m
Error occurred when running Pass Cfg2NhwcCfgPass

Caused by:
    0: Symbol {"V62vtYqjKr7vUHagX8crbD1Pj3RQqU188LgQk6im7Spz55lXZst8JZUowhVn7jz0bBXMsqvfWOKodXpT1Le6hFHrOb7UtEvFnsLGY9ZFBZjhjQKYHD0x0UoUVFYqNdSKrJLMPgBCvFrv0fiyCCZLqZptbJsZi9hCttHTcJVZ1ZkY63OoAyp5j02vip4mrw1SkZ5_06fVVOf4Cxyo2FIwGshCl2UN5A9lmUcdYhWZFN0LmC0eVdXx_fxzUpPwuaKAcHwBEZ0cAQXqfysxTiVb70SjMOnk89XrM2q34razAD6MiwPqVLzq05wRNWFAbxWc6Nv6YRj5uiZCwnyk4IrUDwcK_x1qH1Epkh5Kub8I0bRAISObdx9dy4VEbYDAxbLusLgTYjmrI_8t9jQ9WNe8zSnfmyOfvG8pWIzBXgzANur56sXGJ6DGIEFn1POWjp8WeJ9VwKxagoEXETh_4_BXKtibxg2CX5uhIWotBtmf3Z2qllM7FDf8rjLc0ib6NrDpXEArt1gKyw4BHszFGsn3ZE1ojKg1akhO2TQ1CS_rnTnWg_xzuCqVMeabyZOcrKXPKtLLN8VZweyipoSeobDTgb9XNPtN3k15D3gnzXajF3MDJQjMUCzqFuPXvDL1I7ZUZa4Iwn3eeRFbBiktbICOI8AKvmxVR0opvRUGikTcL4CpobsupXk_hnTqKdr3ZkKMy1iZ29TiIQ3k77TnpF9aBbnYOqHSeEEGp4XKGHPJvN6zvt5cdl48qq0Gis7lbuDABnaOWB6j7KYtSWSTcvgV_Xf8W6eGnLfaRvKbwzjo6XJ666ohjJTZ6zVyH3hjKNoQdG2jqj7q6dc2weSwBIuq60zR0OtAkho_7wZcEFWevTKzz4kcHHnqmRgwVXMovcVfwJoe2bnDxp2qyZ3ZZKwssaxwbcobq2R3QjLmyPdFyufpJKzwkavnMtvqahN_SXxvbRVrD5FvUm5SN9Gx8Rma36q2S2LYxOmbVtDa28yDYOxVkzwCF1dkj9azf60ebCoHdu1F8OnYl4R62eX8H3suqKcugZcwslPstms5GUcCcd53xTs1y7JucvmnbcsTFI4veCK4_yFg_G4CqyyrARVWsMxcYWjrmRKDY5tpUlySttXqwUt2NEql371PGNmX5qC972ZjKR2LiCwccUZfb6RkptSAaGqDfWaLcDUUaJ6zqPIKzZNVXKinBmO2lO2M_k1ppG8NGbGZvy_Op8jybGIc_B9LmcGre5k9Nd0KZZRqD7X6QFVHhkNNjuKFYlx_a3vWTtmX3SrGVuQCMJEsgbqla8TS3lfkyhnjl3JVtr1LlGsDvMJAoubwHxxJ86Tv9L6k5c6K82CMeYDAXaMNh9KjqEAGTUHe6w5daraYhFYE3PLs9K0Tl7PCHyAoQutsdM2O0Sts_leOLsignSl9k1_nl8Z5LICcY11qnBusAfntTlJhH6b3TfVrks8_pf0H1Tpbj2vyqglle5oBCdeSOUJfrW9RmCJdOpvEIttyciMOEExGrMR4uXrl4F6a7VzPsFuRhi4sNib1_EDOKATGy1JQWPaPsepXwltnW_EDT5eKMGoagdkFiRPn_iDpu0ArPE1MRz5JYXPUyLQL9TuJUJWO5VvnqTQz19bwix0Z5XTFhmxGytpqJgh7TNzd_G_VXVr5N_gtFr7jmxZ4zOBOFNPytdNCw2fYUyybUkFPU43fam7IATF28q2xNwcpP95S5Mf7W4XD2sxLy5posJQqZzv60UEoPgLjUkzXZtovAT7zUibCC9LvXAwuIMaOolWRGNCLZUrSzm_yTfmEZXwUlPd0g76KaL1C6zyjXBb0DKhqcGqKBie4J3TyRv3j4wJfW4LGz0Gibv2jeJwYHfiUupWZNzG0rOtUkIYIdfZKmvwp9z9z7RlYrmxnVpgW_p2r1iloJbUoFa7yFBL0i701BLC8cy60YPgRf8nxdMSdeb34M34H7uZZFzGHfD_bb_FE08SRw_uPwSdtLMiwztlpB_9Z6X2CyqKB0rxfSSHE6k6kvByG2FqKipOMyDyAS2i7Tw3LwK6YWNVOhbVRx4gelY4g046RJsXBiXL5NTrpJL22F4zlc3o0KiSE" fields:{"is_temp": false, "def_instrs_vec": [], "type": i32, "is_literal": false, "def_cfg_node_vec": [3], "is_global": false}} downcast_op_any 失败 field_name:CONST_SYMIDX:const_symidx src/toolkit/gen_nhwc_cfg.rs 54
    1: can't find field SymIdx type:op_field
Pass Ncfg2DjgPass run successfully
[34m debuginfo align:8 data_len:8[0m
[34m debuginfo tail_remained:0[0m
[34m debuginfo align:8 data_len:8[0m
[34m debuginfo align:8 data_len:8[0m
[34m debuginfo tail_remained:0[0m
[34m debuginfo align:8 data_len:8[0m
[34m debuginfo align:4 data_len:4[0m
[34m debuginfo tail_remained:0[0m
[34m debuginfo align:4 data_len:4[0m
[34m debuginfo align:4 data_len:4[0m
[34m debuginfo tail_remained:0[0m
[34m debuginfo align:4 data_len:4[0m
[34m debuginfo align:8 data_len:8[0m
[34m debuginfo tail_remained:0[0m
[34m debuginfo align:8 data_len:8[0m
[34m debuginfo align:8 data_len:8[0m
[34m debuginfo tail_remained:0[0m
[34m debuginfo align:8 data_len:8[0m
[34m debuginfo align:4 data_len:80[0m
[34m debuginfo tail_remained:0[0m
[34m debuginfo align:4 data_len:80[0m
[34m debuginfo align:4 data_len:4[0m
[34m debuginfo tail_remained:0[0m
[34m debuginfo align:4 data_len:4[0m
Pass MemAllocPass run successfully
Pass CfgDebugPass run successfully
Pass NhwcCollectPass run successfully
Pass Ast2EtDebugPass run successfully
breakpoint: exit_0
         global Fn[]->starttime_ret_0 starttime_0 
         global Fn[]->stoptime_ret_0 stoptime_0 
         global Fn[s_14, c_14, n_14]->memset_ret_0 memset_0 
         global Fn[dest_15, src_15, n_15]->memcpy_ret_0 memcpy_0 
         breakpoint exit_0([]) ! 

dot write finished Ok("/home/mineral/Compiler2024-nhwc")
Successfully Transform to png debug_root_simu.png Output { status: ExitStatus(unix_wait_status(0)), stdout: "", stderr: "" }
[34m debuginfo weight vec calcuated is [1_0][0m
[34m debuginfo weight vec calcuated is [1_0][0m
# Built-in library
 .text
 .align 4
 .globl starttime
 .type starttime, @function
 starttime:
 mv a0, zero
 tail _sysy_starttime
 
 .text
 .align 4
 .globl stoptime
 .type stoptime, @function
 stoptime:
 mv a0, zero
 tail _sysy_stoptime
.section
    .data
.section
    .text
                    ;      Define main_0 [] -> main_ret_0 
    .global main
    .type main @function
main:
                    ;mem layout:|ra_main:8|s0_main:8|xU4UVdo6fPho5bRhUTjrlIMjqIY_evCyLJf0suh6fNNJ_3DxUYEO_xR1xkH9B68yOd4nSYbkstCnMA1BvxzZHFcKgYsWCq9M6sWFj2hbYtXZAMA2V8pUya5kbMgjwVwR_IKh_EeyZ5EU504YyCm79GrBpe7NMhLcqK5b41z3SzpL6eQTdwdgiZLmh_BbdR_2e0ZcLGxpg0kD_SiCYiQWzh5ekfalc_qYy9ohDjYcW4XpZtkKT0LaIwpKT_eexlt3zRaWJlQTLKmDCqe83zBQAyZx9y79siWba8uMlkcoHe7YzKgeb2Lb44q6WW_vA7Kr9_c_I0LjpZWr2nyAcoFo9aOgYD4DikZLLO3GOQnLPymmJWZGewbfJOKcABxkHBbsjYup399BZw8fM62exxL6Os5P6r8dQxQnUAghxk5yVAElumTAW3cKIKf603d1W9zymy8I006tqdZnh2sUZjqZhYn1ljJCZyFbV6Lnp6IUAuM8pm1v2BE_iBujx7lhYKEvlNGPXjkoQjQXhMudJymkqc7H3mC_695Be7Dzlc_jnHycVoDXb4EczmxL2_UqouAWiUjUCG2hWi3t4QaOucBuNtIPw0nquTOLf5rLgbzuVbRfeTzymEnU08sFsRsach7SVQKOenEZ1N6kTBQFE5SZtqb7KGPp9Who2UvLK2fOKx8CQKNv6_Lc5NXh2p8n4Ob8lqo28dyadcRKyElXXvbl0JVfL9hDNy8S1yrJ5dg3wkEW2Xay5l0rE52vwJAbFxnfJXbAUkEBxeNifGgRB872UPpJ040uyvQAuhHXnakBM_3GjgFBcjAZzr_UJ1c3PglWVrFsLB4fID5bt2SQfC9zL2igpbtoxLeNf8QeUO_faaxtzVXWw015a1xytmdBXlfHIz3zBiOepkTKe8JD2S3xI3aBva2SE6J3Cx7QZgg5lLQ9Va9EONhhN4PLzvmj9uEQsxph6Bb0dhR8l65gFMTQM0zY8Ep1kj15kHfwTtjgp_qYcjjMguuFQxOP_Wuhw8tyRfYFDCaXhacEEXwA3Gp7JaXyLpmlZehZXTaO4w6xKYDyrpkycIiZBvyS6fxEqqzEybbmloWe5atTihpsXm9d6j0iyUP56maXEvx7OaOERJRjyTdx0Q2gdU92GE5Y1vyuc1GNj7gTmL84xjHcNQOiC8Blhf3J77ykaAhFYeWAp0W1TtVz:4|Cy92k8jOyGwpymrp_aZeu_vYwQPeRGHYo0nKXgxMsU3ALykomjoy0v7PrBR5MLWuTcPITZzLajYN3kAhROsMQ6uUe3NqQ6QJyFKvM2G1h6mT3QX9DYbJQsDjb_qKv7vEp6fZLUYJbP4BQnFuisvKlzY8Ym0f_IYchIbJQCvl5R0X3cujCWAWQmNXr8sWoyCtt8ghUridaVa8TcycXdrhLOXI4akvL4wY1B3BCAX4nTZsUGemmDbrjvz_XQ37Hw5lRNDM3AuNOb_oeTlLhRcIjoby7T1ozDgHQbUJFDKlD7D999ynqfEwOeJ1UTkX0elvwrn_Cem72IEwj0Kx_bCapCVe5JSCtVSKmoHhm0wlescYbATn21EnuIjiP_bVvzEvjKY9d7azInHGIwWjZJW_I8EgXj0rP9adIEZxSMJ6BLnuegBp71xWiZCJh_s4efmZUatbxHChtdHkY_VnLFku8X29hgVTjgPdTqjbP2Jcu2bV58lnZIt5wQk3rqeTInqkxNW4OvSbvo6np8PVtL0zjbJ5Sx2oSU1KcQTAG4Dgx14Eb8zGbDvs19ErvuUl48YOguAP2tJhbWBZ5Zv7FSg5V6BsF0ABLFmcT1LFgbgI0af8OK8eOrCzbQgG9SLnx9UTJx3_fCGpFOe5TtAqRvc4tqQglgYgfbGUpRT8X3yGln8jnUt6uR2Xgacd0JfjQg8CWLBihfD9JlE2hPUyoNzhaLmiZleiA4dg1I1q_5ugfO5PyfWwEVVwyTAlpaza1fOCAUCJW5Fy7g_fHFBfDNdUf98CJRmULkQ_qKCBxqVTV1JYDHm1vkKFt9qzr9sGxZWyLhQwTaBt2X_diibJJRHPEHGqcyla_O5MOy5VOu5tvpkw3V9Nn0UwUBzWEa32i2ekbzyGHjwsjoCm9q1IRDsunPKOgXpLmo21aUPPjpKH0nwKJWSfOTpa03CYMBjAZAxxLXNyH2wuTPt0ievT3BLmixYFifby5cqUHHZx7oaK6PnfHMoTh8PIF7KUQY2lkO3zgr9TnRNKtra_BbFArmWlWpvBVBBGuXnKuhJXSWRdARZi00QIMeApsc9hPXeV0OT9UiauD3mgxKTvWieLmXXg0ccoUyTkghCWRbA_SVbTEwHvmX8M_987cngFjVGdz7jYuWcTprOvoYc5qzNK8HZnP0iKHka2ysn6qvr4sheXnyybWMTdrMH6ej26BhzU2bHDgLZISeWIdu_mIQIKmgPNY7A6LujG1lp2K86YJ57RGFyTy5lPyV3yTRc3b5MEFMExLrqSx3m_vSNy1jr73sw6qU4wsBDTdhLvfqtR3FfKhcIdYNhz6BzzF50J42BSKYvk5x4oMhs7OSzPwPdMtEDt1BEkciRTt5LZgGBWYTsWAdXV3gbLKz0y2mOked_wgPwcu7dIuid2p1a0pq5SyV0aSYs13abh_ddAoNTiB7ZTwL3mw05WISorBytfJexyq0534kbAnp5DQwnGiAuM5GMVdE0mAnMr:4|temp_0:8|temp_1:8|VLDTJUr0eYj3UiHhVWtQqVrqunxn8GIY2SPSCOKZw1azce1XN6Oqaz7crOokQxd0Jl_HNREMFQUaJQeHFmH5vE_4dX1cLiR7f9h64RWN1G3M1mKM7Y7FB1LheRSAHJA08GrqaVlh7NN05M3MGbywOWe5g91MEJX8AeOgM9Ja2XqNDj_cm1adEFa8e30NudvaPNpxFOC2C66LKK8i5xA8HVJgwFZWtYKEthyhLGYDShqNOShWyq14gC7EdfD4gR1dhvtMQDUbiGDc7G4WrjBJNb0zS0L8ALJ8CHKer7t657HqogSAcWFx2TBiQdtSP8jYK3tsS6_IefxvEGLTInAvZk5pvYhNVCDh6o8rHvfK3D_BEeFOIIsh0C_cUEX2RAsgwIMHkUbt3PbBXDp8_RuJr98J9y7eicGQLMpnpaNRz_W4vDanyNCy8SwZQij6CeJYhK9Z5AjUlta4VJTHlKy40vp3kAL9pWllUHbtAF_KsoETwLz0B7QQ5RN9b6DK2JkFFhsnRlmVrgXP_dsJib9gf_3_soE4nRVxmpm_liH19vUvlTxn3buGVkrZNsE7tSkwUiA1bBv9nMh3k6blOh6133Ym6WHqEh2nFO0wCtkd1PlgYW2_9TVzXMpwSEOi0NGp_LK6FqNiSZtHV2GEENDd15YV4CbryZLfM0QOY66Gi3gT_tRhAM3J6gSBHKN1ae9L1ucoWEQhUuYg2RcFwH3TR1J9MefSP7d7IEIbwm67h7al2_gOFIWKBt3rajglu0uTdDvmLfHd6SY6_dV2zMw8GFrAdlzE8i9YRCkJIBX3GZCmg_DsP09NVwBvRGs5znxMs47KvW8ipgOddYBylDm0eWNiSCL7NucfP6bDig9FxbLuoaRXJnWTDXEXb9OZS7CxbSn0Aph_cBLCN5_TNV73C9Hvz_6KTW9a34u1RW0Eesra9htMiKKycfHXUOe9QFhObXLBiCTSebAXH6O3Vv9C7_NLdPzSAk12YB3Vvr99sS2_rum0coC33LqNPUu_NXwKqo76sHr30xmOp7ASvq5R2AMxqzT_lKazOesV3Gu4cGWWIqWpN0kuem0xAxxKoBAnfmZZmyHlIckPpTAqMx9AZTUjiyZhuarAcfi3daF5FB3gJqZWH7XzcepCyrWwP_B_7PxaMzrI8yxhM2Ll2QYplWPApZ6Lxu7P5Q2GmM7G81pRrqFAYKMR_Licfh5OElDfR6W8RnFyIyzzdU8plHryg6RmKKusbR8gvNfYtne4JYeRHvEq623V87mCS8g6oPV1SYbSeDjfRir8QIvehNkvc2peAAtAJcBfLezojs8xTzGImP3BJLl9lHBbl8Ugb62gCbviGUaFMHhPBo9sFoLEPlG1De_gNmgWnK3Zt2hNKNqWuniLGWRgAS9jX6d7hDh6KSkVIsWaFxdt1XMjnqL1SRSBQiY9hnJkzD5XWG3oSWqUUUWCeq3kyvSdZrLRZHwsCsD027R2Xmsfekwxq_1S_09ug96n68v36Dbu6wZJr3cd4LfTPA6PbfSR_3m3DZyfPaPF_xM3mX6p7jg9GVfRtHCY8t_esPiazgDyjq_67vDqFuTOi8RAPPUKTWCsxI_XzgsBOvzQlxdIYhMF0d3Dve9iJzH7556mrXhGhFPFasFOrMjWZ6gyMpu9NuuEmrnDWcAV9uqJ6lLhTP5doiZJB8sei3RcNnQRHty4MlVKlVNasXYAtNNfPoh8zXM29wWtC9XReAxBSNaSDzqwVQU0PhfScQQwq4y04ait8KaAyuPKxmVuTcbQlWFfOr96d9umCj8A_XFmsF6mliW0FukpoTSCARZ3SG2aZmYVzPj3hTNl0EN1UDw7OMTLHM1nwbgc9I3d2r8SbLoGlbEk3nKrOv_kwYjgnyIwfiwaGd4igaLsk1cA1NAhJHsgH79ZA83wgEaxJ0iOfMKZ1QtBoIsxsecoER8HnjlvUYEfehifkE17w_OrsFCzdKgkQxe8BClbywbfbacJx86aWsSC:80|V62vtYqjKr7vUHagX8crbD1Pj3RQqU188LgQk6im7Spz55lXZst8JZUowhVn7jz0bBXMsqvfWOKodXpT1Le6hFHrOb7UtEvFnsLGY9ZFBZjhjQKYHD0x0UoUVFYqNdSKrJLMPgBCvFrv0fiyCCZLqZptbJsZi9hCttHTcJVZ1ZkY63OoAyp5j02vip4mrw1SkZ5_06fVVOf4Cxyo2FIwGshCl2UN5A9lmUcdYhWZFN0LmC0eVdXx_fxzUpPwuaKAcHwBEZ0cAQXqfysxTiVb70SjMOnk89XrM2q34razAD6MiwPqVLzq05wRNWFAbxWc6Nv6YRj5uiZCwnyk4IrUDwcK_x1qH1Epkh5Kub8I0bRAISObdx9dy4VEbYDAxbLusLgTYjmrI_8t9jQ9WNe8zSnfmyOfvG8pWIzBXgzANur56sXGJ6DGIEFn1POWjp8WeJ9VwKxagoEXETh_4_BXKtibxg2CX5uhIWotBtmf3Z2qllM7FDf8rjLc0ib6NrDpXEArt1gKyw4BHszFGsn3ZE1ojKg1akhO2TQ1CS_rnTnWg_xzuCqVMeabyZOcrKXPKtLLN8VZweyipoSeobDTgb9XNPtN3k15D3gnzXajF3MDJQjMUCzqFuPXvDL1I7ZUZa4Iwn3eeRFbBiktbICOI8AKvmxVR0opvRUGikTcL4CpobsupXk_hnTqKdr3ZkKMy1iZ29TiIQ3k77TnpF9aBbnYOqHSeEEGp4XKGHPJvN6zvt5cdl48qq0Gis7lbuDABnaOWB6j7KYtSWSTcvgV_Xf8W6eGnLfaRvKbwzjo6XJ666ohjJTZ6zVyH3hjKNoQdG2jqj7q6dc2weSwBIuq60zR0OtAkho_7wZcEFWevTKzz4kcHHnqmRgwVXMovcVfwJoe2bnDxp2qyZ3ZZKwssaxwbcobq2R3QjLmyPdFyufpJKzwkavnMtvqahN_SXxvbRVrD5FvUm5SN9Gx8Rma36q2S2LYxOmbVtDa28yDYOxVkzwCF1dkj9azf60ebCoHdu1F8OnYl4R62eX8H3suqKcugZcwslPstms5GUcCcd53xTs1y7JucvmnbcsTFI4veCK4_yFg_G4CqyyrARVWsMxcYWjrmRKDY5tpUlySttXqwUt2NEql371PGNmX5qC972ZjKR2LiCwccUZfb6RkptSAaGqDfWaLcDUUaJ6zqPIKzZNVXKinBmO2lO2M_k1ppG8NGbGZvy_Op8jybGIc_B9LmcGre5k9Nd0KZZRqD7X6QFVHhkNNjuKFYlx_a3vWTtmX3SrGVuQCMJEsgbqla8TS3lfkyhnjl3JVtr1LlGsDvMJAoubwHxxJ86Tv9L6k5c6K82CMeYDAXaMNh9KjqEAGTUHe6w5daraYhFYE3PLs9K0Tl7PCHyAoQutsdM2O0Sts_leOLsignSl9k1_nl8Z5LICcY11qnBusAfntTlJhH6b3TfVrks8_pf0H1Tpbj2vyqglle5oBCdeSOUJfrW9RmCJdOpvEIttyciMOEExGrMR4uXrl4F6a7VzPsFuRhi4sNib1_EDOKATGy1JQWPaPsepXwltnW_EDT5eKMGoagdkFiRPn_iDpu0ArPE1MRz5JYXPUyLQL9TuJUJWO5VvnqTQz19bwix0Z5XTFhmxGytpqJgh7TNzd_G_VXVr5N_gtFr7jmxZ4zOBOFNPytdNCw2fYUyybUkFPU43fam7IATF28q2xNwcpP95S5Mf7W4XD2sxLy5posJQqZzv60UEoPgLjUkzXZtovAT7zUibCC9LvXAwuIMaOolWRGNCLZUrSzm_yTfmEZXwUlPd0g76KaL1C6zyjXBb0DKhqcGqKBie4J3TyRv3j4wJfW4LGz0Gibv2jeJwYHfiUupWZNzG0rOtUkIYIdfZKmvwp9z9z7RlYrmxnVpgW_p2r1iloJbUoFa7yFBL0i701BLC8cy60YPgRf8nxdMSdeb34M34H7uZZFzGHfD_bb_FE08SRw_uPwSdtLMiwztlpB_9Z6X2CyqKB0rxfSSHE6k6kvByG2FqKipOMyDyAS2i7Tw3LwK6YWNVOhbVRx4gelY4g046RJsXBiXL5NTrpJL22F4zlc3o0KiSE:4|none:4
    addi    sp,sp,-128
    sd      ra,120(sp)
    sd      s0,112(sp)
    addi    s0,sp,128
                    ;      alloc i32 xU4UVdo6fPho5bRhUTjrlIMjqIY_evCyLJf0suh6fNNJ_3DxUYEO_xR1xkH9B68yOd4nSYbkstCnMA1BvxzZHFcKgYsWCq9M6sWFj2hbYtXZAMA2V8pUya5kbMgjwVwR_IKh_EeyZ5EU504YyCm79GrBpe7NMhLcqK5b41z3SzpL6eQTdwdgiZLmh_BbdR_2e0ZcLGxpg0kD_SiCYiQWzh5ekfalc_qYy9ohDjYcW4XpZtkKT0LaIwpKT_eexlt3zRaWJlQTLKmDCqe83zBQAyZx9y79siWba8uMlkcoHe7YzKgeb2Lb44q6WW_vA7Kr9_c_I0LjpZWr2nyAcoFo9aOgYD4DikZLLO3GOQnLPymmJWZGewbfJOKcABxkHBbsjYup399BZw8fM62exxL6Os5P6r8dQxQnUAghxk5yVAElumTAW3cKIKf603d1W9zymy8I006tqdZnh2sUZjqZhYn1ljJCZyFbV6Lnp6IUAuM8pm1v2BE_iBujx7lhYKEvlNGPXjkoQjQXhMudJymkqc7H3mC_695Be7Dzlc_jnHycVoDXb4EczmxL2_UqouAWiUjUCG2hWi3t4QaOucBuNtIPw0nquTOLf5rLgbzuVbRfeTzymEnU08sFsRsach7SVQKOenEZ1N6kTBQFE5SZtqb7KGPp9Who2UvLK2fOKx8CQKNv6_Lc5NXh2p8n4Ob8lqo28dyadcRKyElXXvbl0JVfL9hDNy8S1yrJ5dg3wkEW2Xay5l0rE52vwJAbFxnfJXbAUkEBxeNifGgRB872UPpJ040uyvQAuhHXnakBM_3GjgFBcjAZzr_UJ1c3PglWVrFsLB4fID5bt2SQfC9zL2igpbtoxLeNf8QeUO_faaxtzVXWw015a1xytmdBXlfHIz3zBiOepkTKe8JD2S3xI3aBva2SE6J3Cx7QZgg5lLQ9Va9EONhhN4PLzvmj9uEQsxph6Bb0dhR8l65gFMTQM0zY8Ep1kj15kHfwTtjgp_qYcjjMguuFQxOP_Wuhw8tyRfYFDCaXhacEEXwA3Gp7JaXyLpmlZehZXTaO4w6xKYDyrpkycIiZBvyS6fxEqqzEybbmloWe5atTihpsXm9d6j0iyUP56maXEvx7OaOERJRjyTdx0Q2gdU92GE5Y1vyuc1GNj7gTmL84xjHcNQOiC8Blhf3J77ykaAhFYeWAp0W1TtVz_17 
                    ;      alloc i32 Cy92k8jOyGwpymrp_aZeu_vYwQPeRGHYo0nKXgxMsU3ALykomjoy0v7PrBR5MLWuTcPITZzLajYN3kAhROsMQ6uUe3NqQ6QJyFKvM2G1h6mT3QX9DYbJQsDjb_qKv7vEp6fZLUYJbP4BQnFuisvKlzY8Ym0f_IYchIbJQCvl5R0X3cujCWAWQmNXr8sWoyCtt8ghUridaVa8TcycXdrhLOXI4akvL4wY1B3BCAX4nTZsUGemmDbrjvz_XQ37Hw5lRNDM3AuNOb_oeTlLhRcIjoby7T1ozDgHQbUJFDKlD7D999ynqfEwOeJ1UTkX0elvwrn_Cem72IEwj0Kx_bCapCVe5JSCtVSKmoHhm0wlescYbATn21EnuIjiP_bVvzEvjKY9d7azInHGIwWjZJW_I8EgXj0rP9adIEZxSMJ6BLnuegBp71xWiZCJh_s4efmZUatbxHChtdHkY_VnLFku8X29hgVTjgPdTqjbP2Jcu2bV58lnZIt5wQk3rqeTInqkxNW4OvSbvo6np8PVtL0zjbJ5Sx2oSU1KcQTAG4Dgx14Eb8zGbDvs19ErvuUl48YOguAP2tJhbWBZ5Zv7FSg5V6BsF0ABLFmcT1LFgbgI0af8OK8eOrCzbQgG9SLnx9UTJx3_fCGpFOe5TtAqRvc4tqQglgYgfbGUpRT8X3yGln8jnUt6uR2Xgacd0JfjQg8CWLBihfD9JlE2hPUyoNzhaLmiZleiA4dg1I1q_5ugfO5PyfWwEVVwyTAlpaza1fOCAUCJW5Fy7g_fHFBfDNdUf98CJRmULkQ_qKCBxqVTV1JYDHm1vkKFt9qzr9sGxZWyLhQwTaBt2X_diibJJRHPEHGqcyla_O5MOy5VOu5tvpkw3V9Nn0UwUBzWEa32i2ekbzyGHjwsjoCm9q1IRDsunPKOgXpLmo21aUPPjpKH0nwKJWSfOTpa03CYMBjAZAxxLXNyH2wuTPt0ievT3BLmixYFifby5cqUHHZx7oaK6PnfHMoTh8PIF7KUQY2lkO3zgr9TnRNKtra_BbFArmWlWpvBVBBGuXnKuhJXSWRdARZi00QIMeApsc9hPXeV0OT9UiauD3mgxKTvWieLmXXg0ccoUyTkghCWRbA_SVbTEwHvmX8M_987cngFjVGdz7jYuWcTprOvoYc5qzNK8HZnP0iKHka2ysn6qvr4sheXnyybWMTdrMH6ej26BhzU2bHDgLZISeWIdu_mIQIKmgPNY7A6LujG1lp2K86YJ57RGFyTy5lPyV3yTRc3b5MEFMExLrqSx3m_vSNy1jr73sw6qU4wsBDTdhLvfqtR3FfKhcIdYNhz6BzzF50J42BSKYvk5x4oMhs7OSzPwPdMtEDt1BEkciRTt5LZgGBWYTsWAdXV3gbLKz0y2mOked_wgPwcu7dIuid2p1a0pq5SyV0aSYs13abh_ddAoNTiB7ZTwL3mw05WISorBytfJexyq0534kbAnp5DQwnGiAuM5GMVdE0mAnMr_17 
                    ;      alloc ptr->i32 temp_0_17 
                    ;      alloc ptr->i32 temp_1_17 
                    ;      alloc Array:i32:[Some(20_0)] VLDTJUr0eYj3UiHhVWtQqVrqunxn8GIY2SPSCOKZw1azce1XN6Oqaz7crOokQxd0Jl_HNREMFQUaJQeHFmH5vE_4dX1cLiR7f9h64RWN1G3M1mKM7Y7FB1LheRSAHJA08GrqaVlh7NN05M3MGbywOWe5g91MEJX8AeOgM9Ja2XqNDj_cm1adEFa8e30NudvaPNpxFOC2C66LKK8i5xA8HVJgwFZWtYKEthyhLGYDShqNOShWyq14gC7EdfD4gR1dhvtMQDUbiGDc7G4WrjBJNb0zS0L8ALJ8CHKer7t657HqogSAcWFx2TBiQdtSP8jYK3tsS6_IefxvEGLTInAvZk5pvYhNVCDh6o8rHvfK3D_BEeFOIIsh0C_cUEX2RAsgwIMHkUbt3PbBXDp8_RuJr98J9y7eicGQLMpnpaNRz_W4vDanyNCy8SwZQij6CeJYhK9Z5AjUlta4VJTHlKy40vp3kAL9pWllUHbtAF_KsoETwLz0B7QQ5RN9b6DK2JkFFhsnRlmVrgXP_dsJib9gf_3_soE4nRVxmpm_liH19vUvlTxn3buGVkrZNsE7tSkwUiA1bBv9nMh3k6blOh6133Ym6WHqEh2nFO0wCtkd1PlgYW2_9TVzXMpwSEOi0NGp_LK6FqNiSZtHV2GEENDd15YV4CbryZLfM0QOY66Gi3gT_tRhAM3J6gSBHKN1ae9L1ucoWEQhUuYg2RcFwH3TR1J9MefSP7d7IEIbwm67h7al2_gOFIWKBt3rajglu0uTdDvmLfHd6SY6_dV2zMw8GFrAdlzE8i9YRCkJIBX3GZCmg_DsP09NVwBvRGs5znxMs47KvW8ipgOddYBylDm0eWNiSCL7NucfP6bDig9FxbLuoaRXJnWTDXEXb9OZS7CxbSn0Aph_cBLCN5_TNV73C9Hvz_6KTW9a34u1RW0Eesra9htMiKKycfHXUOe9QFhObXLBiCTSebAXH6O3Vv9C7_NLdPzSAk12YB3Vvr99sS2_rum0coC33LqNPUu_NXwKqo76sHr30xmOp7ASvq5R2AMxqzT_lKazOesV3Gu4cGWWIqWpN0kuem0xAxxKoBAnfmZZmyHlIckPpTAqMx9AZTUjiyZhuarAcfi3daF5FB3gJqZWH7XzcepCyrWwP_B_7PxaMzrI8yxhM2Ll2QYplWPApZ6Lxu7P5Q2GmM7G81pRrqFAYKMR_Licfh5OElDfR6W8RnFyIyzzdU8plHryg6RmKKusbR8gvNfYtne4JYeRHvEq623V87mCS8g6oPV1SYbSeDjfRir8QIvehNkvc2peAAtAJcBfLezojs8xTzGImP3BJLl9lHBbl8Ugb62gCbviGUaFMHhPBo9sFoLEPlG1De_gNmgWnK3Zt2hNKNqWuniLGWRgAS9jX6d7hDh6KSkVIsWaFxdt1XMjnqL1SRSBQiY9hnJkzD5XWG3oSWqUUUWCeq3kyvSdZrLRZHwsCsD027R2Xmsfekwxq_1S_09ug96n68v36Dbu6wZJr3cd4LfTPA6PbfSR_3m3DZyfPaPF_xM3mX6p7jg9GVfRtHCY8t_esPiazgDyjq_67vDqFuTOi8RAPPUKTWCsxI_XzgsBOvzQlxdIYhMF0d3Dve9iJzH7556mrXhGhFPFasFOrMjWZ6gyMpu9NuuEmrnDWcAV9uqJ6lLhTP5doiZJB8sei3RcNnQRHty4MlVKlVNasXYAtNNfPoh8zXM29wWtC9XReAxBSNaSDzqwVQU0PhfScQQwq4y04ait8KaAyuPKxmVuTcbQlWFfOr96d9umCj8A_XFmsF6mliW0FukpoTSCARZ3SG2aZmYVzPj3hTNl0EN1UDw7OMTLHM1nwbgc9I3d2r8SbLoGlbEk3nKrOv_kwYjgnyIwfiwaGd4igaLsk1cA1NAhJHsgH79ZA83wgEaxJ0iOfMKZ1QtBoIsxsecoER8HnjlvUYEfehifkE17w_OrsFCzdKgkQxe8BClbywbfbacJx86aWsSC_17 
                    ;      alloc i32 V62vtYqjKr7vUHagX8crbD1Pj3RQqU188LgQk6im7Spz55lXZst8JZUowhVn7jz0bBXMsqvfWOKodXpT1Le6hFHrOb7UtEvFnsLGY9ZFBZjhjQKYHD0x0UoUVFYqNdSKrJLMPgBCvFrv0fiyCCZLqZptbJsZi9hCttHTcJVZ1ZkY63OoAyp5j02vip4mrw1SkZ5_06fVVOf4Cxyo2FIwGshCl2UN5A9lmUcdYhWZFN0LmC0eVdXx_fxzUpPwuaKAcHwBEZ0cAQXqfysxTiVb70SjMOnk89XrM2q34razAD6MiwPqVLzq05wRNWFAbxWc6Nv6YRj5uiZCwnyk4IrUDwcK_x1qH1Epkh5Kub8I0bRAISObdx9dy4VEbYDAxbLusLgTYjmrI_8t9jQ9WNe8zSnfmyOfvG8pWIzBXgzANur56sXGJ6DGIEFn1POWjp8WeJ9VwKxagoEXETh_4_BXKtibxg2CX5uhIWotBtmf3Z2qllM7FDf8rjLc0ib6NrDpXEArt1gKyw4BHszFGsn3ZE1ojKg1akhO2TQ1CS_rnTnWg_xzuCqVMeabyZOcrKXPKtLLN8VZweyipoSeobDTgb9XNPtN3k15D3gnzXajF3MDJQjMUCzqFuPXvDL1I7ZUZa4Iwn3eeRFbBiktbICOI8AKvmxVR0opvRUGikTcL4CpobsupXk_hnTqKdr3ZkKMy1iZ29TiIQ3k77TnpF9aBbnYOqHSeEEGp4XKGHPJvN6zvt5cdl48qq0Gis7lbuDABnaOWB6j7KYtSWSTcvgV_Xf8W6eGnLfaRvKbwzjo6XJ666ohjJTZ6zVyH3hjKNoQdG2jqj7q6dc2weSwBIuq60zR0OtAkho_7wZcEFWevTKzz4kcHHnqmRgwVXMovcVfwJoe2bnDxp2qyZ3ZZKwssaxwbcobq2R3QjLmyPdFyufpJKzwkavnMtvqahN_SXxvbRVrD5FvUm5SN9Gx8Rma36q2S2LYxOmbVtDa28yDYOxVkzwCF1dkj9azf60ebCoHdu1F8OnYl4R62eX8H3suqKcugZcwslPstms5GUcCcd53xTs1y7JucvmnbcsTFI4veCK4_yFg_G4CqyyrARVWsMxcYWjrmRKDY5tpUlySttXqwUt2NEql371PGNmX5qC972ZjKR2LiCwccUZfb6RkptSAaGqDfWaLcDUUaJ6zqPIKzZNVXKinBmO2lO2M_k1ppG8NGbGZvy_Op8jybGIc_B9LmcGre5k9Nd0KZZRqD7X6QFVHhkNNjuKFYlx_a3vWTtmX3SrGVuQCMJEsgbqla8TS3lfkyhnjl3JVtr1LlGsDvMJAoubwHxxJ86Tv9L6k5c6K82CMeYDAXaMNh9KjqEAGTUHe6w5daraYhFYE3PLs9K0Tl7PCHyAoQutsdM2O0Sts_leOLsignSl9k1_nl8Z5LICcY11qnBusAfntTlJhH6b3TfVrks8_pf0H1Tpbj2vyqglle5oBCdeSOUJfrW9RmCJdOpvEIttyciMOEExGrMR4uXrl4F6a7VzPsFuRhi4sNib1_EDOKATGy1JQWPaPsepXwltnW_EDT5eKMGoagdkFiRPn_iDpu0ArPE1MRz5JYXPUyLQL9TuJUJWO5VvnqTQz19bwix0Z5XTFhmxGytpqJgh7TNzd_G_VXVr5N_gtFr7jmxZ4zOBOFNPytdNCw2fYUyybUkFPU43fam7IATF28q2xNwcpP95S5Mf7W4XD2sxLy5posJQqZzv60UEoPgLjUkzXZtovAT7zUibCC9LvXAwuIMaOolWRGNCLZUrSzm_yTfmEZXwUlPd0g76KaL1C6zyjXBb0DKhqcGqKBie4J3TyRv3j4wJfW4LGz0Gibv2jeJwYHfiUupWZNzG0rOtUkIYIdfZKmvwp9z9z7RlYrmxnVpgW_p2r1iloJbUoFa7yFBL0i701BLC8cy60YPgRf8nxdMSdeb34M34H7uZZFzGHfD_bb_FE08SRw_uPwSdtLMiwztlpB_9Z6X2CyqKB0rxfSSHE6k6kvByG2FqKipOMyDyAS2i7Tw3LwK6YWNVOhbVRx4gelY4g046RJsXBiXL5NTrpJL22F4zlc3o0KiSE_17 
                    ;      label L0_0: 
L0_0:
                    ;      xU4UVdo6fPho5bRhUTjrlIMjqIY_evCyLJf0suh6fNNJ_3DxUYEO_xR1xkH9B68yOd4nSYbkstCnMA1BvxzZHFcKgYsWCq9M6sWFj2hbYtXZAMA2V8pUya5kbMgjwVwR_IKh_EeyZ5EU504YyCm79GrBpe7NMhLcqK5b41z3SzpL6eQTdwdgiZLmh_BbdR_2e0ZcLGxpg0kD_SiCYiQWzh5ekfalc_qYy9ohDjYcW4XpZtkKT0LaIwpKT_eexlt3zRaWJlQTLKmDCqe83zBQAyZx9y79siWba8uMlkcoHe7YzKgeb2Lb44q6WW_vA7Kr9_c_I0LjpZWr2nyAcoFo9aOgYD4DikZLLO3GOQnLPymmJWZGewbfJOKcABxkHBbsjYup399BZw8fM62exxL6Os5P6r8dQxQnUAghxk5yVAElumTAW3cKIKf603d1W9zymy8I006tqdZnh2sUZjqZhYn1ljJCZyFbV6Lnp6IUAuM8pm1v2BE_iBujx7lhYKEvlNGPXjkoQjQXhMudJymkqc7H3mC_695Be7Dzlc_jnHycVoDXb4EczmxL2_UqouAWiUjUCG2hWi3t4QaOucBuNtIPw0nquTOLf5rLgbzuVbRfeTzymEnU08sFsRsach7SVQKOenEZ1N6kTBQFE5SZtqb7KGPp9Who2UvLK2fOKx8CQKNv6_Lc5NXh2p8n4Ob8lqo28dyadcRKyElXXvbl0JVfL9hDNy8S1yrJ5dg3wkEW2Xay5l0rE52vwJAbFxnfJXbAUkEBxeNifGgRB872UPpJ040uyvQAuhHXnakBM_3GjgFBcjAZzr_UJ1c3PglWVrFsLB4fID5bt2SQfC9zL2igpbtoxLeNf8QeUO_faaxtzVXWw015a1xytmdBXlfHIz3zBiOepkTKe8JD2S3xI3aBva2SE6J3Cx7QZgg5lLQ9Va9EONhhN4PLzvmj9uEQsxph6Bb0dhR8l65gFMTQM0zY8Ep1kj15kHfwTtjgp_qYcjjMguuFQxOP_Wuhw8tyRfYFDCaXhacEEXwA3Gp7JaXyLpmlZehZXTaO4w6xKYDyrpkycIiZBvyS6fxEqqzEybbmloWe5atTihpsXm9d6j0iyUP56maXEvx7OaOERJRjyTdx0Q2gdU92GE5Y1vyuc1GNj7gTmL84xjHcNQOiC8Blhf3J77ykaAhFYeWAp0W1TtVz_17 = i32 2_0 
    li      s1, 2
    sw      s1,108(sp)
                    ;      Cy92k8jOyGwpymrp_aZeu_vYwQPeRGHYo0nKXgxMsU3ALykomjoy0v7PrBR5MLWuTcPITZzLajYN3kAhROsMQ6uUe3NqQ6QJyFKvM2G1h6mT3QX9DYbJQsDjb_qKv7vEp6fZLUYJbP4BQnFuisvKlzY8Ym0f_IYchIbJQCvl5R0X3cujCWAWQmNXr8sWoyCtt8ghUridaVa8TcycXdrhLOXI4akvL4wY1B3BCAX4nTZsUGemmDbrjvz_XQ37Hw5lRNDM3AuNOb_oeTlLhRcIjoby7T1ozDgHQbUJFDKlD7D999ynqfEwOeJ1UTkX0elvwrn_Cem72IEwj0Kx_bCapCVe5JSCtVSKmoHhm0wlescYbATn21EnuIjiP_bVvzEvjKY9d7azInHGIwWjZJW_I8EgXj0rP9adIEZxSMJ6BLnuegBp71xWiZCJh_s4efmZUatbxHChtdHkY_VnLFku8X29hgVTjgPdTqjbP2Jcu2bV58lnZIt5wQk3rqeTInqkxNW4OvSbvo6np8PVtL0zjbJ5Sx2oSU1KcQTAG4Dgx14Eb8zGbDvs19ErvuUl48YOguAP2tJhbWBZ5Zv7FSg5V6BsF0ABLFmcT1LFgbgI0af8OK8eOrCzbQgG9SLnx9UTJx3_fCGpFOe5TtAqRvc4tqQglgYgfbGUpRT8X3yGln8jnUt6uR2Xgacd0JfjQg8CWLBihfD9JlE2hPUyoNzhaLmiZleiA4dg1I1q_5ugfO5PyfWwEVVwyTAlpaza1fOCAUCJW5Fy7g_fHFBfDNdUf98CJRmULkQ_qKCBxqVTV1JYDHm1vkKFt9qzr9sGxZWyLhQwTaBt2X_diibJJRHPEHGqcyla_O5MOy5VOu5tvpkw3V9Nn0UwUBzWEa32i2ekbzyGHjwsjoCm9q1IRDsunPKOgXpLmo21aUPPjpKH0nwKJWSfOTpa03CYMBjAZAxxLXNyH2wuTPt0ievT3BLmixYFifby5cqUHHZx7oaK6PnfHMoTh8PIF7KUQY2lkO3zgr9TnRNKtra_BbFArmWlWpvBVBBGuXnKuhJXSWRdARZi00QIMeApsc9hPXeV0OT9UiauD3mgxKTvWieLmXXg0ccoUyTkghCWRbA_SVbTEwHvmX8M_987cngFjVGdz7jYuWcTprOvoYc5qzNK8HZnP0iKHka2ysn6qvr4sheXnyybWMTdrMH6ej26BhzU2bHDgLZISeWIdu_mIQIKmgPNY7A6LujG1lp2K86YJ57RGFyTy5lPyV3yTRc3b5MEFMExLrqSx3m_vSNy1jr73sw6qU4wsBDTdhLvfqtR3FfKhcIdYNhz6BzzF50J42BSKYvk5x4oMhs7OSzPwPdMtEDt1BEkciRTt5LZgGBWYTsWAdXV3gbLKz0y2mOked_wgPwcu7dIuid2p1a0pq5SyV0aSYs13abh_ddAoNTiB7ZTwL3mw05WISorBytfJexyq0534kbAnp5DQwnGiAuM5GMVdE0mAnMr_17 = i32 20_0 
    li      s1, 20
    sw      s1,104(sp)
                    ;      new_var VLDTJUr0eYj3UiHhVWtQqVrqunxn8GIY2SPSCOKZw1azce1XN6Oqaz7crOokQxd0Jl_HNREMFQUaJQeHFmH5vE_4dX1cLiR7f9h64RWN1G3M1mKM7Y7FB1LheRSAHJA08GrqaVlh7NN05M3MGbywOWe5g91MEJX8AeOgM9Ja2XqNDj_cm1adEFa8e30NudvaPNpxFOC2C66LKK8i5xA8HVJgwFZWtYKEthyhLGYDShqNOShWyq14gC7EdfD4gR1dhvtMQDUbiGDc7G4WrjBJNb0zS0L8ALJ8CHKer7t657HqogSAcWFx2TBiQdtSP8jYK3tsS6_IefxvEGLTInAvZk5pvYhNVCDh6o8rHvfK3D_BEeFOIIsh0C_cUEX2RAsgwIMHkUbt3PbBXDp8_RuJr98J9y7eicGQLMpnpaNRz_W4vDanyNCy8SwZQij6CeJYhK9Z5AjUlta4VJTHlKy40vp3kAL9pWllUHbtAF_KsoETwLz0B7QQ5RN9b6DK2JkFFhsnRlmVrgXP_dsJib9gf_3_soE4nRVxmpm_liH19vUvlTxn3buGVkrZNsE7tSkwUiA1bBv9nMh3k6blOh6133Ym6WHqEh2nFO0wCtkd1PlgYW2_9TVzXMpwSEOi0NGp_LK6FqNiSZtHV2GEENDd15YV4CbryZLfM0QOY66Gi3gT_tRhAM3J6gSBHKN1ae9L1ucoWEQhUuYg2RcFwH3TR1J9MefSP7d7IEIbwm67h7al2_gOFIWKBt3rajglu0uTdDvmLfHd6SY6_dV2zMw8GFrAdlzE8i9YRCkJIBX3GZCmg_DsP09NVwBvRGs5znxMs47KvW8ipgOddYBylDm0eWNiSCL7NucfP6bDig9FxbLuoaRXJnWTDXEXb9OZS7CxbSn0Aph_cBLCN5_TNV73C9Hvz_6KTW9a34u1RW0Eesra9htMiKKycfHXUOe9QFhObXLBiCTSebAXH6O3Vv9C7_NLdPzSAk12YB3Vvr99sS2_rum0coC33LqNPUu_NXwKqo76sHr30xmOp7ASvq5R2AMxqzT_lKazOesV3Gu4cGWWIqWpN0kuem0xAxxKoBAnfmZZmyHlIckPpTAqMx9AZTUjiyZhuarAcfi3daF5FB3gJqZWH7XzcepCyrWwP_B_7PxaMzrI8yxhM2Ll2QYplWPApZ6Lxu7P5Q2GmM7G81pRrqFAYKMR_Licfh5OElDfR6W8RnFyIyzzdU8plHryg6RmKKusbR8gvNfYtne4JYeRHvEq623V87mCS8g6oPV1SYbSeDjfRir8QIvehNkvc2peAAtAJcBfLezojs8xTzGImP3BJLl9lHBbl8Ugb62gCbviGUaFMHhPBo9sFoLEPlG1De_gNmgWnK3Zt2hNKNqWuniLGWRgAS9jX6d7hDh6KSkVIsWaFxdt1XMjnqL1SRSBQiY9hnJkzD5XWG3oSWqUUUWCeq3kyvSdZrLRZHwsCsD027R2Xmsfekwxq_1S_09ug96n68v36Dbu6wZJr3cd4LfTPA6PbfSR_3m3DZyfPaPF_xM3mX6p7jg9GVfRtHCY8t_esPiazgDyjq_67vDqFuTOi8RAPPUKTWCsxI_XzgsBOvzQlxdIYhMF0d3Dve9iJzH7556mrXhGhFPFasFOrMjWZ6gyMpu9NuuEmrnDWcAV9uqJ6lLhTP5doiZJB8sei3RcNnQRHty4MlVKlVNasXYAtNNfPoh8zXM29wWtC9XReAxBSNaSDzqwVQU0PhfScQQwq4y04ait8KaAyuPKxmVuTcbQlWFfOr96d9umCj8A_XFmsF6mliW0FukpoTSCARZ3SG2aZmYVzPj3hTNl0EN1UDw7OMTLHM1nwbgc9I3d2r8SbLoGlbEk3nKrOv_kwYjgnyIwfiwaGd4igaLsk1cA1NAhJHsgH79ZA83wgEaxJ0iOfMKZ1QtBoIsxsecoER8HnjlvUYEfehifkE17w_OrsFCzdKgkQxe8BClbywbfbacJx86aWsSC_17:Array:i32:[Some(20_0)] 
                    ;      new_var temp_0_17:ptr->i32 
                    ;      temp_0_17 = getelementptr VLDTJUr0eYj3UiHhVWtQqVrqunxn8GIY2SPSCOKZw1azce1XN6Oqaz7crOokQxd0Jl_HNREMFQUaJQeHFmH5vE_4dX1cLiR7f9h64RWN1G3M1mKM7Y7FB1LheRSAHJA08GrqaVlh7NN05M3MGbywOWe5g91MEJX8AeOgM9Ja2XqNDj_cm1adEFa8e30NudvaPNpxFOC2C66LKK8i5xA8HVJgwFZWtYKEthyhLGYDShqNOShWyq14gC7EdfD4gR1dhvtMQDUbiGDc7G4WrjBJNb0zS0L8ALJ8CHKer7t657HqogSAcWFx2TBiQdtSP8jYK3tsS6_IefxvEGLTInAvZk5pvYhNVCDh6o8rHvfK3D_BEeFOIIsh0C_cUEX2RAsgwIMHkUbt3PbBXDp8_RuJr98J9y7eicGQLMpnpaNRz_W4vDanyNCy8SwZQij6CeJYhK9Z5AjUlta4VJTHlKy40vp3kAL9pWllUHbtAF_KsoETwLz0B7QQ5RN9b6DK2JkFFhsnRlmVrgXP_dsJib9gf_3_soE4nRVxmpm_liH19vUvlTxn3buGVkrZNsE7tSkwUiA1bBv9nMh3k6blOh6133Ym6WHqEh2nFO0wCtkd1PlgYW2_9TVzXMpwSEOi0NGp_LK6FqNiSZtHV2GEENDd15YV4CbryZLfM0QOY66Gi3gT_tRhAM3J6gSBHKN1ae9L1ucoWEQhUuYg2RcFwH3TR1J9MefSP7d7IEIbwm67h7al2_gOFIWKBt3rajglu0uTdDvmLfHd6SY6_dV2zMw8GFrAdlzE8i9YRCkJIBX3GZCmg_DsP09NVwBvRGs5znxMs47KvW8ipgOddYBylDm0eWNiSCL7NucfP6bDig9FxbLuoaRXJnWTDXEXb9OZS7CxbSn0Aph_cBLCN5_TNV73C9Hvz_6KTW9a34u1RW0Eesra9htMiKKycfHXUOe9QFhObXLBiCTSebAXH6O3Vv9C7_NLdPzSAk12YB3Vvr99sS2_rum0coC33LqNPUu_NXwKqo76sHr30xmOp7ASvq5R2AMxqzT_lKazOesV3Gu4cGWWIqWpN0kuem0xAxxKoBAnfmZZmyHlIckPpTAqMx9AZTUjiyZhuarAcfi3daF5FB3gJqZWH7XzcepCyrWwP_B_7PxaMzrI8yxhM2Ll2QYplWPApZ6Lxu7P5Q2GmM7G81pRrqFAYKMR_Licfh5OElDfR6W8RnFyIyzzdU8plHryg6RmKKusbR8gvNfYtne4JYeRHvEq623V87mCS8g6oPV1SYbSeDjfRir8QIvehNkvc2peAAtAJcBfLezojs8xTzGImP3BJLl9lHBbl8Ugb62gCbviGUaFMHhPBo9sFoLEPlG1De_gNmgWnK3Zt2hNKNqWuniLGWRgAS9jX6d7hDh6KSkVIsWaFxdt1XMjnqL1SRSBQiY9hnJkzD5XWG3oSWqUUUWCeq3kyvSdZrLRZHwsCsD027R2Xmsfekwxq_1S_09ug96n68v36Dbu6wZJr3cd4LfTPA6PbfSR_3m3DZyfPaPF_xM3mX6p7jg9GVfRtHCY8t_esPiazgDyjq_67vDqFuTOi8RAPPUKTWCsxI_XzgsBOvzQlxdIYhMF0d3Dve9iJzH7556mrXhGhFPFasFOrMjWZ6gyMpu9NuuEmrnDWcAV9uqJ6lLhTP5doiZJB8sei3RcNnQRHty4MlVKlVNasXYAtNNfPoh8zXM29wWtC9XReAxBSNaSDzqwVQU0PhfScQQwq4y04ait8KaAyuPKxmVuTcbQlWFfOr96d9umCj8A_XFmsF6mliW0FukpoTSCARZ3SG2aZmYVzPj3hTNl0EN1UDw7OMTLHM1nwbgc9I3d2r8SbLoGlbEk3nKrOv_kwYjgnyIwfiwaGd4igaLsk1cA1NAhJHsgH79ZA83wgEaxJ0iOfMKZ1QtBoIsxsecoER8HnjlvUYEfehifkE17w_OrsFCzdKgkQxe8BClbywbfbacJx86aWsSC_17:Array:i32:[Some(20_0)] [0_0] 
    mv      s3, zero
    li      s1, 1
    li      s2, 0
    mul     s4,s1,s2
    add     s3,s3,s4
    slli s3,s3,2
    li      s5, 84
    add     s3,s3,s5
    sd      s3,96(sp)
                    ;      store 1_0:i32 temp_0_17:ptr->Array:i32:[] 
    li      s2, 1
    ld      s1,96(sp)
    sd      s2,0(s1)
                    ;      mu VLDTJUr0eYj3UiHhVWtQqVrqunxn8GIY2SPSCOKZw1azce1XN6Oqaz7crOokQxd0Jl_HNREMFQUaJQeHFmH5vE_4dX1cLiR7f9h64RWN1G3M1mKM7Y7FB1LheRSAHJA08GrqaVlh7NN05M3MGbywOWe5g91MEJX8AeOgM9Ja2XqNDj_cm1adEFa8e30NudvaPNpxFOC2C66LKK8i5xA8HVJgwFZWtYKEthyhLGYDShqNOShWyq14gC7EdfD4gR1dhvtMQDUbiGDc7G4WrjBJNb0zS0L8ALJ8CHKer7t657HqogSAcWFx2TBiQdtSP8jYK3tsS6_IefxvEGLTInAvZk5pvYhNVCDh6o8rHvfK3D_BEeFOIIsh0C_cUEX2RAsgwIMHkUbt3PbBXDp8_RuJr98J9y7eicGQLMpnpaNRz_W4vDanyNCy8SwZQij6CeJYhK9Z5AjUlta4VJTHlKy40vp3kAL9pWllUHbtAF_KsoETwLz0B7QQ5RN9b6DK2JkFFhsnRlmVrgXP_dsJib9gf_3_soE4nRVxmpm_liH19vUvlTxn3buGVkrZNsE7tSkwUiA1bBv9nMh3k6blOh6133Ym6WHqEh2nFO0wCtkd1PlgYW2_9TVzXMpwSEOi0NGp_LK6FqNiSZtHV2GEENDd15YV4CbryZLfM0QOY66Gi3gT_tRhAM3J6gSBHKN1ae9L1ucoWEQhUuYg2RcFwH3TR1J9MefSP7d7IEIbwm67h7al2_gOFIWKBt3rajglu0uTdDvmLfHd6SY6_dV2zMw8GFrAdlzE8i9YRCkJIBX3GZCmg_DsP09NVwBvRGs5znxMs47KvW8ipgOddYBylDm0eWNiSCL7NucfP6bDig9FxbLuoaRXJnWTDXEXb9OZS7CxbSn0Aph_cBLCN5_TNV73C9Hvz_6KTW9a34u1RW0Eesra9htMiKKycfHXUOe9QFhObXLBiCTSebAXH6O3Vv9C7_NLdPzSAk12YB3Vvr99sS2_rum0coC33LqNPUu_NXwKqo76sHr30xmOp7ASvq5R2AMxqzT_lKazOesV3Gu4cGWWIqWpN0kuem0xAxxKoBAnfmZZmyHlIckPpTAqMx9AZTUjiyZhuarAcfi3daF5FB3gJqZWH7XzcepCyrWwP_B_7PxaMzrI8yxhM2Ll2QYplWPApZ6Lxu7P5Q2GmM7G81pRrqFAYKMR_Licfh5OElDfR6W8RnFyIyzzdU8plHryg6RmKKusbR8gvNfYtne4JYeRHvEq623V87mCS8g6oPV1SYbSeDjfRir8QIvehNkvc2peAAtAJcBfLezojs8xTzGImP3BJLl9lHBbl8Ugb62gCbviGUaFMHhPBo9sFoLEPlG1De_gNmgWnK3Zt2hNKNqWuniLGWRgAS9jX6d7hDh6KSkVIsWaFxdt1XMjnqL1SRSBQiY9hnJkzD5XWG3oSWqUUUWCeq3kyvSdZrLRZHwsCsD027R2Xmsfekwxq_1S_09ug96n68v36Dbu6wZJr3cd4LfTPA6PbfSR_3m3DZyfPaPF_xM3mX6p7jg9GVfRtHCY8t_esPiazgDyjq_67vDqFuTOi8RAPPUKTWCsxI_XzgsBOvzQlxdIYhMF0d3Dve9iJzH7556mrXhGhFPFasFOrMjWZ6gyMpu9NuuEmrnDWcAV9uqJ6lLhTP5doiZJB8sei3RcNnQRHty4MlVKlVNasXYAtNNfPoh8zXM29wWtC9XReAxBSNaSDzqwVQU0PhfScQQwq4y04ait8KaAyuPKxmVuTcbQlWFfOr96d9umCj8A_XFmsF6mliW0FukpoTSCARZ3SG2aZmYVzPj3hTNl0EN1UDw7OMTLHM1nwbgc9I3d2r8SbLoGlbEk3nKrOv_kwYjgnyIwfiwaGd4igaLsk1cA1NAhJHsgH79ZA83wgEaxJ0iOfMKZ1QtBoIsxsecoER8HnjlvUYEfehifkE17w_OrsFCzdKgkQxe8BClbywbfbacJx86aWsSC_17:24 
                    ;      VLDTJUr0eYj3UiHhVWtQqVrqunxn8GIY2SPSCOKZw1azce1XN6Oqaz7crOokQxd0Jl_HNREMFQUaJQeHFmH5vE_4dX1cLiR7f9h64RWN1G3M1mKM7Y7FB1LheRSAHJA08GrqaVlh7NN05M3MGbywOWe5g91MEJX8AeOgM9Ja2XqNDj_cm1adEFa8e30NudvaPNpxFOC2C66LKK8i5xA8HVJgwFZWtYKEthyhLGYDShqNOShWyq14gC7EdfD4gR1dhvtMQDUbiGDc7G4WrjBJNb0zS0L8ALJ8CHKer7t657HqogSAcWFx2TBiQdtSP8jYK3tsS6_IefxvEGLTInAvZk5pvYhNVCDh6o8rHvfK3D_BEeFOIIsh0C_cUEX2RAsgwIMHkUbt3PbBXDp8_RuJr98J9y7eicGQLMpnpaNRz_W4vDanyNCy8SwZQij6CeJYhK9Z5AjUlta4VJTHlKy40vp3kAL9pWllUHbtAF_KsoETwLz0B7QQ5RN9b6DK2JkFFhsnRlmVrgXP_dsJib9gf_3_soE4nRVxmpm_liH19vUvlTxn3buGVkrZNsE7tSkwUiA1bBv9nMh3k6blOh6133Ym6WHqEh2nFO0wCtkd1PlgYW2_9TVzXMpwSEOi0NGp_LK6FqNiSZtHV2GEENDd15YV4CbryZLfM0QOY66Gi3gT_tRhAM3J6gSBHKN1ae9L1ucoWEQhUuYg2RcFwH3TR1J9MefSP7d7IEIbwm67h7al2_gOFIWKBt3rajglu0uTdDvmLfHd6SY6_dV2zMw8GFrAdlzE8i9YRCkJIBX3GZCmg_DsP09NVwBvRGs5znxMs47KvW8ipgOddYBylDm0eWNiSCL7NucfP6bDig9FxbLuoaRXJnWTDXEXb9OZS7CxbSn0Aph_cBLCN5_TNV73C9Hvz_6KTW9a34u1RW0Eesra9htMiKKycfHXUOe9QFhObXLBiCTSebAXH6O3Vv9C7_NLdPzSAk12YB3Vvr99sS2_rum0coC33LqNPUu_NXwKqo76sHr30xmOp7ASvq5R2AMxqzT_lKazOesV3Gu4cGWWIqWpN0kuem0xAxxKoBAnfmZZmyHlIckPpTAqMx9AZTUjiyZhuarAcfi3daF5FB3gJqZWH7XzcepCyrWwP_B_7PxaMzrI8yxhM2Ll2QYplWPApZ6Lxu7P5Q2GmM7G81pRrqFAYKMR_Licfh5OElDfR6W8RnFyIyzzdU8plHryg6RmKKusbR8gvNfYtne4JYeRHvEq623V87mCS8g6oPV1SYbSeDjfRir8QIvehNkvc2peAAtAJcBfLezojs8xTzGImP3BJLl9lHBbl8Ugb62gCbviGUaFMHhPBo9sFoLEPlG1De_gNmgWnK3Zt2hNKNqWuniLGWRgAS9jX6d7hDh6KSkVIsWaFxdt1XMjnqL1SRSBQiY9hnJkzD5XWG3oSWqUUUWCeq3kyvSdZrLRZHwsCsD027R2Xmsfekwxq_1S_09ug96n68v36Dbu6wZJr3cd4LfTPA6PbfSR_3m3DZyfPaPF_xM3mX6p7jg9GVfRtHCY8t_esPiazgDyjq_67vDqFuTOi8RAPPUKTWCsxI_XzgsBOvzQlxdIYhMF0d3Dve9iJzH7556mrXhGhFPFasFOrMjWZ6gyMpu9NuuEmrnDWcAV9uqJ6lLhTP5doiZJB8sei3RcNnQRHty4MlVKlVNasXYAtNNfPoh8zXM29wWtC9XReAxBSNaSDzqwVQU0PhfScQQwq4y04ait8KaAyuPKxmVuTcbQlWFfOr96d9umCj8A_XFmsF6mliW0FukpoTSCARZ3SG2aZmYVzPj3hTNl0EN1UDw7OMTLHM1nwbgc9I3d2r8SbLoGlbEk3nKrOv_kwYjgnyIwfiwaGd4igaLsk1cA1NAhJHsgH79ZA83wgEaxJ0iOfMKZ1QtBoIsxsecoER8HnjlvUYEfehifkE17w_OrsFCzdKgkQxe8BClbywbfbacJx86aWsSC_17 = chi VLDTJUr0eYj3UiHhVWtQqVrqunxn8GIY2SPSCOKZw1azce1XN6Oqaz7crOokQxd0Jl_HNREMFQUaJQeHFmH5vE_4dX1cLiR7f9h64RWN1G3M1mKM7Y7FB1LheRSAHJA08GrqaVlh7NN05M3MGbywOWe5g91MEJX8AeOgM9Ja2XqNDj_cm1adEFa8e30NudvaPNpxFOC2C66LKK8i5xA8HVJgwFZWtYKEthyhLGYDShqNOShWyq14gC7EdfD4gR1dhvtMQDUbiGDc7G4WrjBJNb0zS0L8ALJ8CHKer7t657HqogSAcWFx2TBiQdtSP8jYK3tsS6_IefxvEGLTInAvZk5pvYhNVCDh6o8rHvfK3D_BEeFOIIsh0C_cUEX2RAsgwIMHkUbt3PbBXDp8_RuJr98J9y7eicGQLMpnpaNRz_W4vDanyNCy8SwZQij6CeJYhK9Z5AjUlta4VJTHlKy40vp3kAL9pWllUHbtAF_KsoETwLz0B7QQ5RN9b6DK2JkFFhsnRlmVrgXP_dsJib9gf_3_soE4nRVxmpm_liH19vUvlTxn3buGVkrZNsE7tSkwUiA1bBv9nMh3k6blOh6133Ym6WHqEh2nFO0wCtkd1PlgYW2_9TVzXMpwSEOi0NGp_LK6FqNiSZtHV2GEENDd15YV4CbryZLfM0QOY66Gi3gT_tRhAM3J6gSBHKN1ae9L1ucoWEQhUuYg2RcFwH3TR1J9MefSP7d7IEIbwm67h7al2_gOFIWKBt3rajglu0uTdDvmLfHd6SY6_dV2zMw8GFrAdlzE8i9YRCkJIBX3GZCmg_DsP09NVwBvRGs5znxMs47KvW8ipgOddYBylDm0eWNiSCL7NucfP6bDig9FxbLuoaRXJnWTDXEXb9OZS7CxbSn0Aph_cBLCN5_TNV73C9Hvz_6KTW9a34u1RW0Eesra9htMiKKycfHXUOe9QFhObXLBiCTSebAXH6O3Vv9C7_NLdPzSAk12YB3Vvr99sS2_rum0coC33LqNPUu_NXwKqo76sHr30xmOp7ASvq5R2AMxqzT_lKazOesV3Gu4cGWWIqWpN0kuem0xAxxKoBAnfmZZmyHlIckPpTAqMx9AZTUjiyZhuarAcfi3daF5FB3gJqZWH7XzcepCyrWwP_B_7PxaMzrI8yxhM2Ll2QYplWPApZ6Lxu7P5Q2GmM7G81pRrqFAYKMR_Licfh5OElDfR6W8RnFyIyzzdU8plHryg6RmKKusbR8gvNfYtne4JYeRHvEq623V87mCS8g6oPV1SYbSeDjfRir8QIvehNkvc2peAAtAJcBfLezojs8xTzGImP3BJLl9lHBbl8Ugb62gCbviGUaFMHhPBo9sFoLEPlG1De_gNmgWnK3Zt2hNKNqWuniLGWRgAS9jX6d7hDh6KSkVIsWaFxdt1XMjnqL1SRSBQiY9hnJkzD5XWG3oSWqUUUWCeq3kyvSdZrLRZHwsCsD027R2Xmsfekwxq_1S_09ug96n68v36Dbu6wZJr3cd4LfTPA6PbfSR_3m3DZyfPaPF_xM3mX6p7jg9GVfRtHCY8t_esPiazgDyjq_67vDqFuTOi8RAPPUKTWCsxI_XzgsBOvzQlxdIYhMF0d3Dve9iJzH7556mrXhGhFPFasFOrMjWZ6gyMpu9NuuEmrnDWcAV9uqJ6lLhTP5doiZJB8sei3RcNnQRHty4MlVKlVNasXYAtNNfPoh8zXM29wWtC9XReAxBSNaSDzqwVQU0PhfScQQwq4y04ait8KaAyuPKxmVuTcbQlWFfOr96d9umCj8A_XFmsF6mliW0FukpoTSCARZ3SG2aZmYVzPj3hTNl0EN1UDw7OMTLHM1nwbgc9I3d2r8SbLoGlbEk3nKrOv_kwYjgnyIwfiwaGd4igaLsk1cA1NAhJHsgH79ZA83wgEaxJ0iOfMKZ1QtBoIsxsecoER8HnjlvUYEfehifkE17w_OrsFCzdKgkQxe8BClbywbfbacJx86aWsSC_17:24 
                    ;      new_var temp_1_17:ptr->i32 
                    ;      temp_1_17 = getelementptr VLDTJUr0eYj3UiHhVWtQqVrqunxn8GIY2SPSCOKZw1azce1XN6Oqaz7crOokQxd0Jl_HNREMFQUaJQeHFmH5vE_4dX1cLiR7f9h64RWN1G3M1mKM7Y7FB1LheRSAHJA08GrqaVlh7NN05M3MGbywOWe5g91MEJX8AeOgM9Ja2XqNDj_cm1adEFa8e30NudvaPNpxFOC2C66LKK8i5xA8HVJgwFZWtYKEthyhLGYDShqNOShWyq14gC7EdfD4gR1dhvtMQDUbiGDc7G4WrjBJNb0zS0L8ALJ8CHKer7t657HqogSAcWFx2TBiQdtSP8jYK3tsS6_IefxvEGLTInAvZk5pvYhNVCDh6o8rHvfK3D_BEeFOIIsh0C_cUEX2RAsgwIMHkUbt3PbBXDp8_RuJr98J9y7eicGQLMpnpaNRz_W4vDanyNCy8SwZQij6CeJYhK9Z5AjUlta4VJTHlKy40vp3kAL9pWllUHbtAF_KsoETwLz0B7QQ5RN9b6DK2JkFFhsnRlmVrgXP_dsJib9gf_3_soE4nRVxmpm_liH19vUvlTxn3buGVkrZNsE7tSkwUiA1bBv9nMh3k6blOh6133Ym6WHqEh2nFO0wCtkd1PlgYW2_9TVzXMpwSEOi0NGp_LK6FqNiSZtHV2GEENDd15YV4CbryZLfM0QOY66Gi3gT_tRhAM3J6gSBHKN1ae9L1ucoWEQhUuYg2RcFwH3TR1J9MefSP7d7IEIbwm67h7al2_gOFIWKBt3rajglu0uTdDvmLfHd6SY6_dV2zMw8GFrAdlzE8i9YRCkJIBX3GZCmg_DsP09NVwBvRGs5znxMs47KvW8ipgOddYBylDm0eWNiSCL7NucfP6bDig9FxbLuoaRXJnWTDXEXb9OZS7CxbSn0Aph_cBLCN5_TNV73C9Hvz_6KTW9a34u1RW0Eesra9htMiKKycfHXUOe9QFhObXLBiCTSebAXH6O3Vv9C7_NLdPzSAk12YB3Vvr99sS2_rum0coC33LqNPUu_NXwKqo76sHr30xmOp7ASvq5R2AMxqzT_lKazOesV3Gu4cGWWIqWpN0kuem0xAxxKoBAnfmZZmyHlIckPpTAqMx9AZTUjiyZhuarAcfi3daF5FB3gJqZWH7XzcepCyrWwP_B_7PxaMzrI8yxhM2Ll2QYplWPApZ6Lxu7P5Q2GmM7G81pRrqFAYKMR_Licfh5OElDfR6W8RnFyIyzzdU8plHryg6RmKKusbR8gvNfYtne4JYeRHvEq623V87mCS8g6oPV1SYbSeDjfRir8QIvehNkvc2peAAtAJcBfLezojs8xTzGImP3BJLl9lHBbl8Ugb62gCbviGUaFMHhPBo9sFoLEPlG1De_gNmgWnK3Zt2hNKNqWuniLGWRgAS9jX6d7hDh6KSkVIsWaFxdt1XMjnqL1SRSBQiY9hnJkzD5XWG3oSWqUUUWCeq3kyvSdZrLRZHwsCsD027R2Xmsfekwxq_1S_09ug96n68v36Dbu6wZJr3cd4LfTPA6PbfSR_3m3DZyfPaPF_xM3mX6p7jg9GVfRtHCY8t_esPiazgDyjq_67vDqFuTOi8RAPPUKTWCsxI_XzgsBOvzQlxdIYhMF0d3Dve9iJzH7556mrXhGhFPFasFOrMjWZ6gyMpu9NuuEmrnDWcAV9uqJ6lLhTP5doiZJB8sei3RcNnQRHty4MlVKlVNasXYAtNNfPoh8zXM29wWtC9XReAxBSNaSDzqwVQU0PhfScQQwq4y04ait8KaAyuPKxmVuTcbQlWFfOr96d9umCj8A_XFmsF6mliW0FukpoTSCARZ3SG2aZmYVzPj3hTNl0EN1UDw7OMTLHM1nwbgc9I3d2r8SbLoGlbEk3nKrOv_kwYjgnyIwfiwaGd4igaLsk1cA1NAhJHsgH79ZA83wgEaxJ0iOfMKZ1QtBoIsxsecoER8HnjlvUYEfehifkE17w_OrsFCzdKgkQxe8BClbywbfbacJx86aWsSC_17:Array:i32:[Some(20_0)] [1_0] 
    mv      s3, zero
    li      s1, 1
    li      s2, 1
    mul     s4,s1,s2
    add     s3,s3,s4
    slli s3,s3,2
    li      s5, 84
    add     s3,s3,s5
    sd      s3,88(sp)
                    ;      store 2_0:i32 temp_1_17:ptr->Array:i32:[] 
    li      s2, 2
    ld      s1,88(sp)
    sd      s2,0(s1)
                    ;      mu VLDTJUr0eYj3UiHhVWtQqVrqunxn8GIY2SPSCOKZw1azce1XN6Oqaz7crOokQxd0Jl_HNREMFQUaJQeHFmH5vE_4dX1cLiR7f9h64RWN1G3M1mKM7Y7FB1LheRSAHJA08GrqaVlh7NN05M3MGbywOWe5g91MEJX8AeOgM9Ja2XqNDj_cm1adEFa8e30NudvaPNpxFOC2C66LKK8i5xA8HVJgwFZWtYKEthyhLGYDShqNOShWyq14gC7EdfD4gR1dhvtMQDUbiGDc7G4WrjBJNb0zS0L8ALJ8CHKer7t657HqogSAcWFx2TBiQdtSP8jYK3tsS6_IefxvEGLTInAvZk5pvYhNVCDh6o8rHvfK3D_BEeFOIIsh0C_cUEX2RAsgwIMHkUbt3PbBXDp8_RuJr98J9y7eicGQLMpnpaNRz_W4vDanyNCy8SwZQij6CeJYhK9Z5AjUlta4VJTHlKy40vp3kAL9pWllUHbtAF_KsoETwLz0B7QQ5RN9b6DK2JkFFhsnRlmVrgXP_dsJib9gf_3_soE4nRVxmpm_liH19vUvlTxn3buGVkrZNsE7tSkwUiA1bBv9nMh3k6blOh6133Ym6WHqEh2nFO0wCtkd1PlgYW2_9TVzXMpwSEOi0NGp_LK6FqNiSZtHV2GEENDd15YV4CbryZLfM0QOY66Gi3gT_tRhAM3J6gSBHKN1ae9L1ucoWEQhUuYg2RcFwH3TR1J9MefSP7d7IEIbwm67h7al2_gOFIWKBt3rajglu0uTdDvmLfHd6SY6_dV2zMw8GFrAdlzE8i9YRCkJIBX3GZCmg_DsP09NVwBvRGs5znxMs47KvW8ipgOddYBylDm0eWNiSCL7NucfP6bDig9FxbLuoaRXJnWTDXEXb9OZS7CxbSn0Aph_cBLCN5_TNV73C9Hvz_6KTW9a34u1RW0Eesra9htMiKKycfHXUOe9QFhObXLBiCTSebAXH6O3Vv9C7_NLdPzSAk12YB3Vvr99sS2_rum0coC33LqNPUu_NXwKqo76sHr30xmOp7ASvq5R2AMxqzT_lKazOesV3Gu4cGWWIqWpN0kuem0xAxxKoBAnfmZZmyHlIckPpTAqMx9AZTUjiyZhuarAcfi3daF5FB3gJqZWH7XzcepCyrWwP_B_7PxaMzrI8yxhM2Ll2QYplWPApZ6Lxu7P5Q2GmM7G81pRrqFAYKMR_Licfh5OElDfR6W8RnFyIyzzdU8plHryg6RmKKusbR8gvNfYtne4JYeRHvEq623V87mCS8g6oPV1SYbSeDjfRir8QIvehNkvc2peAAtAJcBfLezojs8xTzGImP3BJLl9lHBbl8Ugb62gCbviGUaFMHhPBo9sFoLEPlG1De_gNmgWnK3Zt2hNKNqWuniLGWRgAS9jX6d7hDh6KSkVIsWaFxdt1XMjnqL1SRSBQiY9hnJkzD5XWG3oSWqUUUWCeq3kyvSdZrLRZHwsCsD027R2Xmsfekwxq_1S_09ug96n68v36Dbu6wZJr3cd4LfTPA6PbfSR_3m3DZyfPaPF_xM3mX6p7jg9GVfRtHCY8t_esPiazgDyjq_67vDqFuTOi8RAPPUKTWCsxI_XzgsBOvzQlxdIYhMF0d3Dve9iJzH7556mrXhGhFPFasFOrMjWZ6gyMpu9NuuEmrnDWcAV9uqJ6lLhTP5doiZJB8sei3RcNnQRHty4MlVKlVNasXYAtNNfPoh8zXM29wWtC9XReAxBSNaSDzqwVQU0PhfScQQwq4y04ait8KaAyuPKxmVuTcbQlWFfOr96d9umCj8A_XFmsF6mliW0FukpoTSCARZ3SG2aZmYVzPj3hTNl0EN1UDw7OMTLHM1nwbgc9I3d2r8SbLoGlbEk3nKrOv_kwYjgnyIwfiwaGd4igaLsk1cA1NAhJHsgH79ZA83wgEaxJ0iOfMKZ1QtBoIsxsecoER8HnjlvUYEfehifkE17w_OrsFCzdKgkQxe8BClbywbfbacJx86aWsSC_17:30 
                    ;      VLDTJUr0eYj3UiHhVWtQqVrqunxn8GIY2SPSCOKZw1azce1XN6Oqaz7crOokQxd0Jl_HNREMFQUaJQeHFmH5vE_4dX1cLiR7f9h64RWN1G3M1mKM7Y7FB1LheRSAHJA08GrqaVlh7NN05M3MGbywOWe5g91MEJX8AeOgM9Ja2XqNDj_cm1adEFa8e30NudvaPNpxFOC2C66LKK8i5xA8HVJgwFZWtYKEthyhLGYDShqNOShWyq14gC7EdfD4gR1dhvtMQDUbiGDc7G4WrjBJNb0zS0L8ALJ8CHKer7t657HqogSAcWFx2TBiQdtSP8jYK3tsS6_IefxvEGLTInAvZk5pvYhNVCDh6o8rHvfK3D_BEeFOIIsh0C_cUEX2RAsgwIMHkUbt3PbBXDp8_RuJr98J9y7eicGQLMpnpaNRz_W4vDanyNCy8SwZQij6CeJYhK9Z5AjUlta4VJTHlKy40vp3kAL9pWllUHbtAF_KsoETwLz0B7QQ5RN9b6DK2JkFFhsnRlmVrgXP_dsJib9gf_3_soE4nRVxmpm_liH19vUvlTxn3buGVkrZNsE7tSkwUiA1bBv9nMh3k6blOh6133Ym6WHqEh2nFO0wCtkd1PlgYW2_9TVzXMpwSEOi0NGp_LK6FqNiSZtHV2GEENDd15YV4CbryZLfM0QOY66Gi3gT_tRhAM3J6gSBHKN1ae9L1ucoWEQhUuYg2RcFwH3TR1J9MefSP7d7IEIbwm67h7al2_gOFIWKBt3rajglu0uTdDvmLfHd6SY6_dV2zMw8GFrAdlzE8i9YRCkJIBX3GZCmg_DsP09NVwBvRGs5znxMs47KvW8ipgOddYBylDm0eWNiSCL7NucfP6bDig9FxbLuoaRXJnWTDXEXb9OZS7CxbSn0Aph_cBLCN5_TNV73C9Hvz_6KTW9a34u1RW0Eesra9htMiKKycfHXUOe9QFhObXLBiCTSebAXH6O3Vv9C7_NLdPzSAk12YB3Vvr99sS2_rum0coC33LqNPUu_NXwKqo76sHr30xmOp7ASvq5R2AMxqzT_lKazOesV3Gu4cGWWIqWpN0kuem0xAxxKoBAnfmZZmyHlIckPpTAqMx9AZTUjiyZhuarAcfi3daF5FB3gJqZWH7XzcepCyrWwP_B_7PxaMzrI8yxhM2Ll2QYplWPApZ6Lxu7P5Q2GmM7G81pRrqFAYKMR_Licfh5OElDfR6W8RnFyIyzzdU8plHryg6RmKKusbR8gvNfYtne4JYeRHvEq623V87mCS8g6oPV1SYbSeDjfRir8QIvehNkvc2peAAtAJcBfLezojs8xTzGImP3BJLl9lHBbl8Ugb62gCbviGUaFMHhPBo9sFoLEPlG1De_gNmgWnK3Zt2hNKNqWuniLGWRgAS9jX6d7hDh6KSkVIsWaFxdt1XMjnqL1SRSBQiY9hnJkzD5XWG3oSWqUUUWCeq3kyvSdZrLRZHwsCsD027R2Xmsfekwxq_1S_09ug96n68v36Dbu6wZJr3cd4LfTPA6PbfSR_3m3DZyfPaPF_xM3mX6p7jg9GVfRtHCY8t_esPiazgDyjq_67vDqFuTOi8RAPPUKTWCsxI_XzgsBOvzQlxdIYhMF0d3Dve9iJzH7556mrXhGhFPFasFOrMjWZ6gyMpu9NuuEmrnDWcAV9uqJ6lLhTP5doiZJB8sei3RcNnQRHty4MlVKlVNasXYAtNNfPoh8zXM29wWtC9XReAxBSNaSDzqwVQU0PhfScQQwq4y04ait8KaAyuPKxmVuTcbQlWFfOr96d9umCj8A_XFmsF6mliW0FukpoTSCARZ3SG2aZmYVzPj3hTNl0EN1UDw7OMTLHM1nwbgc9I3d2r8SbLoGlbEk3nKrOv_kwYjgnyIwfiwaGd4igaLsk1cA1NAhJHsgH79ZA83wgEaxJ0iOfMKZ1QtBoIsxsecoER8HnjlvUYEfehifkE17w_OrsFCzdKgkQxe8BClbywbfbacJx86aWsSC_17 = chi VLDTJUr0eYj3UiHhVWtQqVrqunxn8GIY2SPSCOKZw1azce1XN6Oqaz7crOokQxd0Jl_HNREMFQUaJQeHFmH5vE_4dX1cLiR7f9h64RWN1G3M1mKM7Y7FB1LheRSAHJA08GrqaVlh7NN05M3MGbywOWe5g91MEJX8AeOgM9Ja2XqNDj_cm1adEFa8e30NudvaPNpxFOC2C66LKK8i5xA8HVJgwFZWtYKEthyhLGYDShqNOShWyq14gC7EdfD4gR1dhvtMQDUbiGDc7G4WrjBJNb0zS0L8ALJ8CHKer7t657HqogSAcWFx2TBiQdtSP8jYK3tsS6_IefxvEGLTInAvZk5pvYhNVCDh6o8rHvfK3D_BEeFOIIsh0C_cUEX2RAsgwIMHkUbt3PbBXDp8_RuJr98J9y7eicGQLMpnpaNRz_W4vDanyNCy8SwZQij6CeJYhK9Z5AjUlta4VJTHlKy40vp3kAL9pWllUHbtAF_KsoETwLz0B7QQ5RN9b6DK2JkFFhsnRlmVrgXP_dsJib9gf_3_soE4nRVxmpm_liH19vUvlTxn3buGVkrZNsE7tSkwUiA1bBv9nMh3k6blOh6133Ym6WHqEh2nFO0wCtkd1PlgYW2_9TVzXMpwSEOi0NGp_LK6FqNiSZtHV2GEENDd15YV4CbryZLfM0QOY66Gi3gT_tRhAM3J6gSBHKN1ae9L1ucoWEQhUuYg2RcFwH3TR1J9MefSP7d7IEIbwm67h7al2_gOFIWKBt3rajglu0uTdDvmLfHd6SY6_dV2zMw8GFrAdlzE8i9YRCkJIBX3GZCmg_DsP09NVwBvRGs5znxMs47KvW8ipgOddYBylDm0eWNiSCL7NucfP6bDig9FxbLuoaRXJnWTDXEXb9OZS7CxbSn0Aph_cBLCN5_TNV73C9Hvz_6KTW9a34u1RW0Eesra9htMiKKycfHXUOe9QFhObXLBiCTSebAXH6O3Vv9C7_NLdPzSAk12YB3Vvr99sS2_rum0coC33LqNPUu_NXwKqo76sHr30xmOp7ASvq5R2AMxqzT_lKazOesV3Gu4cGWWIqWpN0kuem0xAxxKoBAnfmZZmyHlIckPpTAqMx9AZTUjiyZhuarAcfi3daF5FB3gJqZWH7XzcepCyrWwP_B_7PxaMzrI8yxhM2Ll2QYplWPApZ6Lxu7P5Q2GmM7G81pRrqFAYKMR_Licfh5OElDfR6W8RnFyIyzzdU8plHryg6RmKKusbR8gvNfYtne4JYeRHvEq623V87mCS8g6oPV1SYbSeDjfRir8QIvehNkvc2peAAtAJcBfLezojs8xTzGImP3BJLl9lHBbl8Ugb62gCbviGUaFMHhPBo9sFoLEPlG1De_gNmgWnK3Zt2hNKNqWuniLGWRgAS9jX6d7hDh6KSkVIsWaFxdt1XMjnqL1SRSBQiY9hnJkzD5XWG3oSWqUUUWCeq3kyvSdZrLRZHwsCsD027R2Xmsfekwxq_1S_09ug96n68v36Dbu6wZJr3cd4LfTPA6PbfSR_3m3DZyfPaPF_xM3mX6p7jg9GVfRtHCY8t_esPiazgDyjq_67vDqFuTOi8RAPPUKTWCsxI_XzgsBOvzQlxdIYhMF0d3Dve9iJzH7556mrXhGhFPFasFOrMjWZ6gyMpu9NuuEmrnDWcAV9uqJ6lLhTP5doiZJB8sei3RcNnQRHty4MlVKlVNasXYAtNNfPoh8zXM29wWtC9XReAxBSNaSDzqwVQU0PhfScQQwq4y04ait8KaAyuPKxmVuTcbQlWFfOr96d9umCj8A_XFmsF6mliW0FukpoTSCARZ3SG2aZmYVzPj3hTNl0EN1UDw7OMTLHM1nwbgc9I3d2r8SbLoGlbEk3nKrOv_kwYjgnyIwfiwaGd4igaLsk1cA1NAhJHsgH79ZA83wgEaxJ0iOfMKZ1QtBoIsxsecoER8HnjlvUYEfehifkE17w_OrsFCzdKgkQxe8BClbywbfbacJx86aWsSC_17:30 
                    ;      V62vtYqjKr7vUHagX8crbD1Pj3RQqU188LgQk6im7Spz55lXZst8JZUowhVn7jz0bBXMsqvfWOKodXpT1Le6hFHrOb7UtEvFnsLGY9ZFBZjhjQKYHD0x0UoUVFYqNdSKrJLMPgBCvFrv0fiyCCZLqZptbJsZi9hCttHTcJVZ1ZkY63OoAyp5j02vip4mrw1SkZ5_06fVVOf4Cxyo2FIwGshCl2UN5A9lmUcdYhWZFN0LmC0eVdXx_fxzUpPwuaKAcHwBEZ0cAQXqfysxTiVb70SjMOnk89XrM2q34razAD6MiwPqVLzq05wRNWFAbxWc6Nv6YRj5uiZCwnyk4IrUDwcK_x1qH1Epkh5Kub8I0bRAISObdx9dy4VEbYDAxbLusLgTYjmrI_8t9jQ9WNe8zSnfmyOfvG8pWIzBXgzANur56sXGJ6DGIEFn1POWjp8WeJ9VwKxagoEXETh_4_BXKtibxg2CX5uhIWotBtmf3Z2qllM7FDf8rjLc0ib6NrDpXEArt1gKyw4BHszFGsn3ZE1ojKg1akhO2TQ1CS_rnTnWg_xzuCqVMeabyZOcrKXPKtLLN8VZweyipoSeobDTgb9XNPtN3k15D3gnzXajF3MDJQjMUCzqFuPXvDL1I7ZUZa4Iwn3eeRFbBiktbICOI8AKvmxVR0opvRUGikTcL4CpobsupXk_hnTqKdr3ZkKMy1iZ29TiIQ3k77TnpF9aBbnYOqHSeEEGp4XKGHPJvN6zvt5cdl48qq0Gis7lbuDABnaOWB6j7KYtSWSTcvgV_Xf8W6eGnLfaRvKbwzjo6XJ666ohjJTZ6zVyH3hjKNoQdG2jqj7q6dc2weSwBIuq60zR0OtAkho_7wZcEFWevTKzz4kcHHnqmRgwVXMovcVfwJoe2bnDxp2qyZ3ZZKwssaxwbcobq2R3QjLmyPdFyufpJKzwkavnMtvqahN_SXxvbRVrD5FvUm5SN9Gx8Rma36q2S2LYxOmbVtDa28yDYOxVkzwCF1dkj9azf60ebCoHdu1F8OnYl4R62eX8H3suqKcugZcwslPstms5GUcCcd53xTs1y7JucvmnbcsTFI4veCK4_yFg_G4CqyyrARVWsMxcYWjrmRKDY5tpUlySttXqwUt2NEql371PGNmX5qC972ZjKR2LiCwccUZfb6RkptSAaGqDfWaLcDUUaJ6zqPIKzZNVXKinBmO2lO2M_k1ppG8NGbGZvy_Op8jybGIc_B9LmcGre5k9Nd0KZZRqD7X6QFVHhkNNjuKFYlx_a3vWTtmX3SrGVuQCMJEsgbqla8TS3lfkyhnjl3JVtr1LlGsDvMJAoubwHxxJ86Tv9L6k5c6K82CMeYDAXaMNh9KjqEAGTUHe6w5daraYhFYE3PLs9K0Tl7PCHyAoQutsdM2O0Sts_leOLsignSl9k1_nl8Z5LICcY11qnBusAfntTlJhH6b3TfVrks8_pf0H1Tpbj2vyqglle5oBCdeSOUJfrW9RmCJdOpvEIttyciMOEExGrMR4uXrl4F6a7VzPsFuRhi4sNib1_EDOKATGy1JQWPaPsepXwltnW_EDT5eKMGoagdkFiRPn_iDpu0ArPE1MRz5JYXPUyLQL9TuJUJWO5VvnqTQz19bwix0Z5XTFhmxGytpqJgh7TNzd_G_VXVr5N_gtFr7jmxZ4zOBOFNPytdNCw2fYUyybUkFPU43fam7IATF28q2xNwcpP95S5Mf7W4XD2sxLy5posJQqZzv60UEoPgLjUkzXZtovAT7zUibCC9LvXAwuIMaOolWRGNCLZUrSzm_yTfmEZXwUlPd0g76KaL1C6zyjXBb0DKhqcGqKBie4J3TyRv3j4wJfW4LGz0Gibv2jeJwYHfiUupWZNzG0rOtUkIYIdfZKmvwp9z9z7RlYrmxnVpgW_p2r1iloJbUoFa7yFBL0i701BLC8cy60YPgRf8nxdMSdeb34M34H7uZZFzGHfD_bb_FE08SRw_uPwSdtLMiwztlpB_9Z6X2CyqKB0rxfSSHE6k6kvByG2FqKipOMyDyAS2i7Tw3LwK6YWNVOhbVRx4gelY4g046RJsXBiXL5NTrpJL22F4zlc3o0KiSE_17 = i32 0_0 
    li      s1, 0
    sw      s1,4(sp)
                    ;      jump label: L1_0 
    j       L1_0
                    ;      label L1_0: 
L1_0:
                    ;      label L2_0: 
L2_0:
                    ;      jump label: L1_0 
    j       L1_0
                    ;      label L3_0: 
L3_0:
                    ;      ret 
    ld      ra,120(sp)
    ld      s0,112(sp)
    addi    sp,sp,-128
    ret

Pass Nhwc2RiscvDebugPass run successfully
Pass SymtabDebugPass run successfully
all passed finish 耗时: 362.953926ms
all io tasks finish 耗时: 1.898µs
