Pass Code2AstPass run successfully
2232
2244
2273
2323
2387
2424
2464
2507
2538
2567
2604
2641
2680
2744
2787
2851
2895
2962
3001
3009
Pass Ast2ScopeTree run successfully
Pass Ast2CfgPass run successfully
[31m debuginfo is_const:false at decl_ndoe:3[0m
[32m debuginfo visit 0[0m
[32m debuginfo visit 1[0m
[32m debuginfo visit 5[0m
[32m debuginfo visit 33[0m
[32m debuginfo visit 32[0m
[32m debuginfo visit 31[0m
[32m debuginfo visit 30[0m
[32m debuginfo visit 29[0m
[32m debuginfo visit 28[0m
[32m debuginfo visit 27[0m
[32m debuginfo visit 26[0m
[32m debuginfo visit 25[0m
[32m debuginfo visit 24[0m
[32m debuginfo visit 23[0m
[32m debuginfo visit 22[0m
[32m debuginfo visit 21[0m
[32m debuginfo visit 20[0m
[32m debuginfo visit 19[0m
[32m debuginfo visit 18[0m
[32m debuginfo visit 17[0m
[32m debuginfo visit 16[0m
[32m debuginfo visit 15[0m
[32m debuginfo visit 14[0m
[32m debuginfo visit 13[0m
[32m debuginfo visit 12[0m
[32m debuginfo visit 11[0m
[32m debuginfo visit 10[0m
[32m debuginfo visit 9[0m
[32m debuginfo visit 8[0m
[32m debuginfo visit 7[0m
[32m debuginfo visit 6[0m
[32m debuginfo visit 2[0m
[32m debuginfo visit 4[0m
[32m debuginfo visit 3[0m
[32m debuginfo eval et 0[0m
[32m debuginfo eval et 1[0m
[32m debuginfo eval et 2[0m
[32m debuginfo eval et 3[0m
[32m debuginfo eval et 4[0m
[32m debuginfo eval et 5[0m
[32m debuginfo eval et 6[0m
[32m debuginfo eval et 7[0m
[32m debuginfo eval et 8[0m
[32m debuginfo eval et 9[0m
[32m debuginfo eval et 10[0m
[32m debuginfo eval et 11[0m
[32m debuginfo eval et 12[0m
[32m debuginfo eval et 13[0m
[32m debuginfo eval et 14[0m
[32m debuginfo eval et 15[0m
[32m debuginfo eval et 16[0m
[32m debuginfo eval et 17[0m
[32m debuginfo eval et 18[0m
[32m debuginfo eval et 19[0m
[32m debuginfo eval et 20[0m
[32m debuginfo eval et 21[0m
[32m debuginfo eval et 22[0m
[32m debuginfo eval et 23[0m
[32m debuginfo eval et 24[0m
[32m debuginfo eval et 25[0m
[32m debuginfo eval et 26[0m
[32m debuginfo eval et 27[0m
[32m debuginfo eval et 28[0m
[32m debuginfo eval et 29[0m
[32m debuginfo eval et 30[0m
[32m debuginfo eval et 31[0m
[32m debuginfo eval et 32[0m
[32m debuginfo eval et 33[0m
[31m debuginfo eval_sub_et_nodes failed[0m
[31m debuginfo [Some(100_0)][0m
[34m debuginfo array_init [100] [0m
[34m debuginfo array_init [100] [0m
[34m debuginfo weight vec calcuated is [1_0][0m
[34m debuginfo weight vec calcuated is [1_0][0m
[34m debuginfo weight vec calcuated is [1_0][0m
[34m debuginfo weight vec calcuated is [1_0][0m
[34m debuginfo weight vec calcuated is [1_0][0m
[34m debuginfo weight vec calcuated is [1_0][0m
[34m debuginfo weight vec calcuated is [1_0][0m
[34m debuginfo weight vec calcuated is [1_0][0m
[34m debuginfo weight vec calcuated is [1_0][0m
[34m debuginfo weight vec calcuated is [1_0][0m
[34m debuginfo weight vec calcuated is [1_0][0m
[34m debuginfo weight vec calcuated is [1_0][0m
[34m debuginfo weight vec calcuated is [1_0][0m
[34m debuginfo weight vec calcuated is [1_0][0m
[34m debuginfo weight vec calcuated is [1_0][0m
[34m debuginfo weight vec calcuated is [1_0][0m
[34m debuginfo weight vec calcuated is [1_0][0m
[34m debuginfo weight vec calcuated is [1_0][0m
[34m debuginfo weight vec calcuated is [1_0][0m
[34m debuginfo weight vec calcuated is [1_0][0m
[34m debuginfo weight vec calcuated is [1_0][0m
[34m debuginfo weight vec calcuated is [1_0][0m
[34m debuginfo weight vec calcuated is [1_0][0m
[34m debuginfo weight vec calcuated is [1_0][0m
[34m debuginfo weight vec calcuated is [1_0][0m
[34m debuginfo weight vec calcuated is [1_0][0m
[34m debuginfo weight vec calcuated is [1_0][0m
[34m debuginfo weight vec calcuated is [1_0][0m
[31m debuginfo is_const:false at decl_ndoe:571[0m
[32m debuginfo visit 63[0m
[32m debuginfo visit 64[0m
[32m debuginfo visit 70[0m
[32m debuginfo visit 124[0m
[32m debuginfo visit 138[0m
[32m debuginfo visit 137[0m
[32m debuginfo visit 136[0m
[32m debuginfo visit 135[0m
[32m debuginfo visit 134[0m
[32m debuginfo visit 133[0m
[32m debuginfo visit 132[0m
[32m debuginfo visit 131[0m
[32m debuginfo visit 130[0m
[32m debuginfo visit 129[0m
[32m debuginfo visit 128[0m
[32m debuginfo visit 127[0m
[32m debuginfo visit 126[0m
[32m debuginfo visit 125[0m
[32m debuginfo visit 107[0m
[32m debuginfo visit 123[0m
[32m debuginfo visit 122[0m
[32m debuginfo visit 121[0m
[32m debuginfo visit 120[0m
[32m debuginfo visit 119[0m
[32m debuginfo visit 118[0m
[32m debuginfo visit 117[0m
[32m debuginfo visit 116[0m
[32m debuginfo visit 115[0m
[32m debuginfo visit 114[0m
[32m debuginfo visit 113[0m
[32m debuginfo visit 112[0m
[32m debuginfo visit 111[0m
[32m debuginfo visit 110[0m
[32m debuginfo visit 109[0m
[32m debuginfo visit 108[0m
[32m debuginfo visit 98[0m
[32m debuginfo visit 106[0m
[32m debuginfo visit 105[0m
[32m debuginfo visit 104[0m
[32m debuginfo visit 103[0m
[32m debuginfo visit 102[0m
[32m debuginfo visit 101[0m
[32m debuginfo visit 100[0m
[32m debuginfo visit 99[0m
[32m debuginfo visit 85[0m
[32m debuginfo visit 97[0m
[32m debuginfo visit 96[0m
[32m debuginfo visit 95[0m
[32m debuginfo visit 94[0m
[32m debuginfo visit 93[0m
[32m debuginfo visit 92[0m
[32m debuginfo visit 91[0m
[32m debuginfo visit 90[0m
[32m debuginfo visit 89[0m
[32m debuginfo visit 88[0m
[32m debuginfo visit 87[0m
[32m debuginfo visit 86[0m
[32m debuginfo visit 79[0m
[32m debuginfo visit 84[0m
[32m debuginfo visit 83[0m
[32m debuginfo visit 82[0m
[32m debuginfo visit 81[0m
[32m debuginfo visit 80[0m
[32m debuginfo visit 71[0m
[32m debuginfo visit 78[0m
[32m debuginfo visit 77[0m
[32m debuginfo visit 76[0m
[32m debuginfo visit 75[0m
[32m debuginfo visit 74[0m
[32m debuginfo visit 73[0m
[32m debuginfo visit 72[0m
[32m debuginfo visit 65[0m
[32m debuginfo visit 69[0m
[32m debuginfo visit 66[0m
[32m debuginfo visit 68[0m
[32m debuginfo visit 67[0m
[32m debuginfo eval et 63[0m
[32m debuginfo eval et 64[0m
[32m debuginfo eval et 65[0m
[32m debuginfo eval et 66[0m
[32m debuginfo eval et 67[0m
[32m debuginfo eval et 68[0m
[32m debuginfo eval et 69[0m
[32m debuginfo eval et 70[0m
[32m debuginfo eval et 71[0m
[32m debuginfo eval et 72[0m
[32m debuginfo eval et 73[0m
[32m debuginfo eval et 74[0m
[32m debuginfo eval et 75[0m
[32m debuginfo eval et 76[0m
[32m debuginfo eval et 77[0m
[32m debuginfo eval et 78[0m
[31m debuginfo eval_sub_et_nodes failed[0m
[32m debuginfo eval et 79[0m
[32m debuginfo eval et 80[0m
[32m debuginfo eval et 81[0m
[32m debuginfo eval et 82[0m
[32m debuginfo eval et 83[0m
[32m debuginfo eval et 84[0m
[31m debuginfo eval_sub_et_nodes failed[0m
[32m debuginfo eval et 85[0m
[32m debuginfo eval et 86[0m
[32m debuginfo eval et 87[0m
[32m debuginfo eval et 88[0m
[32m debuginfo eval et 89[0m
[32m debuginfo eval et 90[0m
[32m debuginfo eval et 91[0m
[32m debuginfo eval et 92[0m
[32m debuginfo eval et 93[0m
[32m debuginfo eval et 94[0m
[32m debuginfo eval et 95[0m
[32m debuginfo eval et 96[0m
[32m debuginfo eval et 97[0m
[31m debuginfo eval_sub_et_nodes failed[0m
[32m debuginfo eval et 98[0m
[32m debuginfo eval et 99[0m
[32m debuginfo eval et 100[0m
[32m debuginfo eval et 101[0m
[32m debuginfo eval et 102[0m
[32m debuginfo eval et 103[0m
[32m debuginfo eval et 104[0m
[32m debuginfo eval et 105[0m
[32m debuginfo eval et 106[0m
[31m debuginfo eval_sub_et_nodes failed[0m
[32m debuginfo eval et 107[0m
[32m debuginfo eval et 108[0m
[32m debuginfo eval et 109[0m
[32m debuginfo eval et 110[0m
[32m debuginfo eval et 111[0m
[32m debuginfo eval et 112[0m
[32m debuginfo eval et 113[0m
[32m debuginfo eval et 114[0m
[32m debuginfo eval et 115[0m
[32m debuginfo eval et 116[0m
[32m debuginfo eval et 117[0m
[32m debuginfo eval et 118[0m
[32m debuginfo eval et 119[0m
[32m debuginfo eval et 120[0m
[32m debuginfo eval et 121[0m
[32m debuginfo eval et 122[0m
[32m debuginfo eval et 123[0m
[31m debuginfo eval_sub_et_nodes failed[0m
[32m debuginfo eval et 124[0m
[32m debuginfo eval et 125[0m
[32m debuginfo eval et 126[0m
[32m debuginfo eval et 127[0m
[32m debuginfo eval et 128[0m
[32m debuginfo eval et 129[0m
[32m debuginfo eval et 130[0m
[32m debuginfo eval et 131[0m
[32m debuginfo eval et 132[0m
[32m debuginfo eval et 133[0m
[32m debuginfo eval et 134[0m
[32m debuginfo eval et 135[0m
[32m debuginfo eval et 136[0m
[32m debuginfo eval et 137[0m
[32m debuginfo eval et 138[0m
[31m debuginfo eval_sub_et_nodes failed[0m
[31m debuginfo [Some(6_0), Some(50_0)][0m
[34m debuginfo array_init [50, 6] [0m
[34m debuginfo array_init [50, 6] [0m
[34m debuginfo array_init [50, 6] [0m
[34m debuginfo array_init [50, 6] [0m
[34m debuginfo array_init [50, 6] [0m
[34m debuginfo array_init [50, 6] [0m
[34m debuginfo array_init [50, 6] [0m
[34m debuginfo array_init [50, 6] [0m
[34m debuginfo  v2 is  I32(Some(50))[0m
[34m debuginfo weight vec calcuated is [50_0, 1_0][0m
[34m debuginfo  v2 is  I32(Some(50))[0m
[34m debuginfo weight vec calcuated is [50_0, 1_0][0m
[34m debuginfo  v2 is  I32(Some(50))[0m
[34m debuginfo weight vec calcuated is [50_0, 1_0][0m
[34m debuginfo  v2 is  I32(Some(50))[0m
[34m debuginfo weight vec calcuated is [50_0, 1_0][0m
[34m debuginfo  v2 is  I32(Some(50))[0m
[34m debuginfo weight vec calcuated is [50_0, 1_0][0m
[34m debuginfo  v2 is  I32(Some(50))[0m
[34m debuginfo weight vec calcuated is [50_0, 1_0][0m
[34m debuginfo  v2 is  I32(Some(50))[0m
[34m debuginfo weight vec calcuated is [50_0, 1_0][0m
[34m debuginfo  v2 is  I32(Some(50))[0m
[34m debuginfo weight vec calcuated is [50_0, 1_0][0m
[34m debuginfo  v2 is  I32(Some(50))[0m
[34m debuginfo weight vec calcuated is [50_0, 1_0][0m
[34m debuginfo  v2 is  I32(Some(50))[0m
[34m debuginfo weight vec calcuated is [50_0, 1_0][0m
[34m debuginfo  v2 is  I32(Some(50))[0m
[34m debuginfo weight vec calcuated is [50_0, 1_0][0m
[34m debuginfo  v2 is  I32(Some(50))[0m
[34m debuginfo weight vec calcuated is [50_0, 1_0][0m
[34m debuginfo  v2 is  I32(Some(50))[0m
[34m debuginfo weight vec calcuated is [50_0, 1_0][0m
[34m debuginfo  v2 is  I32(Some(50))[0m
[34m debuginfo weight vec calcuated is [50_0, 1_0][0m
[34m debuginfo  v2 is  I32(Some(50))[0m
[34m debuginfo weight vec calcuated is [50_0, 1_0][0m
[34m debuginfo  v2 is  I32(Some(50))[0m
[34m debuginfo weight vec calcuated is [50_0, 1_0][0m
[34m debuginfo  v2 is  I32(Some(50))[0m
[34m debuginfo weight vec calcuated is [50_0, 1_0][0m
[34m debuginfo  v2 is  I32(Some(50))[0m
[34m debuginfo weight vec calcuated is [50_0, 1_0][0m
[34m debuginfo  v2 is  I32(Some(50))[0m
[34m debuginfo weight vec calcuated is [50_0, 1_0][0m
[34m debuginfo  v2 is  I32(Some(50))[0m
[34m debuginfo weight vec calcuated is [50_0, 1_0][0m
[34m debuginfo  v2 is  I32(Some(50))[0m
[34m debuginfo weight vec calcuated is [50_0, 1_0][0m
[34m debuginfo  v2 is  I32(Some(50))[0m
[34m debuginfo weight vec calcuated is [50_0, 1_0][0m
[34m debuginfo  v2 is  I32(Some(50))[0m
[34m debuginfo weight vec calcuated is [50_0, 1_0][0m
[34m debuginfo  v2 is  I32(Some(50))[0m
[34m debuginfo weight vec calcuated is [50_0, 1_0][0m
[34m debuginfo  v2 is  I32(Some(50))[0m
[34m debuginfo weight vec calcuated is [50_0, 1_0][0m
[34m debuginfo  v2 is  I32(Some(50))[0m
[34m debuginfo weight vec calcuated is [50_0, 1_0][0m
[34m debuginfo  v2 is  I32(Some(50))[0m
[34m debuginfo weight vec calcuated is [50_0, 1_0][0m
[34m debuginfo  v2 is  I32(Some(50))[0m
[34m debuginfo weight vec calcuated is [50_0, 1_0][0m
[34m debuginfo  v2 is  I32(Some(50))[0m
[34m debuginfo weight vec calcuated is [50_0, 1_0][0m
[34m debuginfo  v2 is  I32(Some(50))[0m
[34m debuginfo weight vec calcuated is [50_0, 1_0][0m
[34m debuginfo  v2 is  I32(Some(50))[0m
[34m debuginfo weight vec calcuated is [50_0, 1_0][0m
[34m debuginfo  v2 is  I32(Some(50))[0m
[34m debuginfo weight vec calcuated is [50_0, 1_0][0m
[34m debuginfo  v2 is  I32(Some(50))[0m
[34m debuginfo weight vec calcuated is [50_0, 1_0][0m
[34m debuginfo  v2 is  I32(Some(50))[0m
[34m debuginfo weight vec calcuated is [50_0, 1_0][0m
[34m debuginfo  v2 is  I32(Some(50))[0m
[34m debuginfo weight vec calcuated is [50_0, 1_0][0m
[34m debuginfo  v2 is  I32(Some(50))[0m
[34m debuginfo weight vec calcuated is [50_0, 1_0][0m
[34m debuginfo  v2 is  I32(Some(50))[0m
[34m debuginfo weight vec calcuated is [50_0, 1_0][0m
[34m debuginfo  v2 is  I32(Some(50))[0m
[34m debuginfo weight vec calcuated is [50_0, 1_0][0m
[34m debuginfo  v2 is  I32(Some(50))[0m
[34m debuginfo weight vec calcuated is [50_0, 1_0][0m
[34m debuginfo  v2 is  I32(Some(50))[0m
[34m debuginfo weight vec calcuated is [50_0, 1_0][0m
[34m debuginfo  v2 is  I32(Some(50))[0m
[34m debuginfo weight vec calcuated is [50_0, 1_0][0m
[34m debuginfo  v2 is  I32(Some(50))[0m
[34m debuginfo weight vec calcuated is [50_0, 1_0][0m
[34m debuginfo  v2 is  I32(Some(50))[0m
[34m debuginfo weight vec calcuated is [50_0, 1_0][0m
[34m debuginfo  v2 is  I32(Some(50))[0m
[34m debuginfo weight vec calcuated is [50_0, 1_0][0m
[34m debuginfo  v2 is  I32(Some(50))[0m
[34m debuginfo weight vec calcuated is [50_0, 1_0][0m
[34m debuginfo  v2 is  I32(Some(50))[0m
[34m debuginfo weight vec calcuated is [50_0, 1_0][0m
[34m debuginfo  v2 is  I32(Some(50))[0m
[34m debuginfo weight vec calcuated is [50_0, 1_0][0m
[34m debuginfo  v2 is  I32(Some(50))[0m
[34m debuginfo weight vec calcuated is [50_0, 1_0][0m
[34m debuginfo  v2 is  I32(Some(50))[0m
[34m debuginfo weight vec calcuated is [50_0, 1_0][0m
[34m debuginfo  v2 is  I32(Some(50))[0m
[34m debuginfo weight vec calcuated is [50_0, 1_0][0m
[34m debuginfo  v2 is  I32(Some(50))[0m
[34m debuginfo weight vec calcuated is [50_0, 1_0][0m
[34m debuginfo  v2 is  I32(Some(50))[0m
[34m debuginfo weight vec calcuated is [50_0, 1_0][0m
[34m debuginfo  v2 is  I32(Some(50))[0m
[34m debuginfo weight vec calcuated is [50_0, 1_0][0m
[34m debuginfo  v2 is  I32(Some(50))[0m
[34m debuginfo weight vec calcuated is [50_0, 1_0][0m
[34m debuginfo  v2 is  I32(Some(50))[0m
[34m debuginfo weight vec calcuated is [50_0, 1_0][0m
[34m debuginfo  v2 is  I32(Some(50))[0m
[34m debuginfo weight vec calcuated is [50_0, 1_0][0m
[34m debuginfo  v2 is  I32(Some(50))[0m
[34m debuginfo weight vec calcuated is [50_0, 1_0][0m
[34m debuginfo  v2 is  I32(Some(50))[0m
[34m debuginfo weight vec calcuated is [50_0, 1_0][0m
[34m debuginfo  v2 is  I32(Some(50))[0m
[34m debuginfo weight vec calcuated is [50_0, 1_0][0m
[34m debuginfo  v2 is  I32(Some(50))[0m
[34m debuginfo weight vec calcuated is [50_0, 1_0][0m
[34m debuginfo  v2 is  I32(Some(50))[0m
[34m debuginfo weight vec calcuated is [50_0, 1_0][0m
[34m debuginfo  v2 is  I32(Some(50))[0m
[34m debuginfo weight vec calcuated is [50_0, 1_0][0m
[31m debuginfo is_const:false at decl_ndoe:1829[0m
[32m debuginfo visit 203[0m
[32m debuginfo visit 204[0m
[32m debuginfo visit 208[0m
[32m debuginfo visit 223[0m
[32m debuginfo visit 222[0m
[32m debuginfo visit 221[0m
[32m debuginfo visit 220[0m
[32m debuginfo visit 219[0m
[32m debuginfo visit 218[0m
[32m debuginfo visit 217[0m
[32m debuginfo visit 216[0m
[32m debuginfo visit 215[0m
[32m debuginfo visit 214[0m
[32m debuginfo visit 213[0m
[32m debuginfo visit 212[0m
[32m debuginfo visit 211[0m
[32m debuginfo visit 210[0m
[32m debuginfo visit 209[0m
[32m debuginfo visit 205[0m
[32m debuginfo visit 207[0m
[32m debuginfo visit 206[0m
[32m debuginfo eval et 203[0m
[32m debuginfo eval et 204[0m
[32m debuginfo eval et 205[0m
[32m debuginfo eval et 206[0m
[32m debuginfo eval et 207[0m
[32m debuginfo eval et 208[0m
[32m debuginfo eval et 209[0m
[32m debuginfo eval et 210[0m
[32m debuginfo eval et 211[0m
[32m debuginfo eval et 212[0m
[32m debuginfo eval et 213[0m
[32m debuginfo eval et 214[0m
[32m debuginfo eval et 215[0m
[32m debuginfo eval et 216[0m
[32m debuginfo eval et 217[0m
[32m debuginfo eval et 218[0m
[32m debuginfo eval et 219[0m
[32m debuginfo eval et 220[0m
[32m debuginfo eval et 221[0m
[32m debuginfo eval et 222[0m
[32m debuginfo eval et 223[0m
[31m debuginfo eval_sub_et_nodes failed[0m
[31m debuginfo [Some(40_0)][0m
[34m debuginfo array_init [40] [0m
[34m debuginfo array_init [40] [0m
[34m debuginfo weight vec calcuated is [1_0][0m
[34m debuginfo weight vec calcuated is [1_0][0m
[34m debuginfo weight vec calcuated is [1_0][0m
[34m debuginfo weight vec calcuated is [1_0][0m
[34m debuginfo weight vec calcuated is [1_0][0m
[34m debuginfo weight vec calcuated is [1_0][0m
[34m debuginfo weight vec calcuated is [1_0][0m
[34m debuginfo weight vec calcuated is [1_0][0m
[34m debuginfo weight vec calcuated is [1_0][0m
[34m debuginfo weight vec calcuated is [1_0][0m
[34m debuginfo weight vec calcuated is [1_0][0m
[34m debuginfo weight vec calcuated is [1_0][0m
[34m debuginfo weight vec calcuated is [1_0][0m
[34m debuginfo weight vec calcuated is [1_0][0m
[34m debuginfo weight vec calcuated is [1_0][0m
[31m debuginfo is_const:false at decl_ndoe:2150[0m
[32m debuginfo visit 240[0m
[32m debuginfo visit 241[0m
[32m debuginfo visit 245[0m
[32m debuginfo visit 246[0m
[32m debuginfo visit 242[0m
[32m debuginfo visit 244[0m
[32m debuginfo visit 243[0m
[32m debuginfo eval et 240[0m
[32m debuginfo eval et 241[0m
[32m debuginfo eval et 242[0m
[32m debuginfo eval et 243[0m
[32m debuginfo eval et 244[0m
[32m debuginfo eval et 245[0m
[32m debuginfo eval et 246[0m
[31m debuginfo eval_sub_et_nodes failed[0m
[31m debuginfo [Some(5_0)][0m
[34m debuginfo array_init [5] [0m
[34m debuginfo array_init [5] [0m
[34m debuginfo weight vec calcuated is [1_0][0m
[31m debuginfo is_const:false at decl_ndoe:2233[0m
[32m debuginfo visit 283[0m
[32m debuginfo visit 284[0m
[32m debuginfo eval et 283[0m
[32m debuginfo eval et 284[0m
[32m debuginfo visit 285[0m
[32m debuginfo visit 286[0m
[32m debuginfo visit 288[0m
[32m debuginfo visit 287[0m
[32m debuginfo eval et 285[0m
[32m debuginfo eval et 286[0m
[32m debuginfo eval et 287[0m
[32m debuginfo eval et 288[0m
[32m debuginfo visit 290[0m
[32m debuginfo visit 291[0m
[32m debuginfo replace symidx iNd__1X[0m
Error occurred when running Pass Cfg2NhwcCfgPass

Caused by:
    0: Symbol {"iNd__1X" fields:{"def_instrs_vec": [], "type": i32, "is_temp": false, "def_cfg_node_vec": [3], "is_literal": false, "is_global": false}} downcast_op_any 失败 field_name:CONST_SYMIDX:const_symidx src/toolkit/gen_nhwc_cfg.rs 54
    1: can't find field SymIdx type:op_field
Pass Ncfg2DjgPass run successfully
[34m debuginfo align:8 data_len:8[0m
[34m debuginfo tail_remained:0[0m
[34m debuginfo align:8 data_len:8[0m
[34m debuginfo align:8 data_len:8[0m
[34m debuginfo tail_remained:0[0m
[34m debuginfo align:8 data_len:8[0m
[34m debuginfo align:4 data_len:4[0m
[34m debuginfo tail_remained:0[0m
[34m debuginfo align:4 data_len:4[0m
[34m debuginfo align:4 data_len:4[0m
[34m debuginfo tail_remained:0[0m
[34m debuginfo align:4 data_len:4[0m
[34m debuginfo align:8 data_len:8[0m
[34m debuginfo tail_remained:0[0m
[34m debuginfo align:8 data_len:8[0m
[34m debuginfo align:8 data_len:8[0m
[34m debuginfo tail_remained:0[0m
[34m debuginfo align:8 data_len:8[0m
Pass MemAllocPass run successfully
Pass CfgDebugPass run successfully
Pass NhwcCollectPass run successfully
Pass Ast2EtDebugPass run successfully
[34m debuginfo weight vec calcuated is [1_0][0m
[34m debuginfo weight vec calcuated is [1_0][0m
[34m debuginfo weight vec calcuated is [1_0][0m
[34m debuginfo weight vec calcuated is [1_0][0m
[34m debuginfo weight vec calcuated is [1_0][0m
[34m debuginfo weight vec calcuated is [1_0][0m
[34m debuginfo weight vec calcuated is [1_0][0m
[34m debuginfo weight vec calcuated is [1_0][0m
[34m debuginfo weight vec calcuated is [1_0][0m
[34m debuginfo weight vec calcuated is [1_0][0m
[34m debuginfo weight vec calcuated is [1_0][0m
[34m debuginfo weight vec calcuated is [1_0][0m
[34m debuginfo weight vec calcuated is [1_0][0m
[34m debuginfo weight vec calcuated is [1_0][0m
[34m debuginfo weight vec calcuated is [1_0][0m
[34m debuginfo weight vec calcuated is [1_0][0m
[34m debuginfo weight vec calcuated is [1_0][0m
[34m debuginfo weight vec calcuated is [1_0][0m
[34m debuginfo weight vec calcuated is [1_0][0m
[34m debuginfo weight vec calcuated is [1_0][0m
[34m debuginfo weight vec calcuated is [1_0][0m
[34m debuginfo weight vec calcuated is [1_0][0m
[34m debuginfo weight vec calcuated is [1_0][0m
[34m debuginfo weight vec calcuated is [1_0][0m
[34m debuginfo weight vec calcuated is [1_0][0m
[34m debuginfo weight vec calcuated is [1_0][0m
[34m debuginfo weight vec calcuated is [1_0][0m
[34m debuginfo weight vec calcuated is [1_0][0m
[34m debuginfo  v2 is  I32(Some(50))[0m
[34m debuginfo weight vec calcuated is [50_0, 1_0][0m
[34m debuginfo  v2 is  I32(Some(50))[0m
[34m debuginfo weight vec calcuated is [50_0, 1_0][0m
[34m debuginfo  v2 is  I32(Some(50))[0m
[34m debuginfo weight vec calcuated is [50_0, 1_0][0m
[34m debuginfo  v2 is  I32(Some(50))[0m
[34m debuginfo weight vec calcuated is [50_0, 1_0][0m
[34m debuginfo  v2 is  I32(Some(50))[0m
[34m debuginfo weight vec calcuated is [50_0, 1_0][0m
[34m debuginfo  v2 is  I32(Some(50))[0m
[34m debuginfo weight vec calcuated is [50_0, 1_0][0m
[34m debuginfo  v2 is  I32(Some(50))[0m
[34m debuginfo weight vec calcuated is [50_0, 1_0][0m
[34m debuginfo  v2 is  I32(Some(50))[0m
[34m debuginfo weight vec calcuated is [50_0, 1_0][0m
[34m debuginfo  v2 is  I32(Some(50))[0m
[34m debuginfo weight vec calcuated is [50_0, 1_0][0m
[34m debuginfo  v2 is  I32(Some(50))[0m
[34m debuginfo weight vec calcuated is [50_0, 1_0][0m
[34m debuginfo  v2 is  I32(Some(50))[0m
[34m debuginfo weight vec calcuated is [50_0, 1_0][0m
[34m debuginfo  v2 is  I32(Some(50))[0m
[34m debuginfo weight vec calcuated is [50_0, 1_0][0m
[34m debuginfo  v2 is  I32(Some(50))[0m
[34m debuginfo weight vec calcuated is [50_0, 1_0][0m
[34m debuginfo  v2 is  I32(Some(50))[0m
[34m debuginfo weight vec calcuated is [50_0, 1_0][0m
[34m debuginfo  v2 is  I32(Some(50))[0m
[34m debuginfo weight vec calcuated is [50_0, 1_0][0m
[34m debuginfo  v2 is  I32(Some(50))[0m
[34m debuginfo weight vec calcuated is [50_0, 1_0][0m
[34m debuginfo  v2 is  I32(Some(50))[0m
[34m debuginfo weight vec calcuated is [50_0, 1_0][0m
[34m debuginfo  v2 is  I32(Some(50))[0m
[34m debuginfo weight vec calcuated is [50_0, 1_0][0m
[34m debuginfo  v2 is  I32(Some(50))[0m
[34m debuginfo weight vec calcuated is [50_0, 1_0][0m
[34m debuginfo  v2 is  I32(Some(50))[0m
[34m debuginfo weight vec calcuated is [50_0, 1_0][0m
[34m debuginfo  v2 is  I32(Some(50))[0m
[34m debuginfo weight vec calcuated is [50_0, 1_0][0m
[34m debuginfo  v2 is  I32(Some(50))[0m
[34m debuginfo weight vec calcuated is [50_0, 1_0][0m
[34m debuginfo  v2 is  I32(Some(50))[0m
[34m debuginfo weight vec calcuated is [50_0, 1_0][0m
[34m debuginfo  v2 is  I32(Some(50))[0m
[34m debuginfo weight vec calcuated is [50_0, 1_0][0m
[34m debuginfo  v2 is  I32(Some(50))[0m
[34m debuginfo weight vec calcuated is [50_0, 1_0][0m
[34m debuginfo  v2 is  I32(Some(50))[0m
[34m debuginfo weight vec calcuated is [50_0, 1_0][0m
[34m debuginfo  v2 is  I32(Some(50))[0m
[34m debuginfo weight vec calcuated is [50_0, 1_0][0m
[34m debuginfo  v2 is  I32(Some(50))[0m
[34m debuginfo weight vec calcuated is [50_0, 1_0][0m
[34m debuginfo  v2 is  I32(Some(50))[0m
[34m debuginfo weight vec calcuated is [50_0, 1_0][0m
[34m debuginfo  v2 is  I32(Some(50))[0m
[34m debuginfo weight vec calcuated is [50_0, 1_0][0m
[34m debuginfo  v2 is  I32(Some(50))[0m
[34m debuginfo weight vec calcuated is [50_0, 1_0][0m
[34m debuginfo  v2 is  I32(Some(50))[0m
[34m debuginfo weight vec calcuated is [50_0, 1_0][0m
[34m debuginfo  v2 is  I32(Some(50))[0m
[34m debuginfo weight vec calcuated is [50_0, 1_0][0m
[34m debuginfo  v2 is  I32(Some(50))[0m
[34m debuginfo weight vec calcuated is [50_0, 1_0][0m
[34m debuginfo  v2 is  I32(Some(50))[0m
[34m debuginfo weight vec calcuated is [50_0, 1_0][0m
[34m debuginfo  v2 is  I32(Some(50))[0m
[34m debuginfo weight vec calcuated is [50_0, 1_0][0m
[34m debuginfo  v2 is  I32(Some(50))[0m
[34m debuginfo weight vec calcuated is [50_0, 1_0][0m
[34m debuginfo  v2 is  I32(Some(50))[0m
[34m debuginfo weight vec calcuated is [50_0, 1_0][0m
[34m debuginfo  v2 is  I32(Some(50))[0m
[34m debuginfo weight vec calcuated is [50_0, 1_0][0m
[34m debuginfo  v2 is  I32(Some(50))[0m
[34m debuginfo weight vec calcuated is [50_0, 1_0][0m
[34m debuginfo  v2 is  I32(Some(50))[0m
[34m debuginfo weight vec calcuated is [50_0, 1_0][0m
[34m debuginfo  v2 is  I32(Some(50))[0m
[34m debuginfo weight vec calcuated is [50_0, 1_0][0m
[34m debuginfo  v2 is  I32(Some(50))[0m
[34m debuginfo weight vec calcuated is [50_0, 1_0][0m
[34m debuginfo  v2 is  I32(Some(50))[0m
[34m debuginfo weight vec calcuated is [50_0, 1_0][0m
[34m debuginfo  v2 is  I32(Some(50))[0m
[34m debuginfo weight vec calcuated is [50_0, 1_0][0m
[34m debuginfo  v2 is  I32(Some(50))[0m
[34m debuginfo weight vec calcuated is [50_0, 1_0][0m
[34m debuginfo  v2 is  I32(Some(50))[0m
[34m debuginfo weight vec calcuated is [50_0, 1_0][0m
[34m debuginfo  v2 is  I32(Some(50))[0m
[34m debuginfo weight vec calcuated is [50_0, 1_0][0m
[34m debuginfo  v2 is  I32(Some(50))[0m
[34m debuginfo weight vec calcuated is [50_0, 1_0][0m
[34m debuginfo  v2 is  I32(Some(50))[0m
[34m debuginfo weight vec calcuated is [50_0, 1_0][0m
[34m debuginfo  v2 is  I32(Some(50))[0m
[34m debuginfo weight vec calcuated is [50_0, 1_0][0m
[34m debuginfo  v2 is  I32(Some(50))[0m
[34m debuginfo weight vec calcuated is [50_0, 1_0][0m
[34m debuginfo  v2 is  I32(Some(50))[0m
[34m debuginfo weight vec calcuated is [50_0, 1_0][0m
[34m debuginfo  v2 is  I32(Some(50))[0m
[34m debuginfo weight vec calcuated is [50_0, 1_0][0m
[34m debuginfo  v2 is  I32(Some(50))[0m
[34m debuginfo weight vec calcuated is [50_0, 1_0][0m
[34m debuginfo  v2 is  I32(Some(50))[0m
[34m debuginfo weight vec calcuated is [50_0, 1_0][0m
[34m debuginfo  v2 is  I32(Some(50))[0m
[34m debuginfo weight vec calcuated is [50_0, 1_0][0m
[34m debuginfo  v2 is  I32(Some(50))[0m
[34m debuginfo weight vec calcuated is [50_0, 1_0][0m
[34m debuginfo  v2 is  I32(Some(50))[0m
[34m debuginfo weight vec calcuated is [50_0, 1_0][0m
[34m debuginfo  v2 is  I32(Some(50))[0m
[34m debuginfo weight vec calcuated is [50_0, 1_0][0m
[34m debuginfo  v2 is  I32(Some(50))[0m
[34m debuginfo weight vec calcuated is [50_0, 1_0][0m
[34m debuginfo  v2 is  I32(Some(50))[0m
[34m debuginfo weight vec calcuated is [50_0, 1_0][0m
[34m debuginfo weight vec calcuated is [1_0][0m
[34m debuginfo weight vec calcuated is [1_0][0m
[34m debuginfo weight vec calcuated is [1_0][0m
[34m debuginfo weight vec calcuated is [1_0][0m
[34m debuginfo weight vec calcuated is [1_0][0m
[34m debuginfo weight vec calcuated is [1_0][0m
[34m debuginfo weight vec calcuated is [1_0][0m
[34m debuginfo weight vec calcuated is [1_0][0m
[34m debuginfo weight vec calcuated is [1_0][0m
[34m debuginfo weight vec calcuated is [1_0][0m
[34m debuginfo weight vec calcuated is [1_0][0m
[34m debuginfo weight vec calcuated is [1_0][0m
[34m debuginfo weight vec calcuated is [1_0][0m
[34m debuginfo weight vec calcuated is [1_0][0m
[34m debuginfo weight vec calcuated is [1_0][0m
[34m debuginfo weight vec calcuated is [1_0][0m
breakpoint: exit_0
         global Fn[]->starttime_ret_0 starttime_0 
         global Fn[]->stoptime_ret_0 stoptime_0 
         global Fn[s_18, c_18, n_18]->memset_ret_0 memset_0 
         global Fn[dest_19, src_19, n_19]->memcpy_ret_0 memcpy_0 
         breakpoint exit_0([]) ! 

dot write finished Ok("/home/mineral/Compiler2024-nhwc")
Successfully Transform to png debug_root_simu.png Output { status: ExitStatus(unix_wait_status(0)), stdout: "", stderr: "dot: graph is too large for cairo-renderer bitmaps. Scaling by 0.52166 to fit\n" }
# Built-in library
 .text
 .align 4
 .globl starttime
 .type starttime, @function
 starttime:
 mv a0, zero
 tail _sysy_starttime
 
 .text
 .align 4
 .globl stoptime
 .type stoptime, @function
 stoptime:
 mv a0, zero
 tail _sysy_stoptime
.section
    .data
    .align 4
    .global RET_0
                    ;      global Array:i32:[Some(5_0)] RET_0 
    .type RET_0 @object
RET_0:
    .word 10
    .zero 1
    .align 4
    .global saY_HeI10_To_0
                    ;      global Array:i32:[Some(40_0)] saY_HeI10_To_0 
    .type saY_HeI10_To_0 @object
saY_HeI10_To_0:
    .word 32
    .word 115
    .word 97
    .word 121
    .word 115
    .word 32
    .word 104
    .word 101
    .word 108
    .word 108
    .word 111
    .word 32
    .word 116
    .word 111
    .word 32
    .align 4
    .global N4__mE____0
                    ;      global Array:i32:[Some(6_0), Some(50_0)] N4__mE____0 
    .type N4__mE____0 @object
N4__mE____0:
    .word 83
    .word 97
    .word 97
    .word 98
    .word 97
    .word 114
    .word 117
    .zero 172
    .word 75
    .word 97
    .word 98
    .word 97
    .word 110
    .zero 180
    .word 72
    .word 97
    .word 115
    .word 104
    .word 105
    .word 98
    .word 105
    .word 114
    .word 111
    .word 107
    .word 111
    .word 117
    .zero 152
    .word 65
    .word 114
    .word 97
    .word 105
    .word 103
    .word 117
    .word 109
    .word 97
    .zero 168
    .word 72
    .word 117
    .word 110
    .word 98
    .word 111
    .word 114
    .word 117
    .word 116
    .word 111
    .word 32
    .word 80
    .word 101
    .word 110
    .word 103
    .word 105
    .word 110
    .zero 136
    .word 84
    .word 97
    .word 105
    .word 114
    .word 105
    .word 107
    .word 117
    .word 32
    .word 79
    .word 111
    .word 107
    .word 97
    .word 109
    .word 105
    .align 4
    .global __HELLO_0
                    ;      global Array:i32:[Some(100_0)] __HELLO_0 
    .type __HELLO_0 @object
__HELLO_0:
    .word 87
    .word 101
    .word 108
    .word 99
    .word 111
    .word 109
    .word 101
    .word 32
    .word 116
    .word 111
    .word 32
    .word 116
    .word 104
    .word 101
    .word 32
    .word 74
    .word 97
    .word 112
    .word 97
    .word 114
    .word 105
    .word 32
    .word 80
    .word 97
    .word 114
    .word 107
    .word 33
    .word 10
.section
    .text
                    ;      Define putstr_0 [str[]_20] -> putstr_ret_0 
    .global putstr
    .type putstr @function
putstr:
                    ;mem layout:|ra_putstr:8|s0_putstr:8|str[]:4|iNd__1X:4
    addi    sp,sp,-24
    sd      ra,16(sp)
    sd      s0,8(sp)
    addi    s0,sp,24
    sw      a0,4(sp)
                    ;      alloc i32 iNd__1X_22 
                    ;      label L11_0: 
L11_0:
                    ;      new_var iNd__1X_22:i32 
                    ;      iNd__1X_22 = i32 0_0 
    li      s1, 0
    sw      s1,0(sp)
                    ;      jump label: L12_0 
    j       L12_0
                    ;      label L12_0: 
L12_0:
                    ;      label L13_0: 
L13_0:
                    ;      jump label: L12_0 
    j       L12_0
                    ;      label L14_0: 
L14_0:
                    ;      ret 
    ld      ra,16(sp)
    ld      s0,8(sp)
    addi    sp,sp,-24
    ret
                    ;      Define main_0 [] -> main_ret_0 
    .global main
    .type main @function
main:
                    ;mem layout:|ra_main:8|s0_main:8
    addi    sp,sp,-16
    sd      ra,8(sp)
    sd      s0,0(sp)
    addi    s0,sp,16
                    ;      label L0_0: 
L0_0:
                    ;      jump label: L1_0 
    j       L1_0
                    ;      label L1_0: 
L1_0:
                    ;      label L2_0: 
L2_0:
                    ;      jump label: L3_0 
    j       L3_0
                    ;      label L3_0: 
L3_0:
                    ;      label L4_0: 
L4_0:
                    ;      jump label: L5_0 
    j       L5_0
                    ;      label L5_0: 
L5_0:
                    ;      label L6_0: 
L6_0:
                    ;      jump label: L7_0 
    j       L7_0
                    ;      label L7_0: 
L7_0:
                    ;      label L8_0: 
L8_0:
                    ;      jump label: L9_0 
    j       L9_0
                    ;      label L9_0: 
L9_0:
                    ;      label L10_0: 
L10_0:

Pass Nhwc2RiscvDebugPass run successfully
Pass SymtabDebugPass run successfully
all passed finish 耗时: 1.095460013s
all io tasks finish 耗时: 2.232µs
