Pass Code2AstPass run successfully
61
93
125
157
188
226
307
344
373
411
534
571
600
638
789
826
857
886
924
962
1044
1126
1163
1201
1286
1323
1405
1442
1480
1518
1603
1645
1755
1793
1842
1931
1968
2008
Pass Ast2ScopeTree run successfully
Pass Ast2CfgPass run successfully
[31m debuginfo is_const:true at decl_ndoe:3[0m
[32m debuginfo visit 0[0m
[32m debuginfo visit 1[0m
[32m debuginfo visit 3[0m
[32m debuginfo visit 2[0m
[32m debuginfo eval et 0[0m
[32m debuginfo eval et 1[0m
[32m debuginfo eval et 2[0m
[32m debuginfo eval et 3[0m
[31m debuginfo is_const:false at decl_ndoe:62[0m
[32m debuginfo visit 39[0m
[32m debuginfo visit 40[0m
[32m debuginfo visit 42[0m
[32m debuginfo replace symidx N[0m
[32m debuginfo with N[0m
[32m debuginfo visit 41[0m
[32m debuginfo eval et 39[0m
[32m debuginfo eval et 40[0m
[32m debuginfo eval et 41[0m
[32m debuginfo eval et 42[0m
[31m debuginfo is_const:false at decl_ndoe:94[0m
[32m debuginfo visit 44[0m
[32m debuginfo visit 45[0m
[32m debuginfo visit 47[0m
[32m debuginfo replace symidx N[0m
[32m debuginfo with N[0m
[32m debuginfo visit 46[0m
[32m debuginfo eval et 44[0m
[32m debuginfo eval et 45[0m
[32m debuginfo eval et 46[0m
[32m debuginfo eval et 47[0m
[31m debuginfo is_const:false at decl_ndoe:126[0m
[32m debuginfo visit 49[0m
[32m debuginfo visit 50[0m
[32m debuginfo visit 52[0m
[32m debuginfo replace symidx N[0m
[32m debuginfo with N[0m
[32m debuginfo visit 51[0m
[32m debuginfo eval et 49[0m
[32m debuginfo eval et 50[0m
[32m debuginfo eval et 51[0m
[32m debuginfo eval et 52[0m
[31m debuginfo is_const:false at decl_ndoe:158[0m
[32m debuginfo visit 54[0m
[32m debuginfo visit 55[0m
[32m debuginfo visit 57[0m
[32m debuginfo visit 56[0m
[32m debuginfo eval et 54[0m
[32m debuginfo eval et 55[0m
[32m debuginfo eval et 56[0m
[32m debuginfo eval et 57[0m
[32m debuginfo visit 59[0m
[32m debuginfo visit 60[0m
[32m debuginfo visit 62[0m
[32m debuginfo visit 61[0m
[32m debuginfo eval et 59[0m
[32m debuginfo eval et 60[0m
[32m debuginfo eval et 61[0m
[32m debuginfo eval et 62[0m
[32m debuginfo visit 64[0m
[32m debuginfo visit 65[0m
[32m debuginfo visit 67[0m
[32m debuginfo visit 66[0m
[32m debuginfo eval et 64[0m
[32m debuginfo eval et 65[0m
[32m debuginfo eval et 66[0m
[32m debuginfo eval et 67[0m
[31m debuginfo is_const:false at decl_ndoe:827[0m
[32m debuginfo visit 69[0m
[32m debuginfo visit 70[0m
[32m debuginfo visit 72[0m
[32m debuginfo visit 71[0m
[32m debuginfo eval et 69[0m
[32m debuginfo eval et 70[0m
[32m debuginfo eval et 71[0m
[32m debuginfo eval et 72[0m
[32m debuginfo visit 74[0m
[32m debuginfo visit 75[0m
[32m debuginfo visit 77[0m
[32m debuginfo visit 76[0m
[32m debuginfo eval et 74[0m
[32m debuginfo eval et 75[0m
[32m debuginfo eval et 76[0m
[32m debuginfo eval et 77[0m
[32m debuginfo visit 79[0m
[32m debuginfo visit 80[0m
[32m debuginfo replace symidx ans[0m
Error occurred when running Pass Cfg2NhwcCfgPass

Caused by:
    0: Symbol {"ans" fields:{"is_global": false, "def_cfg_node_vec": [12], "is_literal": false, "type": i32, "def_instrs_vec": [], "is_temp": false}} downcast_op_any 失败 field_name:CONST_SYMIDX:const_symidx src/toolkit/gen_nhwc_cfg.rs 54
    1: can't find field SymIdx type:op_field
Pass Ncfg2DjgPass run successfully
[34m debuginfo align:8 data_len:8[0m
[34m debuginfo tail_remained:0[0m
[34m debuginfo align:8 data_len:8[0m
[34m debuginfo align:8 data_len:8[0m
[34m debuginfo tail_remained:0[0m
[34m debuginfo align:8 data_len:8[0m
[34m debuginfo align:4 data_len:4[0m
[34m debuginfo tail_remained:0[0m
[34m debuginfo align:4 data_len:4[0m
[34m debuginfo align:4 data_len:40000[0m
[34m debuginfo tail_remained:0[0m
[34m debuginfo align:4 data_len:40000[0m
[34m debuginfo align:4 data_len:40000[0m
[34m debuginfo tail_remained:0[0m
[34m debuginfo align:4 data_len:40000[0m
[34m debuginfo align:4 data_len:40000[0m
[34m debuginfo tail_remained:0[0m
[34m debuginfo align:4 data_len:40000[0m
[34m debuginfo align:4 data_len:4[0m
[34m debuginfo tail_remained:0[0m
[34m debuginfo align:4 data_len:4[0m
[34m debuginfo align:4 data_len:4[0m
[34m debuginfo tail_remained:0[0m
[34m debuginfo align:4 data_len:4[0m
[34m debuginfo align:8 data_len:8[0m
[34m debuginfo tail_remained:0[0m
[34m debuginfo align:8 data_len:8[0m
[34m debuginfo align:8 data_len:8[0m
[34m debuginfo tail_remained:0[0m
[34m debuginfo align:8 data_len:8[0m
Pass MemAllocPass run successfully
Pass CfgDebugPass run successfully
Pass NhwcCollectPass run successfully
Pass Ast2EtDebugPass run successfully
breakpoint: exit_0
         global Fn[]->starttime_ret_0 starttime_0 
         global Fn[]->stoptime_ret_0 stoptime_0 
         global Fn[s_15, c_15, n_15]->memset_ret_0 memset_0 
         global Fn[dest_16, src_16, n_16]->memcpy_ret_0 memcpy_0 
         breakpoint exit_0([]) ! 

dot write finished Ok("/home/mineral/Compiler2024-nhwc")
Successfully Transform to png debug_root_simu.png Output { status: ExitStatus(unix_wait_status(0)), stdout: "", stderr: "" }
# Built-in library
 .text
 .align 4
 .globl starttime
 .type starttime, @function
 starttime:
 mv a0, zero
 tail _sysy_starttime
 
 .text
 .align 4
 .globl stoptime
 .type stoptime, @function
 stoptime:
 mv a0, zero
 tail _sysy_stoptime
.section
    .data
    .align 4
    .global N_0
                    ;      global i32 N_0 
    .type N_0 @object
N_0:
    .word 10000
.section
    .text
                    ;      Define long_array_0 [k_17] -> long_array_ret_0 
    .global long_array
    .type long_array @function
long_array:
                    ;mem layout:|ra_long_array:8|s0_long_array:8|k:4|a1:40000|a2:40000|a3:40000|i:4|ans:4|none:4
    addi    sp,sp,-120032
    sd      ra,120024(sp)
    sd      s0,120016(sp)
    addi    s0,sp,120032
    sw      a0,120012(sp)
                    ;      alloc Array:i32:[Some(10000_0)] a1_19 
                    ;      alloc Array:i32:[Some(10000_0)] a2_19 
                    ;      alloc Array:i32:[Some(10000_0)] a3_19 
                    ;      alloc i32 i_19 
                    ;      alloc i32 ans_19 
                    ;      label L1_0: 
L1_0:
                    ;      new_var a1_19:Array:i32:[Some(10000_0)] 
                    ;      new_var a2_19:Array:i32:[Some(10000_0)] 
                    ;      new_var a3_19:Array:i32:[Some(10000_0)] 
                    ;      i_19 = i32 0_0 
    li      s1, 0
    sw      s1,8(sp)
                    ;      jump label: L2_0 
    j       L2_0
                    ;      label L2_0: 
L2_0:
                    ;      label L3_0: 
L3_0:
                    ;      jump label: L2_0 
    j       L2_0
                    ;      label L4_0: 
L4_0:
                    ;      i_19 = i32 0_0 
    li      s1, 0
    sw      s1,8(sp)
                    ;      jump label: L5_0 
    j       L5_0
                    ;      label L5_0: 
L5_0:
                    ;      label L6_0: 
L6_0:
                    ;      jump label: L5_0 
    j       L5_0
                    ;      label L7_0: 
L7_0:
                    ;      i_19 = i32 0_0 
    li      s1, 0
    sw      s1,8(sp)
                    ;      jump label: L8_0 
    j       L8_0
                    ;      label L8_0: 
L8_0:
                    ;      label L9_0: 
L9_0:
                    ;      jump label: L8_0 
    j       L8_0
                    ;      label L10_0: 
L10_0:
                    ;      ans_19 = i32 0_0 
    li      s1, 0
    sw      s1,4(sp)
                    ;      i_19 = i32 0_0 
    li      s1, 0
    sw      s1,8(sp)
                    ;      jump label: L11_0 
    j       L11_0
                    ;      label L11_0: 
L11_0:
                    ;      label L12_0: 
L12_0:
                    ;      label L13_0: 
L13_0:
                    ;      jump label: L30_0 
    j       L30_0
                    ;      label L14_0: 
L14_0:
                    ;      label L15_0: 
L15_0:
                    ;      jump label: L16_0 
    j       L16_0
                    ;      label L16_0: 
L16_0:
                    ;      label L17_0: 
L17_0:
                    ;      jump label: L16_0 
    j       L16_0
                    ;      label L18_0: 
L18_0:
                    ;      jump label: L29_0 
    j       L29_0
                    ;      label L19_0: 
L19_0:
                    ;      label L20_0: 
L20_0:
                    ;      jump label: L21_0 
    j       L21_0
                    ;      label L21_0: 
L21_0:
                    ;      label L22_0: 
L22_0:
                    ;      label L23_0: 
L23_0:
                    ;      jump label: L25_0 
    j       L25_0
                    ;      label L24_0: 
L24_0:
                    ;      jump label: L25_0 
    j       L25_0
                    ;      label L25_0: 
L25_0:
                    ;      label L26_0: 
L26_0:
                    ;      jump label: L28_0 
    j       L28_0
                    ;      label L27_0: 
L27_0:
                    ;      jump label: L28_0 
    j       L28_0
                    ;      label L28_0: 
L28_0:
                    ;      label L29_0: 
L29_0:
                    ;      label L30_0: 
L30_0:
                    ;      label L31_0: 
L31_0:
                    ;      jump label: L11_0 
    j       L11_0
                    ;      label L32_0: 
L32_0:
                    ;      ret 
    ld      ra,120024(sp)
    ld      s0,120016(sp)
    addi    sp,sp,-120032
    ret
                    ;      Define main_0 [] -> main_ret_0 
    .global main
    .type main @function
main:
                    ;mem layout:|ra_main:8|s0_main:8
    addi    sp,sp,-16
    sd      ra,8(sp)
    sd      s0,0(sp)
    addi    s0,sp,16
                    ;      label L0_0: 
L0_0:

Pass Nhwc2RiscvDebugPass run successfully
Pass SymtabDebugPass run successfully
all passed finish 耗时: 8.735150064s
all io tasks finish 耗时: 1.798µs
