Pass Code2AstPass run successfully
42
54
66
95
140
169
221
308
320
377
455
506
543
580
633
645
674
712
724
774
786
822
908
986
1023
1080
1117
1188
1226
1238
1267
1279
1308
1320
1370
1408
1497
1534
1572
1643
1680
1762
1799
1837
1908
1946
1996
2008
2044
2130
2166
2253
2306
2318
2363
2398
2509
2544
2619
2651
2663
2692
2730
2780
2817
2846
2858
2870
2899
2937
2949
2999
3077
3136
3186
3216
3253
3306
3318
3330
3342
3371
3400
3438
3488
3559
3609
3645
3682
3747
3759
3788
3826
3897
3934
3996
4008
4037
4049
4078
4116
4173
4225
4281
4331
4361
4398
4460
4472
4484
4513
4542
4554
4592
4637
4741
4791
4853
4917
4981
5052
5089
5132
5170
5220
5257
5297
5326
5358
5390
5440
5490
5540
5590
5640
5690
5740
5790
5840
5890
5940
5990
6040
6090
6140
6190
6240
6290
6340
6390
6440
6490
6540
6590
6640
6690
6740
6790
6840
6890
6940
6990
7002
7070
7120
7132
7161
7199
7249
7292
7329
7379
7408
7446
7496
7539
7576
7626
7669
7719
7762
7830
7880
7909
7947
7997
8040
8077
8145
8195
8224
8262
8312
8355
8392
8460
8489
8518
8604
8642
8692
8735
8772
8840
8908
8937
8975
9025
9068
9105
9173
9241
9270
9308
9358
9401
9438
Pass Ast2ScopeTree run successfully
Pass Ast2CfgPass run successfully
[31m debuginfo is_const:false at decl_ndoe:3[0m
[32m debuginfo visit 0[0m
[32m debuginfo visit 1[0m
[32m debuginfo eval et 0[0m
[32m debuginfo eval et 1[0m
Error occurred when running Pass Cfg2NhwcCfgPass

Caused by:
    这个cfg node:0 没有对应的entry节点
Pass Ncfg2DjgPass run successfully
Error occurred when running Pass MemAllocPass

Caused by:
    0: CfgNode  #Entry
        15 
        intbubblesort(intarr[]){inti;intj;i=0;while(i<n-1){j=0;while(j<n-i-1){if(arr[j]>arr[j+1]){inttmp;tmp=arr[j+1];arr[j+1]=arr[j];arr[j]=tmp;}j=j+1;}i=i+1;}return0;}
       
        $ @ # Fields 
        {
           "cor_dj_node": 1,
           "domiance_frontier_cfg_nodes": [],
       } $   downcast_op_any 失败 field_name:FUNC_COR_SYMIDX:func_cor_symidx src/toolkit/gen_nhwc_cfg.rs 75
    1: can't find field SymIdx type:op_field
Pass CfgDebugPass run successfully
Pass NhwcCollectPass run successfully
Pass Ast2EtDebugPass run successfully
breakpoint: exit_0
         breakpoint exit_0([]) ! 

dot write finished Ok("/home/mineral/Compiler2024-nhwc")
Successfully Transform to png debug_root_simu.png Output { status: ExitStatus(unix_wait_status(0)), stdout: "", stderr: "" }
# Built-in library
 .text
 .align 4
 .globl starttime
 .type starttime, @function
 starttime:
 mv a0, zero
 tail _sysy_starttime
 
 .text
 .align 4
 .globl stoptime
 .type stoptime, @function
 stoptime:
 mv a0, zero
 tail _sysy_stoptime
.section
    .data
.section
    .text
                    ;      label L92_0: 
L92_0:
                    ;      jump label: L93_0 
    j       L93_0
                    ;      label L93_0: 
L93_0:
                    ;      label L94_0: 
L94_0:
                    ;      jump label: L95_0 
    j       L95_0
                    ;      label L95_0: 
L95_0:
                    ;      label L96_0: 
L96_0:
                    ;      label L97_0: 
L97_0:
                    ;      jump label: L98_0 
    j       L98_0
                    ;      label L98_0: 
L98_0:
                    ;      label L99_0: 
L99_0:
                    ;      jump label: L95_0 
    j       L95_0
                    ;      label L100_0: 
L100_0:
                    ;      jump label: L93_0 
    j       L93_0
                    ;      label L101_0: 
L101_0:
                    ;      label L85_0: 
L85_0:
                    ;      jump label: L86_0 
    j       L86_0
                    ;      label L86_0: 
L86_0:
                    ;      label L87_0: 
L87_0:
                    ;      jump label: L88_0 
    j       L88_0
                    ;      label L88_0: 
L88_0:
                    ;      label L89_0: 
L89_0:
                    ;      jump label: L88_0 
    j       L88_0
                    ;      label L90_0: 
L90_0:
                    ;      jump label: L86_0 
    j       L86_0
                    ;      label L91_0: 
L91_0:
                    ;      label L69_0: 
L69_0:
                    ;      label L70_0: 
L70_0:
                    ;      jump label: L71_0 
    j       L71_0
                    ;      label L71_0: 
L71_0:
                    ;      label L72_0: 
L72_0:
                    ;      label L73_0: 
L73_0:
                    ;      jump label: L72_0 
    j       L72_0
                    ;      label L74_0: 
L74_0:
                    ;      label L75_0: 
L75_0:
                    ;      jump label: L76_0 
    j       L76_0
                    ;      label L76_0: 
L76_0:
                    ;      label L77_0: 
L77_0:
                    ;      label L78_0: 
L78_0:
                    ;      jump label: L77_0 
    j       L77_0
                    ;      label L79_0: 
L79_0:
                    ;      label L80_0: 
L80_0:
                    ;      jump label: L81_0 
    j       L81_0
                    ;      label L81_0: 
L81_0:
                    ;      label L82_0: 
L82_0:
                    ;      jump label: L83_0 
    j       L83_0
                    ;      label L83_0: 
L83_0:
                    ;      label L84_0: 
L84_0:
                    ;      label L64_0: 
L64_0:
                    ;      jump label: L65_0 
    j       L65_0
                    ;      label L65_0: 
L65_0:
                    ;      label L66_0: 
L66_0:
                    ;      jump label: L68_0 
    j       L68_0
                    ;      label L67_0: 
L67_0:
                    ;      jump label: L68_0 
    j       L68_0
                    ;      label L68_0: 
L68_0:
                    ;      label L53_0: 
L53_0:
                    ;      jump label: L54_0 
    j       L54_0
                    ;      label L54_0: 
L54_0:
                    ;      label L55_0: 
L55_0:
                    ;      jump label: L54_0 
    j       L54_0
                    ;      label L56_0: 
L56_0:
                    ;      jump label: L57_0 
    j       L57_0
                    ;      label L57_0: 
L57_0:
                    ;      label L58_0: 
L58_0:
                    ;      jump label: L59_0 
    j       L59_0
                    ;      label L59_0: 
L59_0:
                    ;      label L60_0: 
L60_0:
                    ;      jump label: L61_0 
    j       L61_0
                    ;      label L61_0: 
L61_0:
                    ;      label L62_0: 
L62_0:
                    ;      jump label: L57_0 
    j       L57_0
                    ;      label L63_0: 
L63_0:
                    ;      label L49_0: 
L49_0:
                    ;      jump label: L50_0 
    j       L50_0
                    ;      label L50_0: 
L50_0:
                    ;      label L51_0: 
L51_0:
                    ;      jump label: L50_0 
    j       L50_0
                    ;      label L52_0: 
L52_0:
                    ;      label L45_0: 
L45_0:
                    ;      jump label: L46_0 
    j       L46_0
                    ;      label L46_0: 
L46_0:
                    ;      label L47_0: 
L47_0:
                    ;      jump label: L46_0 
    j       L46_0
                    ;      label L48_0: 
L48_0:
                    ;      label L36_0: 
L36_0:
                    ;      jump label: L37_0 
    j       L37_0
                    ;      label L37_0: 
L37_0:
                    ;      label L38_0: 
L38_0:
                    ;      jump label: L39_0 
    j       L39_0
                    ;      label L39_0: 
L39_0:
                    ;      label L40_0: 
L40_0:
                    ;      jump label: L42_0 
    j       L42_0
                    ;      label L41_0: 
L41_0:
                    ;      jump label: L42_0 
    j       L42_0
                    ;      label L42_0: 
L42_0:
                    ;      label L43_0: 
L43_0:
                    ;      jump label: L37_0 
    j       L37_0
                    ;      label L44_0: 
L44_0:
                    ;      label L22_0: 
L22_0:
                    ;      jump label: L23_0 
    j       L23_0
                    ;      label L23_0: 
L23_0:
                    ;      label L24_0: 
L24_0:
                    ;      label L25_0: 
L25_0:
                    ;      jump label: L30_0 
    j       L30_0
                    ;      label L26_0: 
L26_0:
                    ;      label L27_0: 
L27_0:
                    ;      jump label: L29_0 
    j       L29_0
                    ;      label L28_0: 
L28_0:
                    ;      jump label: L29_0 
    j       L29_0
                    ;      label L29_0: 
L29_0:
                    ;      label L30_0: 
L30_0:
                    ;      label L31_0: 
L31_0:
                    ;      jump label: L23_0 
    j       L23_0
                    ;      label L32_0: 
L32_0:
                    ;      jump label: L33_0 
    j       L33_0
                    ;      label L33_0: 
L33_0:
                    ;      label L34_0: 
L34_0:
                    ;      jump label: L33_0 
    j       L33_0
                    ;      label L35_0: 
L35_0:
                    ;      label L0_0: 
L0_0:
                    ;      jump label: L1_0 
    j       L1_0
                    ;      label L1_0: 
L1_0:
                    ;      label L2_0: 
L2_0:
                    ;      jump label: L1_0 
    j       L1_0
                    ;      label L3_0: 
L3_0:
                    ;      jump label: L4_0 
    j       L4_0
                    ;      label L4_0: 
L4_0:
                    ;      label L5_0: 
L5_0:
                    ;      jump label: L4_0 
    j       L4_0
                    ;      label L6_0: 
L6_0:
                    ;      jump label: L7_0 
    j       L7_0
                    ;      label L7_0: 
L7_0:
                    ;      label L8_0: 
L8_0:
                    ;      jump label: L7_0 
    j       L7_0
                    ;      label L9_0: 
L9_0:
                    ;      jump label: L10_0 
    j       L10_0
                    ;      label L10_0: 
L10_0:
                    ;      label L11_0: 
L11_0:
                    ;      jump label: L10_0 
    j       L10_0
                    ;      label L12_0: 
L12_0:
                    ;      jump label: L13_0 
    j       L13_0
                    ;      label L13_0: 
L13_0:
                    ;      label L14_0: 
L14_0:
                    ;      jump label: L13_0 
    j       L13_0
                    ;      label L15_0: 
L15_0:
                    ;      jump label: L16_0 
    j       L16_0
                    ;      label L16_0: 
L16_0:
                    ;      label L17_0: 
L17_0:
                    ;      jump label: L16_0 
    j       L16_0
                    ;      label L18_0: 
L18_0:
                    ;      jump label: L19_0 
    j       L19_0
                    ;      label L19_0: 
L19_0:
                    ;      label L20_0: 
L20_0:
                    ;      jump label: L19_0 
    j       L19_0
                    ;      label L21_0: 
L21_0:

Pass Nhwc2RiscvDebugPass run successfully
Pass SymtabDebugPass run successfully
all passed finish 耗时: 2.136070444s
all io tasks finish 耗时: 2.008µs
