Pass Code2AstPass run successfully
39
70
115
153
191
271
323
394
445
482
824
863
893
1937
2017
2102
2187
2272
2357
2442
2527
2612
2697
2782
2867
2952
3037
3122
3207
3292
3377
3462
3547
3632
3717
3802
3887
3972
4057
4142
4227
4312
4397
4482
4567
4652
4837
5177
5238
6193
6670
6708
6835
6962
6999
8293
8336
Pass Ast2ScopeTree run successfully
Pass Ast2CfgPass run successfully
[31m debuginfo is_const:false at decl_ndoe:40[0m
[32m debuginfo visit 34[0m
[32m debuginfo visit 35[0m
[32m debuginfo visit 37[0m
[32m debuginfo visit 36[0m
[32m debuginfo eval et 34[0m
[32m debuginfo eval et 35[0m
[32m debuginfo eval et 36[0m
[32m debuginfo eval et 37[0m
[31m debuginfo is_const:false at decl_ndoe:116[0m
[32m debuginfo visit 39[0m
[32m debuginfo visit 40[0m
[32m debuginfo visit 42[0m
[32m debuginfo visit 44[0m
[32m debuginfo visit 43[0m
[32m debuginfo replace symidx i[0m
Error occurred when running Pass Cfg2NhwcCfgPass

Caused by:
    0: Symbol {"i" fields:{"is_literal": false, "is_global": false, "type": i32, "def_cfg_node_vec": [3], "def_instrs_vec": [], "is_temp": false}} downcast_op_any 失败 field_name:CONST_SYMIDX:const_symidx src/toolkit/gen_nhwc_cfg.rs 54
    1: can't find field SymIdx type:op_field
Pass Ncfg2DjgPass run successfully
[34m debuginfo align:8 data_len:8[0m
[34m debuginfo tail_remained:0[0m
[34m debuginfo align:8 data_len:8[0m
[34m debuginfo align:8 data_len:8[0m
[34m debuginfo tail_remained:0[0m
[34m debuginfo align:8 data_len:8[0m
[34m debuginfo align:4 data_len:4[0m
[34m debuginfo tail_remained:0[0m
[34m debuginfo align:4 data_len:4[0m
[34m debuginfo align:4 data_len:4[0m
[34m debuginfo tail_remained:0[0m
[34m debuginfo align:4 data_len:4[0m
[34m debuginfo align:4 data_len:4[0m
[34m debuginfo tail_remained:0[0m
[34m debuginfo align:4 data_len:4[0m
[34m debuginfo align:8 data_len:8[0m
[34m debuginfo tail_remained:0[0m
[34m debuginfo align:8 data_len:8[0m
[34m debuginfo align:8 data_len:8[0m
[34m debuginfo tail_remained:0[0m
[34m debuginfo align:8 data_len:8[0m
[34m debuginfo align:4 data_len:4[0m
[34m debuginfo tail_remained:0[0m
[34m debuginfo align:4 data_len:4[0m
[34m debuginfo align:4 data_len:4[0m
[34m debuginfo tail_remained:0[0m
[34m debuginfo align:4 data_len:4[0m
[34m debuginfo align:4 data_len:4[0m
[34m debuginfo tail_remained:0[0m
[34m debuginfo align:4 data_len:4[0m
[34m debuginfo align:4 data_len:4[0m
[34m debuginfo tail_remained:0[0m
[34m debuginfo align:4 data_len:4[0m
[34m debuginfo align:4 data_len:4[0m
[34m debuginfo tail_remained:0[0m
[34m debuginfo align:4 data_len:4[0m
[34m debuginfo align:4 data_len:4[0m
[34m debuginfo tail_remained:0[0m
[34m debuginfo align:4 data_len:4[0m
[34m debuginfo align:4 data_len:4[0m
[34m debuginfo tail_remained:0[0m
[34m debuginfo align:4 data_len:4[0m
[34m debuginfo align:4 data_len:4[0m
[34m debuginfo tail_remained:0[0m
[34m debuginfo align:4 data_len:4[0m
[34m debuginfo align:4 data_len:4[0m
[34m debuginfo tail_remained:0[0m
[34m debuginfo align:4 data_len:4[0m
[34m debuginfo align:4 data_len:4[0m
[34m debuginfo tail_remained:0[0m
[34m debuginfo align:4 data_len:4[0m
[34m debuginfo align:4 data_len:4[0m
[34m debuginfo tail_remained:0[0m
[34m debuginfo align:4 data_len:4[0m
[34m debuginfo align:4 data_len:4[0m
[34m debuginfo tail_remained:0[0m
[34m debuginfo align:4 data_len:4[0m
[34m debuginfo align:4 data_len:4[0m
[34m debuginfo tail_remained:0[0m
[34m debuginfo align:4 data_len:4[0m
[34m debuginfo align:4 data_len:4[0m
[34m debuginfo tail_remained:0[0m
[34m debuginfo align:4 data_len:4[0m
[34m debuginfo align:4 data_len:4[0m
[34m debuginfo tail_remained:0[0m
[34m debuginfo align:4 data_len:4[0m
[34m debuginfo align:4 data_len:4[0m
[34m debuginfo tail_remained:0[0m
[34m debuginfo align:4 data_len:4[0m
[34m debuginfo align:4 data_len:4[0m
[34m debuginfo tail_remained:0[0m
[34m debuginfo align:4 data_len:4[0m
[34m debuginfo align:4 data_len:4[0m
[34m debuginfo tail_remained:0[0m
[34m debuginfo align:4 data_len:4[0m
[34m debuginfo align:4 data_len:4[0m
[34m debuginfo tail_remained:0[0m
[34m debuginfo align:4 data_len:4[0m
[34m debuginfo align:4 data_len:4[0m
[34m debuginfo tail_remained:0[0m
[34m debuginfo align:4 data_len:4[0m
[34m debuginfo align:4 data_len:4[0m
[34m debuginfo tail_remained:0[0m
[34m debuginfo align:4 data_len:4[0m
[34m debuginfo align:4 data_len:4[0m
[34m debuginfo tail_remained:0[0m
[34m debuginfo align:4 data_len:4[0m
[34m debuginfo align:4 data_len:4[0m
[34m debuginfo tail_remained:0[0m
[34m debuginfo align:4 data_len:4[0m
[34m debuginfo align:4 data_len:4[0m
[34m debuginfo tail_remained:0[0m
[34m debuginfo align:4 data_len:4[0m
[34m debuginfo align:4 data_len:4[0m
[34m debuginfo tail_remained:0[0m
[34m debuginfo align:4 data_len:4[0m
[34m debuginfo align:4 data_len:4[0m
[34m debuginfo tail_remained:0[0m
[34m debuginfo align:4 data_len:4[0m
[34m debuginfo align:4 data_len:4[0m
[34m debuginfo tail_remained:0[0m
[34m debuginfo align:4 data_len:4[0m
[34m debuginfo align:4 data_len:4[0m
[34m debuginfo tail_remained:0[0m
[34m debuginfo align:4 data_len:4[0m
[34m debuginfo align:4 data_len:4[0m
[34m debuginfo tail_remained:0[0m
[34m debuginfo align:4 data_len:4[0m
[34m debuginfo align:4 data_len:4[0m
[34m debuginfo tail_remained:0[0m
[34m debuginfo align:4 data_len:4[0m
[34m debuginfo align:4 data_len:4[0m
[34m debuginfo tail_remained:0[0m
[34m debuginfo align:4 data_len:4[0m
[34m debuginfo align:4 data_len:4[0m
[34m debuginfo tail_remained:0[0m
[34m debuginfo align:4 data_len:4[0m
[34m debuginfo align:8 data_len:8[0m
[34m debuginfo tail_remained:0[0m
[34m debuginfo align:8 data_len:8[0m
[34m debuginfo align:8 data_len:8[0m
[34m debuginfo tail_remained:0[0m
[34m debuginfo align:8 data_len:8[0m
[34m debuginfo align:4 data_len:4[0m
[34m debuginfo tail_remained:0[0m
[34m debuginfo align:4 data_len:4[0m
[34m debuginfo align:4 data_len:4[0m
[34m debuginfo tail_remained:0[0m
[34m debuginfo align:4 data_len:4[0m
[34m debuginfo align:4 data_len:4[0m
[34m debuginfo tail_remained:0[0m
[34m debuginfo align:4 data_len:4[0m
[34m debuginfo align:4 data_len:4[0m
[34m debuginfo tail_remained:0[0m
[34m debuginfo align:4 data_len:4[0m
[34m debuginfo align:4 data_len:4[0m
[34m debuginfo tail_remained:0[0m
[34m debuginfo align:4 data_len:4[0m
[34m debuginfo align:4 data_len:4[0m
[34m debuginfo tail_remained:0[0m
[34m debuginfo align:4 data_len:4[0m
[34m debuginfo align:4 data_len:4[0m
[34m debuginfo tail_remained:0[0m
[34m debuginfo align:4 data_len:4[0m
[34m debuginfo align:4 data_len:4[0m
[34m debuginfo tail_remained:0[0m
[34m debuginfo align:4 data_len:4[0m
[34m debuginfo align:4 data_len:4[0m
[34m debuginfo tail_remained:0[0m
[34m debuginfo align:4 data_len:4[0m
[34m debuginfo align:4 data_len:4[0m
[34m debuginfo tail_remained:0[0m
[34m debuginfo align:4 data_len:4[0m
[34m debuginfo align:4 data_len:4[0m
[34m debuginfo tail_remained:0[0m
[34m debuginfo align:4 data_len:4[0m
[34m debuginfo align:4 data_len:4[0m
[34m debuginfo tail_remained:0[0m
[34m debuginfo align:4 data_len:4[0m
[34m debuginfo align:4 data_len:4[0m
[34m debuginfo tail_remained:0[0m
[34m debuginfo align:4 data_len:4[0m
[34m debuginfo align:4 data_len:4[0m
[34m debuginfo tail_remained:0[0m
[34m debuginfo align:4 data_len:4[0m
[34m debuginfo align:4 data_len:4[0m
[34m debuginfo tail_remained:0[0m
[34m debuginfo align:4 data_len:4[0m
[34m debuginfo align:4 data_len:4[0m
[34m debuginfo tail_remained:0[0m
[34m debuginfo align:4 data_len:4[0m
[34m debuginfo align:4 data_len:4[0m
[34m debuginfo tail_remained:0[0m
[34m debuginfo align:4 data_len:4[0m
[34m debuginfo align:4 data_len:4[0m
[34m debuginfo tail_remained:0[0m
[34m debuginfo align:4 data_len:4[0m
[34m debuginfo align:4 data_len:4[0m
[34m debuginfo tail_remained:0[0m
[34m debuginfo align:4 data_len:4[0m
[34m debuginfo align:4 data_len:4[0m
[34m debuginfo tail_remained:0[0m
[34m debuginfo align:4 data_len:4[0m
[34m debuginfo align:4 data_len:4[0m
[34m debuginfo tail_remained:0[0m
[34m debuginfo align:4 data_len:4[0m
[34m debuginfo align:4 data_len:4[0m
[34m debuginfo tail_remained:0[0m
[34m debuginfo align:4 data_len:4[0m
[34m debuginfo align:4 data_len:4[0m
[34m debuginfo tail_remained:0[0m
[34m debuginfo align:4 data_len:4[0m
[34m debuginfo align:4 data_len:4[0m
[34m debuginfo tail_remained:0[0m
[34m debuginfo align:4 data_len:4[0m
[34m debuginfo align:4 data_len:4[0m
[34m debuginfo tail_remained:0[0m
[34m debuginfo align:4 data_len:4[0m
[34m debuginfo align:4 data_len:4[0m
[34m debuginfo tail_remained:0[0m
[34m debuginfo align:4 data_len:4[0m
[34m debuginfo align:4 data_len:4[0m
[34m debuginfo tail_remained:0[0m
[34m debuginfo align:4 data_len:4[0m
[34m debuginfo align:4 data_len:4[0m
[34m debuginfo tail_remained:0[0m
[34m debuginfo align:4 data_len:4[0m
[34m debuginfo align:4 data_len:4[0m
[34m debuginfo tail_remained:0[0m
[34m debuginfo align:4 data_len:4[0m
[34m debuginfo align:4 data_len:4[0m
[34m debuginfo tail_remained:0[0m
[34m debuginfo align:4 data_len:4[0m
[34m debuginfo align:4 data_len:4[0m
[34m debuginfo tail_remained:0[0m
[34m debuginfo align:4 data_len:4[0m
[34m debuginfo align:4 data_len:4[0m
[34m debuginfo tail_remained:0[0m
[34m debuginfo align:4 data_len:4[0m
[34m debuginfo align:8 data_len:8[0m
[34m debuginfo tail_remained:0[0m
[34m debuginfo align:8 data_len:8[0m
[34m debuginfo align:8 data_len:8[0m
[34m debuginfo tail_remained:0[0m
[34m debuginfo align:8 data_len:8[0m
[34m debuginfo align:4 data_len:4[0m
[34m debuginfo tail_remained:0[0m
[34m debuginfo align:4 data_len:4[0m
[34m debuginfo align:4 data_len:4[0m
[34m debuginfo tail_remained:0[0m
[34m debuginfo align:4 data_len:4[0m
[34m debuginfo align:4 data_len:4[0m
[34m debuginfo tail_remained:0[0m
[34m debuginfo align:4 data_len:4[0m
[34m debuginfo align:4 data_len:4[0m
[34m debuginfo tail_remained:0[0m
[34m debuginfo align:4 data_len:4[0m
[34m debuginfo align:4 data_len:4[0m
[34m debuginfo tail_remained:0[0m
[34m debuginfo align:4 data_len:4[0m
[34m debuginfo align:4 data_len:4[0m
[34m debuginfo tail_remained:0[0m
[34m debuginfo align:4 data_len:4[0m
[34m debuginfo align:4 data_len:4[0m
[34m debuginfo tail_remained:0[0m
[34m debuginfo align:4 data_len:4[0m
[34m debuginfo align:4 data_len:4[0m
[34m debuginfo tail_remained:0[0m
[34m debuginfo align:4 data_len:4[0m
[34m debuginfo align:4 data_len:4[0m
[34m debuginfo tail_remained:0[0m
[34m debuginfo align:4 data_len:4[0m
[34m debuginfo align:4 data_len:4[0m
[34m debuginfo tail_remained:0[0m
[34m debuginfo align:4 data_len:4[0m
[34m debuginfo align:4 data_len:4[0m
[34m debuginfo tail_remained:0[0m
[34m debuginfo align:4 data_len:4[0m
[34m debuginfo align:4 data_len:4[0m
[34m debuginfo tail_remained:0[0m
[34m debuginfo align:4 data_len:4[0m
[34m debuginfo align:4 data_len:4[0m
[34m debuginfo tail_remained:0[0m
[34m debuginfo align:4 data_len:4[0m
[34m debuginfo align:4 data_len:4[0m
[34m debuginfo tail_remained:0[0m
[34m debuginfo align:4 data_len:4[0m
[34m debuginfo align:4 data_len:4[0m
[34m debuginfo tail_remained:0[0m
[34m debuginfo align:4 data_len:4[0m
[34m debuginfo align:4 data_len:4[0m
[34m debuginfo tail_remained:0[0m
[34m debuginfo align:4 data_len:4[0m
[34m debuginfo align:8 data_len:8[0m
[34m debuginfo tail_remained:0[0m
[34m debuginfo align:8 data_len:8[0m
[34m debuginfo align:8 data_len:8[0m
[34m debuginfo tail_remained:0[0m
[34m debuginfo align:8 data_len:8[0m
Pass MemAllocPass run successfully
Pass CfgDebugPass run successfully
Pass NhwcCollectPass run successfully
Pass Ast2EtDebugPass run successfully
breakpoint: exit_0
         global Fn[]->starttime_ret_0 starttime_0 
         global Fn[]->stoptime_ret_0 stoptime_0 
         global Fn[s_14, c_14, n_14]->memset_ret_0 memset_0 
         global Fn[dest_15, src_15, n_15]->memcpy_ret_0 memcpy_0 
         breakpoint exit_0([]) ! 

dot write finished Ok("/home/mineral/Compiler2024-nhwc")
Successfully Transform to png debug_root_simu.png Output { status: ExitStatus(unix_wait_status(0)), stdout: "", stderr: "" }
# Built-in library
 .text
 .align 4
 .globl starttime
 .type starttime, @function
 starttime:
 mv a0, zero
 tail _sysy_starttime
 
 .text
 .align 4
 .globl stoptime
 .type stoptime, @function
 stoptime:
 mv a0, zero
 tail _sysy_stoptime
.section
    .data
.section
    .text
                    ;      Define sort_0 [arr[]_16, len_16] -> sort_ret_0 
    .global sort
    .type sort @function
sort:
                    ;mem layout:|ra_sort:8|s0_sort:8|arr[]:4|len:4|i:4|none:4
    addi    sp,sp,-32
    sd      ra,24(sp)
    sd      s0,16(sp)
    addi    s0,sp,32
    sw      a0,12(sp)
    sw      a1,8(sp)
                    ;      alloc i32 i_18 
                    ;      label L10_0: 
L10_0:
                    ;      i_18 = i32 0_0 
    li      s1, 0
    sw      s1,4(sp)
                    ;      jump label: L11_0 
    j       L11_0
                    ;      label L11_0: 
L11_0:
                    ;      label L12_0: 
L12_0:
                    ;      jump label: L13_0 
    j       L13_0
                    ;      label L13_0: 
L13_0:
                    ;      label L14_0: 
L14_0:
                    ;      label L15_0: 
L15_0:
                    ;      jump label: L16_0 
    j       L16_0
                    ;      label L16_0: 
L16_0:
                    ;      label L17_0: 
L17_0:
                    ;      jump label: L13_0 
    j       L13_0
                    ;      label L18_0: 
L18_0:
                    ;      jump label: L11_0 
    j       L11_0
                    ;      Define param32_rec_0 [a1_35, a2_35, a3_35, a4_35, a5_35, a6_35, a7_35, a8_35, a9_35, a10_35, a11_35, a12_35, a13_35, a14_35, a15_35, a16_35, a17_35, a18_35, a19_35, a20_35, a21_35, a22_35, a23_35, a24_35, a25_35, a26_35, a27_35, a28_35, a29_35, a30_35, a31_35, a32_35] -> param32_rec_ret_0 
    .global param32_rec
    .type param32_rec @function
param32_rec:
                    ;mem layout:|ra_param32_rec:8|s0_param32_rec:8|a1:4|a2:4|a3:4|a4:4|a5:4|a6:4|a7:4|a8:4|a9:4|a10:4|a11:4|a12:4|a13:4|a14:4|a15:4|a16:4|a17:4|a18:4|a19:4|a20:4|a21:4|a22:4|a23:4|a24:4|a25:4|a26:4|a27:4|a28:4|a29:4|a30:4|a31:4|a32:4
    addi    sp,sp,-144
    sd      ra,136(sp)
    sd      s0,128(sp)
    addi    s0,sp,144
    sw      a0,124(sp)
    sw      a1,120(sp)
    sw      a2,116(sp)
    sw      a3,112(sp)
    sw      a4,108(sp)
    sw      a5,104(sp)
    sw      a6,100(sp)
    sw      a7,96(sp)
    sw      a8,92(sp)
    sw      a9,88(sp)
    sw      a10,84(sp)
    sw      a11,80(sp)
    sw      a12,76(sp)
    sw      a13,72(sp)
    sw      a14,68(sp)
    sw      a15,64(sp)
    sw      a16,60(sp)
    sw      a17,56(sp)
    sw      a18,52(sp)
    sw      a19,48(sp)
    sw      a20,44(sp)
    sw      a21,40(sp)
    sw      a22,36(sp)
    sw      a23,32(sp)
    sw      a24,28(sp)
    sw      a25,24(sp)
    sw      a26,20(sp)
    sw      a27,16(sp)
    sw      a28,12(sp)
    sw      a29,8(sp)
    sw      a30,4(sp)
    sw      a31,0(sp)
                    ;      label L6_0: 
L6_0:
                    ;      label L7_0: 
L7_0:
                    ;      jump label: L9_0 
    j       L9_0
                    ;      label L8_0: 
L8_0:
                    ;      jump label: L9_0 
    j       L9_0
                    ;      label L9_0: 
L9_0:
                    ;      Define param32_arr_0 [a1[]_44, a2[]_44, a3[]_44, a4[]_44, a5[]_44, a6[]_44, a7[]_44, a8[]_44, a9[]_44, a10[]_44, a11[]_44, a12[]_44, a13[]_44, a14[]_44, a15[]_44, a16[]_44, a17[]_44, a18[]_44, a19[]_44, a20[]_44, a21[]_44, a22[]_44, a23[]_44, a24[]_44, a25[]_44, a26[]_44, a27[]_44, a28[]_44, a29[]_44, a30[]_44, a31[]_44, a32[]_44] -> param32_arr_ret_0 
    .global param32_arr
    .type param32_arr @function
param32_arr:
                    ;mem layout:|ra_param32_arr:8|s0_param32_arr:8|a1[]:4|a2[]:4|a3[]:4|a4[]:4|a5[]:4|a6[]:4|a7[]:4|a8[]:4|a9[]:4|a10[]:4|a11[]:4|a12[]:4|a13[]:4|a14[]:4|a15[]:4|a16[]:4|a17[]:4|a18[]:4|a19[]:4|a20[]:4|a21[]:4|a22[]:4|a23[]:4|a24[]:4|a25[]:4|a26[]:4|a27[]:4|a28[]:4|a29[]:4|a30[]:4|a31[]:4|a32[]:4
    addi    sp,sp,-144
    sd      ra,136(sp)
    sd      s0,128(sp)
    addi    s0,sp,144
    sw      a0,124(sp)
    sw      a1,120(sp)
    sw      a2,116(sp)
    sw      a3,112(sp)
    sw      a4,108(sp)
    sw      a5,104(sp)
    sw      a6,100(sp)
    sw      a7,96(sp)
    sw      a8,92(sp)
    sw      a9,88(sp)
    sw      a10,84(sp)
    sw      a11,80(sp)
    sw      a12,76(sp)
    sw      a13,72(sp)
    sw      a14,68(sp)
    sw      a15,64(sp)
    sw      a16,60(sp)
    sw      a17,56(sp)
    sw      a18,52(sp)
    sw      a19,48(sp)
    sw      a20,44(sp)
    sw      a21,40(sp)
    sw      a22,36(sp)
    sw      a23,32(sp)
    sw      a24,28(sp)
    sw      a25,24(sp)
    sw      a26,20(sp)
    sw      a27,16(sp)
    sw      a28,12(sp)
    sw      a29,8(sp)
    sw      a30,4(sp)
    sw      a31,0(sp)
                    ;      label L5_0: 
L5_0:
                    ;      Define param16_0 [a1_80, a2_80, a3_80, a4_80, a5_80, a6_80, a7_80, a8_80, a9_80, a10_80, a11_80, a12_80, a13_80, a14_80, a15_80, a16_80] -> param16_ret_0 
    .global param16
    .type param16 @function
param16:
                    ;mem layout:|ra_param16:8|s0_param16:8|a1:4|a2:4|a3:4|a4:4|a5:4|a6:4|a7:4|a8:4|a9:4|a10:4|a11:4|a12:4|a13:4|a14:4|a15:4|a16:4
    addi    sp,sp,-80
    sd      ra,72(sp)
    sd      s0,64(sp)
    addi    s0,sp,80
    sw      a0,60(sp)
    sw      a1,56(sp)
    sw      a2,52(sp)
    sw      a3,48(sp)
    sw      a4,44(sp)
    sw      a5,40(sp)
    sw      a6,36(sp)
    sw      a7,32(sp)
    sw      a8,28(sp)
    sw      a9,24(sp)
    sw      a10,20(sp)
    sw      a11,16(sp)
    sw      a12,12(sp)
    sw      a13,8(sp)
    sw      a14,4(sp)
    sw      a15,0(sp)
                    ;      label L4_0: 
L4_0:
                    ;      Define main_0 [] -> main_ret_0 
    .global main
    .type main @function
main:
                    ;mem layout:|ra_main:8|s0_main:8
    addi    sp,sp,-16
    sd      ra,8(sp)
    sd      s0,0(sp)
    addi    s0,sp,16
                    ;      label L0_0: 
L0_0:
                    ;      jump label: L1_0 
    j       L1_0
                    ;      label L1_0: 
L1_0:
                    ;      label L2_0: 
L2_0:
                    ;      jump label: L1_0 
    j       L1_0
                    ;      label L3_0: 
L3_0:

Pass Nhwc2RiscvDebugPass run successfully
Pass SymtabDebugPass run successfully
all passed finish 耗时: 1.171148082s
all io tasks finish 耗时: 2.769µs
