Pass Code2AstPass run successfully
570
804
1238
1495
1524
1553
1582
1611
1640
1669
1698
1727
1756
1785
1814
1843
1872
1901
1930
1959
1988
2017
2046
2075
2104
2133
2162
2191
2220
2249
2278
2307
2336
2365
2394
2423
2452
2481
2510
2539
2568
2597
2626
2655
2831
2874
3194
3237
3845
3888
Pass Ast2ScopeTree run successfully
Pass Ast2CfgPass run successfully
[31m debuginfo is_const:false at decl_ndoe:3[0m
[32m debuginfo visit 0[0m
[32m debuginfo visit 1[0m
[32m debuginfo eval et 0[0m
[32m debuginfo eval et 1[0m
Error occurred when running Pass Cfg2NhwcCfgPass

Caused by:
    这个cfg node:0 没有对应的entry节点
Pass Ncfg2DjgPass run successfully
Error occurred when running Pass MemAllocPass

Caused by:
    0: CfgNode  #Entry
        483 
        inttestParam8(inta0,inta1,inta2,inta3,inta4,inta5,inta6,inta7){returna0+a1+a2+a3+a4+a5+a6+a7;}
       
        $ @ # Fields 
        {
           "domiance_frontier_cfg_nodes": [],
           "cor_dj_node": 1,
       } $   downcast_op_any 失败 field_name:FUNC_COR_SYMIDX:func_cor_symidx src/toolkit/gen_nhwc_cfg.rs 75
    1: can't find field SymIdx type:op_field
Pass CfgDebugPass run successfully
Pass NhwcCollectPass run successfully
Pass Ast2EtDebugPass run successfully
breakpoint: exit_0
         breakpoint exit_0([]) ! 

dot write finished Ok("/home/mineral/Compiler2024-nhwc")
Successfully Transform to png debug_root_simu.png Output { status: ExitStatus(unix_wait_status(0)), stdout: "", stderr: "" }
# Built-in library
 .text
 .align 4
 .globl starttime
 .type starttime, @function
 starttime:
 mv a0, zero
 tail _sysy_starttime
 
 .text
 .align 4
 .globl stoptime
 .type stoptime, @function
 stoptime:
 mv a0, zero
 tail _sysy_stoptime
.section
    .data
.section
    .text
                    ;      label L3_0: 
L3_0:
                    ;      label L2_0: 
L2_0:
                    ;      label L1_0: 
L1_0:
                    ;      label L0_0: 
L0_0:

Pass Nhwc2RiscvDebugPass run successfully
Pass SymtabDebugPass run successfully
all passed finish 耗时: 512.017728ms
all io tasks finish 耗时: 13.221µs
