Pass Code2AstPass run successfully
1028
1040
1076
1088
1100
1112
1124
1136
1148
1160
1172
1184
1196
1208
1220
1232
1244
1256
1268
1280
1292
1304
1316
1328
1340
1352
1364
1376
1388
1400
1412
1424
1436
1448
1460
1472
1484
1496
1508
1541
1574
1607
1640
1683
1726
1769
1812
1855
1898
1941
1984
2027
2070
2113
2156
2199
2242
2285
2328
2371
2414
2457
2500
2543
2586
2629
2672
2715
2758
2801
2844
2887
2930
2973
3016
3059
3102
3145
3188
3231
3274
3317
3360
3403
3446
3489
3532
3575
3618
3661
3704
3747
3790
3833
3876
3919
3962
4005
4048
4091
4134
4177
4220
4263
4306
4349
4392
4435
4478
4521
4564
4607
5123
5135
5147
5180
5222
5290
5333
Pass Ast2ScopeTree run successfully
Pass Ast2CfgPass run successfully
[31m debuginfo is_const:false at decl_ndoe:3[0m
[32m debuginfo visit 0[0m
[32m debuginfo visit 1[0m
[32m debuginfo visit 3[0m
[32m debuginfo visit 2[0m
[32m debuginfo eval et 0[0m
[32m debuginfo eval et 1[0m
[32m debuginfo eval et 2[0m
[32m debuginfo eval et 3[0m
[31m debuginfo is_const:false at decl_ndoe:34[0m
[32m debuginfo visit 5[0m
[32m debuginfo visit 6[0m
[32m debuginfo visit 8[0m
[32m debuginfo visit 7[0m
[32m debuginfo eval et 5[0m
[32m debuginfo eval et 6[0m
[32m debuginfo eval et 7[0m
[32m debuginfo eval et 8[0m
[31m debuginfo is_const:false at decl_ndoe:65[0m
[32m debuginfo visit 10[0m
[32m debuginfo visit 11[0m
[32m debuginfo visit 13[0m
[32m debuginfo visit 12[0m
[32m debuginfo eval et 10[0m
[32m debuginfo eval et 11[0m
[32m debuginfo eval et 12[0m
[32m debuginfo eval et 13[0m
[31m debuginfo is_const:false at decl_ndoe:96[0m
[32m debuginfo visit 15[0m
[32m debuginfo visit 16[0m
[32m debuginfo visit 18[0m
[32m debuginfo visit 17[0m
[32m debuginfo eval et 15[0m
[32m debuginfo eval et 16[0m
[32m debuginfo eval et 17[0m
[32m debuginfo eval et 18[0m
[31m debuginfo is_const:false at decl_ndoe:127[0m
[32m debuginfo visit 20[0m
[32m debuginfo visit 21[0m
[32m debuginfo visit 23[0m
[32m debuginfo visit 22[0m
[32m debuginfo eval et 20[0m
[32m debuginfo eval et 21[0m
[32m debuginfo eval et 22[0m
[32m debuginfo eval et 23[0m
[31m debuginfo is_const:false at decl_ndoe:158[0m
[32m debuginfo visit 25[0m
[32m debuginfo visit 26[0m
[32m debuginfo visit 28[0m
[32m debuginfo visit 27[0m
[32m debuginfo eval et 25[0m
[32m debuginfo eval et 26[0m
[32m debuginfo eval et 27[0m
[32m debuginfo eval et 28[0m
[31m debuginfo is_const:false at decl_ndoe:189[0m
[32m debuginfo visit 30[0m
[32m debuginfo visit 31[0m
[32m debuginfo visit 33[0m
[32m debuginfo visit 32[0m
[32m debuginfo eval et 30[0m
[32m debuginfo eval et 31[0m
[32m debuginfo eval et 32[0m
[32m debuginfo eval et 33[0m
[31m debuginfo is_const:false at decl_ndoe:220[0m
[32m debuginfo visit 35[0m
[32m debuginfo visit 36[0m
[32m debuginfo visit 38[0m
[32m debuginfo visit 37[0m
[32m debuginfo eval et 35[0m
[32m debuginfo eval et 36[0m
[32m debuginfo eval et 37[0m
[32m debuginfo eval et 38[0m
[31m debuginfo is_const:false at decl_ndoe:251[0m
[32m debuginfo visit 40[0m
[32m debuginfo visit 41[0m
[32m debuginfo visit 43[0m
[32m debuginfo visit 42[0m
[32m debuginfo eval et 40[0m
[32m debuginfo eval et 41[0m
[32m debuginfo eval et 42[0m
[32m debuginfo eval et 43[0m
[31m debuginfo is_const:false at decl_ndoe:282[0m
[32m debuginfo visit 45[0m
[32m debuginfo visit 46[0m
[32m debuginfo visit 48[0m
[32m debuginfo visit 47[0m
[32m debuginfo eval et 45[0m
[32m debuginfo eval et 46[0m
[32m debuginfo eval et 47[0m
[32m debuginfo eval et 48[0m
[31m debuginfo is_const:false at decl_ndoe:313[0m
[32m debuginfo visit 50[0m
[32m debuginfo visit 51[0m
[32m debuginfo visit 53[0m
[32m debuginfo visit 52[0m
[32m debuginfo eval et 50[0m
[32m debuginfo eval et 51[0m
[32m debuginfo eval et 52[0m
[32m debuginfo eval et 53[0m
[31m debuginfo is_const:false at decl_ndoe:344[0m
[32m debuginfo visit 55[0m
[32m debuginfo visit 56[0m
[32m debuginfo visit 58[0m
[32m debuginfo visit 57[0m
[32m debuginfo eval et 55[0m
[32m debuginfo eval et 56[0m
[32m debuginfo eval et 57[0m
[32m debuginfo eval et 58[0m
[31m debuginfo is_const:false at decl_ndoe:375[0m
[32m debuginfo visit 60[0m
[32m debuginfo visit 61[0m
[32m debuginfo visit 63[0m
[32m debuginfo visit 62[0m
[32m debuginfo eval et 60[0m
[32m debuginfo eval et 61[0m
[32m debuginfo eval et 62[0m
[32m debuginfo eval et 63[0m
[31m debuginfo is_const:false at decl_ndoe:406[0m
[32m debuginfo visit 65[0m
[32m debuginfo visit 66[0m
[32m debuginfo visit 68[0m
[32m debuginfo visit 67[0m
[32m debuginfo eval et 65[0m
[32m debuginfo eval et 66[0m
[32m debuginfo eval et 67[0m
[32m debuginfo eval et 68[0m
[31m debuginfo is_const:false at decl_ndoe:437[0m
[32m debuginfo visit 70[0m
[32m debuginfo visit 71[0m
[32m debuginfo visit 73[0m
[32m debuginfo visit 72[0m
[32m debuginfo eval et 70[0m
[32m debuginfo eval et 71[0m
[32m debuginfo eval et 72[0m
[32m debuginfo eval et 73[0m
[31m debuginfo is_const:false at decl_ndoe:468[0m
[32m debuginfo visit 75[0m
[32m debuginfo visit 76[0m
[32m debuginfo visit 78[0m
[32m debuginfo visit 77[0m
[32m debuginfo eval et 75[0m
[32m debuginfo eval et 76[0m
[32m debuginfo eval et 77[0m
[32m debuginfo eval et 78[0m
[31m debuginfo is_const:false at decl_ndoe:499[0m
[32m debuginfo visit 80[0m
[32m debuginfo visit 81[0m
[32m debuginfo visit 83[0m
[32m debuginfo visit 82[0m
[32m debuginfo eval et 80[0m
[32m debuginfo eval et 81[0m
[32m debuginfo eval et 82[0m
[32m debuginfo eval et 83[0m
[31m debuginfo is_const:false at decl_ndoe:530[0m
[32m debuginfo visit 85[0m
[32m debuginfo visit 86[0m
[32m debuginfo visit 88[0m
[32m debuginfo visit 87[0m
[32m debuginfo eval et 85[0m
[32m debuginfo eval et 86[0m
[32m debuginfo eval et 87[0m
[32m debuginfo eval et 88[0m
[31m debuginfo is_const:false at decl_ndoe:561[0m
[32m debuginfo visit 90[0m
[32m debuginfo visit 91[0m
[32m debuginfo visit 93[0m
[32m debuginfo visit 92[0m
[32m debuginfo eval et 90[0m
[32m debuginfo eval et 91[0m
[32m debuginfo eval et 92[0m
[32m debuginfo eval et 93[0m
[31m debuginfo is_const:false at decl_ndoe:592[0m
[32m debuginfo visit 95[0m
[32m debuginfo visit 96[0m
[32m debuginfo visit 98[0m
[32m debuginfo visit 97[0m
[32m debuginfo eval et 95[0m
[32m debuginfo eval et 96[0m
[32m debuginfo eval et 97[0m
[32m debuginfo eval et 98[0m
[31m debuginfo is_const:false at decl_ndoe:623[0m
[32m debuginfo visit 100[0m
[32m debuginfo visit 101[0m
[32m debuginfo visit 103[0m
[32m debuginfo visit 102[0m
[32m debuginfo eval et 100[0m
[32m debuginfo eval et 101[0m
[32m debuginfo eval et 102[0m
[32m debuginfo eval et 103[0m
[31m debuginfo is_const:false at decl_ndoe:654[0m
[32m debuginfo visit 105[0m
[32m debuginfo visit 106[0m
[32m debuginfo visit 108[0m
[32m debuginfo visit 107[0m
[32m debuginfo eval et 105[0m
[32m debuginfo eval et 106[0m
[32m debuginfo eval et 107[0m
[32m debuginfo eval et 108[0m
[31m debuginfo is_const:false at decl_ndoe:685[0m
[32m debuginfo visit 110[0m
[32m debuginfo visit 111[0m
[32m debuginfo visit 113[0m
[32m debuginfo visit 112[0m
[32m debuginfo eval et 110[0m
[32m debuginfo eval et 111[0m
[32m debuginfo eval et 112[0m
[32m debuginfo eval et 113[0m
[31m debuginfo is_const:false at decl_ndoe:716[0m
[32m debuginfo visit 115[0m
[32m debuginfo visit 116[0m
[32m debuginfo visit 118[0m
[32m debuginfo visit 117[0m
[32m debuginfo eval et 115[0m
[32m debuginfo eval et 116[0m
[32m debuginfo eval et 117[0m
[32m debuginfo eval et 118[0m
[31m debuginfo is_const:false at decl_ndoe:747[0m
[32m debuginfo visit 120[0m
[32m debuginfo visit 121[0m
[32m debuginfo visit 123[0m
[32m debuginfo visit 122[0m
[32m debuginfo eval et 120[0m
[32m debuginfo eval et 121[0m
[32m debuginfo eval et 122[0m
[32m debuginfo eval et 123[0m
[31m debuginfo is_const:false at decl_ndoe:778[0m
[32m debuginfo visit 125[0m
[32m debuginfo visit 126[0m
[32m debuginfo visit 128[0m
[32m debuginfo visit 127[0m
[32m debuginfo eval et 125[0m
[32m debuginfo eval et 126[0m
[32m debuginfo eval et 127[0m
[32m debuginfo eval et 128[0m
[31m debuginfo is_const:false at decl_ndoe:809[0m
[32m debuginfo visit 130[0m
[32m debuginfo visit 131[0m
[32m debuginfo visit 133[0m
[32m debuginfo visit 132[0m
[32m debuginfo eval et 130[0m
[32m debuginfo eval et 131[0m
[32m debuginfo eval et 132[0m
[32m debuginfo eval et 133[0m
[31m debuginfo is_const:false at decl_ndoe:840[0m
[32m debuginfo visit 135[0m
[32m debuginfo visit 136[0m
[32m debuginfo visit 138[0m
[32m debuginfo visit 137[0m
[32m debuginfo eval et 135[0m
[32m debuginfo eval et 136[0m
[32m debuginfo eval et 137[0m
[32m debuginfo eval et 138[0m
[31m debuginfo is_const:false at decl_ndoe:871[0m
[32m debuginfo visit 140[0m
[32m debuginfo visit 141[0m
[32m debuginfo visit 143[0m
[32m debuginfo visit 142[0m
[32m debuginfo eval et 140[0m
[32m debuginfo eval et 141[0m
[32m debuginfo eval et 142[0m
[32m debuginfo eval et 143[0m
[31m debuginfo is_const:false at decl_ndoe:902[0m
[32m debuginfo visit 145[0m
[32m debuginfo visit 146[0m
[32m debuginfo visit 148[0m
[32m debuginfo visit 147[0m
[32m debuginfo eval et 145[0m
[32m debuginfo eval et 146[0m
[32m debuginfo eval et 147[0m
[32m debuginfo eval et 148[0m
[31m debuginfo is_const:false at decl_ndoe:933[0m
[32m debuginfo visit 150[0m
[32m debuginfo visit 151[0m
[32m debuginfo visit 153[0m
[32m debuginfo visit 152[0m
[32m debuginfo eval et 150[0m
[32m debuginfo eval et 151[0m
[32m debuginfo eval et 152[0m
[32m debuginfo eval et 153[0m
[31m debuginfo is_const:false at decl_ndoe:964[0m
[32m debuginfo visit 155[0m
[32m debuginfo visit 156[0m
[32m debuginfo visit 158[0m
[32m debuginfo visit 157[0m
[32m debuginfo eval et 155[0m
[32m debuginfo eval et 156[0m
[32m debuginfo eval et 157[0m
[32m debuginfo eval et 158[0m
[31m debuginfo is_const:false at decl_ndoe:1029[0m
[32m debuginfo visit 194[0m
[32m debuginfo visit 195[0m
[32m debuginfo eval et 194[0m
[32m debuginfo eval et 195[0m
[32m debuginfo visit 196[0m
[32m debuginfo visit 197[0m
[32m debuginfo visit 199[0m
[32m debuginfo visit 201[0m
[32m debuginfo replace symidx b[0m
Error occurred when running Pass Cfg2NhwcCfgPass

Caused by:
    0: Symbol {"b" fields:{"is_literal": false, "is_temp": false, "is_global": false, "def_instrs_vec": [], "def_cfg_node_vec": [1], "type": i32}} downcast_op_any 失败 field_name:CONST_SYMIDX:const_symidx src/toolkit/gen_nhwc_cfg.rs 54
    1: can't find field SymIdx type:op_field
Pass Ncfg2DjgPass run successfully
[34m debuginfo align:8 data_len:8[0m
[34m debuginfo tail_remained:0[0m
[34m debuginfo align:8 data_len:8[0m
[34m debuginfo align:8 data_len:8[0m
[34m debuginfo tail_remained:0[0m
[34m debuginfo align:8 data_len:8[0m
[34m debuginfo align:4 data_len:4[0m
[34m debuginfo tail_remained:0[0m
[34m debuginfo align:4 data_len:4[0m
[34m debuginfo align:4 data_len:4[0m
[34m debuginfo tail_remained:0[0m
[34m debuginfo align:4 data_len:4[0m
[34m debuginfo align:4 data_len:4[0m
[34m debuginfo tail_remained:0[0m
[34m debuginfo align:4 data_len:4[0m
[34m debuginfo align:8 data_len:8[0m
[34m debuginfo tail_remained:0[0m
[34m debuginfo align:8 data_len:8[0m
[34m debuginfo align:8 data_len:8[0m
[34m debuginfo tail_remained:0[0m
[34m debuginfo align:8 data_len:8[0m
Pass MemAllocPass run successfully
Pass CfgDebugPass run successfully
Pass NhwcCollectPass run successfully
Pass Ast2EtDebugPass run successfully
breakpoint: exit_0
         global Fn[]->starttime_ret_0 starttime_0 
         global Fn[]->stoptime_ret_0 stoptime_0 
         global Fn[s_46, c_46, n_46]->memset_ret_0 memset_0 
         global Fn[dest_47, src_47, n_47]->memcpy_ret_0 memcpy_0 
         breakpoint exit_0([]) ! 

dot write finished Ok("/home/mineral/Compiler2024-nhwc")
Successfully Transform to png debug_root_simu.png Output { status: ExitStatus(unix_wait_status(0)), stdout: "", stderr: "dot: graph is too large for cairo-renderer bitmaps. Scaling by 0.885714 to fit\n" }
# Built-in library
 .text
 .align 4
 .globl starttime
 .type starttime, @function
 starttime:
 mv a0, zero
 tail _sysy_starttime
 
 .text
 .align 4
 .globl stoptime
 .type stoptime, @function
 stoptime:
 mv a0, zero
 tail _sysy_stoptime
.section
    .data
    .align 4
    .global a32_0
                    ;      global i32 a32_0 
    .type a32_0 @object
a32_0:
    .word 16
    .align 4
    .global a31_0
                    ;      global i32 a31_0 
    .type a31_0 @object
a31_0:
    .word 15
    .align 4
    .global a30_0
                    ;      global i32 a30_0 
    .type a30_0 @object
a30_0:
    .word 14
    .align 4
    .global a29_0
                    ;      global i32 a29_0 
    .type a29_0 @object
a29_0:
    .word 13
    .align 4
    .global a28_0
                    ;      global i32 a28_0 
    .type a28_0 @object
a28_0:
    .word 12
    .align 4
    .global a27_0
                    ;      global i32 a27_0 
    .type a27_0 @object
a27_0:
    .word 11
    .align 4
    .global a26_0
                    ;      global i32 a26_0 
    .type a26_0 @object
a26_0:
    .word 10
    .align 4
    .global a25_0
                    ;      global i32 a25_0 
    .type a25_0 @object
a25_0:
    .word 9
    .align 4
    .global a24_0
                    ;      global i32 a24_0 
    .type a24_0 @object
a24_0:
    .word 8
    .align 4
    .global a23_0
                    ;      global i32 a23_0 
    .type a23_0 @object
a23_0:
    .word 7
    .align 4
    .global a22_0
                    ;      global i32 a22_0 
    .type a22_0 @object
a22_0:
    .word 6
    .align 4
    .global a21_0
                    ;      global i32 a21_0 
    .type a21_0 @object
a21_0:
    .word 5
    .align 4
    .global a20_0
                    ;      global i32 a20_0 
    .type a20_0 @object
a20_0:
    .word 4
    .align 4
    .global a19_0
                    ;      global i32 a19_0 
    .type a19_0 @object
a19_0:
    .word 3
    .align 4
    .global a18_0
                    ;      global i32 a18_0 
    .type a18_0 @object
a18_0:
    .word 2
    .align 4
    .global a17_0
                    ;      global i32 a17_0 
    .type a17_0 @object
a17_0:
    .word 1
    .align 4
    .global a16_0
                    ;      global i32 a16_0 
    .type a16_0 @object
a16_0:
    .word 16
    .align 4
    .global a15_0
                    ;      global i32 a15_0 
    .type a15_0 @object
a15_0:
    .word 15
    .align 4
    .global a14_0
                    ;      global i32 a14_0 
    .type a14_0 @object
a14_0:
    .word 14
    .align 4
    .global a13_0
                    ;      global i32 a13_0 
    .type a13_0 @object
a13_0:
    .word 13
    .align 4
    .global a12_0
                    ;      global i32 a12_0 
    .type a12_0 @object
a12_0:
    .word 12
    .align 4
    .global a11_0
                    ;      global i32 a11_0 
    .type a11_0 @object
a11_0:
    .word 11
    .align 4
    .global a10_0
                    ;      global i32 a10_0 
    .type a10_0 @object
a10_0:
    .word 10
    .align 4
    .global a9_0
                    ;      global i32 a9_0 
    .type a9_0 @object
a9_0:
    .word 9
    .align 4
    .global a8_0
                    ;      global i32 a8_0 
    .type a8_0 @object
a8_0:
    .word 8
    .align 4
    .global a7_0
                    ;      global i32 a7_0 
    .type a7_0 @object
a7_0:
    .word 7
    .align 4
    .global a6_0
                    ;      global i32 a6_0 
    .type a6_0 @object
a6_0:
    .word 6
    .align 4
    .global a5_0
                    ;      global i32 a5_0 
    .type a5_0 @object
a5_0:
    .word 5
    .align 4
    .global a4_0
                    ;      global i32 a4_0 
    .type a4_0 @object
a4_0:
    .word 4
    .align 4
    .global a3_0
                    ;      global i32 a3_0 
    .type a3_0 @object
a3_0:
    .word 3
    .align 4
    .global a2_0
                    ;      global i32 a2_0 
    .type a2_0 @object
a2_0:
    .word 2
    .align 4
    .global a1_0
                    ;      global i32 a1_0 
    .type a1_0 @object
a1_0:
    .word 1
.section
    .text
                    ;      Define func_0 [a_48, b_48] -> func_ret_0 
    .global func
    .type func @function
func:
                    ;mem layout:|ra_func:8|s0_func:8|a:4|b:4|i:4|none:4
    addi    sp,sp,-32
    sd      ra,24(sp)
    sd      s0,16(sp)
    addi    s0,sp,32
    sw      a0,12(sp)
    sw      a1,8(sp)
                    ;      alloc i32 i_50 
                    ;      label L1_0: 
L1_0:
                    ;      new_var i_50:i32 
                    ;      Define main_0 [] -> main_ret_0 
    .global main
    .type main @function
main:
                    ;mem layout:|ra_main:8|s0_main:8
    addi    sp,sp,-16
    sd      ra,8(sp)
    sd      s0,0(sp)
    addi    s0,sp,16
                    ;      label L0_0: 
L0_0:

Pass Nhwc2RiscvDebugPass run successfully
Pass SymtabDebugPass run successfully
all passed finish 耗时: 1.519900767s
all io tasks finish 耗时: 2.25µs
