Pass Code2AstPass run successfully
45
84
120
244
273
348
408
447
484
599
628
658
709
772
815
845
896
929
959
1000
1119
1151
1182
1220
1274
1311
2980
Pass Ast2ScopeTree run successfully
Pass Ast2CfgPass run successfully
[32m debuginfo visit 34[0m
[32m debuginfo visit 35[0m
[32m debuginfo visit 41[0m
[32m debuginfo visit 38[0m
[32m debuginfo visit 40[0m
[32m debuginfo replace symidx z[0m
Error occurred when running Pass Cfg2NhwcCfgPass

Caused by:
    0: Symbol {"z" fields:{"is_temp": false, "is_literal": false, "def_cfg_node_vec": [1], "def_instrs_vec": [], "type": i32, "is_global": false}} downcast_op_any 失败 field_name:CONST_SYMIDX:const_symidx src/toolkit/gen_nhwc_cfg.rs 54
    1: can't find field SymIdx type:op_field
Pass Ncfg2DjgPass run successfully
[34m debuginfo align:8 data_len:8[0m
[34m debuginfo tail_remained:0[0m
[34m debuginfo align:8 data_len:8[0m
[34m debuginfo align:8 data_len:8[0m
[34m debuginfo tail_remained:0[0m
[34m debuginfo align:8 data_len:8[0m
[34m debuginfo align:4 data_len:4[0m
[34m debuginfo tail_remained:0[0m
[34m debuginfo align:4 data_len:4[0m
[34m debuginfo align:4 data_len:4[0m
[34m debuginfo tail_remained:0[0m
[34m debuginfo align:4 data_len:4[0m
[34m debuginfo align:4 data_len:4[0m
[34m debuginfo tail_remained:0[0m
[34m debuginfo align:4 data_len:4[0m
[34m debuginfo align:8 data_len:8[0m
[34m debuginfo tail_remained:0[0m
[34m debuginfo align:8 data_len:8[0m
[34m debuginfo align:8 data_len:8[0m
[34m debuginfo tail_remained:0[0m
[34m debuginfo align:8 data_len:8[0m
[34m debuginfo align:4 data_len:4[0m
[34m debuginfo tail_remained:0[0m
[34m debuginfo align:4 data_len:4[0m
[34m debuginfo align:4 data_len:4[0m
[34m debuginfo tail_remained:0[0m
[34m debuginfo align:4 data_len:4[0m
[34m debuginfo align:8 data_len:8[0m
[34m debuginfo tail_remained:0[0m
[34m debuginfo align:8 data_len:8[0m
[34m debuginfo align:8 data_len:8[0m
[34m debuginfo tail_remained:0[0m
[34m debuginfo align:8 data_len:8[0m
[34m debuginfo align:4 data_len:4[0m
[34m debuginfo tail_remained:0[0m
[34m debuginfo align:4 data_len:4[0m
[34m debuginfo align:4 data_len:4[0m
[34m debuginfo tail_remained:0[0m
[34m debuginfo align:4 data_len:4[0m
[34m debuginfo align:8 data_len:8[0m
[34m debuginfo tail_remained:0[0m
[34m debuginfo align:8 data_len:8[0m
[34m debuginfo align:8 data_len:8[0m
[34m debuginfo tail_remained:0[0m
[34m debuginfo align:8 data_len:8[0m
[34m debuginfo align:4 data_len:4[0m
[34m debuginfo tail_remained:0[0m
[34m debuginfo align:4 data_len:4[0m
[34m debuginfo align:4 data_len:4[0m
[34m debuginfo tail_remained:0[0m
[34m debuginfo align:4 data_len:4[0m
[34m debuginfo align:4 data_len:4[0m
[34m debuginfo tail_remained:0[0m
[34m debuginfo align:4 data_len:4[0m
[34m debuginfo align:8 data_len:8[0m
[34m debuginfo tail_remained:0[0m
[34m debuginfo align:8 data_len:8[0m
[34m debuginfo align:8 data_len:8[0m
[34m debuginfo tail_remained:0[0m
[34m debuginfo align:8 data_len:8[0m
[34m debuginfo align:4 data_len:4[0m
[34m debuginfo tail_remained:0[0m
[34m debuginfo align:4 data_len:4[0m
[34m debuginfo align:8 data_len:8[0m
[34m debuginfo tail_remained:0[0m
[34m debuginfo align:8 data_len:8[0m
[34m debuginfo align:8 data_len:8[0m
[34m debuginfo tail_remained:0[0m
[34m debuginfo align:8 data_len:8[0m
[34m debuginfo align:4 data_len:4[0m
[34m debuginfo tail_remained:0[0m
[34m debuginfo align:4 data_len:4[0m
[34m debuginfo align:4 data_len:4[0m
[34m debuginfo tail_remained:0[0m
[34m debuginfo align:4 data_len:4[0m
[34m debuginfo align:8 data_len:8[0m
[34m debuginfo tail_remained:0[0m
[34m debuginfo align:8 data_len:8[0m
[34m debuginfo align:8 data_len:8[0m
[34m debuginfo tail_remained:0[0m
[34m debuginfo align:8 data_len:8[0m
[34m debuginfo align:4 data_len:4[0m
[34m debuginfo tail_remained:0[0m
[34m debuginfo align:4 data_len:4[0m
[34m debuginfo align:8 data_len:8[0m
[34m debuginfo tail_remained:0[0m
[34m debuginfo align:8 data_len:8[0m
[34m debuginfo align:8 data_len:8[0m
[34m debuginfo tail_remained:0[0m
[34m debuginfo align:8 data_len:8[0m
Pass MemAllocPass run successfully
Pass CfgDebugPass run successfully
Pass NhwcCollectPass run successfully
Pass Ast2EtDebugPass run successfully
breakpoint: exit_0
         global Fn[]->starttime_ret_0 starttime_0 
         global Fn[]->stoptime_ret_0 stoptime_0 
         global Fn[s_14, c_14, n_14]->memset_ret_0 memset_0 
         global Fn[dest_15, src_15, n_15]->memcpy_ret_0 memcpy_0 
         breakpoint exit_0([]) ! 

dot write finished Ok("/home/mineral/Compiler2024-nhwc")
Successfully Transform to png debug_root_simu.png Output { status: ExitStatus(unix_wait_status(0)), stdout: "", stderr: "" }
# Built-in library
 .text
 .align 4
 .globl starttime
 .type starttime, @function
 starttime:
 mv a0, zero
 tail _sysy_starttime
 
 .text
 .align 4
 .globl stoptime
 .type stoptime, @function
 stoptime:
 mv a0, zero
 tail _sysy_stoptime
.section
    .data
.section
    .text
                    ;      Define func1_0 [x_16, y_16, z_16] -> func1_ret_0 
    .global func1
    .type func1 @function
func1:
                    ;mem layout:|ra_func1:8|s0_func1:8|x:4|y:4|z:4|none:4
    addi    sp,sp,-32
    sd      ra,24(sp)
    sd      s0,16(sp)
    addi    s0,sp,32
    sw      a0,12(sp)
    sw      a1,8(sp)
    sw      a2,4(sp)
                    ;      label L25_0: 
L25_0:
                    ;      label L26_0: 
L26_0:
                    ;      jump label: L28_0 
    j       L28_0
                    ;      label L27_0: 
L27_0:
                    ;      ret 
    ld      ra,24(sp)
    ld      s0,16(sp)
    addi    sp,sp,-32
    ret
                    ;      label L28_0: 
L28_0:
                    ;      Define func2_0 [x_25, y_25] -> func2_ret_0 
    .global func2
    .type func2 @function
func2:
                    ;mem layout:|ra_func2:8|s0_func2:8|x:4|y:4
    addi    sp,sp,-24
    sd      ra,16(sp)
    sd      s0,8(sp)
    addi    s0,sp,24
    sw      a0,4(sp)
    sw      a1,0(sp)
                    ;      label L21_0: 
L21_0:
                    ;      label L22_0: 
L22_0:
                    ;      jump label: L24_0 
    j       L24_0
                    ;      label L23_0: 
L23_0:
                    ;      jump label: L24_0 
    j       L24_0
                    ;      label L24_0: 
L24_0:
                    ;      Define func3_0 [x_34, y_34] -> func3_ret_0 
    .global func3
    .type func3 @function
func3:
                    ;mem layout:|ra_func3:8|s0_func3:8|x:4|y:4
    addi    sp,sp,-24
    sd      ra,16(sp)
    sd      s0,8(sp)
    addi    s0,sp,24
    sw      a0,4(sp)
    sw      a1,0(sp)
                    ;      label L17_0: 
L17_0:
                    ;      label L18_0: 
L18_0:
                    ;      jump label: L20_0 
    j       L20_0
                    ;      label L19_0: 
L19_0:
                    ;      jump label: L20_0 
    j       L20_0
                    ;      label L20_0: 
L20_0:
                    ;      Define func4_0 [x_43, y_43, z_43] -> func4_ret_0 
    .global func4
    .type func4 @function
func4:
                    ;mem layout:|ra_func4:8|s0_func4:8|x:4|y:4|z:4|none:4
    addi    sp,sp,-32
    sd      ra,24(sp)
    sd      s0,16(sp)
    addi    s0,sp,32
    sw      a0,12(sp)
    sw      a1,8(sp)
    sw      a2,4(sp)
                    ;      label L13_0: 
L13_0:
                    ;      label L14_0: 
L14_0:
                    ;      jump label: L16_0 
    j       L16_0
                    ;      label L15_0: 
L15_0:
                    ;      jump label: L16_0 
    j       L16_0
                    ;      label L16_0: 
L16_0:
                    ;      Define func5_0 [x_52] -> func5_ret_0 
    .global func5
    .type func5 @function
func5:
                    ;mem layout:|ra_func5:8|s0_func5:8|x:4|none:4
    addi    sp,sp,-24
    sd      ra,16(sp)
    sd      s0,8(sp)
    addi    s0,sp,24
    sw      a0,4(sp)
                    ;      label L12_0: 
L12_0:
                    ;      Define func6_0 [x_56, y_56] -> func6_ret_0 
    .global func6
    .type func6 @function
func6:
                    ;mem layout:|ra_func6:8|s0_func6:8|x:4|y:4
    addi    sp,sp,-24
    sd      ra,16(sp)
    sd      s0,8(sp)
    addi    s0,sp,24
    sw      a0,4(sp)
    sw      a1,0(sp)
                    ;      label L8_0: 
L8_0:
                    ;      label L9_0: 
L9_0:
                    ;      jump label: L11_0 
    j       L11_0
                    ;      label L10_0: 
L10_0:
                    ;      jump label: L11_0 
    j       L11_0
                    ;      label L11_0: 
L11_0:
                    ;      Define func7_0 [x_65] -> func7_ret_0 
    .global func7
    .type func7 @function
func7:
                    ;mem layout:|ra_func7:8|s0_func7:8|x:4|none:4
    addi    sp,sp,-24
    sd      ra,16(sp)
    sd      s0,8(sp)
    addi    s0,sp,24
    sw      a0,4(sp)
                    ;      label L4_0: 
L4_0:
                    ;      label L5_0: 
L5_0:
                    ;      jump label: L7_0 
    j       L7_0
                    ;      label L6_0: 
L6_0:
                    ;      jump label: L7_0 
    j       L7_0
                    ;      label L7_0: 
L7_0:
                    ;      Define main_0 [] -> main_ret_0 
    .global main
    .type main @function
main:
                    ;mem layout:|ra_main:8|s0_main:8
    addi    sp,sp,-16
    sd      ra,8(sp)
    sd      s0,0(sp)
    addi    s0,sp,16
                    ;      label L0_0: 
L0_0:
                    ;      jump label: L1_0 
    j       L1_0
                    ;      label L1_0: 
L1_0:
                    ;      label L2_0: 
L2_0:
                    ;      jump label: L1_0 
    j       L1_0
                    ;      label L3_0: 
L3_0:

Pass Nhwc2RiscvDebugPass run successfully
Pass SymtabDebugPass run successfully
all passed finish 耗时: 726.850997ms
all io tasks finish 耗时: 2.293µs
