Pass Code2AstPass run successfully
340
382
411
472
501
539
568
606
635
673
702
740
769
807
836
874
1106
1143
1180
1217
1254
1291
1328
1381
1423
1452
1490
1519
1557
1586
1624
1653
1691
1720
1758
1787
1825
1854
1892
2089
2126
2163
2200
2237
2274
2311
2428
2470
2501
2530
2568
2597
2635
2664
2702
2731
2769
2798
2836
2865
2903
2932
2970
3313
3349
3389
3425
3465
3501
3541
3577
3617
3653
3693
3729
3769
3805
3845
3885
3920
3955
3990
4053
4088
4123
4158
4193
4254
4280
Pass Ast2ScopeTree run successfully
Pass Ast2CfgPass run successfully
[31m debuginfo is_const:false at decl_ndoe:3[0m
[32m debuginfo visit 0[0m
[32m debuginfo visit 1[0m
[32m debuginfo visit 15[0m
[32m debuginfo visit 2[0m
[32m debuginfo visit 14[0m
[32m debuginfo visit 3[0m
[32m debuginfo visit 13[0m
[32m debuginfo visit 4[0m
[32m debuginfo visit 12[0m
[32m debuginfo visit 5[0m
[32m debuginfo visit 11[0m
[32m debuginfo visit 6[0m
[32m debuginfo visit 10[0m
[32m debuginfo visit 7[0m
[32m debuginfo visit 9[0m
[32m debuginfo visit 8[0m
[32m debuginfo eval et 0[0m
[32m debuginfo eval et 1[0m
[32m debuginfo eval et 2[0m
[32m debuginfo eval et 3[0m
[32m debuginfo eval et 4[0m
[32m debuginfo eval et 5[0m
[32m debuginfo eval et 6[0m
[32m debuginfo eval et 7[0m
[32m debuginfo eval et 8[0m
[32m debuginfo eval et 9[0m
[32m debuginfo eval et 10[0m
[32m debuginfo eval et 11[0m
[32m debuginfo eval et 12[0m
[32m debuginfo eval et 13[0m
[32m debuginfo eval et 14[0m
[32m debuginfo eval et 15[0m
[31m debuginfo is_const:false at decl_ndoe:155[0m
[32m debuginfo visit 23[0m
[32m debuginfo visit 24[0m
[32m debuginfo visit 38[0m
[32m debuginfo visit 25[0m
[32m debuginfo visit 37[0m
[32m debuginfo visit 26[0m
[32m debuginfo visit 36[0m
[32m debuginfo visit 27[0m
[32m debuginfo visit 35[0m
[32m debuginfo visit 28[0m
[32m debuginfo visit 34[0m
[32m debuginfo visit 29[0m
[32m debuginfo visit 33[0m
[32m debuginfo visit 30[0m
[32m debuginfo visit 32[0m
[32m debuginfo visit 31[0m
[32m debuginfo eval et 23[0m
[32m debuginfo eval et 24[0m
[32m debuginfo eval et 25[0m
[32m debuginfo eval et 26[0m
[32m debuginfo eval et 27[0m
[32m debuginfo eval et 28[0m
[32m debuginfo eval et 29[0m
[32m debuginfo eval et 30[0m
[32m debuginfo eval et 31[0m
[32m debuginfo eval et 32[0m
[32m debuginfo eval et 33[0m
[32m debuginfo eval et 34[0m
[32m debuginfo eval et 35[0m
[32m debuginfo eval et 36[0m
[32m debuginfo eval et 37[0m
[32m debuginfo eval et 38[0m
[31m debuginfo is_const:false at decl_ndoe:341[0m
[32m debuginfo visit 80[0m
[32m debuginfo visit 87[0m
[32m debuginfo visit 86[0m
[32m debuginfo visit 85[0m
[32m debuginfo visit 84[0m
[32m debuginfo visit 83[0m
[32m debuginfo visit 82[0m
[32m debuginfo visit 81[0m
[32m debuginfo eval et 80[0m
[32m debuginfo eval et 81[0m
[32m debuginfo eval et 82[0m
[32m debuginfo eval et 83[0m
[32m debuginfo eval et 84[0m
[32m debuginfo eval et 85[0m
[32m debuginfo eval et 86[0m
[32m debuginfo eval et 87[0m
[32m debuginfo visit 88[0m
[32m debuginfo visit 89[0m
[32m debuginfo visit 91[0m
[32m debuginfo visit 90[0m
[32m debuginfo eval et 88[0m
[32m debuginfo eval et 89[0m
[32m debuginfo eval et 90[0m
[32m debuginfo eval et 91[0m
[32m debuginfo visit 93[0m
[32m debuginfo visit 94[0m
[32m debuginfo visit 96[0m
[32m debuginfo visit 95[0m
[32m debuginfo eval et 93[0m
[32m debuginfo eval et 94[0m
[32m debuginfo eval et 95[0m
[32m debuginfo eval et 96[0m
[32m debuginfo visit 98[0m
[32m debuginfo visit 99[0m
[32m debuginfo visit 101[0m
[32m debuginfo visit 103[0m
[32m debuginfo visit 102[0m
[32m debuginfo replace symidx a[0m
Error occurred when running Pass Cfg2NhwcCfgPass

Caused by:
    0: Symbol {"a" fields:{"type": i32, "is_temp": false, "def_instrs_vec": [], "def_cfg_node_vec": [3], "is_literal": false, "is_global": false}} downcast_op_any 失败 field_name:CONST_SYMIDX:const_symidx src/toolkit/gen_nhwc_cfg.rs 54
    1: can't find field SymIdx type:op_field
Pass Ncfg2DjgPass run successfully
[34m debuginfo align:8 data_len:8[0m
[34m debuginfo tail_remained:0[0m
[34m debuginfo align:8 data_len:8[0m
[34m debuginfo align:8 data_len:8[0m
[34m debuginfo tail_remained:0[0m
[34m debuginfo align:8 data_len:8[0m
[34m debuginfo align:4 data_len:4[0m
[34m debuginfo tail_remained:0[0m
[34m debuginfo align:4 data_len:4[0m
[34m debuginfo align:4 data_len:4[0m
[34m debuginfo tail_remained:0[0m
[34m debuginfo align:4 data_len:4[0m
[34m debuginfo align:4 data_len:4[0m
[34m debuginfo tail_remained:0[0m
[34m debuginfo align:4 data_len:4[0m
[34m debuginfo align:4 data_len:4[0m
[34m debuginfo tail_remained:0[0m
[34m debuginfo align:4 data_len:4[0m
[34m debuginfo align:4 data_len:4[0m
[34m debuginfo tail_remained:0[0m
[34m debuginfo align:4 data_len:4[0m
[34m debuginfo align:4 data_len:4[0m
[34m debuginfo tail_remained:0[0m
[34m debuginfo align:4 data_len:4[0m
[34m debuginfo align:4 data_len:4[0m
[34m debuginfo tail_remained:0[0m
[34m debuginfo align:4 data_len:4[0m
[34m debuginfo align:4 data_len:4[0m
[34m debuginfo tail_remained:0[0m
[34m debuginfo align:4 data_len:4[0m
[34m debuginfo align:4 data_len:4[0m
[34m debuginfo tail_remained:0[0m
[34m debuginfo align:4 data_len:4[0m
[34m debuginfo align:8 data_len:8[0m
[34m debuginfo tail_remained:0[0m
[34m debuginfo align:8 data_len:8[0m
[34m debuginfo align:8 data_len:8[0m
[34m debuginfo tail_remained:0[0m
[34m debuginfo align:8 data_len:8[0m
[34m debuginfo align:8 data_len:8[0m
[34m debuginfo tail_remained:0[0m
[34m debuginfo align:8 data_len:8[0m
[34m debuginfo align:8 data_len:8[0m
[34m debuginfo tail_remained:0[0m
[34m debuginfo align:8 data_len:8[0m
[34m debuginfo align:4 data_len:4[0m
[34m debuginfo tail_remained:0[0m
[34m debuginfo align:4 data_len:4[0m
[34m debuginfo align:4 data_len:4[0m
[34m debuginfo tail_remained:0[0m
[34m debuginfo align:4 data_len:4[0m
[34m debuginfo align:4 data_len:4[0m
[34m debuginfo tail_remained:0[0m
[34m debuginfo align:4 data_len:4[0m
[34m debuginfo align:4 data_len:4[0m
[34m debuginfo tail_remained:0[0m
[34m debuginfo align:4 data_len:4[0m
[34m debuginfo align:4 data_len:4[0m
[34m debuginfo tail_remained:0[0m
[34m debuginfo align:4 data_len:4[0m
[34m debuginfo align:4 data_len:4[0m
[34m debuginfo tail_remained:0[0m
[34m debuginfo align:4 data_len:4[0m
[34m debuginfo align:4 data_len:4[0m
[34m debuginfo tail_remained:0[0m
[34m debuginfo align:4 data_len:4[0m
[34m debuginfo align:8 data_len:8[0m
[34m debuginfo tail_remained:0[0m
[34m debuginfo align:8 data_len:8[0m
[34m debuginfo align:8 data_len:8[0m
[34m debuginfo tail_remained:0[0m
[34m debuginfo align:8 data_len:8[0m
Pass MemAllocPass run successfully
Pass CfgDebugPass run successfully
Pass NhwcCollectPass run successfully
Pass Ast2EtDebugPass run successfully
breakpoint: exit_0
         global Fn[]->starttime_ret_0 starttime_0 
         global Fn[]->stoptime_ret_0 stoptime_0 
         global Fn[s_16, c_16, n_16]->memset_ret_0 memset_0 
         global Fn[dest_17, src_17, n_17]->memcpy_ret_0 memcpy_0 
         breakpoint exit_0([]) ! 

dot write finished Ok("/home/mineral/Compiler2024-nhwc")
Successfully Transform to png debug_root_simu.png Output { status: ExitStatus(unix_wait_status(0)), stdout: "", stderr: "" }
# Built-in library
 .text
 .align 4
 .globl starttime
 .type starttime, @function
 starttime:
 mv a0, zero
 tail _sysy_starttime
 
 .text
 .align 4
 .globl stoptime
 .type stoptime, @function
 stoptime:
 mv a0, zero
 tail _sysy_stoptime
.section
    .data
.section
    .text
                    ;      Define loop1_0 [x_18, y_18] -> loop1_ret_0 
    .global loop1
    .type loop1 @function
loop1:
                    ;mem layout:|ra_loop1:8|s0_loop1:8|x:4|y:4|a:4|b:4|c:4|d:4|e:4|f:4|g:4|none:4
    addi    sp,sp,-56
    sd      ra,48(sp)
    sd      s0,40(sp)
    addi    s0,sp,56
    sw      a0,36(sp)
    sw      a1,32(sp)
                    ;      alloc i32 a_20 
                    ;      alloc i32 b_20 
                    ;      alloc i32 c_20 
                    ;      alloc i32 d_20 
                    ;      alloc i32 e_20 
                    ;      alloc i32 f_20 
                    ;      alloc i32 g_20 
                    ;      label L65_0: 
L65_0:
                    ;      new_var a_20:i32 
                    ;      new_var b_20:i32 
                    ;      new_var c_20:i32 
                    ;      new_var d_20:i32 
                    ;      new_var e_20:i32 
                    ;      new_var f_20:i32 
                    ;      new_var g_20:i32 
                    ;      a_20 = i32 0_0 
    li      s1, 0
    sw      s1,28(sp)
                    ;      jump label: L66_0 
    j       L66_0
                    ;      label L66_0: 
L66_0:
                    ;      label L67_0: 
L67_0:
                    ;      b_20 = i32 0_0 
    li      s1, 0
    sw      s1,24(sp)
                    ;      jump label: L68_0 
    j       L68_0
                    ;      label L68_0: 
L68_0:
                    ;      label L69_0: 
L69_0:
                    ;      jump label: L70_0 
    j       L70_0
                    ;      label L70_0: 
L70_0:
                    ;      label L71_0: 
L71_0:
                    ;      jump label: L72_0 
    j       L72_0
                    ;      label L72_0: 
L72_0:
                    ;      label L73_0: 
L73_0:
                    ;      jump label: L74_0 
    j       L74_0
                    ;      label L74_0: 
L74_0:
                    ;      label L75_0: 
L75_0:
                    ;      jump label: L76_0 
    j       L76_0
                    ;      label L76_0: 
L76_0:
                    ;      label L77_0: 
L77_0:
                    ;      jump label: L78_0 
    j       L78_0
                    ;      label L78_0: 
L78_0:
                    ;      label L79_0: 
L79_0:
                    ;      jump label: L78_0 
    j       L78_0
                    ;      label L80_0: 
L80_0:
                    ;      jump label: L76_0 
    j       L76_0
                    ;      label L81_0: 
L81_0:
                    ;      jump label: L74_0 
    j       L74_0
                    ;      label L82_0: 
L82_0:
                    ;      jump label: L72_0 
    j       L72_0
                    ;      label L83_0: 
L83_0:
                    ;      jump label: L70_0 
    j       L70_0
                    ;      label L84_0: 
L84_0:
                    ;      jump label: L68_0 
    j       L68_0
                    ;      label L85_0: 
L85_0:
                    ;      jump label: L66_0 
    j       L66_0
                    ;      Define loop2_0 [] -> loop2_ret_0 
    .global loop2
    .type loop2 @function
loop2:
                    ;mem layout:|ra_loop2:8|s0_loop2:8
    addi    sp,sp,-16
    sd      ra,8(sp)
    sd      s0,0(sp)
    addi    s0,sp,16
                    ;      label L44_0: 
L44_0:
                    ;      jump label: L45_0 
    j       L45_0
                    ;      label L45_0: 
L45_0:
                    ;      label L46_0: 
L46_0:
                    ;      jump label: L47_0 
    j       L47_0
                    ;      label L47_0: 
L47_0:
                    ;      label L48_0: 
L48_0:
                    ;      jump label: L49_0 
    j       L49_0
                    ;      label L49_0: 
L49_0:
                    ;      label L50_0: 
L50_0:
                    ;      jump label: L51_0 
    j       L51_0
                    ;      label L51_0: 
L51_0:
                    ;      label L52_0: 
L52_0:
                    ;      jump label: L53_0 
    j       L53_0
                    ;      label L53_0: 
L53_0:
                    ;      label L54_0: 
L54_0:
                    ;      jump label: L55_0 
    j       L55_0
                    ;      label L55_0: 
L55_0:
                    ;      label L56_0: 
L56_0:
                    ;      jump label: L57_0 
    j       L57_0
                    ;      label L57_0: 
L57_0:
                    ;      label L58_0: 
L58_0:
                    ;      jump label: L57_0 
    j       L57_0
                    ;      label L59_0: 
L59_0:
                    ;      jump label: L55_0 
    j       L55_0
                    ;      label L60_0: 
L60_0:
                    ;      jump label: L53_0 
    j       L53_0
                    ;      label L61_0: 
L61_0:
                    ;      jump label: L51_0 
    j       L51_0
                    ;      label L62_0: 
L62_0:
                    ;      jump label: L49_0 
    j       L49_0
                    ;      label L63_0: 
L63_0:
                    ;      jump label: L47_0 
    j       L47_0
                    ;      label L64_0: 
L64_0:
                    ;      jump label: L45_0 
    j       L45_0
                    ;      Define loop3_0 [h_97, i_97, j_97, k_97, l_97, m_97, n_97] -> loop3_ret_0 
    .global loop3
    .type loop3 @function
loop3:
                    ;mem layout:|ra_loop3:8|s0_loop3:8|h:4|i:4|j:4|k:4|l:4|m:4|n:4|none:4
    addi    sp,sp,-48
    sd      ra,40(sp)
    sd      s0,32(sp)
    addi    s0,sp,48
    sw      a0,28(sp)
    sw      a1,24(sp)
    sw      a2,20(sp)
    sw      a3,16(sp)
    sw      a4,12(sp)
    sw      a5,8(sp)
    sw      a6,4(sp)
                    ;      label L1_0: 
L1_0:
                    ;      jump label: L2_0 
    j       L2_0
                    ;      label L2_0: 
L2_0:
                    ;      label L3_0: 
L3_0:
                    ;      jump label: L4_0 
    j       L4_0
                    ;      label L4_0: 
L4_0:
                    ;      label L5_0: 
L5_0:
                    ;      jump label: L6_0 
    j       L6_0
                    ;      label L6_0: 
L6_0:
                    ;      label L7_0: 
L7_0:
                    ;      jump label: L8_0 
    j       L8_0
                    ;      label L8_0: 
L8_0:
                    ;      label L9_0: 
L9_0:
                    ;      jump label: L10_0 
    j       L10_0
                    ;      label L10_0: 
L10_0:
                    ;      label L11_0: 
L11_0:
                    ;      jump label: L12_0 
    j       L12_0
                    ;      label L12_0: 
L12_0:
                    ;      label L13_0: 
L13_0:
                    ;      jump label: L14_0 
    j       L14_0
                    ;      label L14_0: 
L14_0:
                    ;      label L15_0: 
L15_0:
                    ;      jump label: L16_0 
    j       L16_0
                    ;      label L16_0: 
L16_0:
                    ;      label L17_0: 
L17_0:
                    ;      jump label: L18_0 
    j       L18_0
                    ;      label L18_0: 
L18_0:
                    ;      label L19_0: 
L19_0:
                    ;      jump label: L20_0 
    j       L20_0
                    ;      label L20_0: 
L20_0:
                    ;      label L21_0: 
L21_0:
                    ;      jump label: L22_0 
    j       L22_0
                    ;      label L22_0: 
L22_0:
                    ;      label L23_0: 
L23_0:
                    ;      jump label: L24_0 
    j       L24_0
                    ;      label L24_0: 
L24_0:
                    ;      label L25_0: 
L25_0:
                    ;      jump label: L26_0 
    j       L26_0
                    ;      label L26_0: 
L26_0:
                    ;      label L27_0: 
L27_0:
                    ;      jump label: L28_0 
    j       L28_0
                    ;      label L28_0: 
L28_0:
                    ;      label L29_0: 
L29_0:
                    ;      jump label: L30_0 
    j       L30_0
                    ;      label L30_0: 
L30_0:
                    ;      label L31_0: 
L31_0:
                    ;      jump label: L32_0 
    j       L32_0
                    ;      label L32_0: 
L32_0:
                    ;      label L33_0: 
L33_0:
                    ;      jump label: L34_0 
    j       L34_0
                    ;      label L34_0: 
L34_0:
                    ;      label L35_0: 
L35_0:
                    ;      jump label: L36_0 
    j       L36_0
                    ;      label L36_0: 
L36_0:
                    ;      label L37_0: 
L37_0:
                    ;      jump label: L38_0 
    j       L38_0
                    ;      label L38_0: 
L38_0:
                    ;      label L39_0: 
L39_0:
                    ;      jump label: L40_0 
    j       L40_0
                    ;      label L40_0: 
L40_0:
                    ;      label L41_0: 
L41_0:
                    ;      jump label: L42_0 
    j       L42_0
                    ;      label L42_0: 
L42_0:
                    ;      label L43_0: 
L43_0:
                    ;      Define main_0 [] -> main_ret_0 
    .global main
    .type main @function
main:
                    ;mem layout:|ra_main:8|s0_main:8
    addi    sp,sp,-16
    sd      ra,8(sp)
    sd      s0,0(sp)
    addi    s0,sp,16
                    ;      label L0_0: 
L0_0:

Pass Nhwc2RiscvDebugPass run successfully
Pass SymtabDebugPass run successfully
all passed finish 耗时: 940.473438ms
all io tasks finish 耗时: 2.052µs
