Pass Code2AstPass run successfully
484
545
595
729
795
837
878
921
964
1007
1050
1093
1152
1195
1238
1307
1340
1372
1425
1454
1486
1529
1611
1693
1775
1899
1981
2031
2089
2153
2218
2273
2347
2399
2437
2472
2560
2638
2681
2724
2767
2810
2853
2890
2951
Pass Ast2ScopeTree run successfully
Pass Ast2CfgPass run successfully
[31m debuginfo is_const:true at decl_ndoe:3[0m
[32m debuginfo visit 0[0m
[32m debuginfo visit 7[0m
[32m debuginfo visit 9[0m
[32m debuginfo visit 8[0m
[32m debuginfo visit 4[0m
[32m debuginfo visit 6[0m
[32m debuginfo visit 5[0m
[32m debuginfo visit 1[0m
[32m debuginfo visit 3[0m
[32m debuginfo visit 2[0m
[32m debuginfo eval et 0[0m
[32m debuginfo eval et 1[0m
[32m debuginfo eval et 2[0m
[32m debuginfo eval et 3[0m
[32m debuginfo eval et 4[0m
[32m debuginfo eval et 5[0m
[32m debuginfo eval et 6[0m
[32m debuginfo eval et 7[0m
[32m debuginfo eval et 8[0m
[32m debuginfo eval et 9[0m
[31m debuginfo is_const:true at decl_ndoe:85[0m
[32m debuginfo visit 13[0m
[32m debuginfo visit 17[0m
[32m debuginfo visit 19[0m
[32m debuginfo visit 18[0m
[32m debuginfo visit 14[0m
[32m debuginfo visit 16[0m
[32m debuginfo visit 15[0m
[32m debuginfo eval et 13[0m
[32m debuginfo eval et 14[0m
[32m debuginfo eval et 15[0m
[32m debuginfo eval et 16[0m
[32m debuginfo eval et 17[0m
[32m debuginfo eval et 18[0m
[32m debuginfo eval et 19[0m
[31m debuginfo is_const:true at decl_ndoe:143[0m
[32m debuginfo visit 22[0m
[32m debuginfo visit 41[0m
[32m debuginfo visit 43[0m
[32m debuginfo visit 45[0m
[32m debuginfo visit 47[0m
[32m debuginfo replace symidx RADIUS[0m
[32m debuginfo with RADIUS[0m
[32m debuginfo visit 46[0m
[32m debuginfo visit 44[0m
[32m debuginfo replace symidx PI[0m
[32m debuginfo with PI[0m
[32m debuginfo visit 42[0m
[32m debuginfo visit 34[0m
[32m debuginfo visit 36[0m
[32m debuginfo visit 38[0m
[32m debuginfo visit 40[0m
[32m debuginfo replace symidx RADIUS[0m
[32m debuginfo with RADIUS[0m
[32m debuginfo visit 39[0m
[32m debuginfo replace symidx PI_HEX[0m
[32m debuginfo with PI_HEX[0m
[32m debuginfo visit 37[0m
[32m debuginfo visit 35[0m
[32m debuginfo visit 27[0m
[32m debuginfo visit 29[0m
[32m debuginfo visit 31[0m
[32m debuginfo visit 33[0m
[32m debuginfo replace symidx RADIUS[0m
[32m debuginfo with RADIUS[0m
[32m debuginfo visit 32[0m
[32m debuginfo replace symidx RADIUS[0m
[32m debuginfo with RADIUS[0m
[32m debuginfo visit 30[0m
[32m debuginfo replace symidx PI[0m
[32m debuginfo with PI[0m
[32m debuginfo visit 28[0m
[32m debuginfo visit 23[0m
[32m debuginfo visit 25[0m
[32m debuginfo visit 26[0m
[32m debuginfo visit 24[0m
[32m debuginfo eval et 22[0m
[32m debuginfo eval et 23[0m
[32m debuginfo eval et 24[0m
[32m debuginfo eval et 25[0m
[32m debuginfo eval et 26[0m
[31m debuginfo eval_sub_et_nodes failed[0m
[32m debuginfo eval et 27[0m
[32m debuginfo eval et 28[0m
[32m debuginfo eval et 29[0m
[32m debuginfo eval et 30[0m
[32m debuginfo eval et 31[0m
[32m debuginfo eval et 32[0m
[32m debuginfo eval et 33[0m
[32m debuginfo eval et 34[0m
[32m debuginfo eval et 35[0m
[32m debuginfo eval et 36[0m
[32m debuginfo eval et 37[0m
[32m debuginfo eval et 38[0m
[32m debuginfo eval et 39[0m
[32m debuginfo eval et 40[0m
[31m debuginfo eval_sub_et_nodes failed[0m
[32m debuginfo eval et 41[0m
[32m debuginfo eval et 42[0m
[32m debuginfo eval et 43[0m
[32m debuginfo eval et 44[0m
[32m debuginfo eval et 45[0m
[32m debuginfo eval et 46[0m
[32m debuginfo eval et 47[0m
[31m debuginfo is_const:true at decl_ndoe:289[0m
[32m debuginfo visit 62[0m
[32m debuginfo visit 66[0m
[32m debuginfo visit 68[0m
[32m debuginfo visit 67[0m
[32m debuginfo visit 63[0m
[32m debuginfo visit 65[0m
[32m debuginfo visit 64[0m
[32m debuginfo eval et 62[0m
[32m debuginfo eval et 63[0m
[32m debuginfo eval et 64[0m
[32m debuginfo eval et 65[0m
[32m debuginfo eval et 66[0m
[32m debuginfo eval et 67[0m
[32m debuginfo eval et 68[0m
[31m debuginfo is_const:true at decl_ndoe:347[0m
[32m debuginfo visit 71[0m
[32m debuginfo visit 81[0m
[32m debuginfo visit 83[0m
[32m debuginfo visit 85[0m
Error occurred when running Pass Cfg2NhwcCfgPass

Caused by:
    scope为0符号表中未找到"THREE"
Pass Ncfg2DjgPass run successfully
Error occurred when running Pass MemAllocPass

Caused by:
    0: CfgNode  #Entry
        460 
        floatfloat_abs(floatx){if(x<0)return-x;returnx;}
       
        $ @ # Fields 
        {
           "domiance_frontier_cfg_nodes": [],
           "cor_dj_node": 1,
       } $   downcast_op_any 失败 field_name:FUNC_COR_SYMIDX:func_cor_symidx src/toolkit/gen_nhwc_cfg.rs 75
    1: can't find field SymIdx type:op_field
Pass CfgDebugPass run successfully
Pass NhwcCollectPass run successfully
Pass Ast2EtDebugPass run successfully
[31m debuginfo Err when running this instr[0m
[33m debuginfo          store 03.141592653589793_0:f32 *PI_0:ptr->f32 
         new_var temp_0_0:f32 
-->      temp_0_0 = sitofp i32 1e-6_0 to f32 
         store temp_0_0:i32 *EPS_0:ptr->f32 
         store 0x1.921fb6p+1_0:f32 *PI_HEX_0:ptr->f32 
[0m
[31m debuginfo 运行instr       temp_0_0 = sitofp i32 1e-6_0 to f32  失败

Caused by:
    0: when parsing 1e-6
    1: invalid digit found in string[0m
dot write finished Ok("/home/mineral/Compiler2024-nhwc")
Successfully Transform to png debug_root_simu.png Output { status: ExitStatus(unix_wait_status(0)), stdout: "", stderr: "" }
Error occurred when running Pass Nhwc2RiscvDebugPass

Caused by:
    f32 F32(None) unsure 无法转化为 symidx
Pass SymtabDebugPass run successfully
all passed finish 耗时: 642.795883ms
all io tasks finish 耗时: 2.109µs
