Pass Code2AstPass run successfully
162
174
203
274
345
416
487
558
629
700
771
842
882
911
940
969
1201
1213
1242
1280
1330
1380
1430
1480
1530
1580
1617
1811
1823
1861
1911
1954
1991
2020
2063
2092
2130
2180
2223
2260
2289
2318
2361
2399
2449
2492
2529
2558
2601
Pass Ast2ScopeTree run successfully
Pass Ast2CfgPass run successfully
[31m debuginfo is_const:false at decl_ndoe:3[0m
[32m debuginfo visit 0[0m
[32m debuginfo visit 1[0m
[32m debuginfo eval et 0[0m
[32m debuginfo eval et 1[0m
Error occurred when running Pass Cfg2NhwcCfgPass

Caused by:
    这个cfg node:0 没有对应的entry节点
Pass Ncfg2DjgPass run successfully
Error occurred when running Pass MemAllocPass

Caused by:
    0: CfgNode  #Entry
        39 
        inttran(floata0[],floata1[],floata2[],floatb0[],floatb1[],floatb2[],floatc0[],floatc1[],floatc2[]){inti;i=0;c1[2]=a2[1];c2[1]=a1[2];c0[1]=a1[0];c0[2]=a2[0];c1[0]=a0[1];c2[0]=a0[2];c1[1]=a1[1];c2[2]=a2[2];c0[0]=a0[0];return0;}
       
        $ @ # Fields 
        {
           "domiance_frontier_cfg_nodes": [],
           "cor_dj_node": 1,
       } $   downcast_op_any 失败 field_name:FUNC_COR_SYMIDX:func_cor_symidx src/toolkit/gen_nhwc_cfg.rs 75
    1: can't find field SymIdx type:op_field
Pass CfgDebugPass run successfully
Pass NhwcCollectPass run successfully
Pass Ast2EtDebugPass run successfully
breakpoint: exit_0
         breakpoint exit_0([]) ! 

dot write finished Ok("/home/mineral/Compiler2024-nhwc")
Successfully Transform to png debug_root_simu.png Output { status: ExitStatus(unix_wait_status(0)), stdout: "", stderr: "" }
# Built-in library
 .text
 .align 4
 .globl starttime
 .type starttime, @function
 starttime:
 mv a0, zero
 tail _sysy_starttime
 
 .text
 .align 4
 .globl stoptime
 .type stoptime, @function
 stoptime:
 mv a0, zero
 tail _sysy_stoptime
.section
    .data
.section
    .text
                    ;      label L13_0: 
L13_0:
                    ;      label L0_0: 
L0_0:
                    ;      jump label: L1_0 
    j       L1_0
                    ;      label L1_0: 
L1_0:
                    ;      label L2_0: 
L2_0:
                    ;      jump label: L1_0 
    j       L1_0
                    ;      label L3_0: 
L3_0:
                    ;      jump label: L4_0 
    j       L4_0
                    ;      label L4_0: 
L4_0:
                    ;      label L5_0: 
L5_0:
                    ;      jump label: L4_0 
    j       L4_0
                    ;      label L6_0: 
L6_0:
                    ;      jump label: L7_0 
    j       L7_0
                    ;      label L7_0: 
L7_0:
                    ;      label L8_0: 
L8_0:
                    ;      jump label: L7_0 
    j       L7_0
                    ;      label L9_0: 
L9_0:
                    ;      jump label: L10_0 
    j       L10_0
                    ;      label L10_0: 
L10_0:
                    ;      label L11_0: 
L11_0:
                    ;      jump label: L10_0 
    j       L10_0
                    ;      label L12_0: 
L12_0:

Pass Nhwc2RiscvDebugPass run successfully
Pass SymtabDebugPass run successfully
all passed finish 耗时: 289.991812ms
all io tasks finish 耗时: 1.696µs
